ARM GAS  C:\Users\bogurad\AppData\Local\Temp\ccH0xZo3.s 			page 1


   1              		.syntax unified
   2              		.cpu cortex-m4
   3              		.eabi_attribute 27, 1
   4              		.fpu fpv4-sp-d16
   5              		.eabi_attribute 20, 1
   6              		.eabi_attribute 21, 1
   7              		.eabi_attribute 23, 3
   8              		.eabi_attribute 24, 1
   9              		.eabi_attribute 25, 1
  10              		.eabi_attribute 26, 1
  11              		.eabi_attribute 30, 1
  12              		.eabi_attribute 34, 1
  13              		.eabi_attribute 18, 4
  14              		.thumb
  15              		.syntax unified
  16              		.file	"heap_1.c"
  17              		.text
  18              	.Ltext0:
  19              		.cfi_sections	.debug_frame
  20              		.section	.text.pvPortMalloc,"ax",%progbits
  21              		.align	2
  22              		.global	pvPortMalloc
  23              		.thumb
  24              		.thumb_func
  25              		.type	pvPortMalloc, %function
  26              	pvPortMalloc:
  27              	.LFB136:
  28              		.file 1 "Generated_Source\\PSoC6\\pdl\\rtos\\FreeRTOS\\10.0.1\\Source\\portable\\MemMang\\heap_1.c
   1:Generated_Source\PSoC6\pdl\rtos\FreeRTOS\10.0.1\Source\portable\MemMang/heap_1.c **** /*
   2:Generated_Source\PSoC6\pdl\rtos\FreeRTOS\10.0.1\Source\portable\MemMang/heap_1.c ****  * FreeRTOS Kernel V10.0.1
   3:Generated_Source\PSoC6\pdl\rtos\FreeRTOS\10.0.1\Source\portable\MemMang/heap_1.c ****  * Copyright (C) 2017 Amazon.com, Inc. or its affiliates.  All Rights Reserved.
   4:Generated_Source\PSoC6\pdl\rtos\FreeRTOS\10.0.1\Source\portable\MemMang/heap_1.c ****  *
   5:Generated_Source\PSoC6\pdl\rtos\FreeRTOS\10.0.1\Source\portable\MemMang/heap_1.c ****  * Permission is hereby granted, free of charge, to any person obtaining a copy of
   6:Generated_Source\PSoC6\pdl\rtos\FreeRTOS\10.0.1\Source\portable\MemMang/heap_1.c ****  * this software and associated documentation files (the "Software"), to deal in
   7:Generated_Source\PSoC6\pdl\rtos\FreeRTOS\10.0.1\Source\portable\MemMang/heap_1.c ****  * the Software without restriction, including without limitation the rights to
   8:Generated_Source\PSoC6\pdl\rtos\FreeRTOS\10.0.1\Source\portable\MemMang/heap_1.c ****  * use, copy, modify, merge, publish, distribute, sublicense, and/or sell copies of
   9:Generated_Source\PSoC6\pdl\rtos\FreeRTOS\10.0.1\Source\portable\MemMang/heap_1.c ****  * the Software, and to permit persons to whom the Software is furnished to do so,
  10:Generated_Source\PSoC6\pdl\rtos\FreeRTOS\10.0.1\Source\portable\MemMang/heap_1.c ****  * subject to the following conditions:
  11:Generated_Source\PSoC6\pdl\rtos\FreeRTOS\10.0.1\Source\portable\MemMang/heap_1.c ****  *
  12:Generated_Source\PSoC6\pdl\rtos\FreeRTOS\10.0.1\Source\portable\MemMang/heap_1.c ****  * The above copyright notice and this permission notice shall be included in all
  13:Generated_Source\PSoC6\pdl\rtos\FreeRTOS\10.0.1\Source\portable\MemMang/heap_1.c ****  * copies or substantial portions of the Software.
  14:Generated_Source\PSoC6\pdl\rtos\FreeRTOS\10.0.1\Source\portable\MemMang/heap_1.c ****  *
  15:Generated_Source\PSoC6\pdl\rtos\FreeRTOS\10.0.1\Source\portable\MemMang/heap_1.c ****  * THE SOFTWARE IS PROVIDED "AS IS", WITHOUT WARRANTY OF ANY KIND, EXPRESS OR
  16:Generated_Source\PSoC6\pdl\rtos\FreeRTOS\10.0.1\Source\portable\MemMang/heap_1.c ****  * IMPLIED, INCLUDING BUT NOT LIMITED TO THE WARRANTIES OF MERCHANTABILITY, FITNESS
  17:Generated_Source\PSoC6\pdl\rtos\FreeRTOS\10.0.1\Source\portable\MemMang/heap_1.c ****  * FOR A PARTICULAR PURPOSE AND NONINFRINGEMENT. IN NO EVENT SHALL THE AUTHORS OR
  18:Generated_Source\PSoC6\pdl\rtos\FreeRTOS\10.0.1\Source\portable\MemMang/heap_1.c ****  * COPYRIGHT HOLDERS BE LIABLE FOR ANY CLAIM, DAMAGES OR OTHER LIABILITY, WHETHER
  19:Generated_Source\PSoC6\pdl\rtos\FreeRTOS\10.0.1\Source\portable\MemMang/heap_1.c ****  * IN AN ACTION OF CONTRACT, TORT OR OTHERWISE, ARISING FROM, OUT OF OR IN
  20:Generated_Source\PSoC6\pdl\rtos\FreeRTOS\10.0.1\Source\portable\MemMang/heap_1.c ****  * CONNECTION WITH THE SOFTWARE OR THE USE OR OTHER DEALINGS IN THE SOFTWARE.
  21:Generated_Source\PSoC6\pdl\rtos\FreeRTOS\10.0.1\Source\portable\MemMang/heap_1.c ****  *
  22:Generated_Source\PSoC6\pdl\rtos\FreeRTOS\10.0.1\Source\portable\MemMang/heap_1.c ****  * http://www.FreeRTOS.org
  23:Generated_Source\PSoC6\pdl\rtos\FreeRTOS\10.0.1\Source\portable\MemMang/heap_1.c ****  * http://aws.amazon.com/freertos
  24:Generated_Source\PSoC6\pdl\rtos\FreeRTOS\10.0.1\Source\portable\MemMang/heap_1.c ****  *
  25:Generated_Source\PSoC6\pdl\rtos\FreeRTOS\10.0.1\Source\portable\MemMang/heap_1.c ****  * 1 tab == 4 spaces!
  26:Generated_Source\PSoC6\pdl\rtos\FreeRTOS\10.0.1\Source\portable\MemMang/heap_1.c ****  */
  27:Generated_Source\PSoC6\pdl\rtos\FreeRTOS\10.0.1\Source\portable\MemMang/heap_1.c **** 
  28:Generated_Source\PSoC6\pdl\rtos\FreeRTOS\10.0.1\Source\portable\MemMang/heap_1.c **** 
  29:Generated_Source\PSoC6\pdl\rtos\FreeRTOS\10.0.1\Source\portable\MemMang/heap_1.c **** /*
ARM GAS  C:\Users\bogurad\AppData\Local\Temp\ccH0xZo3.s 			page 2


  30:Generated_Source\PSoC6\pdl\rtos\FreeRTOS\10.0.1\Source\portable\MemMang/heap_1.c ****  * The simplest possible implementation of pvPortMalloc().  Note that this
  31:Generated_Source\PSoC6\pdl\rtos\FreeRTOS\10.0.1\Source\portable\MemMang/heap_1.c ****  * implementation does NOT allow allocated memory to be freed again.
  32:Generated_Source\PSoC6\pdl\rtos\FreeRTOS\10.0.1\Source\portable\MemMang/heap_1.c ****  *
  33:Generated_Source\PSoC6\pdl\rtos\FreeRTOS\10.0.1\Source\portable\MemMang/heap_1.c ****  * See heap_2.c, heap_3.c and heap_4.c for alternative implementations, and the
  34:Generated_Source\PSoC6\pdl\rtos\FreeRTOS\10.0.1\Source\portable\MemMang/heap_1.c ****  * memory management pages of http://www.FreeRTOS.org for more information.
  35:Generated_Source\PSoC6\pdl\rtos\FreeRTOS\10.0.1\Source\portable\MemMang/heap_1.c ****  */
  36:Generated_Source\PSoC6\pdl\rtos\FreeRTOS\10.0.1\Source\portable\MemMang/heap_1.c **** #include <stdlib.h>
  37:Generated_Source\PSoC6\pdl\rtos\FreeRTOS\10.0.1\Source\portable\MemMang/heap_1.c **** 
  38:Generated_Source\PSoC6\pdl\rtos\FreeRTOS\10.0.1\Source\portable\MemMang/heap_1.c **** /* Defining MPU_WRAPPERS_INCLUDED_FROM_API_FILE prevents task.h from redefining
  39:Generated_Source\PSoC6\pdl\rtos\FreeRTOS\10.0.1\Source\portable\MemMang/heap_1.c **** all the API functions to use the MPU wrappers.  That should only be done when
  40:Generated_Source\PSoC6\pdl\rtos\FreeRTOS\10.0.1\Source\portable\MemMang/heap_1.c **** task.h is included from an application file. */
  41:Generated_Source\PSoC6\pdl\rtos\FreeRTOS\10.0.1\Source\portable\MemMang/heap_1.c **** #define MPU_WRAPPERS_INCLUDED_FROM_API_FILE
  42:Generated_Source\PSoC6\pdl\rtos\FreeRTOS\10.0.1\Source\portable\MemMang/heap_1.c **** 
  43:Generated_Source\PSoC6\pdl\rtos\FreeRTOS\10.0.1\Source\portable\MemMang/heap_1.c **** #include "FreeRTOS.h"
  44:Generated_Source\PSoC6\pdl\rtos\FreeRTOS\10.0.1\Source\portable\MemMang/heap_1.c **** #include "task.h"
  45:Generated_Source\PSoC6\pdl\rtos\FreeRTOS\10.0.1\Source\portable\MemMang/heap_1.c **** 
  46:Generated_Source\PSoC6\pdl\rtos\FreeRTOS\10.0.1\Source\portable\MemMang/heap_1.c **** #undef MPU_WRAPPERS_INCLUDED_FROM_API_FILE
  47:Generated_Source\PSoC6\pdl\rtos\FreeRTOS\10.0.1\Source\portable\MemMang/heap_1.c **** 
  48:Generated_Source\PSoC6\pdl\rtos\FreeRTOS\10.0.1\Source\portable\MemMang/heap_1.c **** #if( configSUPPORT_DYNAMIC_ALLOCATION == 0 )
  49:Generated_Source\PSoC6\pdl\rtos\FreeRTOS\10.0.1\Source\portable\MemMang/heap_1.c **** 	#error This file must not be used if configSUPPORT_DYNAMIC_ALLOCATION is 0
  50:Generated_Source\PSoC6\pdl\rtos\FreeRTOS\10.0.1\Source\portable\MemMang/heap_1.c **** #endif
  51:Generated_Source\PSoC6\pdl\rtos\FreeRTOS\10.0.1\Source\portable\MemMang/heap_1.c **** 
  52:Generated_Source\PSoC6\pdl\rtos\FreeRTOS\10.0.1\Source\portable\MemMang/heap_1.c **** /* A few bytes might be lost to byte aligning the heap start address. */
  53:Generated_Source\PSoC6\pdl\rtos\FreeRTOS\10.0.1\Source\portable\MemMang/heap_1.c **** #define configADJUSTED_HEAP_SIZE	( configTOTAL_HEAP_SIZE - portBYTE_ALIGNMENT )
  54:Generated_Source\PSoC6\pdl\rtos\FreeRTOS\10.0.1\Source\portable\MemMang/heap_1.c **** 
  55:Generated_Source\PSoC6\pdl\rtos\FreeRTOS\10.0.1\Source\portable\MemMang/heap_1.c **** /* Allocate the memory for the heap. */
  56:Generated_Source\PSoC6\pdl\rtos\FreeRTOS\10.0.1\Source\portable\MemMang/heap_1.c **** /* Allocate the memory for the heap. */
  57:Generated_Source\PSoC6\pdl\rtos\FreeRTOS\10.0.1\Source\portable\MemMang/heap_1.c **** #if( configAPPLICATION_ALLOCATED_HEAP == 1 )
  58:Generated_Source\PSoC6\pdl\rtos\FreeRTOS\10.0.1\Source\portable\MemMang/heap_1.c **** 	/* The application writer has already defined the array used for the RTOS
  59:Generated_Source\PSoC6\pdl\rtos\FreeRTOS\10.0.1\Source\portable\MemMang/heap_1.c **** 	heap - probably so it can be placed in a special segment or address. */
  60:Generated_Source\PSoC6\pdl\rtos\FreeRTOS\10.0.1\Source\portable\MemMang/heap_1.c **** 	extern uint8_t ucHeap[ configTOTAL_HEAP_SIZE ];
  61:Generated_Source\PSoC6\pdl\rtos\FreeRTOS\10.0.1\Source\portable\MemMang/heap_1.c **** #else
  62:Generated_Source\PSoC6\pdl\rtos\FreeRTOS\10.0.1\Source\portable\MemMang/heap_1.c **** 	static uint8_t ucHeap[ configTOTAL_HEAP_SIZE ];
  63:Generated_Source\PSoC6\pdl\rtos\FreeRTOS\10.0.1\Source\portable\MemMang/heap_1.c **** #endif /* configAPPLICATION_ALLOCATED_HEAP */
  64:Generated_Source\PSoC6\pdl\rtos\FreeRTOS\10.0.1\Source\portable\MemMang/heap_1.c **** 
  65:Generated_Source\PSoC6\pdl\rtos\FreeRTOS\10.0.1\Source\portable\MemMang/heap_1.c **** /* Index into the ucHeap array. */
  66:Generated_Source\PSoC6\pdl\rtos\FreeRTOS\10.0.1\Source\portable\MemMang/heap_1.c **** static size_t xNextFreeByte = ( size_t ) 0;
  67:Generated_Source\PSoC6\pdl\rtos\FreeRTOS\10.0.1\Source\portable\MemMang/heap_1.c **** 
  68:Generated_Source\PSoC6\pdl\rtos\FreeRTOS\10.0.1\Source\portable\MemMang/heap_1.c **** /*-----------------------------------------------------------*/
  69:Generated_Source\PSoC6\pdl\rtos\FreeRTOS\10.0.1\Source\portable\MemMang/heap_1.c **** 
  70:Generated_Source\PSoC6\pdl\rtos\FreeRTOS\10.0.1\Source\portable\MemMang/heap_1.c **** void *pvPortMalloc( size_t xWantedSize )
  71:Generated_Source\PSoC6\pdl\rtos\FreeRTOS\10.0.1\Source\portable\MemMang/heap_1.c **** {
  29              		.loc 1 71 0
  30              		.cfi_startproc
  31              		@ args = 0, pretend = 0, frame = 0
  32              		@ frame_needed = 0, uses_anonymous_args = 0
  33              	.LVL0:
  34 0000 38B5     		push	{r3, r4, r5, lr}
  35              		.cfi_def_cfa_offset 16
  36              		.cfi_offset 3, -16
  37              		.cfi_offset 4, -12
  38              		.cfi_offset 5, -8
  39              		.cfi_offset 14, -4
  40 0002 0446     		mov	r4, r0
  41              	.LVL1:
  72:Generated_Source\PSoC6\pdl\rtos\FreeRTOS\10.0.1\Source\portable\MemMang/heap_1.c **** void *pvReturn = NULL;
  73:Generated_Source\PSoC6\pdl\rtos\FreeRTOS\10.0.1\Source\portable\MemMang/heap_1.c **** static uint8_t *pucAlignedHeap = NULL;
ARM GAS  C:\Users\bogurad\AppData\Local\Temp\ccH0xZo3.s 			page 3


  74:Generated_Source\PSoC6\pdl\rtos\FreeRTOS\10.0.1\Source\portable\MemMang/heap_1.c **** 
  75:Generated_Source\PSoC6\pdl\rtos\FreeRTOS\10.0.1\Source\portable\MemMang/heap_1.c **** 	/* Ensure that blocks are always aligned to the required number of bytes. */
  76:Generated_Source\PSoC6\pdl\rtos\FreeRTOS\10.0.1\Source\portable\MemMang/heap_1.c **** 	#if( portBYTE_ALIGNMENT != 1 )
  77:Generated_Source\PSoC6\pdl\rtos\FreeRTOS\10.0.1\Source\portable\MemMang/heap_1.c **** 	{
  78:Generated_Source\PSoC6\pdl\rtos\FreeRTOS\10.0.1\Source\portable\MemMang/heap_1.c **** 		if( xWantedSize & portBYTE_ALIGNMENT_MASK )
  42              		.loc 1 78 0
  43 0004 10F0070F 		tst	r0, #7
  44 0008 02D0     		beq	.L2
  79:Generated_Source\PSoC6\pdl\rtos\FreeRTOS\10.0.1\Source\portable\MemMang/heap_1.c **** 		{
  80:Generated_Source\PSoC6\pdl\rtos\FreeRTOS\10.0.1\Source\portable\MemMang/heap_1.c **** 			/* Byte alignment required. */
  81:Generated_Source\PSoC6\pdl\rtos\FreeRTOS\10.0.1\Source\portable\MemMang/heap_1.c **** 			xWantedSize += ( portBYTE_ALIGNMENT - ( xWantedSize & portBYTE_ALIGNMENT_MASK ) );
  45              		.loc 1 81 0
  46 000a 20F00704 		bic	r4, r0, #7
  47 000e 0834     		adds	r4, r4, #8
  48              	.LVL2:
  49              	.L2:
  82:Generated_Source\PSoC6\pdl\rtos\FreeRTOS\10.0.1\Source\portable\MemMang/heap_1.c **** 		}
  83:Generated_Source\PSoC6\pdl\rtos\FreeRTOS\10.0.1\Source\portable\MemMang/heap_1.c **** 	}
  84:Generated_Source\PSoC6\pdl\rtos\FreeRTOS\10.0.1\Source\portable\MemMang/heap_1.c **** 	#endif
  85:Generated_Source\PSoC6\pdl\rtos\FreeRTOS\10.0.1\Source\portable\MemMang/heap_1.c **** 
  86:Generated_Source\PSoC6\pdl\rtos\FreeRTOS\10.0.1\Source\portable\MemMang/heap_1.c **** 	vTaskSuspendAll();
  50              		.loc 1 86 0
  51 0010 FFF7FEFF 		bl	vTaskSuspendAll
  52              	.LVL3:
  87:Generated_Source\PSoC6\pdl\rtos\FreeRTOS\10.0.1\Source\portable\MemMang/heap_1.c **** 	{
  88:Generated_Source\PSoC6\pdl\rtos\FreeRTOS\10.0.1\Source\portable\MemMang/heap_1.c **** 		if( pucAlignedHeap == NULL )
  53              		.loc 1 88 0
  54 0014 0F4B     		ldr	r3, .L8
  55 0016 1B68     		ldr	r3, [r3]
  56 0018 2BB9     		cbnz	r3, .L3
  89:Generated_Source\PSoC6\pdl\rtos\FreeRTOS\10.0.1\Source\portable\MemMang/heap_1.c **** 		{
  90:Generated_Source\PSoC6\pdl\rtos\FreeRTOS\10.0.1\Source\portable\MemMang/heap_1.c **** 			/* Ensure the heap starts on a correctly aligned boundary. */
  91:Generated_Source\PSoC6\pdl\rtos\FreeRTOS\10.0.1\Source\portable\MemMang/heap_1.c **** 			pucAlignedHeap = ( uint8_t * ) ( ( ( portPOINTER_SIZE_TYPE ) &ucHeap[ portBYTE_ALIGNMENT ] ) & (
  57              		.loc 1 91 0
  58 001a 0E4A     		ldr	r2, .L8
  59 001c 02F10C03 		add	r3, r2, #12
  60 0020 23F00703 		bic	r3, r3, #7
  61 0024 1360     		str	r3, [r2]
  62              	.L3:
  92:Generated_Source\PSoC6\pdl\rtos\FreeRTOS\10.0.1\Source\portable\MemMang/heap_1.c **** 		}
  93:Generated_Source\PSoC6\pdl\rtos\FreeRTOS\10.0.1\Source\portable\MemMang/heap_1.c **** 
  94:Generated_Source\PSoC6\pdl\rtos\FreeRTOS\10.0.1\Source\portable\MemMang/heap_1.c **** 		/* Check there is enough room left for the allocation. */
  95:Generated_Source\PSoC6\pdl\rtos\FreeRTOS\10.0.1\Source\portable\MemMang/heap_1.c **** 		if( ( ( xNextFreeByte + xWantedSize ) < configADJUSTED_HEAP_SIZE ) &&
  63              		.loc 1 95 0
  64 0026 0C4B     		ldr	r3, .L8+4
  65 0028 D3F8B43A 		ldr	r3, [r3, #2740]
  66 002c 1C44     		add	r4, r4, r3
  67              	.LVL4:
  68 002e 0B4A     		ldr	r2, .L8+8
  69 0030 9442     		cmp	r4, r2
  70 0032 08D8     		bhi	.L5
  71              		.loc 1 95 0 is_stmt 0 discriminator 1
  72 0034 A342     		cmp	r3, r4
  73 0036 08D2     		bcs	.L6
  96:Generated_Source\PSoC6\pdl\rtos\FreeRTOS\10.0.1\Source\portable\MemMang/heap_1.c **** 			( ( xNextFreeByte + xWantedSize ) > xNextFreeByte )	)/* Check for overflow. */
  97:Generated_Source\PSoC6\pdl\rtos\FreeRTOS\10.0.1\Source\portable\MemMang/heap_1.c **** 		{
  98:Generated_Source\PSoC6\pdl\rtos\FreeRTOS\10.0.1\Source\portable\MemMang/heap_1.c **** 			/* Return the next free byte then increment the index past this
ARM GAS  C:\Users\bogurad\AppData\Local\Temp\ccH0xZo3.s 			page 4


  99:Generated_Source\PSoC6\pdl\rtos\FreeRTOS\10.0.1\Source\portable\MemMang/heap_1.c **** 			block. */
 100:Generated_Source\PSoC6\pdl\rtos\FreeRTOS\10.0.1\Source\portable\MemMang/heap_1.c **** 			pvReturn = pucAlignedHeap + xNextFreeByte;
  74              		.loc 1 100 0 is_stmt 1
  75 0038 064A     		ldr	r2, .L8
  76 003a 1568     		ldr	r5, [r2]
  77 003c 1D44     		add	r5, r5, r3
  78              	.LVL5:
 101:Generated_Source\PSoC6\pdl\rtos\FreeRTOS\10.0.1\Source\portable\MemMang/heap_1.c **** 			xNextFreeByte += xWantedSize;
  79              		.loc 1 101 0
  80 003e 064B     		ldr	r3, .L8+4
  81 0040 C3F8B44A 		str	r4, [r3, #2740]
  82 0044 02E0     		b	.L4
  83              	.LVL6:
  84              	.L5:
  72:Generated_Source\PSoC6\pdl\rtos\FreeRTOS\10.0.1\Source\portable\MemMang/heap_1.c **** static uint8_t *pucAlignedHeap = NULL;
  85              		.loc 1 72 0
  86 0046 0025     		movs	r5, #0
  87 0048 00E0     		b	.L4
  88              	.L6:
  89 004a 0025     		movs	r5, #0
  90              	.LVL7:
  91              	.L4:
 102:Generated_Source\PSoC6\pdl\rtos\FreeRTOS\10.0.1\Source\portable\MemMang/heap_1.c **** 		}
 103:Generated_Source\PSoC6\pdl\rtos\FreeRTOS\10.0.1\Source\portable\MemMang/heap_1.c **** 
 104:Generated_Source\PSoC6\pdl\rtos\FreeRTOS\10.0.1\Source\portable\MemMang/heap_1.c **** 		traceMALLOC( pvReturn, xWantedSize );
 105:Generated_Source\PSoC6\pdl\rtos\FreeRTOS\10.0.1\Source\portable\MemMang/heap_1.c **** 	}
 106:Generated_Source\PSoC6\pdl\rtos\FreeRTOS\10.0.1\Source\portable\MemMang/heap_1.c **** 	( void ) xTaskResumeAll();
  92              		.loc 1 106 0
  93 004c FFF7FEFF 		bl	xTaskResumeAll
  94              	.LVL8:
 107:Generated_Source\PSoC6\pdl\rtos\FreeRTOS\10.0.1\Source\portable\MemMang/heap_1.c **** 
 108:Generated_Source\PSoC6\pdl\rtos\FreeRTOS\10.0.1\Source\portable\MemMang/heap_1.c **** 	#if( configUSE_MALLOC_FAILED_HOOK == 1 )
 109:Generated_Source\PSoC6\pdl\rtos\FreeRTOS\10.0.1\Source\portable\MemMang/heap_1.c **** 	{
 110:Generated_Source\PSoC6\pdl\rtos\FreeRTOS\10.0.1\Source\portable\MemMang/heap_1.c **** 		if( pvReturn == NULL )
 111:Generated_Source\PSoC6\pdl\rtos\FreeRTOS\10.0.1\Source\portable\MemMang/heap_1.c **** 		{
 112:Generated_Source\PSoC6\pdl\rtos\FreeRTOS\10.0.1\Source\portable\MemMang/heap_1.c **** 			extern void vApplicationMallocFailedHook( void );
 113:Generated_Source\PSoC6\pdl\rtos\FreeRTOS\10.0.1\Source\portable\MemMang/heap_1.c **** 			vApplicationMallocFailedHook();
 114:Generated_Source\PSoC6\pdl\rtos\FreeRTOS\10.0.1\Source\portable\MemMang/heap_1.c **** 		}
 115:Generated_Source\PSoC6\pdl\rtos\FreeRTOS\10.0.1\Source\portable\MemMang/heap_1.c **** 	}
 116:Generated_Source\PSoC6\pdl\rtos\FreeRTOS\10.0.1\Source\portable\MemMang/heap_1.c **** 	#endif
 117:Generated_Source\PSoC6\pdl\rtos\FreeRTOS\10.0.1\Source\portable\MemMang/heap_1.c **** 
 118:Generated_Source\PSoC6\pdl\rtos\FreeRTOS\10.0.1\Source\portable\MemMang/heap_1.c **** 	return pvReturn;
 119:Generated_Source\PSoC6\pdl\rtos\FreeRTOS\10.0.1\Source\portable\MemMang/heap_1.c **** }
  95              		.loc 1 119 0
  96 0050 2846     		mov	r0, r5
  97 0052 38BD     		pop	{r3, r4, r5, pc}
  98              	.LVL9:
  99              	.L9:
 100              		.align	2
 101              	.L8:
 102 0054 00000000 		.word	.LANCHOR0
 103 0058 50750100 		.word	.LANCHOR1
 104 005c F77F0100 		.word	98295
 105              		.cfi_endproc
 106              	.LFE136:
 107              		.size	pvPortMalloc, .-pvPortMalloc
 108              		.section	.text.vPortFree,"ax",%progbits
ARM GAS  C:\Users\bogurad\AppData\Local\Temp\ccH0xZo3.s 			page 5


 109              		.align	2
 110              		.global	vPortFree
 111              		.thumb
 112              		.thumb_func
 113              		.type	vPortFree, %function
 114              	vPortFree:
 115              	.LFB137:
 120:Generated_Source\PSoC6\pdl\rtos\FreeRTOS\10.0.1\Source\portable\MemMang/heap_1.c **** /*-----------------------------------------------------------*/
 121:Generated_Source\PSoC6\pdl\rtos\FreeRTOS\10.0.1\Source\portable\MemMang/heap_1.c **** 
 122:Generated_Source\PSoC6\pdl\rtos\FreeRTOS\10.0.1\Source\portable\MemMang/heap_1.c **** void vPortFree( void *pv )
 123:Generated_Source\PSoC6\pdl\rtos\FreeRTOS\10.0.1\Source\portable\MemMang/heap_1.c **** {
 116              		.loc 1 123 0
 117              		.cfi_startproc
 118              		@ args = 0, pretend = 0, frame = 0
 119              		@ frame_needed = 0, uses_anonymous_args = 0
 120              		@ link register save eliminated.
 121              	.LVL10:
 124:Generated_Source\PSoC6\pdl\rtos\FreeRTOS\10.0.1\Source\portable\MemMang/heap_1.c **** 	/* Memory cannot be freed using this scheme.  See heap_2.c, heap_3.c and
 125:Generated_Source\PSoC6\pdl\rtos\FreeRTOS\10.0.1\Source\portable\MemMang/heap_1.c **** 	heap_4.c for alternative implementations, and the memory management pages of
 126:Generated_Source\PSoC6\pdl\rtos\FreeRTOS\10.0.1\Source\portable\MemMang/heap_1.c **** 	http://www.FreeRTOS.org for more information. */
 127:Generated_Source\PSoC6\pdl\rtos\FreeRTOS\10.0.1\Source\portable\MemMang/heap_1.c **** 	( void ) pv;
 128:Generated_Source\PSoC6\pdl\rtos\FreeRTOS\10.0.1\Source\portable\MemMang/heap_1.c **** 
 129:Generated_Source\PSoC6\pdl\rtos\FreeRTOS\10.0.1\Source\portable\MemMang/heap_1.c **** 	/* Force an assert as it is invalid to call this function. */
 130:Generated_Source\PSoC6\pdl\rtos\FreeRTOS\10.0.1\Source\portable\MemMang/heap_1.c **** 	configASSERT( pv == NULL );
 122              		.loc 1 130 0
 123 0000 40B1     		cbz	r0, .L10
 124              	.LBB4:
 125              	.LBB5:
 126              		.file 2 "Generated_Source\\PSoC6\\pdl\\rtos/FreeRTOS/10.0.1/Source/portable/GCC/CM4F/portmacro.h"
   1:Generated_Source\PSoC6\pdl\rtos/FreeRTOS/10.0.1/Source/portable/GCC/CM4F/portmacro.h **** /*
   2:Generated_Source\PSoC6\pdl\rtos/FreeRTOS/10.0.1/Source/portable/GCC/CM4F/portmacro.h ****  * FreeRTOS Kernel V10.0.1
   3:Generated_Source\PSoC6\pdl\rtos/FreeRTOS/10.0.1/Source/portable/GCC/CM4F/portmacro.h ****  * Copyright (C) 2017 Amazon.com, Inc. or its affiliates.  All Rights Reserved.
   4:Generated_Source\PSoC6\pdl\rtos/FreeRTOS/10.0.1/Source/portable/GCC/CM4F/portmacro.h ****  *
   5:Generated_Source\PSoC6\pdl\rtos/FreeRTOS/10.0.1/Source/portable/GCC/CM4F/portmacro.h ****  * Permission is hereby granted, free of charge, to any person obtaining a copy of
   6:Generated_Source\PSoC6\pdl\rtos/FreeRTOS/10.0.1/Source/portable/GCC/CM4F/portmacro.h ****  * this software and associated documentation files (the "Software"), to deal in
   7:Generated_Source\PSoC6\pdl\rtos/FreeRTOS/10.0.1/Source/portable/GCC/CM4F/portmacro.h ****  * the Software without restriction, including without limitation the rights to
   8:Generated_Source\PSoC6\pdl\rtos/FreeRTOS/10.0.1/Source/portable/GCC/CM4F/portmacro.h ****  * use, copy, modify, merge, publish, distribute, sublicense, and/or sell copies of
   9:Generated_Source\PSoC6\pdl\rtos/FreeRTOS/10.0.1/Source/portable/GCC/CM4F/portmacro.h ****  * the Software, and to permit persons to whom the Software is furnished to do so,
  10:Generated_Source\PSoC6\pdl\rtos/FreeRTOS/10.0.1/Source/portable/GCC/CM4F/portmacro.h ****  * subject to the following conditions:
  11:Generated_Source\PSoC6\pdl\rtos/FreeRTOS/10.0.1/Source/portable/GCC/CM4F/portmacro.h ****  *
  12:Generated_Source\PSoC6\pdl\rtos/FreeRTOS/10.0.1/Source/portable/GCC/CM4F/portmacro.h ****  * The above copyright notice and this permission notice shall be included in all
  13:Generated_Source\PSoC6\pdl\rtos/FreeRTOS/10.0.1/Source/portable/GCC/CM4F/portmacro.h ****  * copies or substantial portions of the Software.
  14:Generated_Source\PSoC6\pdl\rtos/FreeRTOS/10.0.1/Source/portable/GCC/CM4F/portmacro.h ****  *
  15:Generated_Source\PSoC6\pdl\rtos/FreeRTOS/10.0.1/Source/portable/GCC/CM4F/portmacro.h ****  * THE SOFTWARE IS PROVIDED "AS IS", WITHOUT WARRANTY OF ANY KIND, EXPRESS OR
  16:Generated_Source\PSoC6\pdl\rtos/FreeRTOS/10.0.1/Source/portable/GCC/CM4F/portmacro.h ****  * IMPLIED, INCLUDING BUT NOT LIMITED TO THE WARRANTIES OF MERCHANTABILITY, FITNESS
  17:Generated_Source\PSoC6\pdl\rtos/FreeRTOS/10.0.1/Source/portable/GCC/CM4F/portmacro.h ****  * FOR A PARTICULAR PURPOSE AND NONINFRINGEMENT. IN NO EVENT SHALL THE AUTHORS OR
  18:Generated_Source\PSoC6\pdl\rtos/FreeRTOS/10.0.1/Source/portable/GCC/CM4F/portmacro.h ****  * COPYRIGHT HOLDERS BE LIABLE FOR ANY CLAIM, DAMAGES OR OTHER LIABILITY, WHETHER
  19:Generated_Source\PSoC6\pdl\rtos/FreeRTOS/10.0.1/Source/portable/GCC/CM4F/portmacro.h ****  * IN AN ACTION OF CONTRACT, TORT OR OTHERWISE, ARISING FROM, OUT OF OR IN
  20:Generated_Source\PSoC6\pdl\rtos/FreeRTOS/10.0.1/Source/portable/GCC/CM4F/portmacro.h ****  * CONNECTION WITH THE SOFTWARE OR THE USE OR OTHER DEALINGS IN THE SOFTWARE.
  21:Generated_Source\PSoC6\pdl\rtos/FreeRTOS/10.0.1/Source/portable/GCC/CM4F/portmacro.h ****  *
  22:Generated_Source\PSoC6\pdl\rtos/FreeRTOS/10.0.1/Source/portable/GCC/CM4F/portmacro.h ****  * http://www.FreeRTOS.org
  23:Generated_Source\PSoC6\pdl\rtos/FreeRTOS/10.0.1/Source/portable/GCC/CM4F/portmacro.h ****  * http://aws.amazon.com/freertos
  24:Generated_Source\PSoC6\pdl\rtos/FreeRTOS/10.0.1/Source/portable/GCC/CM4F/portmacro.h ****  *
  25:Generated_Source\PSoC6\pdl\rtos/FreeRTOS/10.0.1/Source/portable/GCC/CM4F/portmacro.h ****  * 1 tab == 4 spaces!
  26:Generated_Source\PSoC6\pdl\rtos/FreeRTOS/10.0.1/Source/portable/GCC/CM4F/portmacro.h ****  */
  27:Generated_Source\PSoC6\pdl\rtos/FreeRTOS/10.0.1/Source/portable/GCC/CM4F/portmacro.h **** 
  28:Generated_Source\PSoC6\pdl\rtos/FreeRTOS/10.0.1/Source/portable/GCC/CM4F/portmacro.h **** 
ARM GAS  C:\Users\bogurad\AppData\Local\Temp\ccH0xZo3.s 			page 6


  29:Generated_Source\PSoC6\pdl\rtos/FreeRTOS/10.0.1/Source/portable/GCC/CM4F/portmacro.h **** #ifndef PORTMACRO_H
  30:Generated_Source\PSoC6\pdl\rtos/FreeRTOS/10.0.1/Source/portable/GCC/CM4F/portmacro.h **** #define PORTMACRO_H
  31:Generated_Source\PSoC6\pdl\rtos/FreeRTOS/10.0.1/Source/portable/GCC/CM4F/portmacro.h **** 
  32:Generated_Source\PSoC6\pdl\rtos/FreeRTOS/10.0.1/Source/portable/GCC/CM4F/portmacro.h **** #ifdef __cplusplus
  33:Generated_Source\PSoC6\pdl\rtos/FreeRTOS/10.0.1/Source/portable/GCC/CM4F/portmacro.h **** extern "C" {
  34:Generated_Source\PSoC6\pdl\rtos/FreeRTOS/10.0.1/Source/portable/GCC/CM4F/portmacro.h **** #endif
  35:Generated_Source\PSoC6\pdl\rtos/FreeRTOS/10.0.1/Source/portable/GCC/CM4F/portmacro.h **** 
  36:Generated_Source\PSoC6\pdl\rtos/FreeRTOS/10.0.1/Source/portable/GCC/CM4F/portmacro.h **** /*-----------------------------------------------------------
  37:Generated_Source\PSoC6\pdl\rtos/FreeRTOS/10.0.1/Source/portable/GCC/CM4F/portmacro.h ****  * Port specific definitions.
  38:Generated_Source\PSoC6\pdl\rtos/FreeRTOS/10.0.1/Source/portable/GCC/CM4F/portmacro.h ****  *
  39:Generated_Source\PSoC6\pdl\rtos/FreeRTOS/10.0.1/Source/portable/GCC/CM4F/portmacro.h ****  * The settings in this file configure FreeRTOS correctly for the
  40:Generated_Source\PSoC6\pdl\rtos/FreeRTOS/10.0.1/Source/portable/GCC/CM4F/portmacro.h ****  * given hardware and compiler.
  41:Generated_Source\PSoC6\pdl\rtos/FreeRTOS/10.0.1/Source/portable/GCC/CM4F/portmacro.h ****  *
  42:Generated_Source\PSoC6\pdl\rtos/FreeRTOS/10.0.1/Source/portable/GCC/CM4F/portmacro.h ****  * These settings should not be altered.
  43:Generated_Source\PSoC6\pdl\rtos/FreeRTOS/10.0.1/Source/portable/GCC/CM4F/portmacro.h ****  *-----------------------------------------------------------
  44:Generated_Source\PSoC6\pdl\rtos/FreeRTOS/10.0.1/Source/portable/GCC/CM4F/portmacro.h ****  */
  45:Generated_Source\PSoC6\pdl\rtos/FreeRTOS/10.0.1/Source/portable/GCC/CM4F/portmacro.h **** 
  46:Generated_Source\PSoC6\pdl\rtos/FreeRTOS/10.0.1/Source/portable/GCC/CM4F/portmacro.h **** /* Type definitions. */
  47:Generated_Source\PSoC6\pdl\rtos/FreeRTOS/10.0.1/Source/portable/GCC/CM4F/portmacro.h **** #define portCHAR		char
  48:Generated_Source\PSoC6\pdl\rtos/FreeRTOS/10.0.1/Source/portable/GCC/CM4F/portmacro.h **** #define portFLOAT		float
  49:Generated_Source\PSoC6\pdl\rtos/FreeRTOS/10.0.1/Source/portable/GCC/CM4F/portmacro.h **** #define portDOUBLE		double
  50:Generated_Source\PSoC6\pdl\rtos/FreeRTOS/10.0.1/Source/portable/GCC/CM4F/portmacro.h **** #define portLONG		long
  51:Generated_Source\PSoC6\pdl\rtos/FreeRTOS/10.0.1/Source/portable/GCC/CM4F/portmacro.h **** #define portSHORT		short
  52:Generated_Source\PSoC6\pdl\rtos/FreeRTOS/10.0.1/Source/portable/GCC/CM4F/portmacro.h **** #define portSTACK_TYPE	uint32_t
  53:Generated_Source\PSoC6\pdl\rtos/FreeRTOS/10.0.1/Source/portable/GCC/CM4F/portmacro.h **** #define portBASE_TYPE	long
  54:Generated_Source\PSoC6\pdl\rtos/FreeRTOS/10.0.1/Source/portable/GCC/CM4F/portmacro.h **** 
  55:Generated_Source\PSoC6\pdl\rtos/FreeRTOS/10.0.1/Source/portable/GCC/CM4F/portmacro.h **** typedef portSTACK_TYPE StackType_t;
  56:Generated_Source\PSoC6\pdl\rtos/FreeRTOS/10.0.1/Source/portable/GCC/CM4F/portmacro.h **** typedef long BaseType_t;
  57:Generated_Source\PSoC6\pdl\rtos/FreeRTOS/10.0.1/Source/portable/GCC/CM4F/portmacro.h **** typedef unsigned long UBaseType_t;
  58:Generated_Source\PSoC6\pdl\rtos/FreeRTOS/10.0.1/Source/portable/GCC/CM4F/portmacro.h **** 
  59:Generated_Source\PSoC6\pdl\rtos/FreeRTOS/10.0.1/Source/portable/GCC/CM4F/portmacro.h **** #if( configUSE_16_BIT_TICKS == 1 )
  60:Generated_Source\PSoC6\pdl\rtos/FreeRTOS/10.0.1/Source/portable/GCC/CM4F/portmacro.h **** 	typedef uint16_t TickType_t;
  61:Generated_Source\PSoC6\pdl\rtos/FreeRTOS/10.0.1/Source/portable/GCC/CM4F/portmacro.h **** 	#define portMAX_DELAY ( TickType_t ) 0xffff
  62:Generated_Source\PSoC6\pdl\rtos/FreeRTOS/10.0.1/Source/portable/GCC/CM4F/portmacro.h **** #else
  63:Generated_Source\PSoC6\pdl\rtos/FreeRTOS/10.0.1/Source/portable/GCC/CM4F/portmacro.h **** 	typedef uint32_t TickType_t;
  64:Generated_Source\PSoC6\pdl\rtos/FreeRTOS/10.0.1/Source/portable/GCC/CM4F/portmacro.h **** 	#define portMAX_DELAY ( TickType_t ) 0xffffffffUL
  65:Generated_Source\PSoC6\pdl\rtos/FreeRTOS/10.0.1/Source/portable/GCC/CM4F/portmacro.h **** 
  66:Generated_Source\PSoC6\pdl\rtos/FreeRTOS/10.0.1/Source/portable/GCC/CM4F/portmacro.h **** 	/* 32-bit tick type on a 32-bit architecture, so reads of the tick count do
  67:Generated_Source\PSoC6\pdl\rtos/FreeRTOS/10.0.1/Source/portable/GCC/CM4F/portmacro.h **** 	not need to be guarded with a critical section. */
  68:Generated_Source\PSoC6\pdl\rtos/FreeRTOS/10.0.1/Source/portable/GCC/CM4F/portmacro.h **** 	#define portTICK_TYPE_IS_ATOMIC 1
  69:Generated_Source\PSoC6\pdl\rtos/FreeRTOS/10.0.1/Source/portable/GCC/CM4F/portmacro.h **** #endif
  70:Generated_Source\PSoC6\pdl\rtos/FreeRTOS/10.0.1/Source/portable/GCC/CM4F/portmacro.h **** /*-----------------------------------------------------------*/
  71:Generated_Source\PSoC6\pdl\rtos/FreeRTOS/10.0.1/Source/portable/GCC/CM4F/portmacro.h **** 
  72:Generated_Source\PSoC6\pdl\rtos/FreeRTOS/10.0.1/Source/portable/GCC/CM4F/portmacro.h **** /* Architecture specifics. */
  73:Generated_Source\PSoC6\pdl\rtos/FreeRTOS/10.0.1/Source/portable/GCC/CM4F/portmacro.h **** #define portSTACK_GROWTH			( -1 )
  74:Generated_Source\PSoC6\pdl\rtos/FreeRTOS/10.0.1/Source/portable/GCC/CM4F/portmacro.h **** #define portTICK_PERIOD_MS			( ( TickType_t ) 1000 / configTICK_RATE_HZ )
  75:Generated_Source\PSoC6\pdl\rtos/FreeRTOS/10.0.1/Source/portable/GCC/CM4F/portmacro.h **** #define portBYTE_ALIGNMENT			8
  76:Generated_Source\PSoC6\pdl\rtos/FreeRTOS/10.0.1/Source/portable/GCC/CM4F/portmacro.h **** /*-----------------------------------------------------------*/
  77:Generated_Source\PSoC6\pdl\rtos/FreeRTOS/10.0.1/Source/portable/GCC/CM4F/portmacro.h **** 
  78:Generated_Source\PSoC6\pdl\rtos/FreeRTOS/10.0.1/Source/portable/GCC/CM4F/portmacro.h **** /* Scheduler utilities. */
  79:Generated_Source\PSoC6\pdl\rtos/FreeRTOS/10.0.1/Source/portable/GCC/CM4F/portmacro.h **** #define portYIELD() 															\
  80:Generated_Source\PSoC6\pdl\rtos/FreeRTOS/10.0.1/Source/portable/GCC/CM4F/portmacro.h **** {																				\
  81:Generated_Source\PSoC6\pdl\rtos/FreeRTOS/10.0.1/Source/portable/GCC/CM4F/portmacro.h **** 	/* Set a PendSV to request a context switch. */								\
  82:Generated_Source\PSoC6\pdl\rtos/FreeRTOS/10.0.1/Source/portable/GCC/CM4F/portmacro.h **** 	portNVIC_INT_CTRL_REG = portNVIC_PENDSVSET_BIT;								\
  83:Generated_Source\PSoC6\pdl\rtos/FreeRTOS/10.0.1/Source/portable/GCC/CM4F/portmacro.h **** 																				\
  84:Generated_Source\PSoC6\pdl\rtos/FreeRTOS/10.0.1/Source/portable/GCC/CM4F/portmacro.h **** 	/* Barriers are normally not required but do ensure the code is completely	\
  85:Generated_Source\PSoC6\pdl\rtos/FreeRTOS/10.0.1/Source/portable/GCC/CM4F/portmacro.h **** 	within the specified behaviour for the architecture. */						\
ARM GAS  C:\Users\bogurad\AppData\Local\Temp\ccH0xZo3.s 			page 7


  86:Generated_Source\PSoC6\pdl\rtos/FreeRTOS/10.0.1/Source/portable/GCC/CM4F/portmacro.h **** 	__asm volatile( "dsb" ::: "memory" );										\
  87:Generated_Source\PSoC6\pdl\rtos/FreeRTOS/10.0.1/Source/portable/GCC/CM4F/portmacro.h **** 	__asm volatile( "isb" );													\
  88:Generated_Source\PSoC6\pdl\rtos/FreeRTOS/10.0.1/Source/portable/GCC/CM4F/portmacro.h **** }
  89:Generated_Source\PSoC6\pdl\rtos/FreeRTOS/10.0.1/Source/portable/GCC/CM4F/portmacro.h **** 
  90:Generated_Source\PSoC6\pdl\rtos/FreeRTOS/10.0.1/Source/portable/GCC/CM4F/portmacro.h **** #define portNVIC_INT_CTRL_REG		( * ( ( volatile uint32_t * ) 0xe000ed04 ) )
  91:Generated_Source\PSoC6\pdl\rtos/FreeRTOS/10.0.1/Source/portable/GCC/CM4F/portmacro.h **** #define portNVIC_PENDSVSET_BIT		( 1UL << 28UL )
  92:Generated_Source\PSoC6\pdl\rtos/FreeRTOS/10.0.1/Source/portable/GCC/CM4F/portmacro.h **** #define portEND_SWITCHING_ISR( xSwitchRequired ) if( xSwitchRequired != pdFALSE ) portYIELD()
  93:Generated_Source\PSoC6\pdl\rtos/FreeRTOS/10.0.1/Source/portable/GCC/CM4F/portmacro.h **** #define portYIELD_FROM_ISR( x ) portEND_SWITCHING_ISR( x )
  94:Generated_Source\PSoC6\pdl\rtos/FreeRTOS/10.0.1/Source/portable/GCC/CM4F/portmacro.h **** /*-----------------------------------------------------------*/
  95:Generated_Source\PSoC6\pdl\rtos/FreeRTOS/10.0.1/Source/portable/GCC/CM4F/portmacro.h **** 
  96:Generated_Source\PSoC6\pdl\rtos/FreeRTOS/10.0.1/Source/portable/GCC/CM4F/portmacro.h **** /* Critical section management. */
  97:Generated_Source\PSoC6\pdl\rtos/FreeRTOS/10.0.1/Source/portable/GCC/CM4F/portmacro.h **** extern void vPortEnterCritical( void );
  98:Generated_Source\PSoC6\pdl\rtos/FreeRTOS/10.0.1/Source/portable/GCC/CM4F/portmacro.h **** extern void vPortExitCritical( void );
  99:Generated_Source\PSoC6\pdl\rtos/FreeRTOS/10.0.1/Source/portable/GCC/CM4F/portmacro.h **** #define portSET_INTERRUPT_MASK_FROM_ISR()		ulPortRaiseBASEPRI()
 100:Generated_Source\PSoC6\pdl\rtos/FreeRTOS/10.0.1/Source/portable/GCC/CM4F/portmacro.h **** #define portCLEAR_INTERRUPT_MASK_FROM_ISR(x)	vPortSetBASEPRI(x)
 101:Generated_Source\PSoC6\pdl\rtos/FreeRTOS/10.0.1/Source/portable/GCC/CM4F/portmacro.h **** #define portDISABLE_INTERRUPTS()				vPortRaiseBASEPRI()
 102:Generated_Source\PSoC6\pdl\rtos/FreeRTOS/10.0.1/Source/portable/GCC/CM4F/portmacro.h **** #define portENABLE_INTERRUPTS()					vPortSetBASEPRI(0)
 103:Generated_Source\PSoC6\pdl\rtos/FreeRTOS/10.0.1/Source/portable/GCC/CM4F/portmacro.h **** #define portENTER_CRITICAL()					vPortEnterCritical()
 104:Generated_Source\PSoC6\pdl\rtos/FreeRTOS/10.0.1/Source/portable/GCC/CM4F/portmacro.h **** #define portEXIT_CRITICAL()						vPortExitCritical()
 105:Generated_Source\PSoC6\pdl\rtos/FreeRTOS/10.0.1/Source/portable/GCC/CM4F/portmacro.h **** 
 106:Generated_Source\PSoC6\pdl\rtos/FreeRTOS/10.0.1/Source/portable/GCC/CM4F/portmacro.h **** /*-----------------------------------------------------------*/
 107:Generated_Source\PSoC6\pdl\rtos/FreeRTOS/10.0.1/Source/portable/GCC/CM4F/portmacro.h **** 
 108:Generated_Source\PSoC6\pdl\rtos/FreeRTOS/10.0.1/Source/portable/GCC/CM4F/portmacro.h **** /* Task function macros as described on the FreeRTOS.org WEB site.  These are
 109:Generated_Source\PSoC6\pdl\rtos/FreeRTOS/10.0.1/Source/portable/GCC/CM4F/portmacro.h **** not necessary for to use this port.  They are defined so the common demo files
 110:Generated_Source\PSoC6\pdl\rtos/FreeRTOS/10.0.1/Source/portable/GCC/CM4F/portmacro.h **** (which build with all the ports) will build. */
 111:Generated_Source\PSoC6\pdl\rtos/FreeRTOS/10.0.1/Source/portable/GCC/CM4F/portmacro.h **** #define portTASK_FUNCTION_PROTO( vFunction, pvParameters ) void vFunction( void *pvParameters )
 112:Generated_Source\PSoC6\pdl\rtos/FreeRTOS/10.0.1/Source/portable/GCC/CM4F/portmacro.h **** #define portTASK_FUNCTION( vFunction, pvParameters ) void vFunction( void *pvParameters )
 113:Generated_Source\PSoC6\pdl\rtos/FreeRTOS/10.0.1/Source/portable/GCC/CM4F/portmacro.h **** 
 114:Generated_Source\PSoC6\pdl\rtos/FreeRTOS/10.0.1/Source/portable/GCC/CM4F/portmacro.h **** /*-----------------------------------------------------------*/
 115:Generated_Source\PSoC6\pdl\rtos/FreeRTOS/10.0.1/Source/portable/GCC/CM4F/portmacro.h **** 
 116:Generated_Source\PSoC6\pdl\rtos/FreeRTOS/10.0.1/Source/portable/GCC/CM4F/portmacro.h **** #ifdef configASSERT
 117:Generated_Source\PSoC6\pdl\rtos/FreeRTOS/10.0.1/Source/portable/GCC/CM4F/portmacro.h **** 	void vPortValidateInterruptPriority( void );
 118:Generated_Source\PSoC6\pdl\rtos/FreeRTOS/10.0.1/Source/portable/GCC/CM4F/portmacro.h **** 	#define portASSERT_IF_INTERRUPT_PRIORITY_INVALID() 	vPortValidateInterruptPriority()
 119:Generated_Source\PSoC6\pdl\rtos/FreeRTOS/10.0.1/Source/portable/GCC/CM4F/portmacro.h **** #endif
 120:Generated_Source\PSoC6\pdl\rtos/FreeRTOS/10.0.1/Source/portable/GCC/CM4F/portmacro.h **** 
 121:Generated_Source\PSoC6\pdl\rtos/FreeRTOS/10.0.1/Source/portable/GCC/CM4F/portmacro.h **** /* portNOP() is not required by this port. */
 122:Generated_Source\PSoC6\pdl\rtos/FreeRTOS/10.0.1/Source/portable/GCC/CM4F/portmacro.h **** #define portNOP()
 123:Generated_Source\PSoC6\pdl\rtos/FreeRTOS/10.0.1/Source/portable/GCC/CM4F/portmacro.h **** 
 124:Generated_Source\PSoC6\pdl\rtos/FreeRTOS/10.0.1/Source/portable/GCC/CM4F/portmacro.h **** #define portINLINE	__inline
 125:Generated_Source\PSoC6\pdl\rtos/FreeRTOS/10.0.1/Source/portable/GCC/CM4F/portmacro.h **** 
 126:Generated_Source\PSoC6\pdl\rtos/FreeRTOS/10.0.1/Source/portable/GCC/CM4F/portmacro.h **** #ifndef portFORCE_INLINE
 127:Generated_Source\PSoC6\pdl\rtos/FreeRTOS/10.0.1/Source/portable/GCC/CM4F/portmacro.h **** 	#define portFORCE_INLINE inline __attribute__(( always_inline))
 128:Generated_Source\PSoC6\pdl\rtos/FreeRTOS/10.0.1/Source/portable/GCC/CM4F/portmacro.h **** #endif
 129:Generated_Source\PSoC6\pdl\rtos/FreeRTOS/10.0.1/Source/portable/GCC/CM4F/portmacro.h **** 
 130:Generated_Source\PSoC6\pdl\rtos/FreeRTOS/10.0.1/Source/portable/GCC/CM4F/portmacro.h **** portFORCE_INLINE static BaseType_t xPortIsInsideInterrupt( void )
 131:Generated_Source\PSoC6\pdl\rtos/FreeRTOS/10.0.1/Source/portable/GCC/CM4F/portmacro.h **** {
 132:Generated_Source\PSoC6\pdl\rtos/FreeRTOS/10.0.1/Source/portable/GCC/CM4F/portmacro.h **** uint32_t ulCurrentInterrupt;
 133:Generated_Source\PSoC6\pdl\rtos/FreeRTOS/10.0.1/Source/portable/GCC/CM4F/portmacro.h **** BaseType_t xReturn;
 134:Generated_Source\PSoC6\pdl\rtos/FreeRTOS/10.0.1/Source/portable/GCC/CM4F/portmacro.h **** 
 135:Generated_Source\PSoC6\pdl\rtos/FreeRTOS/10.0.1/Source/portable/GCC/CM4F/portmacro.h **** 	/* Obtain the number of the currently executing interrupt. */
 136:Generated_Source\PSoC6\pdl\rtos/FreeRTOS/10.0.1/Source/portable/GCC/CM4F/portmacro.h **** 	__asm volatile( "mrs %0, ipsr" : "=r"( ulCurrentInterrupt ) :: "memory" );
 137:Generated_Source\PSoC6\pdl\rtos/FreeRTOS/10.0.1/Source/portable/GCC/CM4F/portmacro.h **** 
 138:Generated_Source\PSoC6\pdl\rtos/FreeRTOS/10.0.1/Source/portable/GCC/CM4F/portmacro.h **** 	if( ulCurrentInterrupt == 0 )
 139:Generated_Source\PSoC6\pdl\rtos/FreeRTOS/10.0.1/Source/portable/GCC/CM4F/portmacro.h **** 	{
 140:Generated_Source\PSoC6\pdl\rtos/FreeRTOS/10.0.1/Source/portable/GCC/CM4F/portmacro.h **** 		xReturn = pdFALSE;
 141:Generated_Source\PSoC6\pdl\rtos/FreeRTOS/10.0.1/Source/portable/GCC/CM4F/portmacro.h **** 	}
 142:Generated_Source\PSoC6\pdl\rtos/FreeRTOS/10.0.1/Source/portable/GCC/CM4F/portmacro.h **** 	else
ARM GAS  C:\Users\bogurad\AppData\Local\Temp\ccH0xZo3.s 			page 8


 143:Generated_Source\PSoC6\pdl\rtos/FreeRTOS/10.0.1/Source/portable/GCC/CM4F/portmacro.h **** 	{
 144:Generated_Source\PSoC6\pdl\rtos/FreeRTOS/10.0.1/Source/portable/GCC/CM4F/portmacro.h **** 		xReturn = pdTRUE;
 145:Generated_Source\PSoC6\pdl\rtos/FreeRTOS/10.0.1/Source/portable/GCC/CM4F/portmacro.h **** 	}
 146:Generated_Source\PSoC6\pdl\rtos/FreeRTOS/10.0.1/Source/portable/GCC/CM4F/portmacro.h **** 
 147:Generated_Source\PSoC6\pdl\rtos/FreeRTOS/10.0.1/Source/portable/GCC/CM4F/portmacro.h **** 	return xReturn;
 148:Generated_Source\PSoC6\pdl\rtos/FreeRTOS/10.0.1/Source/portable/GCC/CM4F/portmacro.h **** }
 149:Generated_Source\PSoC6\pdl\rtos/FreeRTOS/10.0.1/Source/portable/GCC/CM4F/portmacro.h **** 
 150:Generated_Source\PSoC6\pdl\rtos/FreeRTOS/10.0.1/Source/portable/GCC/CM4F/portmacro.h **** /*-----------------------------------------------------------*/
 151:Generated_Source\PSoC6\pdl\rtos/FreeRTOS/10.0.1/Source/portable/GCC/CM4F/portmacro.h **** 
 152:Generated_Source\PSoC6\pdl\rtos/FreeRTOS/10.0.1/Source/portable/GCC/CM4F/portmacro.h **** portFORCE_INLINE static void vPortRaiseBASEPRI( void )
 153:Generated_Source\PSoC6\pdl\rtos/FreeRTOS/10.0.1/Source/portable/GCC/CM4F/portmacro.h **** {
 154:Generated_Source\PSoC6\pdl\rtos/FreeRTOS/10.0.1/Source/portable/GCC/CM4F/portmacro.h **** uint32_t ulNewBASEPRI;
 155:Generated_Source\PSoC6\pdl\rtos/FreeRTOS/10.0.1/Source/portable/GCC/CM4F/portmacro.h **** 
 156:Generated_Source\PSoC6\pdl\rtos/FreeRTOS/10.0.1/Source/portable/GCC/CM4F/portmacro.h **** 	__asm volatile
 127              		.loc 2 156 0
 128              		.syntax unified
 129              	@ 156 "Generated_Source\PSoC6\pdl\rtos/FreeRTOS/10.0.1/Source/portable/GCC/CM4F/portmacro.h" 1
 130 0002 4FF03F03 			mov r3, #63												
 131 0006 83F31188 		msr basepri, r3											
 132 000a BFF36F8F 		isb														
 133 000e BFF34F8F 		dsb														
 134              	
 135              	@ 0 "" 2
 136              	.LVL11:
 137              		.thumb
 138              		.syntax unified
 139              	.L12:
 140 0012 FEE7     		b	.L12
 141              	.L10:
 142 0014 7047     		bx	lr
 143              	.LBE5:
 144              	.LBE4:
 145              		.cfi_endproc
 146              	.LFE137:
 147              		.size	vPortFree, .-vPortFree
 148 0016 00BF     		.section	.text.vPortInitialiseBlocks,"ax",%progbits
 149              		.align	2
 150              		.global	vPortInitialiseBlocks
 151              		.thumb
 152              		.thumb_func
 153              		.type	vPortInitialiseBlocks, %function
 154              	vPortInitialiseBlocks:
 155              	.LFB138:
 131:Generated_Source\PSoC6\pdl\rtos\FreeRTOS\10.0.1\Source\portable\MemMang/heap_1.c **** }
 132:Generated_Source\PSoC6\pdl\rtos\FreeRTOS\10.0.1\Source\portable\MemMang/heap_1.c **** /*-----------------------------------------------------------*/
 133:Generated_Source\PSoC6\pdl\rtos\FreeRTOS\10.0.1\Source\portable\MemMang/heap_1.c **** 
 134:Generated_Source\PSoC6\pdl\rtos\FreeRTOS\10.0.1\Source\portable\MemMang/heap_1.c **** void vPortInitialiseBlocks( void )
 135:Generated_Source\PSoC6\pdl\rtos\FreeRTOS\10.0.1\Source\portable\MemMang/heap_1.c **** {
 156              		.loc 1 135 0
 157              		.cfi_startproc
 158              		@ args = 0, pretend = 0, frame = 0
 159              		@ frame_needed = 0, uses_anonymous_args = 0
 160              		@ link register save eliminated.
 136:Generated_Source\PSoC6\pdl\rtos\FreeRTOS\10.0.1\Source\portable\MemMang/heap_1.c **** 	/* Only required when static memory is not cleared. */
 137:Generated_Source\PSoC6\pdl\rtos\FreeRTOS\10.0.1\Source\portable\MemMang/heap_1.c **** 	xNextFreeByte = ( size_t ) 0;
 161              		.loc 1 137 0
 162 0000 0022     		movs	r2, #0
ARM GAS  C:\Users\bogurad\AppData\Local\Temp\ccH0xZo3.s 			page 9


 163 0002 024B     		ldr	r3, .L14
 164 0004 C3F8B42A 		str	r2, [r3, #2740]
 165 0008 7047     		bx	lr
 166              	.L15:
 167 000a 00BF     		.align	2
 168              	.L14:
 169 000c 50750100 		.word	.LANCHOR1
 170              		.cfi_endproc
 171              	.LFE138:
 172              		.size	vPortInitialiseBlocks, .-vPortInitialiseBlocks
 173              		.section	.text.xPortGetFreeHeapSize,"ax",%progbits
 174              		.align	2
 175              		.global	xPortGetFreeHeapSize
 176              		.thumb
 177              		.thumb_func
 178              		.type	xPortGetFreeHeapSize, %function
 179              	xPortGetFreeHeapSize:
 180              	.LFB139:
 138:Generated_Source\PSoC6\pdl\rtos\FreeRTOS\10.0.1\Source\portable\MemMang/heap_1.c **** }
 139:Generated_Source\PSoC6\pdl\rtos\FreeRTOS\10.0.1\Source\portable\MemMang/heap_1.c **** /*-----------------------------------------------------------*/
 140:Generated_Source\PSoC6\pdl\rtos\FreeRTOS\10.0.1\Source\portable\MemMang/heap_1.c **** 
 141:Generated_Source\PSoC6\pdl\rtos\FreeRTOS\10.0.1\Source\portable\MemMang/heap_1.c **** size_t xPortGetFreeHeapSize( void )
 142:Generated_Source\PSoC6\pdl\rtos\FreeRTOS\10.0.1\Source\portable\MemMang/heap_1.c **** {
 181              		.loc 1 142 0
 182              		.cfi_startproc
 183              		@ args = 0, pretend = 0, frame = 0
 184              		@ frame_needed = 0, uses_anonymous_args = 0
 185              		@ link register save eliminated.
 143:Generated_Source\PSoC6\pdl\rtos\FreeRTOS\10.0.1\Source\portable\MemMang/heap_1.c **** 	return ( configADJUSTED_HEAP_SIZE - xNextFreeByte );
 186              		.loc 1 143 0
 187 0000 034B     		ldr	r3, .L17
 188 0002 D3F8B40A 		ldr	r0, [r3, #2740]
 144:Generated_Source\PSoC6\pdl\rtos\FreeRTOS\10.0.1\Source\portable\MemMang/heap_1.c **** }
 189              		.loc 1 144 0
 190 0006 C0F5BF30 		rsb	r0, r0, #97792
 191 000a 00F5FC70 		add	r0, r0, #504
 192 000e 7047     		bx	lr
 193              	.L18:
 194              		.align	2
 195              	.L17:
 196 0010 50750100 		.word	.LANCHOR1
 197              		.cfi_endproc
 198              	.LFE139:
 199              		.size	xPortGetFreeHeapSize, .-xPortGetFreeHeapSize
 200              		.bss
 201              		.align	2
 202              		.set	.LANCHOR0,. + 0
 203              		.set	.LANCHOR1,. + 95568
 204              		.type	pucAlignedHeap.11057, %object
 205              		.size	pucAlignedHeap.11057, 4
 206              	pucAlignedHeap.11057:
 207 0000 00000000 		.space	4
 208              		.type	ucHeap, %object
 209              		.size	ucHeap, 98304
 210              	ucHeap:
 211 0004 00000000 		.space	98304
 211      00000000 
ARM GAS  C:\Users\bogurad\AppData\Local\Temp\ccH0xZo3.s 			page 10


 211      00000000 
 211      00000000 
 211      00000000 
 212              		.type	xNextFreeByte, %object
 213              		.size	xNextFreeByte, 4
 214              	xNextFreeByte:
 215 18004 00000000 		.space	4
 216              		.text
 217              	.Letext0:
 218              		.file 3 "c:\\program files (x86)\\cypress\\psoc creator\\4.4\\psoc creator\\import\\gnu\\arm\\5.4.
 219              		.file 4 "c:\\program files (x86)\\cypress\\psoc creator\\4.4\\psoc creator\\import\\gnu\\arm\\5.4.
 220              		.file 5 "c:\\program files (x86)\\cypress\\psoc creator\\4.4\\psoc creator\\import\\gnu\\arm\\5.4.
 221              		.file 6 "Generated_Source\\PSoC6\\pdl\\rtos/FreeRTOS/10.0.1/Source/include/task.h"
 222              		.file 7 "Generated_Source\\PSoC6\\pdl\\cmsis/include/core_cm4.h"
 223              		.section	.debug_info,"",%progbits
 224              	.Ldebug_info0:
 225 0000 18020000 		.4byte	0x218
 226 0004 0400     		.2byte	0x4
 227 0006 00000000 		.4byte	.Ldebug_abbrev0
 228 000a 04       		.byte	0x4
 229 000b 01       		.uleb128 0x1
 230 000c CA010000 		.4byte	.LASF28
 231 0010 0C       		.byte	0xc
 232 0011 10010000 		.4byte	.LASF29
 233 0015 40000000 		.4byte	.LASF30
 234 0019 00000000 		.4byte	.Ldebug_ranges0+0
 235 001d 00000000 		.4byte	0
 236 0021 00000000 		.4byte	.Ldebug_line0
 237 0025 02       		.uleb128 0x2
 238 0026 0A000000 		.4byte	.LASF4
 239 002a 03       		.byte	0x3
 240 002b D8       		.byte	0xd8
 241 002c 30000000 		.4byte	0x30
 242 0030 03       		.uleb128 0x3
 243 0031 04       		.byte	0x4
 244 0032 07       		.byte	0x7
 245 0033 94010000 		.4byte	.LASF0
 246 0037 04       		.uleb128 0x4
 247 0038 04       		.byte	0x4
 248 0039 05       		.byte	0x5
 249 003a 696E7400 		.ascii	"int\000"
 250 003e 03       		.uleb128 0x3
 251 003f 08       		.byte	0x8
 252 0040 05       		.byte	0x5
 253 0041 8E020000 		.4byte	.LASF1
 254 0045 03       		.uleb128 0x3
 255 0046 08       		.byte	0x8
 256 0047 04       		.byte	0x4
 257 0048 FE020000 		.4byte	.LASF2
 258 004c 03       		.uleb128 0x3
 259 004d 01       		.byte	0x1
 260 004e 06       		.byte	0x6
 261 004f 0A030000 		.4byte	.LASF3
 262 0053 02       		.uleb128 0x2
 263 0054 00000000 		.4byte	.LASF5
 264 0058 04       		.byte	0x4
 265 0059 1D       		.byte	0x1d
ARM GAS  C:\Users\bogurad\AppData\Local\Temp\ccH0xZo3.s 			page 11


 266 005a 5E000000 		.4byte	0x5e
 267 005e 03       		.uleb128 0x3
 268 005f 01       		.byte	0x1
 269 0060 08       		.byte	0x8
 270 0061 BE000000 		.4byte	.LASF6
 271 0065 03       		.uleb128 0x3
 272 0066 02       		.byte	0x2
 273 0067 05       		.byte	0x5
 274 0068 C9020000 		.4byte	.LASF7
 275 006c 03       		.uleb128 0x3
 276 006d 02       		.byte	0x2
 277 006e 07       		.byte	0x7
 278 006f DE000000 		.4byte	.LASF8
 279 0073 02       		.uleb128 0x2
 280 0074 21000000 		.4byte	.LASF9
 281 0078 04       		.byte	0x4
 282 0079 3F       		.byte	0x3f
 283 007a 7E000000 		.4byte	0x7e
 284 007e 03       		.uleb128 0x3
 285 007f 04       		.byte	0x4
 286 0080 05       		.byte	0x5
 287 0081 F5020000 		.4byte	.LASF10
 288 0085 02       		.uleb128 0x2
 289 0086 F1000000 		.4byte	.LASF11
 290 008a 04       		.byte	0x4
 291 008b 41       		.byte	0x41
 292 008c 90000000 		.4byte	0x90
 293 0090 03       		.uleb128 0x3
 294 0091 04       		.byte	0x4
 295 0092 07       		.byte	0x7
 296 0093 CC000000 		.4byte	.LASF12
 297 0097 03       		.uleb128 0x3
 298 0098 08       		.byte	0x8
 299 0099 07       		.byte	0x7
 300 009a A1010000 		.4byte	.LASF13
 301 009e 03       		.uleb128 0x3
 302 009f 04       		.byte	0x4
 303 00a0 07       		.byte	0x7
 304 00a1 85020000 		.4byte	.LASF14
 305 00a5 05       		.uleb128 0x5
 306 00a6 04       		.byte	0x4
 307 00a7 03       		.uleb128 0x3
 308 00a8 01       		.byte	0x1
 309 00a9 08       		.byte	0x8
 310 00aa A8020000 		.4byte	.LASF15
 311 00ae 02       		.uleb128 0x2
 312 00af B0000000 		.4byte	.LASF16
 313 00b3 05       		.byte	0x5
 314 00b4 18       		.byte	0x18
 315 00b5 53000000 		.4byte	0x53
 316 00b9 02       		.uleb128 0x2
 317 00ba 7D020000 		.4byte	.LASF17
 318 00be 05       		.byte	0x5
 319 00bf 2C       		.byte	0x2c
 320 00c0 73000000 		.4byte	0x73
 321 00c4 02       		.uleb128 0x2
 322 00c5 EC020000 		.4byte	.LASF18
ARM GAS  C:\Users\bogurad\AppData\Local\Temp\ccH0xZo3.s 			page 12


 323 00c9 05       		.byte	0x5
 324 00ca 30       		.byte	0x30
 325 00cb 85000000 		.4byte	0x85
 326 00cf 03       		.uleb128 0x3
 327 00d0 04       		.byte	0x4
 328 00d1 04       		.byte	0x4
 329 00d2 B8000000 		.4byte	.LASF19
 330 00d6 03       		.uleb128 0x3
 331 00d7 08       		.byte	0x8
 332 00d8 04       		.byte	0x4
 333 00d9 FC000000 		.4byte	.LASF20
 334 00dd 06       		.uleb128 0x6
 335 00de 04       		.byte	0x4
 336 00df AE000000 		.4byte	0xae
 337 00e3 07       		.uleb128 0x7
 338 00e4 B8010000 		.4byte	.LASF31
 339 00e8 02       		.byte	0x2
 340 00e9 98       		.byte	0x98
 341 00ea 03       		.byte	0x3
 342 00eb FB000000 		.4byte	0xfb
 343 00ef 08       		.uleb128 0x8
 344 00f0 03010000 		.4byte	.LASF32
 345 00f4 02       		.byte	0x2
 346 00f5 9A       		.byte	0x9a
 347 00f6 C4000000 		.4byte	0xc4
 348 00fa 00       		.byte	0
 349 00fb 09       		.uleb128 0x9
 350 00fc BC020000 		.4byte	.LASF33
 351 0100 01       		.byte	0x1
 352 0101 46       		.byte	0x46
 353 0102 A5000000 		.4byte	0xa5
 354 0106 00000000 		.4byte	.LFB136
 355 010a 60000000 		.4byte	.LFE136-.LFB136
 356 010e 01       		.uleb128 0x1
 357 010f 9C       		.byte	0x9c
 358 0110 56010000 		.4byte	0x156
 359 0114 0A       		.uleb128 0xa
 360 0115 9C020000 		.4byte	.LASF23
 361 0119 01       		.byte	0x1
 362 011a 46       		.byte	0x46
 363 011b 25000000 		.4byte	0x25
 364 011f 00000000 		.4byte	.LLST0
 365 0123 0B       		.uleb128 0xb
 366 0124 61010000 		.4byte	.LASF21
 367 0128 01       		.byte	0x1
 368 0129 48       		.byte	0x48
 369 012a A5000000 		.4byte	0xa5
 370 012e 1E000000 		.4byte	.LLST1
 371 0132 0C       		.uleb128 0xc
 372 0133 AD020000 		.4byte	.LASF22
 373 0137 01       		.byte	0x1
 374 0138 49       		.byte	0x49
 375 0139 DD000000 		.4byte	0xdd
 376 013d 05       		.uleb128 0x5
 377 013e 03       		.byte	0x3
 378 013f 00000000 		.4byte	pucAlignedHeap.11057
 379 0143 0D       		.uleb128 0xd
ARM GAS  C:\Users\bogurad\AppData\Local\Temp\ccH0xZo3.s 			page 13


 380 0144 14000000 		.4byte	.LVL3
 381 0148 03020000 		.4byte	0x203
 382 014c 0D       		.uleb128 0xd
 383 014d 50000000 		.4byte	.LVL8
 384 0151 0F020000 		.4byte	0x20f
 385 0155 00       		.byte	0
 386 0156 0E       		.uleb128 0xe
 387 0157 D3020000 		.4byte	.LASF34
 388 015b 01       		.byte	0x1
 389 015c 7A       		.byte	0x7a
 390 015d 00000000 		.4byte	.LFB137
 391 0161 16000000 		.4byte	.LFE137-.LFB137
 392 0165 01       		.uleb128 0x1
 393 0166 9C       		.byte	0x9c
 394 0167 97010000 		.4byte	0x197
 395 016b 0F       		.uleb128 0xf
 396 016c 707600   		.ascii	"pv\000"
 397 016f 01       		.byte	0x1
 398 0170 7A       		.byte	0x7a
 399 0171 A5000000 		.4byte	0xa5
 400 0175 01       		.uleb128 0x1
 401 0176 50       		.byte	0x50
 402 0177 10       		.uleb128 0x10
 403 0178 E3000000 		.4byte	0xe3
 404 017c 02000000 		.4byte	.LBB4
 405 0180 14000000 		.4byte	.LBE4-.LBB4
 406 0184 01       		.byte	0x1
 407 0185 82       		.byte	0x82
 408 0186 11       		.uleb128 0x11
 409 0187 02000000 		.4byte	.LBB5
 410 018b 14000000 		.4byte	.LBE5-.LBB5
 411 018f 12       		.uleb128 0x12
 412 0190 EF000000 		.4byte	0xef
 413 0194 00       		.byte	0
 414 0195 00       		.byte	0
 415 0196 00       		.byte	0
 416 0197 13       		.uleb128 0x13
 417 0198 7E010000 		.4byte	.LASF35
 418 019c 01       		.byte	0x1
 419 019d 86       		.byte	0x86
 420 019e 00000000 		.4byte	.LFB138
 421 01a2 10000000 		.4byte	.LFE138-.LFB138
 422 01a6 01       		.uleb128 0x1
 423 01a7 9C       		.byte	0x9c
 424 01a8 14       		.uleb128 0x14
 425 01a9 2B000000 		.4byte	.LASF36
 426 01ad 01       		.byte	0x1
 427 01ae 8D       		.byte	0x8d
 428 01af 25000000 		.4byte	0x25
 429 01b3 00000000 		.4byte	.LFB139
 430 01b7 14000000 		.4byte	.LFE139-.LFB139
 431 01bb 01       		.uleb128 0x1
 432 01bc 9C       		.byte	0x9c
 433 01bd 15       		.uleb128 0x15
 434 01be AE000000 		.4byte	0xae
 435 01c2 D0010000 		.4byte	0x1d0
 436 01c6 16       		.uleb128 0x16
ARM GAS  C:\Users\bogurad\AppData\Local\Temp\ccH0xZo3.s 			page 14


 437 01c7 9E000000 		.4byte	0x9e
 438 01cb FF7F0100 		.4byte	0x17fff
 439 01cf 00       		.byte	0
 440 01d0 0C       		.uleb128 0xc
 441 01d1 77010000 		.4byte	.LASF24
 442 01d5 01       		.byte	0x1
 443 01d6 3E       		.byte	0x3e
 444 01d7 BD010000 		.4byte	0x1bd
 445 01db 05       		.uleb128 0x5
 446 01dc 03       		.byte	0x3
 447 01dd 04000000 		.4byte	ucHeap
 448 01e1 0C       		.uleb128 0xc
 449 01e2 16030000 		.4byte	.LASF25
 450 01e6 01       		.byte	0x1
 451 01e7 42       		.byte	0x42
 452 01e8 25000000 		.4byte	0x25
 453 01ec 05       		.uleb128 0x5
 454 01ed 03       		.byte	0x3
 455 01ee 04800100 		.4byte	xNextFreeByte
 456 01f2 17       		.uleb128 0x17
 457 01f3 6A010000 		.4byte	.LASF37
 458 01f7 07       		.byte	0x7
 459 01f8 F907     		.2byte	0x7f9
 460 01fa FE010000 		.4byte	0x1fe
 461 01fe 18       		.uleb128 0x18
 462 01ff B9000000 		.4byte	0xb9
 463 0203 19       		.uleb128 0x19
 464 0204 11000000 		.4byte	.LASF26
 465 0208 11000000 		.4byte	.LASF26
 466 020c 06       		.byte	0x6
 467 020d F904     		.2byte	0x4f9
 468 020f 19       		.uleb128 0x19
 469 0210 DD020000 		.4byte	.LASF27
 470 0214 DD020000 		.4byte	.LASF27
 471 0218 06       		.byte	0x6
 472 0219 2F05     		.2byte	0x52f
 473 021b 00       		.byte	0
 474              		.section	.debug_abbrev,"",%progbits
 475              	.Ldebug_abbrev0:
 476 0000 01       		.uleb128 0x1
 477 0001 11       		.uleb128 0x11
 478 0002 01       		.byte	0x1
 479 0003 25       		.uleb128 0x25
 480 0004 0E       		.uleb128 0xe
 481 0005 13       		.uleb128 0x13
 482 0006 0B       		.uleb128 0xb
 483 0007 03       		.uleb128 0x3
 484 0008 0E       		.uleb128 0xe
 485 0009 1B       		.uleb128 0x1b
 486 000a 0E       		.uleb128 0xe
 487 000b 55       		.uleb128 0x55
 488 000c 17       		.uleb128 0x17
 489 000d 11       		.uleb128 0x11
 490 000e 01       		.uleb128 0x1
 491 000f 10       		.uleb128 0x10
 492 0010 17       		.uleb128 0x17
 493 0011 00       		.byte	0
ARM GAS  C:\Users\bogurad\AppData\Local\Temp\ccH0xZo3.s 			page 15


 494 0012 00       		.byte	0
 495 0013 02       		.uleb128 0x2
 496 0014 16       		.uleb128 0x16
 497 0015 00       		.byte	0
 498 0016 03       		.uleb128 0x3
 499 0017 0E       		.uleb128 0xe
 500 0018 3A       		.uleb128 0x3a
 501 0019 0B       		.uleb128 0xb
 502 001a 3B       		.uleb128 0x3b
 503 001b 0B       		.uleb128 0xb
 504 001c 49       		.uleb128 0x49
 505 001d 13       		.uleb128 0x13
 506 001e 00       		.byte	0
 507 001f 00       		.byte	0
 508 0020 03       		.uleb128 0x3
 509 0021 24       		.uleb128 0x24
 510 0022 00       		.byte	0
 511 0023 0B       		.uleb128 0xb
 512 0024 0B       		.uleb128 0xb
 513 0025 3E       		.uleb128 0x3e
 514 0026 0B       		.uleb128 0xb
 515 0027 03       		.uleb128 0x3
 516 0028 0E       		.uleb128 0xe
 517 0029 00       		.byte	0
 518 002a 00       		.byte	0
 519 002b 04       		.uleb128 0x4
 520 002c 24       		.uleb128 0x24
 521 002d 00       		.byte	0
 522 002e 0B       		.uleb128 0xb
 523 002f 0B       		.uleb128 0xb
 524 0030 3E       		.uleb128 0x3e
 525 0031 0B       		.uleb128 0xb
 526 0032 03       		.uleb128 0x3
 527 0033 08       		.uleb128 0x8
 528 0034 00       		.byte	0
 529 0035 00       		.byte	0
 530 0036 05       		.uleb128 0x5
 531 0037 0F       		.uleb128 0xf
 532 0038 00       		.byte	0
 533 0039 0B       		.uleb128 0xb
 534 003a 0B       		.uleb128 0xb
 535 003b 00       		.byte	0
 536 003c 00       		.byte	0
 537 003d 06       		.uleb128 0x6
 538 003e 0F       		.uleb128 0xf
 539 003f 00       		.byte	0
 540 0040 0B       		.uleb128 0xb
 541 0041 0B       		.uleb128 0xb
 542 0042 49       		.uleb128 0x49
 543 0043 13       		.uleb128 0x13
 544 0044 00       		.byte	0
 545 0045 00       		.byte	0
 546 0046 07       		.uleb128 0x7
 547 0047 2E       		.uleb128 0x2e
 548 0048 01       		.byte	0x1
 549 0049 03       		.uleb128 0x3
 550 004a 0E       		.uleb128 0xe
ARM GAS  C:\Users\bogurad\AppData\Local\Temp\ccH0xZo3.s 			page 16


 551 004b 3A       		.uleb128 0x3a
 552 004c 0B       		.uleb128 0xb
 553 004d 3B       		.uleb128 0x3b
 554 004e 0B       		.uleb128 0xb
 555 004f 27       		.uleb128 0x27
 556 0050 19       		.uleb128 0x19
 557 0051 20       		.uleb128 0x20
 558 0052 0B       		.uleb128 0xb
 559 0053 01       		.uleb128 0x1
 560 0054 13       		.uleb128 0x13
 561 0055 00       		.byte	0
 562 0056 00       		.byte	0
 563 0057 08       		.uleb128 0x8
 564 0058 34       		.uleb128 0x34
 565 0059 00       		.byte	0
 566 005a 03       		.uleb128 0x3
 567 005b 0E       		.uleb128 0xe
 568 005c 3A       		.uleb128 0x3a
 569 005d 0B       		.uleb128 0xb
 570 005e 3B       		.uleb128 0x3b
 571 005f 0B       		.uleb128 0xb
 572 0060 49       		.uleb128 0x49
 573 0061 13       		.uleb128 0x13
 574 0062 00       		.byte	0
 575 0063 00       		.byte	0
 576 0064 09       		.uleb128 0x9
 577 0065 2E       		.uleb128 0x2e
 578 0066 01       		.byte	0x1
 579 0067 3F       		.uleb128 0x3f
 580 0068 19       		.uleb128 0x19
 581 0069 03       		.uleb128 0x3
 582 006a 0E       		.uleb128 0xe
 583 006b 3A       		.uleb128 0x3a
 584 006c 0B       		.uleb128 0xb
 585 006d 3B       		.uleb128 0x3b
 586 006e 0B       		.uleb128 0xb
 587 006f 27       		.uleb128 0x27
 588 0070 19       		.uleb128 0x19
 589 0071 49       		.uleb128 0x49
 590 0072 13       		.uleb128 0x13
 591 0073 11       		.uleb128 0x11
 592 0074 01       		.uleb128 0x1
 593 0075 12       		.uleb128 0x12
 594 0076 06       		.uleb128 0x6
 595 0077 40       		.uleb128 0x40
 596 0078 18       		.uleb128 0x18
 597 0079 9742     		.uleb128 0x2117
 598 007b 19       		.uleb128 0x19
 599 007c 01       		.uleb128 0x1
 600 007d 13       		.uleb128 0x13
 601 007e 00       		.byte	0
 602 007f 00       		.byte	0
 603 0080 0A       		.uleb128 0xa
 604 0081 05       		.uleb128 0x5
 605 0082 00       		.byte	0
 606 0083 03       		.uleb128 0x3
 607 0084 0E       		.uleb128 0xe
ARM GAS  C:\Users\bogurad\AppData\Local\Temp\ccH0xZo3.s 			page 17


 608 0085 3A       		.uleb128 0x3a
 609 0086 0B       		.uleb128 0xb
 610 0087 3B       		.uleb128 0x3b
 611 0088 0B       		.uleb128 0xb
 612 0089 49       		.uleb128 0x49
 613 008a 13       		.uleb128 0x13
 614 008b 02       		.uleb128 0x2
 615 008c 17       		.uleb128 0x17
 616 008d 00       		.byte	0
 617 008e 00       		.byte	0
 618 008f 0B       		.uleb128 0xb
 619 0090 34       		.uleb128 0x34
 620 0091 00       		.byte	0
 621 0092 03       		.uleb128 0x3
 622 0093 0E       		.uleb128 0xe
 623 0094 3A       		.uleb128 0x3a
 624 0095 0B       		.uleb128 0xb
 625 0096 3B       		.uleb128 0x3b
 626 0097 0B       		.uleb128 0xb
 627 0098 49       		.uleb128 0x49
 628 0099 13       		.uleb128 0x13
 629 009a 02       		.uleb128 0x2
 630 009b 17       		.uleb128 0x17
 631 009c 00       		.byte	0
 632 009d 00       		.byte	0
 633 009e 0C       		.uleb128 0xc
 634 009f 34       		.uleb128 0x34
 635 00a0 00       		.byte	0
 636 00a1 03       		.uleb128 0x3
 637 00a2 0E       		.uleb128 0xe
 638 00a3 3A       		.uleb128 0x3a
 639 00a4 0B       		.uleb128 0xb
 640 00a5 3B       		.uleb128 0x3b
 641 00a6 0B       		.uleb128 0xb
 642 00a7 49       		.uleb128 0x49
 643 00a8 13       		.uleb128 0x13
 644 00a9 02       		.uleb128 0x2
 645 00aa 18       		.uleb128 0x18
 646 00ab 00       		.byte	0
 647 00ac 00       		.byte	0
 648 00ad 0D       		.uleb128 0xd
 649 00ae 898201   		.uleb128 0x4109
 650 00b1 00       		.byte	0
 651 00b2 11       		.uleb128 0x11
 652 00b3 01       		.uleb128 0x1
 653 00b4 31       		.uleb128 0x31
 654 00b5 13       		.uleb128 0x13
 655 00b6 00       		.byte	0
 656 00b7 00       		.byte	0
 657 00b8 0E       		.uleb128 0xe
 658 00b9 2E       		.uleb128 0x2e
 659 00ba 01       		.byte	0x1
 660 00bb 3F       		.uleb128 0x3f
 661 00bc 19       		.uleb128 0x19
 662 00bd 03       		.uleb128 0x3
 663 00be 0E       		.uleb128 0xe
 664 00bf 3A       		.uleb128 0x3a
ARM GAS  C:\Users\bogurad\AppData\Local\Temp\ccH0xZo3.s 			page 18


 665 00c0 0B       		.uleb128 0xb
 666 00c1 3B       		.uleb128 0x3b
 667 00c2 0B       		.uleb128 0xb
 668 00c3 27       		.uleb128 0x27
 669 00c4 19       		.uleb128 0x19
 670 00c5 11       		.uleb128 0x11
 671 00c6 01       		.uleb128 0x1
 672 00c7 12       		.uleb128 0x12
 673 00c8 06       		.uleb128 0x6
 674 00c9 40       		.uleb128 0x40
 675 00ca 18       		.uleb128 0x18
 676 00cb 9742     		.uleb128 0x2117
 677 00cd 19       		.uleb128 0x19
 678 00ce 01       		.uleb128 0x1
 679 00cf 13       		.uleb128 0x13
 680 00d0 00       		.byte	0
 681 00d1 00       		.byte	0
 682 00d2 0F       		.uleb128 0xf
 683 00d3 05       		.uleb128 0x5
 684 00d4 00       		.byte	0
 685 00d5 03       		.uleb128 0x3
 686 00d6 08       		.uleb128 0x8
 687 00d7 3A       		.uleb128 0x3a
 688 00d8 0B       		.uleb128 0xb
 689 00d9 3B       		.uleb128 0x3b
 690 00da 0B       		.uleb128 0xb
 691 00db 49       		.uleb128 0x49
 692 00dc 13       		.uleb128 0x13
 693 00dd 02       		.uleb128 0x2
 694 00de 18       		.uleb128 0x18
 695 00df 00       		.byte	0
 696 00e0 00       		.byte	0
 697 00e1 10       		.uleb128 0x10
 698 00e2 1D       		.uleb128 0x1d
 699 00e3 01       		.byte	0x1
 700 00e4 31       		.uleb128 0x31
 701 00e5 13       		.uleb128 0x13
 702 00e6 11       		.uleb128 0x11
 703 00e7 01       		.uleb128 0x1
 704 00e8 12       		.uleb128 0x12
 705 00e9 06       		.uleb128 0x6
 706 00ea 58       		.uleb128 0x58
 707 00eb 0B       		.uleb128 0xb
 708 00ec 59       		.uleb128 0x59
 709 00ed 0B       		.uleb128 0xb
 710 00ee 00       		.byte	0
 711 00ef 00       		.byte	0
 712 00f0 11       		.uleb128 0x11
 713 00f1 0B       		.uleb128 0xb
 714 00f2 01       		.byte	0x1
 715 00f3 11       		.uleb128 0x11
 716 00f4 01       		.uleb128 0x1
 717 00f5 12       		.uleb128 0x12
 718 00f6 06       		.uleb128 0x6
 719 00f7 00       		.byte	0
 720 00f8 00       		.byte	0
 721 00f9 12       		.uleb128 0x12
ARM GAS  C:\Users\bogurad\AppData\Local\Temp\ccH0xZo3.s 			page 19


 722 00fa 34       		.uleb128 0x34
 723 00fb 00       		.byte	0
 724 00fc 31       		.uleb128 0x31
 725 00fd 13       		.uleb128 0x13
 726 00fe 00       		.byte	0
 727 00ff 00       		.byte	0
 728 0100 13       		.uleb128 0x13
 729 0101 2E       		.uleb128 0x2e
 730 0102 00       		.byte	0
 731 0103 3F       		.uleb128 0x3f
 732 0104 19       		.uleb128 0x19
 733 0105 03       		.uleb128 0x3
 734 0106 0E       		.uleb128 0xe
 735 0107 3A       		.uleb128 0x3a
 736 0108 0B       		.uleb128 0xb
 737 0109 3B       		.uleb128 0x3b
 738 010a 0B       		.uleb128 0xb
 739 010b 27       		.uleb128 0x27
 740 010c 19       		.uleb128 0x19
 741 010d 11       		.uleb128 0x11
 742 010e 01       		.uleb128 0x1
 743 010f 12       		.uleb128 0x12
 744 0110 06       		.uleb128 0x6
 745 0111 40       		.uleb128 0x40
 746 0112 18       		.uleb128 0x18
 747 0113 9742     		.uleb128 0x2117
 748 0115 19       		.uleb128 0x19
 749 0116 00       		.byte	0
 750 0117 00       		.byte	0
 751 0118 14       		.uleb128 0x14
 752 0119 2E       		.uleb128 0x2e
 753 011a 00       		.byte	0
 754 011b 3F       		.uleb128 0x3f
 755 011c 19       		.uleb128 0x19
 756 011d 03       		.uleb128 0x3
 757 011e 0E       		.uleb128 0xe
 758 011f 3A       		.uleb128 0x3a
 759 0120 0B       		.uleb128 0xb
 760 0121 3B       		.uleb128 0x3b
 761 0122 0B       		.uleb128 0xb
 762 0123 27       		.uleb128 0x27
 763 0124 19       		.uleb128 0x19
 764 0125 49       		.uleb128 0x49
 765 0126 13       		.uleb128 0x13
 766 0127 11       		.uleb128 0x11
 767 0128 01       		.uleb128 0x1
 768 0129 12       		.uleb128 0x12
 769 012a 06       		.uleb128 0x6
 770 012b 40       		.uleb128 0x40
 771 012c 18       		.uleb128 0x18
 772 012d 9742     		.uleb128 0x2117
 773 012f 19       		.uleb128 0x19
 774 0130 00       		.byte	0
 775 0131 00       		.byte	0
 776 0132 15       		.uleb128 0x15
 777 0133 01       		.uleb128 0x1
 778 0134 01       		.byte	0x1
ARM GAS  C:\Users\bogurad\AppData\Local\Temp\ccH0xZo3.s 			page 20


 779 0135 49       		.uleb128 0x49
 780 0136 13       		.uleb128 0x13
 781 0137 01       		.uleb128 0x1
 782 0138 13       		.uleb128 0x13
 783 0139 00       		.byte	0
 784 013a 00       		.byte	0
 785 013b 16       		.uleb128 0x16
 786 013c 21       		.uleb128 0x21
 787 013d 00       		.byte	0
 788 013e 49       		.uleb128 0x49
 789 013f 13       		.uleb128 0x13
 790 0140 2F       		.uleb128 0x2f
 791 0141 06       		.uleb128 0x6
 792 0142 00       		.byte	0
 793 0143 00       		.byte	0
 794 0144 17       		.uleb128 0x17
 795 0145 34       		.uleb128 0x34
 796 0146 00       		.byte	0
 797 0147 03       		.uleb128 0x3
 798 0148 0E       		.uleb128 0xe
 799 0149 3A       		.uleb128 0x3a
 800 014a 0B       		.uleb128 0xb
 801 014b 3B       		.uleb128 0x3b
 802 014c 05       		.uleb128 0x5
 803 014d 49       		.uleb128 0x49
 804 014e 13       		.uleb128 0x13
 805 014f 3F       		.uleb128 0x3f
 806 0150 19       		.uleb128 0x19
 807 0151 3C       		.uleb128 0x3c
 808 0152 19       		.uleb128 0x19
 809 0153 00       		.byte	0
 810 0154 00       		.byte	0
 811 0155 18       		.uleb128 0x18
 812 0156 35       		.uleb128 0x35
 813 0157 00       		.byte	0
 814 0158 49       		.uleb128 0x49
 815 0159 13       		.uleb128 0x13
 816 015a 00       		.byte	0
 817 015b 00       		.byte	0
 818 015c 19       		.uleb128 0x19
 819 015d 2E       		.uleb128 0x2e
 820 015e 00       		.byte	0
 821 015f 3F       		.uleb128 0x3f
 822 0160 19       		.uleb128 0x19
 823 0161 3C       		.uleb128 0x3c
 824 0162 19       		.uleb128 0x19
 825 0163 6E       		.uleb128 0x6e
 826 0164 0E       		.uleb128 0xe
 827 0165 03       		.uleb128 0x3
 828 0166 0E       		.uleb128 0xe
 829 0167 3A       		.uleb128 0x3a
 830 0168 0B       		.uleb128 0xb
 831 0169 3B       		.uleb128 0x3b
 832 016a 05       		.uleb128 0x5
 833 016b 00       		.byte	0
 834 016c 00       		.byte	0
 835 016d 00       		.byte	0
ARM GAS  C:\Users\bogurad\AppData\Local\Temp\ccH0xZo3.s 			page 21


 836              		.section	.debug_loc,"",%progbits
 837              	.Ldebug_loc0:
 838              	.LLST0:
 839 0000 00000000 		.4byte	.LVL0
 840 0004 10000000 		.4byte	.LVL2
 841 0008 0100     		.2byte	0x1
 842 000a 50       		.byte	0x50
 843 000b 10000000 		.4byte	.LVL2
 844 000f 2E000000 		.4byte	.LVL4
 845 0013 0100     		.2byte	0x1
 846 0015 54       		.byte	0x54
 847 0016 00000000 		.4byte	0
 848 001a 00000000 		.4byte	0
 849              	.LLST1:
 850 001e 04000000 		.4byte	.LVL1
 851 0022 3E000000 		.4byte	.LVL5
 852 0026 0200     		.2byte	0x2
 853 0028 30       		.byte	0x30
 854 0029 9F       		.byte	0x9f
 855 002a 3E000000 		.4byte	.LVL5
 856 002e 46000000 		.4byte	.LVL6
 857 0032 0100     		.2byte	0x1
 858 0034 55       		.byte	0x55
 859 0035 46000000 		.4byte	.LVL6
 860 0039 4C000000 		.4byte	.LVL7
 861 003d 0200     		.2byte	0x2
 862 003f 30       		.byte	0x30
 863 0040 9F       		.byte	0x9f
 864 0041 4C000000 		.4byte	.LVL7
 865 0045 54000000 		.4byte	.LVL9
 866 0049 0100     		.2byte	0x1
 867 004b 55       		.byte	0x55
 868 004c 54000000 		.4byte	.LVL9
 869 0050 60000000 		.4byte	.LFE136
 870 0054 0100     		.2byte	0x1
 871 0056 50       		.byte	0x50
 872 0057 00000000 		.4byte	0
 873 005b 00000000 		.4byte	0
 874              		.section	.debug_aranges,"",%progbits
 875 0000 34000000 		.4byte	0x34
 876 0004 0200     		.2byte	0x2
 877 0006 00000000 		.4byte	.Ldebug_info0
 878 000a 04       		.byte	0x4
 879 000b 00       		.byte	0
 880 000c 0000     		.2byte	0
 881 000e 0000     		.2byte	0
 882 0010 00000000 		.4byte	.LFB136
 883 0014 60000000 		.4byte	.LFE136-.LFB136
 884 0018 00000000 		.4byte	.LFB137
 885 001c 16000000 		.4byte	.LFE137-.LFB137
 886 0020 00000000 		.4byte	.LFB138
 887 0024 10000000 		.4byte	.LFE138-.LFB138
 888 0028 00000000 		.4byte	.LFB139
 889 002c 14000000 		.4byte	.LFE139-.LFB139
 890 0030 00000000 		.4byte	0
 891 0034 00000000 		.4byte	0
 892              		.section	.debug_ranges,"",%progbits
ARM GAS  C:\Users\bogurad\AppData\Local\Temp\ccH0xZo3.s 			page 22


 893              	.Ldebug_ranges0:
 894 0000 00000000 		.4byte	.LFB136
 895 0004 60000000 		.4byte	.LFE136
 896 0008 00000000 		.4byte	.LFB137
 897 000c 16000000 		.4byte	.LFE137
 898 0010 00000000 		.4byte	.LFB138
 899 0014 10000000 		.4byte	.LFE138
 900 0018 00000000 		.4byte	.LFB139
 901 001c 14000000 		.4byte	.LFE139
 902 0020 00000000 		.4byte	0
 903 0024 00000000 		.4byte	0
 904              		.section	.debug_line,"",%progbits
 905              	.Ldebug_line0:
 906 0000 25030000 		.section	.debug_str,"MS",%progbits,1
 906      0200BE02 
 906      00000201 
 906      FB0E0D00 
 906      01010101 
 907              	.LASF5:
 908 0000 5F5F7569 		.ascii	"__uint8_t\000"
 908      6E74385F 
 908      7400
 909              	.LASF4:
 910 000a 73697A65 		.ascii	"size_t\000"
 910      5F7400
 911              	.LASF26:
 912 0011 76546173 		.ascii	"vTaskSuspendAll\000"
 912      6B537573 
 912      70656E64 
 912      416C6C00 
 913              	.LASF9:
 914 0021 5F5F696E 		.ascii	"__int32_t\000"
 914      7433325F 
 914      7400
 915              	.LASF36:
 916 002b 78506F72 		.ascii	"xPortGetFreeHeapSize\000"
 916      74476574 
 916      46726565 
 916      48656170 
 916      53697A65 
 917              	.LASF30:
 918 0040 433A5C55 		.ascii	"C:\\Users\\bogurad\\Desktop\\Proyectos gitHub\\TFG2"
 918      73657273 
 918      5C626F67 
 918      75726164 
 918      5C446573 
 919 006e 5C436F64 		.ascii	"\\Codigo\\Algoritmos postcuanticos\\PSOC\\Workspace"
 919      69676F5C 
 919      416C676F 
 919      7269746D 
 919      6F732070 
 920 009d 5C485143 		.ascii	"\\HQC\\HQC\\HQC.cydsn\000"
 920      5C485143 
 920      5C485143 
 920      2E637964 
 920      736E00
 921              	.LASF16:
ARM GAS  C:\Users\bogurad\AppData\Local\Temp\ccH0xZo3.s 			page 23


 922 00b0 75696E74 		.ascii	"uint8_t\000"
 922      385F7400 
 923              	.LASF19:
 924 00b8 666C6F61 		.ascii	"float\000"
 924      7400
 925              	.LASF6:
 926 00be 756E7369 		.ascii	"unsigned char\000"
 926      676E6564 
 926      20636861 
 926      7200
 927              	.LASF12:
 928 00cc 6C6F6E67 		.ascii	"long unsigned int\000"
 928      20756E73 
 928      69676E65 
 928      6420696E 
 928      7400
 929              	.LASF8:
 930 00de 73686F72 		.ascii	"short unsigned int\000"
 930      7420756E 
 930      7369676E 
 930      65642069 
 930      6E7400
 931              	.LASF11:
 932 00f1 5F5F7569 		.ascii	"__uint32_t\000"
 932      6E743332 
 932      5F7400
 933              	.LASF20:
 934 00fc 646F7562 		.ascii	"double\000"
 934      6C6500
 935              	.LASF32:
 936 0103 756C4E65 		.ascii	"ulNewBASEPRI\000"
 936      77424153 
 936      45505249 
 936      00
 937              	.LASF29:
 938 0110 47656E65 		.ascii	"Generated_Source\\PSoC6\\pdl\\rtos\\FreeRTOS\\10.0."
 938      72617465 
 938      645F536F 
 938      75726365 
 938      5C50536F 
 939 013e 315C536F 		.ascii	"1\\Source\\portable\\MemMang\\heap_1.c\000"
 939      75726365 
 939      5C706F72 
 939      7461626C 
 939      655C4D65 
 940              	.LASF21:
 941 0161 70765265 		.ascii	"pvReturn\000"
 941      7475726E 
 941      00
 942              	.LASF37:
 943 016a 49544D5F 		.ascii	"ITM_RxBuffer\000"
 943      52784275 
 943      66666572 
 943      00
 944              	.LASF24:
 945 0177 75634865 		.ascii	"ucHeap\000"
 945      617000
ARM GAS  C:\Users\bogurad\AppData\Local\Temp\ccH0xZo3.s 			page 24


 946              	.LASF35:
 947 017e 76506F72 		.ascii	"vPortInitialiseBlocks\000"
 947      74496E69 
 947      7469616C 
 947      69736542 
 947      6C6F636B 
 948              	.LASF0:
 949 0194 756E7369 		.ascii	"unsigned int\000"
 949      676E6564 
 949      20696E74 
 949      00
 950              	.LASF13:
 951 01a1 6C6F6E67 		.ascii	"long long unsigned int\000"
 951      206C6F6E 
 951      6720756E 
 951      7369676E 
 951      65642069 
 952              	.LASF31:
 953 01b8 76506F72 		.ascii	"vPortRaiseBASEPRI\000"
 953      74526169 
 953      73654241 
 953      53455052 
 953      4900
 954              	.LASF28:
 955 01ca 474E5520 		.ascii	"GNU C11 5.4.1 20160609 (release) [ARM/embedded-5-br"
 955      43313120 
 955      352E342E 
 955      31203230 
 955      31363036 
 956 01fd 616E6368 		.ascii	"anch revision 237715] -mcpu=cortex-m4 -mfloat-abi=s"
 956      20726576 
 956      6973696F 
 956      6E203233 
 956      37373135 
 957 0230 6F667466 		.ascii	"oftfp -mfpu=fpv4-sp-d16 -mthumb -g -Og -ffunction-s"
 957      70202D6D 
 957      6670753D 
 957      66707634 
 957      2D73702D 
 958 0263 65637469 		.ascii	"ections -ffat-lto-objects\000"
 958      6F6E7320 
 958      2D666661 
 958      742D6C74 
 958      6F2D6F62 
 959              	.LASF17:
 960 027d 696E7433 		.ascii	"int32_t\000"
 960      325F7400 
 961              	.LASF14:
 962 0285 73697A65 		.ascii	"sizetype\000"
 962      74797065 
 962      00
 963              	.LASF1:
 964 028e 6C6F6E67 		.ascii	"long long int\000"
 964      206C6F6E 
 964      6720696E 
 964      7400
 965              	.LASF23:
ARM GAS  C:\Users\bogurad\AppData\Local\Temp\ccH0xZo3.s 			page 25


 966 029c 7857616E 		.ascii	"xWantedSize\000"
 966      74656453 
 966      697A6500 
 967              	.LASF15:
 968 02a8 63686172 		.ascii	"char\000"
 968      00
 969              	.LASF22:
 970 02ad 70756341 		.ascii	"pucAlignedHeap\000"
 970      6C69676E 
 970      65644865 
 970      617000
 971              	.LASF33:
 972 02bc 7076506F 		.ascii	"pvPortMalloc\000"
 972      72744D61 
 972      6C6C6F63 
 972      00
 973              	.LASF7:
 974 02c9 73686F72 		.ascii	"short int\000"
 974      7420696E 
 974      7400
 975              	.LASF34:
 976 02d3 76506F72 		.ascii	"vPortFree\000"
 976      74467265 
 976      6500
 977              	.LASF27:
 978 02dd 78546173 		.ascii	"xTaskResumeAll\000"
 978      6B526573 
 978      756D6541 
 978      6C6C00
 979              	.LASF18:
 980 02ec 75696E74 		.ascii	"uint32_t\000"
 980      33325F74 
 980      00
 981              	.LASF10:
 982 02f5 6C6F6E67 		.ascii	"long int\000"
 982      20696E74 
 982      00
 983              	.LASF2:
 984 02fe 6C6F6E67 		.ascii	"long double\000"
 984      20646F75 
 984      626C6500 
 985              	.LASF3:
 986 030a 7369676E 		.ascii	"signed char\000"
 986      65642063 
 986      68617200 
 987              	.LASF25:
 988 0316 784E6578 		.ascii	"xNextFreeByte\000"
 988      74467265 
 988      65427974 
 988      6500
 989              		.ident	"GCC: (GNU Tools for ARM Embedded Processors) 5.4.1 20160609 (release) [ARM/embedded-5-bran
