ARM GAS  C:\Users\bogurad\AppData\Local\Temp\ccQIOfbe.s 			page 1


   1              		.syntax unified
   2              		.cpu cortex-m4
   3              		.eabi_attribute 27, 1
   4              		.fpu fpv4-sp-d16
   5              		.eabi_attribute 20, 1
   6              		.eabi_attribute 21, 1
   7              		.eabi_attribute 23, 3
   8              		.eabi_attribute 24, 1
   9              		.eabi_attribute 25, 1
  10              		.eabi_attribute 26, 1
  11              		.eabi_attribute 30, 1
  12              		.eabi_attribute 34, 1
  13              		.eabi_attribute 18, 4
  14              		.thumb
  15              		.syntax unified
  16              		.file	"hqc_wrapper.c"
  17              		.text
  18              	.Ltext0:
  19              		.cfi_sections	.debug_frame
  20              		.section	.text.hqc_init,"ax",%progbits
  21              		.align	2
  22              		.global	hqc_init
  23              		.thumb
  24              		.thumb_func
  25              		.type	hqc_init, %function
  26              	hqc_init:
  27              	.LFB0:
  28              		.file 1 "..\\hqc_wrapper.c"
   1:..\hqc_wrapper.c **** #include "hqc_wrapper.h"
   2:..\hqc_wrapper.c **** #include "api.h"
   3:..\hqc_wrapper.c **** 
   4:..\hqc_wrapper.c **** // Current security level
   5:..\hqc_wrapper.c **** static hqc_security_level_t current_security_level = HQC_SECURITY_256;
   6:..\hqc_wrapper.c **** 
   7:..\hqc_wrapper.c **** // Static flag to indicate if the library has been initialized
   8:..\hqc_wrapper.c **** static int is_initialized = 0;
   9:..\hqc_wrapper.c **** 
  10:..\hqc_wrapper.c **** int hqc_init(hqc_security_level_t security_level) {
  29              		.loc 1 10 0
  30              		.cfi_startproc
  31              		@ args = 0, pretend = 0, frame = 0
  32              		@ frame_needed = 0, uses_anonymous_args = 0
  33              		@ link register save eliminated.
  34              	.LVL0:
  11:..\hqc_wrapper.c ****     // Validate security level
  12:..\hqc_wrapper.c ****     if (security_level != HQC_SECURITY_128 && 
  35              		.loc 1 12 0
  36 0000 8028     		cmp	r0, #128
  37 0002 04D0     		beq	.L2
  38              		.loc 1 12 0 is_stmt 0 discriminator 1
  39 0004 C028     		cmp	r0, #192
  40 0006 02D0     		beq	.L2
  13:..\hqc_wrapper.c ****         security_level != HQC_SECURITY_192 && 
  41              		.loc 1 13 0 is_stmt 1
  42 0008 B0F5807F 		cmp	r0, #256
  43 000c 04D1     		bne	.L4
  44              	.L2:
ARM GAS  C:\Users\bogurad\AppData\Local\Temp\ccQIOfbe.s 			page 2


  14:..\hqc_wrapper.c ****         security_level != HQC_SECURITY_256) {
  15:..\hqc_wrapper.c ****         return -1;
  16:..\hqc_wrapper.c ****     }
  17:..\hqc_wrapper.c ****     
  18:..\hqc_wrapper.c ****     // Store security level (for runtime checking)
  19:..\hqc_wrapper.c ****     current_security_level = security_level;
  20:..\hqc_wrapper.c ****     is_initialized = 1;
  45              		.loc 1 20 0
  46 000e 0122     		movs	r2, #1
  47 0010 034B     		ldr	r3, .L5
  48 0012 1A60     		str	r2, [r3]
  21:..\hqc_wrapper.c ****     
  22:..\hqc_wrapper.c ****     return 0;
  49              		.loc 1 22 0
  50 0014 0020     		movs	r0, #0
  51              	.LVL1:
  52 0016 7047     		bx	lr
  53              	.LVL2:
  54              	.L4:
  15:..\hqc_wrapper.c ****     }
  55              		.loc 1 15 0
  56 0018 4FF0FF30 		mov	r0, #-1
  57              	.LVL3:
  23:..\hqc_wrapper.c **** }
  58              		.loc 1 23 0
  59 001c 7047     		bx	lr
  60              	.L6:
  61 001e 00BF     		.align	2
  62              	.L5:
  63 0020 00000000 		.word	.LANCHOR0
  64              		.cfi_endproc
  65              	.LFE0:
  66              		.size	hqc_init, .-hqc_init
  67              		.section	.text.hqc_get_public_key_size,"ax",%progbits
  68              		.align	2
  69              		.global	hqc_get_public_key_size
  70              		.thumb
  71              		.thumb_func
  72              		.type	hqc_get_public_key_size, %function
  73              	hqc_get_public_key_size:
  74              	.LFB1:
  24:..\hqc_wrapper.c **** 
  25:..\hqc_wrapper.c **** size_t hqc_get_public_key_size(void) {
  75              		.loc 1 25 0
  76              		.cfi_startproc
  77              		@ args = 0, pretend = 0, frame = 0
  78              		@ frame_needed = 0, uses_anonymous_args = 0
  79              		@ link register save eliminated.
  26:..\hqc_wrapper.c ****     return PQCLEAN_HQC256_CLEAN_CRYPTO_PUBLICKEYBYTES;
  27:..\hqc_wrapper.c **** }
  80              		.loc 1 27 0
  81 0000 41F64D40 		movw	r0, #7245
  82 0004 7047     		bx	lr
  83              		.cfi_endproc
  84              	.LFE1:
  85              		.size	hqc_get_public_key_size, .-hqc_get_public_key_size
  86 0006 00BF     		.section	.text.hqc_get_secret_key_size,"ax",%progbits
ARM GAS  C:\Users\bogurad\AppData\Local\Temp\ccQIOfbe.s 			page 3


  87              		.align	2
  88              		.global	hqc_get_secret_key_size
  89              		.thumb
  90              		.thumb_func
  91              		.type	hqc_get_secret_key_size, %function
  92              	hqc_get_secret_key_size:
  93              	.LFB2:
  28:..\hqc_wrapper.c **** 
  29:..\hqc_wrapper.c **** size_t hqc_get_secret_key_size(void) {
  94              		.loc 1 29 0
  95              		.cfi_startproc
  96              		@ args = 0, pretend = 0, frame = 0
  97              		@ frame_needed = 0, uses_anonymous_args = 0
  98              		@ link register save eliminated.
  30:..\hqc_wrapper.c ****     return PQCLEAN_HQC256_CLEAN_CRYPTO_SECRETKEYBYTES;
  31:..\hqc_wrapper.c **** }
  99              		.loc 1 31 0
 100 0000 41F69540 		movw	r0, #7317
 101 0004 7047     		bx	lr
 102              		.cfi_endproc
 103              	.LFE2:
 104              		.size	hqc_get_secret_key_size, .-hqc_get_secret_key_size
 105 0006 00BF     		.section	.text.hqc_get_ciphertext_size,"ax",%progbits
 106              		.align	2
 107              		.global	hqc_get_ciphertext_size
 108              		.thumb
 109              		.thumb_func
 110              		.type	hqc_get_ciphertext_size, %function
 111              	hqc_get_ciphertext_size:
 112              	.LFB3:
  32:..\hqc_wrapper.c **** 
  33:..\hqc_wrapper.c **** size_t hqc_get_ciphertext_size(void) {
 113              		.loc 1 33 0
 114              		.cfi_startproc
 115              		@ args = 0, pretend = 0, frame = 0
 116              		@ frame_needed = 0, uses_anonymous_args = 0
 117              		@ link register save eliminated.
  34:..\hqc_wrapper.c ****     return PQCLEAN_HQC256_CLEAN_CRYPTO_CIPHERTEXTBYTES;
  35:..\hqc_wrapper.c **** }
 118              		.loc 1 35 0
 119 0000 43F65500 		movw	r0, #14421
 120 0004 7047     		bx	lr
 121              		.cfi_endproc
 122              	.LFE3:
 123              		.size	hqc_get_ciphertext_size, .-hqc_get_ciphertext_size
 124 0006 00BF     		.section	.text.hqc_get_shared_secret_size,"ax",%progbits
 125              		.align	2
 126              		.global	hqc_get_shared_secret_size
 127              		.thumb
 128              		.thumb_func
 129              		.type	hqc_get_shared_secret_size, %function
 130              	hqc_get_shared_secret_size:
 131              	.LFB4:
  36:..\hqc_wrapper.c **** 
  37:..\hqc_wrapper.c **** size_t hqc_get_shared_secret_size(void) {
 132              		.loc 1 37 0
 133              		.cfi_startproc
ARM GAS  C:\Users\bogurad\AppData\Local\Temp\ccQIOfbe.s 			page 4


 134              		@ args = 0, pretend = 0, frame = 0
 135              		@ frame_needed = 0, uses_anonymous_args = 0
 136              		@ link register save eliminated.
  38:..\hqc_wrapper.c ****     return PQCLEAN_HQC256_CLEAN_CRYPTO_BYTES;
  39:..\hqc_wrapper.c **** }
 137              		.loc 1 39 0
 138 0000 4020     		movs	r0, #64
 139 0002 7047     		bx	lr
 140              		.cfi_endproc
 141              	.LFE4:
 142              		.size	hqc_get_shared_secret_size, .-hqc_get_shared_secret_size
 143              		.section	.text.hqc_keypair,"ax",%progbits
 144              		.align	2
 145              		.global	hqc_keypair
 146              		.thumb
 147              		.thumb_func
 148              		.type	hqc_keypair, %function
 149              	hqc_keypair:
 150              	.LFB5:
  40:..\hqc_wrapper.c **** 
  41:..\hqc_wrapper.c **** int hqc_keypair(unsigned char *pk, unsigned char *sk) {
 151              		.loc 1 41 0
 152              		.cfi_startproc
 153              		@ args = 0, pretend = 0, frame = 0
 154              		@ frame_needed = 0, uses_anonymous_args = 0
 155              	.LVL4:
 156 0000 08B5     		push	{r3, lr}
 157              		.cfi_def_cfa_offset 8
 158              		.cfi_offset 3, -8
 159              		.cfi_offset 14, -4
  42:..\hqc_wrapper.c ****     if (!is_initialized) return -1;
 160              		.loc 1 42 0
 161 0002 084B     		ldr	r3, .L17
 162 0004 1B68     		ldr	r3, [r3]
 163 0006 23B1     		cbz	r3, .L13
  43:..\hqc_wrapper.c ****     if (pk == NULL || sk == NULL) return -2;
 164              		.loc 1 43 0
 165 0008 30B1     		cbz	r0, .L14
 166              		.loc 1 43 0 is_stmt 0 discriminator 2
 167 000a 41B1     		cbz	r1, .L15
  44:..\hqc_wrapper.c ****     
  45:..\hqc_wrapper.c ****     int result = PQCLEAN_HQC256_CLEAN_crypto_kem_keypair(pk, sk);
 168              		.loc 1 45 0 is_stmt 1
 169 000c FFF7FEFF 		bl	PQCLEAN_HQC256_CLEAN_crypto_kem_keypair
 170              	.LVL5:
  46:..\hqc_wrapper.c ****     return result;
 171              		.loc 1 46 0
 172 0010 08BD     		pop	{r3, pc}
 173              	.LVL6:
 174              	.L13:
  42:..\hqc_wrapper.c ****     if (pk == NULL || sk == NULL) return -2;
 175              		.loc 1 42 0
 176 0012 4FF0FF30 		mov	r0, #-1
 177              	.LVL7:
 178 0016 08BD     		pop	{r3, pc}
 179              	.LVL8:
 180              	.L14:
ARM GAS  C:\Users\bogurad\AppData\Local\Temp\ccQIOfbe.s 			page 5


  43:..\hqc_wrapper.c ****     
 181              		.loc 1 43 0
 182 0018 6FF00100 		mvn	r0, #1
 183              	.LVL9:
 184 001c 08BD     		pop	{r3, pc}
 185              	.LVL10:
 186              	.L15:
 187 001e 6FF00100 		mvn	r0, #1
 188              	.LVL11:
  47:..\hqc_wrapper.c **** }
 189              		.loc 1 47 0
 190 0022 08BD     		pop	{r3, pc}
 191              	.L18:
 192              		.align	2
 193              	.L17:
 194 0024 00000000 		.word	.LANCHOR0
 195              		.cfi_endproc
 196              	.LFE5:
 197              		.size	hqc_keypair, .-hqc_keypair
 198              		.section	.text.hqc_encapsulate,"ax",%progbits
 199              		.align	2
 200              		.global	hqc_encapsulate
 201              		.thumb
 202              		.thumb_func
 203              		.type	hqc_encapsulate, %function
 204              	hqc_encapsulate:
 205              	.LFB6:
  48:..\hqc_wrapper.c **** 
  49:..\hqc_wrapper.c **** int hqc_encapsulate(unsigned char *ct, unsigned char *ss, const unsigned char *pk) {
 206              		.loc 1 49 0
 207              		.cfi_startproc
 208              		@ args = 0, pretend = 0, frame = 0
 209              		@ frame_needed = 0, uses_anonymous_args = 0
 210              	.LVL12:
 211 0000 08B5     		push	{r3, lr}
 212              		.cfi_def_cfa_offset 8
 213              		.cfi_offset 3, -8
 214              		.cfi_offset 14, -4
  50:..\hqc_wrapper.c ****     if (!is_initialized) return -1;
 215              		.loc 1 50 0
 216 0002 0A4B     		ldr	r3, .L26
 217 0004 1B68     		ldr	r3, [r3]
 218 0006 2BB1     		cbz	r3, .L21
  51:..\hqc_wrapper.c ****     if (ct == NULL || ss == NULL || pk == NULL) return -2;
 219              		.loc 1 51 0
 220 0008 38B1     		cbz	r0, .L22
 221              		.loc 1 51 0 is_stmt 0 discriminator 2
 222 000a 49B1     		cbz	r1, .L23
 223              		.loc 1 51 0 discriminator 4
 224 000c 5AB1     		cbz	r2, .L24
  52:..\hqc_wrapper.c ****     
  53:..\hqc_wrapper.c ****     int result = PQCLEAN_HQC256_CLEAN_crypto_kem_enc(ct, ss, pk);
 225              		.loc 1 53 0 is_stmt 1
 226 000e FFF7FEFF 		bl	PQCLEAN_HQC256_CLEAN_crypto_kem_enc
 227              	.LVL13:
  54:..\hqc_wrapper.c ****     return result;
 228              		.loc 1 54 0
ARM GAS  C:\Users\bogurad\AppData\Local\Temp\ccQIOfbe.s 			page 6


 229 0012 08BD     		pop	{r3, pc}
 230              	.LVL14:
 231              	.L21:
  50:..\hqc_wrapper.c ****     if (ct == NULL || ss == NULL || pk == NULL) return -2;
 232              		.loc 1 50 0
 233 0014 4FF0FF30 		mov	r0, #-1
 234              	.LVL15:
 235 0018 08BD     		pop	{r3, pc}
 236              	.LVL16:
 237              	.L22:
  51:..\hqc_wrapper.c ****     
 238              		.loc 1 51 0
 239 001a 6FF00100 		mvn	r0, #1
 240              	.LVL17:
 241 001e 08BD     		pop	{r3, pc}
 242              	.LVL18:
 243              	.L23:
 244 0020 6FF00100 		mvn	r0, #1
 245              	.LVL19:
 246 0024 08BD     		pop	{r3, pc}
 247              	.LVL20:
 248              	.L24:
 249 0026 6FF00100 		mvn	r0, #1
 250              	.LVL21:
  55:..\hqc_wrapper.c **** }
 251              		.loc 1 55 0
 252 002a 08BD     		pop	{r3, pc}
 253              	.L27:
 254              		.align	2
 255              	.L26:
 256 002c 00000000 		.word	.LANCHOR0
 257              		.cfi_endproc
 258              	.LFE6:
 259              		.size	hqc_encapsulate, .-hqc_encapsulate
 260              		.section	.text.hqc_decapsulate,"ax",%progbits
 261              		.align	2
 262              		.global	hqc_decapsulate
 263              		.thumb
 264              		.thumb_func
 265              		.type	hqc_decapsulate, %function
 266              	hqc_decapsulate:
 267              	.LFB7:
  56:..\hqc_wrapper.c **** 
  57:..\hqc_wrapper.c **** int hqc_decapsulate(unsigned char *ss, const unsigned char *ct, const unsigned char *sk) {
 268              		.loc 1 57 0
 269              		.cfi_startproc
 270              		@ args = 0, pretend = 0, frame = 0
 271              		@ frame_needed = 0, uses_anonymous_args = 0
 272              	.LVL22:
 273 0000 08B5     		push	{r3, lr}
 274              		.cfi_def_cfa_offset 8
 275              		.cfi_offset 3, -8
 276              		.cfi_offset 14, -4
  58:..\hqc_wrapper.c ****     if (!is_initialized) return -1;
 277              		.loc 1 58 0
 278 0002 0D4B     		ldr	r3, .L36
 279 0004 1B68     		ldr	r3, [r3]
ARM GAS  C:\Users\bogurad\AppData\Local\Temp\ccQIOfbe.s 			page 7


 280 0006 43B1     		cbz	r3, .L30
  59:..\hqc_wrapper.c ****     if (ss == NULL || ct == NULL || sk == NULL) return -2;
 281              		.loc 1 59 0
 282 0008 50B1     		cbz	r0, .L31
 283              		.loc 1 59 0 is_stmt 0 discriminator 2
 284 000a 61B1     		cbz	r1, .L32
 285              		.loc 1 59 0 discriminator 4
 286 000c 72B1     		cbz	r2, .L33
  60:..\hqc_wrapper.c ****     
  61:..\hqc_wrapper.c ****     int result = PQCLEAN_HQC256_CLEAN_crypto_kem_dec(ss, ct, sk);
 287              		.loc 1 61 0 is_stmt 1
 288 000e FFF7FEFF 		bl	PQCLEAN_HQC256_CLEAN_crypto_kem_dec
 289              	.LVL23:
  62:..\hqc_wrapper.c ****     if (result != 0) return -3; // Decapsulation failed
 290              		.loc 1 62 0
 291 0012 70B1     		cbz	r0, .L34
 292 0014 6FF00200 		mvn	r0, #2
 293              	.LVL24:
 294 0018 08BD     		pop	{r3, pc}
 295              	.LVL25:
 296              	.L30:
  58:..\hqc_wrapper.c ****     if (ss == NULL || ct == NULL || sk == NULL) return -2;
 297              		.loc 1 58 0
 298 001a 4FF0FF30 		mov	r0, #-1
 299              	.LVL26:
 300 001e 08BD     		pop	{r3, pc}
 301              	.LVL27:
 302              	.L31:
  59:..\hqc_wrapper.c ****     
 303              		.loc 1 59 0
 304 0020 6FF00100 		mvn	r0, #1
 305              	.LVL28:
 306 0024 08BD     		pop	{r3, pc}
 307              	.LVL29:
 308              	.L32:
 309 0026 6FF00100 		mvn	r0, #1
 310              	.LVL30:
 311 002a 08BD     		pop	{r3, pc}
 312              	.LVL31:
 313              	.L33:
 314 002c 6FF00100 		mvn	r0, #1
 315              	.LVL32:
 316 0030 08BD     		pop	{r3, pc}
 317              	.LVL33:
 318              	.L34:
  63:..\hqc_wrapper.c ****     
  64:..\hqc_wrapper.c ****     return 0;
 319              		.loc 1 64 0
 320 0032 0020     		movs	r0, #0
 321              	.LVL34:
  65:..\hqc_wrapper.c **** }...
 322              		.loc 1 65 0
 323 0034 08BD     		pop	{r3, pc}
 324              	.L37:
 325 0036 00BF     		.align	2
 326              	.L36:
 327 0038 00000000 		.word	.LANCHOR0
ARM GAS  C:\Users\bogurad\AppData\Local\Temp\ccQIOfbe.s 			page 8


 328              		.cfi_endproc
 329              	.LFE7:
 330              		.size	hqc_decapsulate, .-hqc_decapsulate
 331              		.bss
 332              		.align	2
 333              		.set	.LANCHOR0,. + 0
 334              		.type	is_initialized, %object
 335              		.size	is_initialized, 4
 336              	is_initialized:
 337 0000 00000000 		.space	4
 338              		.text
 339              	.Letext0:
 340              		.file 2 "c:\\program files (x86)\\cypress\\psoc creator\\4.4\\psoc creator\\import\\gnu\\arm\\5.4.
 341              		.file 3 "..\\hqc_wrapper.h"
 342              		.file 4 "..\\api.h"
 343              		.section	.debug_info,"",%progbits
 344              	.Ldebug_info0:
 345 0000 A9020000 		.4byte	0x2a9
 346 0004 0400     		.2byte	0x4
 347 0006 00000000 		.4byte	.Ldebug_abbrev0
 348 000a 04       		.byte	0x4
 349 000b 01       		.uleb128 0x1
 350 000c 24020000 		.4byte	.LASF30
 351 0010 0C       		.byte	0xc
 352 0011 98000000 		.4byte	.LASF31
 353 0015 28000000 		.4byte	.LASF32
 354 0019 00000000 		.4byte	.Ldebug_ranges0+0
 355 001d 00000000 		.4byte	0
 356 0021 00000000 		.4byte	.Ldebug_line0
 357 0025 02       		.uleb128 0x2
 358 0026 04       		.byte	0x4
 359 0027 05       		.byte	0x5
 360 0028 696E7400 		.ascii	"int\000"
 361 002c 03       		.uleb128 0x3
 362 002d 21000000 		.4byte	.LASF7
 363 0031 02       		.byte	0x2
 364 0032 D8       		.byte	0xd8
 365 0033 37000000 		.4byte	0x37
 366 0037 04       		.uleb128 0x4
 367 0038 04       		.byte	0x4
 368 0039 07       		.byte	0x7
 369 003a C7010000 		.4byte	.LASF0
 370 003e 04       		.uleb128 0x4
 371 003f 08       		.byte	0x8
 372 0040 05       		.byte	0x5
 373 0041 E7020000 		.4byte	.LASF1
 374 0045 04       		.uleb128 0x4
 375 0046 08       		.byte	0x8
 376 0047 04       		.byte	0x4
 377 0048 3F030000 		.4byte	.LASF2
 378 004c 05       		.uleb128 0x5
 379 004d 02       		.byte	0x2
 380 004e 6C000000 		.4byte	0x6c
 381 0052 03       		.byte	0x3
 382 0053 0A       		.byte	0xa
 383 0054 6C000000 		.4byte	0x6c
 384 0058 06       		.uleb128 0x6
ARM GAS  C:\Users\bogurad\AppData\Local\Temp\ccQIOfbe.s 			page 9


 385 0059 25030000 		.4byte	.LASF3
 386 005d 80       		.byte	0x80
 387 005e 06       		.uleb128 0x6
 388 005f 82010000 		.4byte	.LASF4
 389 0063 C0       		.byte	0xc0
 390 0064 07       		.uleb128 0x7
 391 0065 F5020000 		.4byte	.LASF5
 392 0069 0001     		.2byte	0x100
 393 006b 00       		.byte	0
 394 006c 04       		.uleb128 0x4
 395 006d 02       		.byte	0x2
 396 006e 07       		.byte	0x7
 397 006f 21010000 		.4byte	.LASF6
 398 0073 03       		.uleb128 0x3
 399 0074 10030000 		.4byte	.LASF8
 400 0078 03       		.byte	0x3
 401 0079 0E       		.byte	0xe
 402 007a 4C000000 		.4byte	0x4c
 403 007e 04       		.uleb128 0x4
 404 007f 01       		.byte	0x1
 405 0080 06       		.byte	0x6
 406 0081 4B030000 		.4byte	.LASF9
 407 0085 04       		.uleb128 0x4
 408 0086 01       		.byte	0x1
 409 0087 08       		.byte	0x8
 410 0088 01010000 		.4byte	.LASF10
 411 008c 04       		.uleb128 0x4
 412 008d 02       		.byte	0x2
 413 008e 05       		.byte	0x5
 414 008f 06030000 		.4byte	.LASF11
 415 0093 04       		.uleb128 0x4
 416 0094 04       		.byte	0x4
 417 0095 05       		.byte	0x5
 418 0096 36030000 		.4byte	.LASF12
 419 009a 04       		.uleb128 0x4
 420 009b 04       		.byte	0x4
 421 009c 07       		.byte	0x7
 422 009d 0F010000 		.4byte	.LASF13
 423 00a1 04       		.uleb128 0x4
 424 00a2 08       		.byte	0x8
 425 00a3 07       		.byte	0x7
 426 00a4 EB010000 		.4byte	.LASF14
 427 00a8 08       		.uleb128 0x8
 428 00a9 18000000 		.4byte	.LASF19
 429 00ad 01       		.byte	0x1
 430 00ae 0A       		.byte	0xa
 431 00af 25000000 		.4byte	0x25
 432 00b3 00000000 		.4byte	.LFB0
 433 00b7 24000000 		.4byte	.LFE0-.LFB0
 434 00bb 01       		.uleb128 0x1
 435 00bc 9C       		.byte	0x9c
 436 00bd D1000000 		.4byte	0xd1
 437 00c1 09       		.uleb128 0x9
 438 00c2 34010000 		.4byte	.LASF21
 439 00c6 01       		.byte	0x1
 440 00c7 0A       		.byte	0xa
 441 00c8 73000000 		.4byte	0x73
ARM GAS  C:\Users\bogurad\AppData\Local\Temp\ccQIOfbe.s 			page 10


 442 00cc 00000000 		.4byte	.LLST0
 443 00d0 00       		.byte	0
 444 00d1 0A       		.uleb128 0xa
 445 00d2 43010000 		.4byte	.LASF15
 446 00d6 01       		.byte	0x1
 447 00d7 19       		.byte	0x19
 448 00d8 2C000000 		.4byte	0x2c
 449 00dc 00000000 		.4byte	.LFB1
 450 00e0 06000000 		.4byte	.LFE1-.LFB1
 451 00e4 01       		.uleb128 0x1
 452 00e5 9C       		.byte	0x9c
 453 00e6 0A       		.uleb128 0xa
 454 00e7 00000000 		.4byte	.LASF16
 455 00eb 01       		.byte	0x1
 456 00ec 1D       		.byte	0x1d
 457 00ed 2C000000 		.4byte	0x2c
 458 00f1 00000000 		.4byte	.LFB2
 459 00f5 06000000 		.4byte	.LFE2-.LFB2
 460 00f9 01       		.uleb128 0x1
 461 00fa 9C       		.byte	0x9c
 462 00fb 0A       		.uleb128 0xa
 463 00fc 6A010000 		.4byte	.LASF17
 464 0100 01       		.byte	0x1
 465 0101 21       		.byte	0x21
 466 0102 2C000000 		.4byte	0x2c
 467 0106 00000000 		.4byte	.LFB3
 468 010a 06000000 		.4byte	.LFE3-.LFB3
 469 010e 01       		.uleb128 0x1
 470 010f 9C       		.byte	0x9c
 471 0110 0A       		.uleb128 0xa
 472 0111 02020000 		.4byte	.LASF18
 473 0115 01       		.byte	0x1
 474 0116 25       		.byte	0x25
 475 0117 2C000000 		.4byte	0x2c
 476 011b 00000000 		.4byte	.LFB4
 477 011f 04000000 		.4byte	.LFE4-.LFB4
 478 0123 01       		.uleb128 0x1
 479 0124 9C       		.byte	0x9c
 480 0125 08       		.uleb128 0x8
 481 0126 BB010000 		.4byte	.LASF20
 482 012a 01       		.byte	0x1
 483 012b 29       		.byte	0x29
 484 012c 25000000 		.4byte	0x25
 485 0130 00000000 		.4byte	.LFB5
 486 0134 28000000 		.4byte	.LFE5-.LFB5
 487 0138 01       		.uleb128 0x1
 488 0139 9C       		.byte	0x9c
 489 013a 7E010000 		.4byte	0x17e
 490 013e 0B       		.uleb128 0xb
 491 013f 706B00   		.ascii	"pk\000"
 492 0142 01       		.byte	0x1
 493 0143 29       		.byte	0x29
 494 0144 7E010000 		.4byte	0x17e
 495 0148 3A000000 		.4byte	.LLST1
 496 014c 0B       		.uleb128 0xb
 497 014d 736B00   		.ascii	"sk\000"
 498 0150 01       		.byte	0x1
ARM GAS  C:\Users\bogurad\AppData\Local\Temp\ccQIOfbe.s 			page 11


 499 0151 29       		.byte	0x29
 500 0152 7E010000 		.4byte	0x17e
 501 0156 A6000000 		.4byte	.LLST2
 502 015a 0C       		.uleb128 0xc
 503 015b 1D020000 		.4byte	.LASF23
 504 015f 01       		.byte	0x1
 505 0160 2D       		.byte	0x2d
 506 0161 25000000 		.4byte	0x25
 507 0165 0D       		.uleb128 0xd
 508 0166 10000000 		.4byte	.LVL5
 509 016a 8B020000 		.4byte	0x28b
 510 016e 0E       		.uleb128 0xe
 511 016f 01       		.uleb128 0x1
 512 0170 50       		.byte	0x50
 513 0171 03       		.uleb128 0x3
 514 0172 F3       		.byte	0xf3
 515 0173 01       		.uleb128 0x1
 516 0174 50       		.byte	0x50
 517 0175 0E       		.uleb128 0xe
 518 0176 01       		.uleb128 0x1
 519 0177 51       		.byte	0x51
 520 0178 03       		.uleb128 0x3
 521 0179 F3       		.byte	0xf3
 522 017a 01       		.uleb128 0x1
 523 017b 51       		.byte	0x51
 524 017c 00       		.byte	0
 525 017d 00       		.byte	0
 526 017e 0F       		.uleb128 0xf
 527 017f 04       		.byte	0x4
 528 0180 85000000 		.4byte	0x85
 529 0184 08       		.uleb128 0x8
 530 0185 D7020000 		.4byte	.LASF22
 531 0189 01       		.byte	0x1
 532 018a 31       		.byte	0x31
 533 018b 25000000 		.4byte	0x25
 534 018f 00000000 		.4byte	.LFB6
 535 0193 30000000 		.4byte	.LFE6-.LFB6
 536 0197 01       		.uleb128 0x1
 537 0198 9C       		.byte	0x9c
 538 0199 F2010000 		.4byte	0x1f2
 539 019d 0B       		.uleb128 0xb
 540 019e 637400   		.ascii	"ct\000"
 541 01a1 01       		.byte	0x1
 542 01a2 31       		.byte	0x31
 543 01a3 7E010000 		.4byte	0x17e
 544 01a7 D2000000 		.4byte	.LLST3
 545 01ab 0B       		.uleb128 0xb
 546 01ac 737300   		.ascii	"ss\000"
 547 01af 01       		.byte	0x1
 548 01b0 31       		.byte	0x31
 549 01b1 7E010000 		.4byte	0x17e
 550 01b5 57010000 		.4byte	.LLST4
 551 01b9 0B       		.uleb128 0xb
 552 01ba 706B00   		.ascii	"pk\000"
 553 01bd 01       		.byte	0x1
 554 01be 31       		.byte	0x31
 555 01bf F2010000 		.4byte	0x1f2
ARM GAS  C:\Users\bogurad\AppData\Local\Temp\ccQIOfbe.s 			page 12


 556 01c3 83010000 		.4byte	.LLST5
 557 01c7 0C       		.uleb128 0xc
 558 01c8 1D020000 		.4byte	.LASF23
 559 01cc 01       		.byte	0x1
 560 01cd 35       		.byte	0x35
 561 01ce 25000000 		.4byte	0x25
 562 01d2 0D       		.uleb128 0xd
 563 01d3 12000000 		.4byte	.LVL13
 564 01d7 96020000 		.4byte	0x296
 565 01db 0E       		.uleb128 0xe
 566 01dc 01       		.uleb128 0x1
 567 01dd 50       		.byte	0x50
 568 01de 03       		.uleb128 0x3
 569 01df F3       		.byte	0xf3
 570 01e0 01       		.uleb128 0x1
 571 01e1 50       		.byte	0x50
 572 01e2 0E       		.uleb128 0xe
 573 01e3 01       		.uleb128 0x1
 574 01e4 51       		.byte	0x51
 575 01e5 03       		.uleb128 0x3
 576 01e6 F3       		.byte	0xf3
 577 01e7 01       		.uleb128 0x1
 578 01e8 51       		.byte	0x51
 579 01e9 0E       		.uleb128 0xe
 580 01ea 01       		.uleb128 0x1
 581 01eb 52       		.byte	0x52
 582 01ec 03       		.uleb128 0x3
 583 01ed F3       		.byte	0xf3
 584 01ee 01       		.uleb128 0x1
 585 01ef 52       		.byte	0x52
 586 01f0 00       		.byte	0
 587 01f1 00       		.byte	0
 588 01f2 0F       		.uleb128 0xf
 589 01f3 04       		.byte	0x4
 590 01f4 F8010000 		.4byte	0x1f8
 591 01f8 10       		.uleb128 0x10
 592 01f9 85000000 		.4byte	0x85
 593 01fd 08       		.uleb128 0x8
 594 01fe CD000000 		.4byte	.LASF24
 595 0202 01       		.byte	0x1
 596 0203 39       		.byte	0x39
 597 0204 25000000 		.4byte	0x25
 598 0208 00000000 		.4byte	.LFB7
 599 020c 3C000000 		.4byte	.LFE7-.LFB7
 600 0210 01       		.uleb128 0x1
 601 0211 9C       		.byte	0x9c
 602 0212 6F020000 		.4byte	0x26f
 603 0216 0B       		.uleb128 0xb
 604 0217 737300   		.ascii	"ss\000"
 605 021a 01       		.byte	0x1
 606 021b 39       		.byte	0x39
 607 021c 7E010000 		.4byte	0x17e
 608 0220 AF010000 		.4byte	.LLST6
 609 0224 0B       		.uleb128 0xb
 610 0225 637400   		.ascii	"ct\000"
 611 0228 01       		.byte	0x1
 612 0229 39       		.byte	0x39
ARM GAS  C:\Users\bogurad\AppData\Local\Temp\ccQIOfbe.s 			page 13


 613 022a F2010000 		.4byte	0x1f2
 614 022e 34020000 		.4byte	.LLST7
 615 0232 0B       		.uleb128 0xb
 616 0233 736B00   		.ascii	"sk\000"
 617 0236 01       		.byte	0x1
 618 0237 39       		.byte	0x39
 619 0238 F2010000 		.4byte	0x1f2
 620 023c 6E020000 		.4byte	.LLST8
 621 0240 11       		.uleb128 0x11
 622 0241 1D020000 		.4byte	.LASF23
 623 0245 01       		.byte	0x1
 624 0246 3D       		.byte	0x3d
 625 0247 25000000 		.4byte	0x25
 626 024b A8020000 		.4byte	.LLST9
 627 024f 0D       		.uleb128 0xd
 628 0250 12000000 		.4byte	.LVL23
 629 0254 A1020000 		.4byte	0x2a1
 630 0258 0E       		.uleb128 0xe
 631 0259 01       		.uleb128 0x1
 632 025a 50       		.byte	0x50
 633 025b 03       		.uleb128 0x3
 634 025c F3       		.byte	0xf3
 635 025d 01       		.uleb128 0x1
 636 025e 50       		.byte	0x50
 637 025f 0E       		.uleb128 0xe
 638 0260 01       		.uleb128 0x1
 639 0261 51       		.byte	0x51
 640 0262 03       		.uleb128 0x3
 641 0263 F3       		.byte	0xf3
 642 0264 01       		.uleb128 0x1
 643 0265 51       		.byte	0x51
 644 0266 0E       		.uleb128 0xe
 645 0267 01       		.uleb128 0x1
 646 0268 52       		.byte	0x52
 647 0269 03       		.uleb128 0x3
 648 026a F3       		.byte	0xf3
 649 026b 01       		.uleb128 0x1
 650 026c 52       		.byte	0x52
 651 026d 00       		.byte	0
 652 026e 00       		.byte	0
 653 026f 0C       		.uleb128 0xc
 654 0270 D4010000 		.4byte	.LASF25
 655 0274 01       		.byte	0x1
 656 0275 05       		.byte	0x5
 657 0276 73000000 		.4byte	0x73
 658 027a 12       		.uleb128 0x12
 659 027b 5B010000 		.4byte	.LASF26
 660 027f 01       		.byte	0x1
 661 0280 08       		.byte	0x8
 662 0281 25000000 		.4byte	0x25
 663 0285 05       		.uleb128 0x5
 664 0286 03       		.byte	0x3
 665 0287 00000000 		.4byte	is_initialized
 666 028b 13       		.uleb128 0x13
 667 028c 93010000 		.4byte	.LASF27
 668 0290 93010000 		.4byte	.LASF27
 669 0294 04       		.byte	0x4
ARM GAS  C:\Users\bogurad\AppData\Local\Temp\ccQIOfbe.s 			page 14


 670 0295 14       		.byte	0x14
 671 0296 13       		.uleb128 0x13
 672 0297 DD000000 		.4byte	.LASF28
 673 029b DD000000 		.4byte	.LASF28
 674 029f 04       		.byte	0x4
 675 02a0 16       		.byte	0x16
 676 02a1 13       		.uleb128 0x13
 677 02a2 A9000000 		.4byte	.LASF29
 678 02a6 A9000000 		.4byte	.LASF29
 679 02aa 04       		.byte	0x4
 680 02ab 18       		.byte	0x18
 681 02ac 00       		.byte	0
 682              		.section	.debug_abbrev,"",%progbits
 683              	.Ldebug_abbrev0:
 684 0000 01       		.uleb128 0x1
 685 0001 11       		.uleb128 0x11
 686 0002 01       		.byte	0x1
 687 0003 25       		.uleb128 0x25
 688 0004 0E       		.uleb128 0xe
 689 0005 13       		.uleb128 0x13
 690 0006 0B       		.uleb128 0xb
 691 0007 03       		.uleb128 0x3
 692 0008 0E       		.uleb128 0xe
 693 0009 1B       		.uleb128 0x1b
 694 000a 0E       		.uleb128 0xe
 695 000b 55       		.uleb128 0x55
 696 000c 17       		.uleb128 0x17
 697 000d 11       		.uleb128 0x11
 698 000e 01       		.uleb128 0x1
 699 000f 10       		.uleb128 0x10
 700 0010 17       		.uleb128 0x17
 701 0011 00       		.byte	0
 702 0012 00       		.byte	0
 703 0013 02       		.uleb128 0x2
 704 0014 24       		.uleb128 0x24
 705 0015 00       		.byte	0
 706 0016 0B       		.uleb128 0xb
 707 0017 0B       		.uleb128 0xb
 708 0018 3E       		.uleb128 0x3e
 709 0019 0B       		.uleb128 0xb
 710 001a 03       		.uleb128 0x3
 711 001b 08       		.uleb128 0x8
 712 001c 00       		.byte	0
 713 001d 00       		.byte	0
 714 001e 03       		.uleb128 0x3
 715 001f 16       		.uleb128 0x16
 716 0020 00       		.byte	0
 717 0021 03       		.uleb128 0x3
 718 0022 0E       		.uleb128 0xe
 719 0023 3A       		.uleb128 0x3a
 720 0024 0B       		.uleb128 0xb
 721 0025 3B       		.uleb128 0x3b
 722 0026 0B       		.uleb128 0xb
 723 0027 49       		.uleb128 0x49
 724 0028 13       		.uleb128 0x13
 725 0029 00       		.byte	0
 726 002a 00       		.byte	0
ARM GAS  C:\Users\bogurad\AppData\Local\Temp\ccQIOfbe.s 			page 15


 727 002b 04       		.uleb128 0x4
 728 002c 24       		.uleb128 0x24
 729 002d 00       		.byte	0
 730 002e 0B       		.uleb128 0xb
 731 002f 0B       		.uleb128 0xb
 732 0030 3E       		.uleb128 0x3e
 733 0031 0B       		.uleb128 0xb
 734 0032 03       		.uleb128 0x3
 735 0033 0E       		.uleb128 0xe
 736 0034 00       		.byte	0
 737 0035 00       		.byte	0
 738 0036 05       		.uleb128 0x5
 739 0037 04       		.uleb128 0x4
 740 0038 01       		.byte	0x1
 741 0039 0B       		.uleb128 0xb
 742 003a 0B       		.uleb128 0xb
 743 003b 49       		.uleb128 0x49
 744 003c 13       		.uleb128 0x13
 745 003d 3A       		.uleb128 0x3a
 746 003e 0B       		.uleb128 0xb
 747 003f 3B       		.uleb128 0x3b
 748 0040 0B       		.uleb128 0xb
 749 0041 01       		.uleb128 0x1
 750 0042 13       		.uleb128 0x13
 751 0043 00       		.byte	0
 752 0044 00       		.byte	0
 753 0045 06       		.uleb128 0x6
 754 0046 28       		.uleb128 0x28
 755 0047 00       		.byte	0
 756 0048 03       		.uleb128 0x3
 757 0049 0E       		.uleb128 0xe
 758 004a 1C       		.uleb128 0x1c
 759 004b 0B       		.uleb128 0xb
 760 004c 00       		.byte	0
 761 004d 00       		.byte	0
 762 004e 07       		.uleb128 0x7
 763 004f 28       		.uleb128 0x28
 764 0050 00       		.byte	0
 765 0051 03       		.uleb128 0x3
 766 0052 0E       		.uleb128 0xe
 767 0053 1C       		.uleb128 0x1c
 768 0054 05       		.uleb128 0x5
 769 0055 00       		.byte	0
 770 0056 00       		.byte	0
 771 0057 08       		.uleb128 0x8
 772 0058 2E       		.uleb128 0x2e
 773 0059 01       		.byte	0x1
 774 005a 3F       		.uleb128 0x3f
 775 005b 19       		.uleb128 0x19
 776 005c 03       		.uleb128 0x3
 777 005d 0E       		.uleb128 0xe
 778 005e 3A       		.uleb128 0x3a
 779 005f 0B       		.uleb128 0xb
 780 0060 3B       		.uleb128 0x3b
 781 0061 0B       		.uleb128 0xb
 782 0062 27       		.uleb128 0x27
 783 0063 19       		.uleb128 0x19
ARM GAS  C:\Users\bogurad\AppData\Local\Temp\ccQIOfbe.s 			page 16


 784 0064 49       		.uleb128 0x49
 785 0065 13       		.uleb128 0x13
 786 0066 11       		.uleb128 0x11
 787 0067 01       		.uleb128 0x1
 788 0068 12       		.uleb128 0x12
 789 0069 06       		.uleb128 0x6
 790 006a 40       		.uleb128 0x40
 791 006b 18       		.uleb128 0x18
 792 006c 9742     		.uleb128 0x2117
 793 006e 19       		.uleb128 0x19
 794 006f 01       		.uleb128 0x1
 795 0070 13       		.uleb128 0x13
 796 0071 00       		.byte	0
 797 0072 00       		.byte	0
 798 0073 09       		.uleb128 0x9
 799 0074 05       		.uleb128 0x5
 800 0075 00       		.byte	0
 801 0076 03       		.uleb128 0x3
 802 0077 0E       		.uleb128 0xe
 803 0078 3A       		.uleb128 0x3a
 804 0079 0B       		.uleb128 0xb
 805 007a 3B       		.uleb128 0x3b
 806 007b 0B       		.uleb128 0xb
 807 007c 49       		.uleb128 0x49
 808 007d 13       		.uleb128 0x13
 809 007e 02       		.uleb128 0x2
 810 007f 17       		.uleb128 0x17
 811 0080 00       		.byte	0
 812 0081 00       		.byte	0
 813 0082 0A       		.uleb128 0xa
 814 0083 2E       		.uleb128 0x2e
 815 0084 00       		.byte	0
 816 0085 3F       		.uleb128 0x3f
 817 0086 19       		.uleb128 0x19
 818 0087 03       		.uleb128 0x3
 819 0088 0E       		.uleb128 0xe
 820 0089 3A       		.uleb128 0x3a
 821 008a 0B       		.uleb128 0xb
 822 008b 3B       		.uleb128 0x3b
 823 008c 0B       		.uleb128 0xb
 824 008d 27       		.uleb128 0x27
 825 008e 19       		.uleb128 0x19
 826 008f 49       		.uleb128 0x49
 827 0090 13       		.uleb128 0x13
 828 0091 11       		.uleb128 0x11
 829 0092 01       		.uleb128 0x1
 830 0093 12       		.uleb128 0x12
 831 0094 06       		.uleb128 0x6
 832 0095 40       		.uleb128 0x40
 833 0096 18       		.uleb128 0x18
 834 0097 9742     		.uleb128 0x2117
 835 0099 19       		.uleb128 0x19
 836 009a 00       		.byte	0
 837 009b 00       		.byte	0
 838 009c 0B       		.uleb128 0xb
 839 009d 05       		.uleb128 0x5
 840 009e 00       		.byte	0
ARM GAS  C:\Users\bogurad\AppData\Local\Temp\ccQIOfbe.s 			page 17


 841 009f 03       		.uleb128 0x3
 842 00a0 08       		.uleb128 0x8
 843 00a1 3A       		.uleb128 0x3a
 844 00a2 0B       		.uleb128 0xb
 845 00a3 3B       		.uleb128 0x3b
 846 00a4 0B       		.uleb128 0xb
 847 00a5 49       		.uleb128 0x49
 848 00a6 13       		.uleb128 0x13
 849 00a7 02       		.uleb128 0x2
 850 00a8 17       		.uleb128 0x17
 851 00a9 00       		.byte	0
 852 00aa 00       		.byte	0
 853 00ab 0C       		.uleb128 0xc
 854 00ac 34       		.uleb128 0x34
 855 00ad 00       		.byte	0
 856 00ae 03       		.uleb128 0x3
 857 00af 0E       		.uleb128 0xe
 858 00b0 3A       		.uleb128 0x3a
 859 00b1 0B       		.uleb128 0xb
 860 00b2 3B       		.uleb128 0x3b
 861 00b3 0B       		.uleb128 0xb
 862 00b4 49       		.uleb128 0x49
 863 00b5 13       		.uleb128 0x13
 864 00b6 00       		.byte	0
 865 00b7 00       		.byte	0
 866 00b8 0D       		.uleb128 0xd
 867 00b9 898201   		.uleb128 0x4109
 868 00bc 01       		.byte	0x1
 869 00bd 11       		.uleb128 0x11
 870 00be 01       		.uleb128 0x1
 871 00bf 31       		.uleb128 0x31
 872 00c0 13       		.uleb128 0x13
 873 00c1 00       		.byte	0
 874 00c2 00       		.byte	0
 875 00c3 0E       		.uleb128 0xe
 876 00c4 8A8201   		.uleb128 0x410a
 877 00c7 00       		.byte	0
 878 00c8 02       		.uleb128 0x2
 879 00c9 18       		.uleb128 0x18
 880 00ca 9142     		.uleb128 0x2111
 881 00cc 18       		.uleb128 0x18
 882 00cd 00       		.byte	0
 883 00ce 00       		.byte	0
 884 00cf 0F       		.uleb128 0xf
 885 00d0 0F       		.uleb128 0xf
 886 00d1 00       		.byte	0
 887 00d2 0B       		.uleb128 0xb
 888 00d3 0B       		.uleb128 0xb
 889 00d4 49       		.uleb128 0x49
 890 00d5 13       		.uleb128 0x13
 891 00d6 00       		.byte	0
 892 00d7 00       		.byte	0
 893 00d8 10       		.uleb128 0x10
 894 00d9 26       		.uleb128 0x26
 895 00da 00       		.byte	0
 896 00db 49       		.uleb128 0x49
 897 00dc 13       		.uleb128 0x13
ARM GAS  C:\Users\bogurad\AppData\Local\Temp\ccQIOfbe.s 			page 18


 898 00dd 00       		.byte	0
 899 00de 00       		.byte	0
 900 00df 11       		.uleb128 0x11
 901 00e0 34       		.uleb128 0x34
 902 00e1 00       		.byte	0
 903 00e2 03       		.uleb128 0x3
 904 00e3 0E       		.uleb128 0xe
 905 00e4 3A       		.uleb128 0x3a
 906 00e5 0B       		.uleb128 0xb
 907 00e6 3B       		.uleb128 0x3b
 908 00e7 0B       		.uleb128 0xb
 909 00e8 49       		.uleb128 0x49
 910 00e9 13       		.uleb128 0x13
 911 00ea 02       		.uleb128 0x2
 912 00eb 17       		.uleb128 0x17
 913 00ec 00       		.byte	0
 914 00ed 00       		.byte	0
 915 00ee 12       		.uleb128 0x12
 916 00ef 34       		.uleb128 0x34
 917 00f0 00       		.byte	0
 918 00f1 03       		.uleb128 0x3
 919 00f2 0E       		.uleb128 0xe
 920 00f3 3A       		.uleb128 0x3a
 921 00f4 0B       		.uleb128 0xb
 922 00f5 3B       		.uleb128 0x3b
 923 00f6 0B       		.uleb128 0xb
 924 00f7 49       		.uleb128 0x49
 925 00f8 13       		.uleb128 0x13
 926 00f9 02       		.uleb128 0x2
 927 00fa 18       		.uleb128 0x18
 928 00fb 00       		.byte	0
 929 00fc 00       		.byte	0
 930 00fd 13       		.uleb128 0x13
 931 00fe 2E       		.uleb128 0x2e
 932 00ff 00       		.byte	0
 933 0100 3F       		.uleb128 0x3f
 934 0101 19       		.uleb128 0x19
 935 0102 3C       		.uleb128 0x3c
 936 0103 19       		.uleb128 0x19
 937 0104 6E       		.uleb128 0x6e
 938 0105 0E       		.uleb128 0xe
 939 0106 03       		.uleb128 0x3
 940 0107 0E       		.uleb128 0xe
 941 0108 3A       		.uleb128 0x3a
 942 0109 0B       		.uleb128 0xb
 943 010a 3B       		.uleb128 0x3b
 944 010b 0B       		.uleb128 0xb
 945 010c 00       		.byte	0
 946 010d 00       		.byte	0
 947 010e 00       		.byte	0
 948              		.section	.debug_loc,"",%progbits
 949              	.Ldebug_loc0:
 950              	.LLST0:
 951 0000 00000000 		.4byte	.LVL0
 952 0004 16000000 		.4byte	.LVL1
 953 0008 0100     		.2byte	0x1
 954 000a 50       		.byte	0x50
ARM GAS  C:\Users\bogurad\AppData\Local\Temp\ccQIOfbe.s 			page 19


 955 000b 16000000 		.4byte	.LVL1
 956 000f 18000000 		.4byte	.LVL2
 957 0013 0400     		.2byte	0x4
 958 0015 F3       		.byte	0xf3
 959 0016 01       		.uleb128 0x1
 960 0017 50       		.byte	0x50
 961 0018 9F       		.byte	0x9f
 962 0019 18000000 		.4byte	.LVL2
 963 001d 1C000000 		.4byte	.LVL3
 964 0021 0100     		.2byte	0x1
 965 0023 50       		.byte	0x50
 966 0024 1C000000 		.4byte	.LVL3
 967 0028 24000000 		.4byte	.LFE0
 968 002c 0400     		.2byte	0x4
 969 002e F3       		.byte	0xf3
 970 002f 01       		.uleb128 0x1
 971 0030 50       		.byte	0x50
 972 0031 9F       		.byte	0x9f
 973 0032 00000000 		.4byte	0
 974 0036 00000000 		.4byte	0
 975              	.LLST1:
 976 003a 00000000 		.4byte	.LVL4
 977 003e 0F000000 		.4byte	.LVL5-1
 978 0042 0100     		.2byte	0x1
 979 0044 50       		.byte	0x50
 980 0045 0F000000 		.4byte	.LVL5-1
 981 0049 12000000 		.4byte	.LVL6
 982 004d 0400     		.2byte	0x4
 983 004f F3       		.byte	0xf3
 984 0050 01       		.uleb128 0x1
 985 0051 50       		.byte	0x50
 986 0052 9F       		.byte	0x9f
 987 0053 12000000 		.4byte	.LVL6
 988 0057 16000000 		.4byte	.LVL7
 989 005b 0100     		.2byte	0x1
 990 005d 50       		.byte	0x50
 991 005e 16000000 		.4byte	.LVL7
 992 0062 18000000 		.4byte	.LVL8
 993 0066 0400     		.2byte	0x4
 994 0068 F3       		.byte	0xf3
 995 0069 01       		.uleb128 0x1
 996 006a 50       		.byte	0x50
 997 006b 9F       		.byte	0x9f
 998 006c 18000000 		.4byte	.LVL8
 999 0070 1C000000 		.4byte	.LVL9
 1000 0074 0100     		.2byte	0x1
 1001 0076 50       		.byte	0x50
 1002 0077 1C000000 		.4byte	.LVL9
 1003 007b 1E000000 		.4byte	.LVL10
 1004 007f 0400     		.2byte	0x4
 1005 0081 F3       		.byte	0xf3
 1006 0082 01       		.uleb128 0x1
 1007 0083 50       		.byte	0x50
 1008 0084 9F       		.byte	0x9f
 1009 0085 1E000000 		.4byte	.LVL10
 1010 0089 22000000 		.4byte	.LVL11
 1011 008d 0100     		.2byte	0x1
ARM GAS  C:\Users\bogurad\AppData\Local\Temp\ccQIOfbe.s 			page 20


 1012 008f 50       		.byte	0x50
 1013 0090 22000000 		.4byte	.LVL11
 1014 0094 28000000 		.4byte	.LFE5
 1015 0098 0400     		.2byte	0x4
 1016 009a F3       		.byte	0xf3
 1017 009b 01       		.uleb128 0x1
 1018 009c 50       		.byte	0x50
 1019 009d 9F       		.byte	0x9f
 1020 009e 00000000 		.4byte	0
 1021 00a2 00000000 		.4byte	0
 1022              	.LLST2:
 1023 00a6 00000000 		.4byte	.LVL4
 1024 00aa 0F000000 		.4byte	.LVL5-1
 1025 00ae 0100     		.2byte	0x1
 1026 00b0 51       		.byte	0x51
 1027 00b1 0F000000 		.4byte	.LVL5-1
 1028 00b5 12000000 		.4byte	.LVL6
 1029 00b9 0400     		.2byte	0x4
 1030 00bb F3       		.byte	0xf3
 1031 00bc 01       		.uleb128 0x1
 1032 00bd 51       		.byte	0x51
 1033 00be 9F       		.byte	0x9f
 1034 00bf 12000000 		.4byte	.LVL6
 1035 00c3 28000000 		.4byte	.LFE5
 1036 00c7 0100     		.2byte	0x1
 1037 00c9 51       		.byte	0x51
 1038 00ca 00000000 		.4byte	0
 1039 00ce 00000000 		.4byte	0
 1040              	.LLST3:
 1041 00d2 00000000 		.4byte	.LVL12
 1042 00d6 11000000 		.4byte	.LVL13-1
 1043 00da 0100     		.2byte	0x1
 1044 00dc 50       		.byte	0x50
 1045 00dd 11000000 		.4byte	.LVL13-1
 1046 00e1 14000000 		.4byte	.LVL14
 1047 00e5 0400     		.2byte	0x4
 1048 00e7 F3       		.byte	0xf3
 1049 00e8 01       		.uleb128 0x1
 1050 00e9 50       		.byte	0x50
 1051 00ea 9F       		.byte	0x9f
 1052 00eb 14000000 		.4byte	.LVL14
 1053 00ef 18000000 		.4byte	.LVL15
 1054 00f3 0100     		.2byte	0x1
 1055 00f5 50       		.byte	0x50
 1056 00f6 18000000 		.4byte	.LVL15
 1057 00fa 1A000000 		.4byte	.LVL16
 1058 00fe 0400     		.2byte	0x4
 1059 0100 F3       		.byte	0xf3
 1060 0101 01       		.uleb128 0x1
 1061 0102 50       		.byte	0x50
 1062 0103 9F       		.byte	0x9f
 1063 0104 1A000000 		.4byte	.LVL16
 1064 0108 1E000000 		.4byte	.LVL17
 1065 010c 0100     		.2byte	0x1
 1066 010e 50       		.byte	0x50
 1067 010f 1E000000 		.4byte	.LVL17
 1068 0113 20000000 		.4byte	.LVL18
ARM GAS  C:\Users\bogurad\AppData\Local\Temp\ccQIOfbe.s 			page 21


 1069 0117 0400     		.2byte	0x4
 1070 0119 F3       		.byte	0xf3
 1071 011a 01       		.uleb128 0x1
 1072 011b 50       		.byte	0x50
 1073 011c 9F       		.byte	0x9f
 1074 011d 20000000 		.4byte	.LVL18
 1075 0121 24000000 		.4byte	.LVL19
 1076 0125 0100     		.2byte	0x1
 1077 0127 50       		.byte	0x50
 1078 0128 24000000 		.4byte	.LVL19
 1079 012c 26000000 		.4byte	.LVL20
 1080 0130 0400     		.2byte	0x4
 1081 0132 F3       		.byte	0xf3
 1082 0133 01       		.uleb128 0x1
 1083 0134 50       		.byte	0x50
 1084 0135 9F       		.byte	0x9f
 1085 0136 26000000 		.4byte	.LVL20
 1086 013a 2A000000 		.4byte	.LVL21
 1087 013e 0100     		.2byte	0x1
 1088 0140 50       		.byte	0x50
 1089 0141 2A000000 		.4byte	.LVL21
 1090 0145 30000000 		.4byte	.LFE6
 1091 0149 0400     		.2byte	0x4
 1092 014b F3       		.byte	0xf3
 1093 014c 01       		.uleb128 0x1
 1094 014d 50       		.byte	0x50
 1095 014e 9F       		.byte	0x9f
 1096 014f 00000000 		.4byte	0
 1097 0153 00000000 		.4byte	0
 1098              	.LLST4:
 1099 0157 00000000 		.4byte	.LVL12
 1100 015b 11000000 		.4byte	.LVL13-1
 1101 015f 0100     		.2byte	0x1
 1102 0161 51       		.byte	0x51
 1103 0162 11000000 		.4byte	.LVL13-1
 1104 0166 14000000 		.4byte	.LVL14
 1105 016a 0400     		.2byte	0x4
 1106 016c F3       		.byte	0xf3
 1107 016d 01       		.uleb128 0x1
 1108 016e 51       		.byte	0x51
 1109 016f 9F       		.byte	0x9f
 1110 0170 14000000 		.4byte	.LVL14
 1111 0174 30000000 		.4byte	.LFE6
 1112 0178 0100     		.2byte	0x1
 1113 017a 51       		.byte	0x51
 1114 017b 00000000 		.4byte	0
 1115 017f 00000000 		.4byte	0
 1116              	.LLST5:
 1117 0183 00000000 		.4byte	.LVL12
 1118 0187 11000000 		.4byte	.LVL13-1
 1119 018b 0100     		.2byte	0x1
 1120 018d 52       		.byte	0x52
 1121 018e 11000000 		.4byte	.LVL13-1
 1122 0192 14000000 		.4byte	.LVL14
 1123 0196 0400     		.2byte	0x4
 1124 0198 F3       		.byte	0xf3
 1125 0199 01       		.uleb128 0x1
ARM GAS  C:\Users\bogurad\AppData\Local\Temp\ccQIOfbe.s 			page 22


 1126 019a 52       		.byte	0x52
 1127 019b 9F       		.byte	0x9f
 1128 019c 14000000 		.4byte	.LVL14
 1129 01a0 30000000 		.4byte	.LFE6
 1130 01a4 0100     		.2byte	0x1
 1131 01a6 52       		.byte	0x52
 1132 01a7 00000000 		.4byte	0
 1133 01ab 00000000 		.4byte	0
 1134              	.LLST6:
 1135 01af 00000000 		.4byte	.LVL22
 1136 01b3 11000000 		.4byte	.LVL23-1
 1137 01b7 0100     		.2byte	0x1
 1138 01b9 50       		.byte	0x50
 1139 01ba 11000000 		.4byte	.LVL23-1
 1140 01be 1A000000 		.4byte	.LVL25
 1141 01c2 0400     		.2byte	0x4
 1142 01c4 F3       		.byte	0xf3
 1143 01c5 01       		.uleb128 0x1
 1144 01c6 50       		.byte	0x50
 1145 01c7 9F       		.byte	0x9f
 1146 01c8 1A000000 		.4byte	.LVL25
 1147 01cc 1E000000 		.4byte	.LVL26
 1148 01d0 0100     		.2byte	0x1
 1149 01d2 50       		.byte	0x50
 1150 01d3 1E000000 		.4byte	.LVL26
 1151 01d7 20000000 		.4byte	.LVL27
 1152 01db 0400     		.2byte	0x4
 1153 01dd F3       		.byte	0xf3
 1154 01de 01       		.uleb128 0x1
 1155 01df 50       		.byte	0x50
 1156 01e0 9F       		.byte	0x9f
 1157 01e1 20000000 		.4byte	.LVL27
 1158 01e5 24000000 		.4byte	.LVL28
 1159 01e9 0100     		.2byte	0x1
 1160 01eb 50       		.byte	0x50
 1161 01ec 24000000 		.4byte	.LVL28
 1162 01f0 26000000 		.4byte	.LVL29
 1163 01f4 0400     		.2byte	0x4
 1164 01f6 F3       		.byte	0xf3
 1165 01f7 01       		.uleb128 0x1
 1166 01f8 50       		.byte	0x50
 1167 01f9 9F       		.byte	0x9f
 1168 01fa 26000000 		.4byte	.LVL29
 1169 01fe 2A000000 		.4byte	.LVL30
 1170 0202 0100     		.2byte	0x1
 1171 0204 50       		.byte	0x50
 1172 0205 2A000000 		.4byte	.LVL30
 1173 0209 2C000000 		.4byte	.LVL31
 1174 020d 0400     		.2byte	0x4
 1175 020f F3       		.byte	0xf3
 1176 0210 01       		.uleb128 0x1
 1177 0211 50       		.byte	0x50
 1178 0212 9F       		.byte	0x9f
 1179 0213 2C000000 		.4byte	.LVL31
 1180 0217 30000000 		.4byte	.LVL32
 1181 021b 0100     		.2byte	0x1
 1182 021d 50       		.byte	0x50
ARM GAS  C:\Users\bogurad\AppData\Local\Temp\ccQIOfbe.s 			page 23


 1183 021e 30000000 		.4byte	.LVL32
 1184 0222 3C000000 		.4byte	.LFE7
 1185 0226 0400     		.2byte	0x4
 1186 0228 F3       		.byte	0xf3
 1187 0229 01       		.uleb128 0x1
 1188 022a 50       		.byte	0x50
 1189 022b 9F       		.byte	0x9f
 1190 022c 00000000 		.4byte	0
 1191 0230 00000000 		.4byte	0
 1192              	.LLST7:
 1193 0234 00000000 		.4byte	.LVL22
 1194 0238 11000000 		.4byte	.LVL23-1
 1195 023c 0100     		.2byte	0x1
 1196 023e 51       		.byte	0x51
 1197 023f 11000000 		.4byte	.LVL23-1
 1198 0243 1A000000 		.4byte	.LVL25
 1199 0247 0400     		.2byte	0x4
 1200 0249 F3       		.byte	0xf3
 1201 024a 01       		.uleb128 0x1
 1202 024b 51       		.byte	0x51
 1203 024c 9F       		.byte	0x9f
 1204 024d 1A000000 		.4byte	.LVL25
 1205 0251 32000000 		.4byte	.LVL33
 1206 0255 0100     		.2byte	0x1
 1207 0257 51       		.byte	0x51
 1208 0258 32000000 		.4byte	.LVL33
 1209 025c 3C000000 		.4byte	.LFE7
 1210 0260 0400     		.2byte	0x4
 1211 0262 F3       		.byte	0xf3
 1212 0263 01       		.uleb128 0x1
 1213 0264 51       		.byte	0x51
 1214 0265 9F       		.byte	0x9f
 1215 0266 00000000 		.4byte	0
 1216 026a 00000000 		.4byte	0
 1217              	.LLST8:
 1218 026e 00000000 		.4byte	.LVL22
 1219 0272 11000000 		.4byte	.LVL23-1
 1220 0276 0100     		.2byte	0x1
 1221 0278 52       		.byte	0x52
 1222 0279 11000000 		.4byte	.LVL23-1
 1223 027d 1A000000 		.4byte	.LVL25
 1224 0281 0400     		.2byte	0x4
 1225 0283 F3       		.byte	0xf3
 1226 0284 01       		.uleb128 0x1
 1227 0285 52       		.byte	0x52
 1228 0286 9F       		.byte	0x9f
 1229 0287 1A000000 		.4byte	.LVL25
 1230 028b 32000000 		.4byte	.LVL33
 1231 028f 0100     		.2byte	0x1
 1232 0291 52       		.byte	0x52
 1233 0292 32000000 		.4byte	.LVL33
 1234 0296 3C000000 		.4byte	.LFE7
 1235 029a 0400     		.2byte	0x4
 1236 029c F3       		.byte	0xf3
 1237 029d 01       		.uleb128 0x1
 1238 029e 52       		.byte	0x52
 1239 029f 9F       		.byte	0x9f
ARM GAS  C:\Users\bogurad\AppData\Local\Temp\ccQIOfbe.s 			page 24


 1240 02a0 00000000 		.4byte	0
 1241 02a4 00000000 		.4byte	0
 1242              	.LLST9:
 1243 02a8 12000000 		.4byte	.LVL23
 1244 02ac 18000000 		.4byte	.LVL24
 1245 02b0 0100     		.2byte	0x1
 1246 02b2 50       		.byte	0x50
 1247 02b3 32000000 		.4byte	.LVL33
 1248 02b7 34000000 		.4byte	.LVL34
 1249 02bb 0100     		.2byte	0x1
 1250 02bd 50       		.byte	0x50
 1251 02be 00000000 		.4byte	0
 1252 02c2 00000000 		.4byte	0
 1253              		.section	.debug_aranges,"",%progbits
 1254 0000 54000000 		.4byte	0x54
 1255 0004 0200     		.2byte	0x2
 1256 0006 00000000 		.4byte	.Ldebug_info0
 1257 000a 04       		.byte	0x4
 1258 000b 00       		.byte	0
 1259 000c 0000     		.2byte	0
 1260 000e 0000     		.2byte	0
 1261 0010 00000000 		.4byte	.LFB0
 1262 0014 24000000 		.4byte	.LFE0-.LFB0
 1263 0018 00000000 		.4byte	.LFB1
 1264 001c 06000000 		.4byte	.LFE1-.LFB1
 1265 0020 00000000 		.4byte	.LFB2
 1266 0024 06000000 		.4byte	.LFE2-.LFB2
 1267 0028 00000000 		.4byte	.LFB3
 1268 002c 06000000 		.4byte	.LFE3-.LFB3
 1269 0030 00000000 		.4byte	.LFB4
 1270 0034 04000000 		.4byte	.LFE4-.LFB4
 1271 0038 00000000 		.4byte	.LFB5
 1272 003c 28000000 		.4byte	.LFE5-.LFB5
 1273 0040 00000000 		.4byte	.LFB6
 1274 0044 30000000 		.4byte	.LFE6-.LFB6
 1275 0048 00000000 		.4byte	.LFB7
 1276 004c 3C000000 		.4byte	.LFE7-.LFB7
 1277 0050 00000000 		.4byte	0
 1278 0054 00000000 		.4byte	0
 1279              		.section	.debug_ranges,"",%progbits
 1280              	.Ldebug_ranges0:
 1281 0000 00000000 		.4byte	.LFB0
 1282 0004 24000000 		.4byte	.LFE0
 1283 0008 00000000 		.4byte	.LFB1
 1284 000c 06000000 		.4byte	.LFE1
 1285 0010 00000000 		.4byte	.LFB2
 1286 0014 06000000 		.4byte	.LFE2
 1287 0018 00000000 		.4byte	.LFB3
 1288 001c 06000000 		.4byte	.LFE3
 1289 0020 00000000 		.4byte	.LFB4
 1290 0024 04000000 		.4byte	.LFE4
 1291 0028 00000000 		.4byte	.LFB5
 1292 002c 28000000 		.4byte	.LFE5
 1293 0030 00000000 		.4byte	.LFB6
 1294 0034 30000000 		.4byte	.LFE6
 1295 0038 00000000 		.4byte	.LFB7
 1296 003c 3C000000 		.4byte	.LFE7
ARM GAS  C:\Users\bogurad\AppData\Local\Temp\ccQIOfbe.s 			page 25


 1297 0040 00000000 		.4byte	0
 1298 0044 00000000 		.4byte	0
 1299              		.section	.debug_line,"",%progbits
 1300              	.Ldebug_line0:
 1301 0000 8F010000 		.section	.debug_str,"MS",%progbits,1
 1301      0200C900 
 1301      00000201 
 1301      FB0E0D00 
 1301      01010101 
 1302              	.LASF16:
 1303 0000 6871635F 		.ascii	"hqc_get_secret_key_size\000"
 1303      6765745F 
 1303      73656372 
 1303      65745F6B 
 1303      65795F73 
 1304              	.LASF19:
 1305 0018 6871635F 		.ascii	"hqc_init\000"
 1305      696E6974 
 1305      00
 1306              	.LASF7:
 1307 0021 73697A65 		.ascii	"size_t\000"
 1307      5F7400
 1308              	.LASF32:
 1309 0028 433A5C55 		.ascii	"C:\\Users\\bogurad\\Desktop\\Proyectos gitHub\\TFG2"
 1309      73657273 
 1309      5C626F67 
 1309      75726164 
 1309      5C446573 
 1310 0056 5C436F64 		.ascii	"\\Codigo\\Algoritmos postcuanticos\\PSOC\\Workspace"
 1310      69676F5C 
 1310      416C676F 
 1310      7269746D 
 1310      6F732070 
 1311 0085 5C485143 		.ascii	"\\HQC\\HQC\\HQC.cydsn\000"
 1311      5C485143 
 1311      5C485143 
 1311      2E637964 
 1311      736E00
 1312              	.LASF31:
 1313 0098 2E2E5C68 		.ascii	"..\\hqc_wrapper.c\000"
 1313      71635F77 
 1313      72617070 
 1313      65722E63 
 1313      00
 1314              	.LASF29:
 1315 00a9 5051434C 		.ascii	"PQCLEAN_HQC256_CLEAN_crypto_kem_dec\000"
 1315      45414E5F 
 1315      48514332 
 1315      35365F43 
 1315      4C45414E 
 1316              	.LASF24:
 1317 00cd 6871635F 		.ascii	"hqc_decapsulate\000"
 1317      64656361 
 1317      7073756C 
 1317      61746500 
 1318              	.LASF28:
 1319 00dd 5051434C 		.ascii	"PQCLEAN_HQC256_CLEAN_crypto_kem_enc\000"
ARM GAS  C:\Users\bogurad\AppData\Local\Temp\ccQIOfbe.s 			page 26


 1319      45414E5F 
 1319      48514332 
 1319      35365F43 
 1319      4C45414E 
 1320              	.LASF10:
 1321 0101 756E7369 		.ascii	"unsigned char\000"
 1321      676E6564 
 1321      20636861 
 1321      7200
 1322              	.LASF13:
 1323 010f 6C6F6E67 		.ascii	"long unsigned int\000"
 1323      20756E73 
 1323      69676E65 
 1323      6420696E 
 1323      7400
 1324              	.LASF6:
 1325 0121 73686F72 		.ascii	"short unsigned int\000"
 1325      7420756E 
 1325      7369676E 
 1325      65642069 
 1325      6E7400
 1326              	.LASF21:
 1327 0134 73656375 		.ascii	"security_level\000"
 1327      72697479 
 1327      5F6C6576 
 1327      656C00
 1328              	.LASF15:
 1329 0143 6871635F 		.ascii	"hqc_get_public_key_size\000"
 1329      6765745F 
 1329      7075626C 
 1329      69635F6B 
 1329      65795F73 
 1330              	.LASF26:
 1331 015b 69735F69 		.ascii	"is_initialized\000"
 1331      6E697469 
 1331      616C697A 
 1331      656400
 1332              	.LASF17:
 1333 016a 6871635F 		.ascii	"hqc_get_ciphertext_size\000"
 1333      6765745F 
 1333      63697068 
 1333      65727465 
 1333      78745F73 
 1334              	.LASF4:
 1335 0182 4851435F 		.ascii	"HQC_SECURITY_192\000"
 1335      53454355 
 1335      52495459 
 1335      5F313932 
 1335      00
 1336              	.LASF27:
 1337 0193 5051434C 		.ascii	"PQCLEAN_HQC256_CLEAN_crypto_kem_keypair\000"
 1337      45414E5F 
 1337      48514332 
 1337      35365F43 
 1337      4C45414E 
 1338              	.LASF20:
 1339 01bb 6871635F 		.ascii	"hqc_keypair\000"
ARM GAS  C:\Users\bogurad\AppData\Local\Temp\ccQIOfbe.s 			page 27


 1339      6B657970 
 1339      61697200 
 1340              	.LASF0:
 1341 01c7 756E7369 		.ascii	"unsigned int\000"
 1341      676E6564 
 1341      20696E74 
 1341      00
 1342              	.LASF25:
 1343 01d4 63757272 		.ascii	"current_security_level\000"
 1343      656E745F 
 1343      73656375 
 1343      72697479 
 1343      5F6C6576 
 1344              	.LASF14:
 1345 01eb 6C6F6E67 		.ascii	"long long unsigned int\000"
 1345      206C6F6E 
 1345      6720756E 
 1345      7369676E 
 1345      65642069 
 1346              	.LASF18:
 1347 0202 6871635F 		.ascii	"hqc_get_shared_secret_size\000"
 1347      6765745F 
 1347      73686172 
 1347      65645F73 
 1347      65637265 
 1348              	.LASF23:
 1349 021d 72657375 		.ascii	"result\000"
 1349      6C7400
 1350              	.LASF30:
 1351 0224 474E5520 		.ascii	"GNU C11 5.4.1 20160609 (release) [ARM/embedded-5-br"
 1351      43313120 
 1351      352E342E 
 1351      31203230 
 1351      31363036 
 1352 0257 616E6368 		.ascii	"anch revision 237715] -mcpu=cortex-m4 -mfloat-abi=s"
 1352      20726576 
 1352      6973696F 
 1352      6E203233 
 1352      37373135 
 1353 028a 6F667466 		.ascii	"oftfp -mfpu=fpv4-sp-d16 -mthumb -g -Og -ffunction-s"
 1353      70202D6D 
 1353      6670753D 
 1353      66707634 
 1353      2D73702D 
 1354 02bd 65637469 		.ascii	"ections -ffat-lto-objects\000"
 1354      6F6E7320 
 1354      2D666661 
 1354      742D6C74 
 1354      6F2D6F62 
 1355              	.LASF22:
 1356 02d7 6871635F 		.ascii	"hqc_encapsulate\000"
 1356      656E6361 
 1356      7073756C 
 1356      61746500 
 1357              	.LASF1:
 1358 02e7 6C6F6E67 		.ascii	"long long int\000"
 1358      206C6F6E 
ARM GAS  C:\Users\bogurad\AppData\Local\Temp\ccQIOfbe.s 			page 28


 1358      6720696E 
 1358      7400
 1359              	.LASF5:
 1360 02f5 4851435F 		.ascii	"HQC_SECURITY_256\000"
 1360      53454355 
 1360      52495459 
 1360      5F323536 
 1360      00
 1361              	.LASF11:
 1362 0306 73686F72 		.ascii	"short int\000"
 1362      7420696E 
 1362      7400
 1363              	.LASF8:
 1364 0310 6871635F 		.ascii	"hqc_security_level_t\000"
 1364      73656375 
 1364      72697479 
 1364      5F6C6576 
 1364      656C5F74 
 1365              	.LASF3:
 1366 0325 4851435F 		.ascii	"HQC_SECURITY_128\000"
 1366      53454355 
 1366      52495459 
 1366      5F313238 
 1366      00
 1367              	.LASF12:
 1368 0336 6C6F6E67 		.ascii	"long int\000"
 1368      20696E74 
 1368      00
 1369              	.LASF2:
 1370 033f 6C6F6E67 		.ascii	"long double\000"
 1370      20646F75 
 1370      626C6500 
 1371              	.LASF9:
 1372 034b 7369676E 		.ascii	"signed char\000"
 1372      65642063 
 1372      68617200 
 1373              		.ident	"GCC: (GNU Tools for ARM Embedded Processors) 5.4.1 20160609 (release) [ARM/embedded-5-bran
