ARM GAS  C:\Users\bogur\AppData\Local\Temp\ccFlYRwD.s 			page 1


   1              		.syntax unified
   2              		.cpu cortex-m4
   3              		.eabi_attribute 27, 1
   4              		.fpu fpv4-sp-d16
   5              		.eabi_attribute 20, 1
   6              		.eabi_attribute 21, 1
   7              		.eabi_attribute 23, 3
   8              		.eabi_attribute 24, 1
   9              		.eabi_attribute 25, 1
  10              		.eabi_attribute 26, 1
  11              		.eabi_attribute 30, 1
  12              		.eabi_attribute 34, 1
  13              		.eabi_attribute 18, 4
  14              		.thumb
  15              		.syntax unified
  16              		.file	"main_cm4.c"
  17              		.text
  18              	.Ltext0:
  19              		.cfi_sections	.debug_frame
  20              		.section	.text.main,"ax",%progbits
  21              		.align	2
  22              		.global	main
  23              		.thumb
  24              		.thumb_func
  25              		.type	main, %function
  26              	main:
  27              	.LFB484:
  28              		.file 1 "main_cm4.c"
   1:main_cm4.c    **** /* ========================================
   2:main_cm4.c    ****  *
   3:main_cm4.c    ****  * Copyright YOUR COMPANY, THE YEAR
   4:main_cm4.c    ****  * All Rights Reserved
   5:main_cm4.c    ****  * UNPUBLISHED, LICENSED SOFTWARE.
   6:main_cm4.c    ****  *
   7:main_cm4.c    ****  * CONFIDENTIAL AND PROPRIETARY INFORMATION
   8:main_cm4.c    ****  * WHICH IS THE PROPERTY OF your company.
   9:main_cm4.c    ****  *
  10:main_cm4.c    ****  * ========================================
  11:main_cm4.c    **** */
  12:main_cm4.c    **** #include "project.h"
  13:main_cm4.c    **** #include "../Serial/uartTask.h"
  14:main_cm4.c    **** #include "project.h"
  15:main_cm4.c    **** #include "FreeRTOS.h"
  16:main_cm4.c    **** #include "FreeRTOSConfig.h"
  17:main_cm4.c    **** #include "task.h"
  18:main_cm4.c    **** #include "timers.h"
  19:main_cm4.c    **** #include "../hqc_wrapper.h"
  20:main_cm4.c    **** 
  21:main_cm4.c    **** int main(void)
  22:main_cm4.c    **** {
  29              		.loc 1 22 0
  30              		.cfi_startproc
  31              		@ Volatile: function does not return.
  32              		@ args = 0, pretend = 0, frame = 0
  33              		@ frame_needed = 0, uses_anonymous_args = 0
  34 0000 00B5     		push	{lr}
  35              		.cfi_def_cfa_offset 4
ARM GAS  C:\Users\bogur\AppData\Local\Temp\ccFlYRwD.s 			page 2


  36              		.cfi_offset 14, -4
  37 0002 83B0     		sub	sp, sp, #12
  38              		.cfi_def_cfa_offset 16
  39              	.LBB4:
  40              	.LBB5:
  41              		.file 2 "Generated_Source\\PSoC6\\pdl\\cmsis/include/cmsis_gcc.h"
   1:Generated_Source\PSoC6\pdl\cmsis/include/cmsis_gcc.h **** /**************************************************************************//**
   2:Generated_Source\PSoC6\pdl\cmsis/include/cmsis_gcc.h ****  * @file     cmsis_gcc.h
   3:Generated_Source\PSoC6\pdl\cmsis/include/cmsis_gcc.h ****  * @brief    CMSIS compiler GCC header file
   4:Generated_Source\PSoC6\pdl\cmsis/include/cmsis_gcc.h ****  * @version  V5.0.3
   5:Generated_Source\PSoC6\pdl\cmsis/include/cmsis_gcc.h ****  * @date     16. January 2018
   6:Generated_Source\PSoC6\pdl\cmsis/include/cmsis_gcc.h ****  ******************************************************************************/
   7:Generated_Source\PSoC6\pdl\cmsis/include/cmsis_gcc.h **** /*
   8:Generated_Source\PSoC6\pdl\cmsis/include/cmsis_gcc.h ****  * Copyright (c) 2009-2017 ARM Limited. All rights reserved.
   9:Generated_Source\PSoC6\pdl\cmsis/include/cmsis_gcc.h ****  *
  10:Generated_Source\PSoC6\pdl\cmsis/include/cmsis_gcc.h ****  * SPDX-License-Identifier: Apache-2.0
  11:Generated_Source\PSoC6\pdl\cmsis/include/cmsis_gcc.h ****  *
  12:Generated_Source\PSoC6\pdl\cmsis/include/cmsis_gcc.h ****  * Licensed under the Apache License, Version 2.0 (the License); you may
  13:Generated_Source\PSoC6\pdl\cmsis/include/cmsis_gcc.h ****  * not use this file except in compliance with the License.
  14:Generated_Source\PSoC6\pdl\cmsis/include/cmsis_gcc.h ****  * You may obtain a copy of the License at
  15:Generated_Source\PSoC6\pdl\cmsis/include/cmsis_gcc.h ****  *
  16:Generated_Source\PSoC6\pdl\cmsis/include/cmsis_gcc.h ****  * www.apache.org/licenses/LICENSE-2.0
  17:Generated_Source\PSoC6\pdl\cmsis/include/cmsis_gcc.h ****  *
  18:Generated_Source\PSoC6\pdl\cmsis/include/cmsis_gcc.h ****  * Unless required by applicable law or agreed to in writing, software
  19:Generated_Source\PSoC6\pdl\cmsis/include/cmsis_gcc.h ****  * distributed under the License is distributed on an AS IS BASIS, WITHOUT
  20:Generated_Source\PSoC6\pdl\cmsis/include/cmsis_gcc.h ****  * WARRANTIES OR CONDITIONS OF ANY KIND, either express or implied.
  21:Generated_Source\PSoC6\pdl\cmsis/include/cmsis_gcc.h ****  * See the License for the specific language governing permissions and
  22:Generated_Source\PSoC6\pdl\cmsis/include/cmsis_gcc.h ****  * limitations under the License.
  23:Generated_Source\PSoC6\pdl\cmsis/include/cmsis_gcc.h ****  */
  24:Generated_Source\PSoC6\pdl\cmsis/include/cmsis_gcc.h **** 
  25:Generated_Source\PSoC6\pdl\cmsis/include/cmsis_gcc.h **** #ifndef __CMSIS_GCC_H
  26:Generated_Source\PSoC6\pdl\cmsis/include/cmsis_gcc.h **** #define __CMSIS_GCC_H
  27:Generated_Source\PSoC6\pdl\cmsis/include/cmsis_gcc.h **** 
  28:Generated_Source\PSoC6\pdl\cmsis/include/cmsis_gcc.h **** /* ignore some GCC warnings */
  29:Generated_Source\PSoC6\pdl\cmsis/include/cmsis_gcc.h **** #pragma GCC diagnostic push
  30:Generated_Source\PSoC6\pdl\cmsis/include/cmsis_gcc.h **** #pragma GCC diagnostic ignored "-Wsign-conversion"
  31:Generated_Source\PSoC6\pdl\cmsis/include/cmsis_gcc.h **** #pragma GCC diagnostic ignored "-Wconversion"
  32:Generated_Source\PSoC6\pdl\cmsis/include/cmsis_gcc.h **** #pragma GCC diagnostic ignored "-Wunused-parameter"
  33:Generated_Source\PSoC6\pdl\cmsis/include/cmsis_gcc.h **** 
  34:Generated_Source\PSoC6\pdl\cmsis/include/cmsis_gcc.h **** /* Fallback for __has_builtin */
  35:Generated_Source\PSoC6\pdl\cmsis/include/cmsis_gcc.h **** #ifndef __has_builtin
  36:Generated_Source\PSoC6\pdl\cmsis/include/cmsis_gcc.h ****   #define __has_builtin(x) (0)
  37:Generated_Source\PSoC6\pdl\cmsis/include/cmsis_gcc.h **** #endif
  38:Generated_Source\PSoC6\pdl\cmsis/include/cmsis_gcc.h **** 
  39:Generated_Source\PSoC6\pdl\cmsis/include/cmsis_gcc.h **** /* CMSIS compiler specific defines */
  40:Generated_Source\PSoC6\pdl\cmsis/include/cmsis_gcc.h **** #ifndef   __ASM
  41:Generated_Source\PSoC6\pdl\cmsis/include/cmsis_gcc.h ****   #define __ASM                                  __asm
  42:Generated_Source\PSoC6\pdl\cmsis/include/cmsis_gcc.h **** #endif
  43:Generated_Source\PSoC6\pdl\cmsis/include/cmsis_gcc.h **** #ifndef   __INLINE
  44:Generated_Source\PSoC6\pdl\cmsis/include/cmsis_gcc.h ****   #define __INLINE                               inline
  45:Generated_Source\PSoC6\pdl\cmsis/include/cmsis_gcc.h **** #endif
  46:Generated_Source\PSoC6\pdl\cmsis/include/cmsis_gcc.h **** #ifndef   __STATIC_INLINE
  47:Generated_Source\PSoC6\pdl\cmsis/include/cmsis_gcc.h ****   #define __STATIC_INLINE                        static inline
  48:Generated_Source\PSoC6\pdl\cmsis/include/cmsis_gcc.h **** #endif
  49:Generated_Source\PSoC6\pdl\cmsis/include/cmsis_gcc.h **** #ifndef   __STATIC_FORCEINLINE                 
  50:Generated_Source\PSoC6\pdl\cmsis/include/cmsis_gcc.h ****   #define __STATIC_FORCEINLINE                   __attribute__((always_inline)) static inline
  51:Generated_Source\PSoC6\pdl\cmsis/include/cmsis_gcc.h **** #endif                                           
ARM GAS  C:\Users\bogur\AppData\Local\Temp\ccFlYRwD.s 			page 3


  52:Generated_Source\PSoC6\pdl\cmsis/include/cmsis_gcc.h **** #ifndef   __NO_RETURN
  53:Generated_Source\PSoC6\pdl\cmsis/include/cmsis_gcc.h ****   #define __NO_RETURN                            __attribute__((__noreturn__))
  54:Generated_Source\PSoC6\pdl\cmsis/include/cmsis_gcc.h **** #endif
  55:Generated_Source\PSoC6\pdl\cmsis/include/cmsis_gcc.h **** #ifndef   __USED
  56:Generated_Source\PSoC6\pdl\cmsis/include/cmsis_gcc.h ****   #define __USED                                 __attribute__((used))
  57:Generated_Source\PSoC6\pdl\cmsis/include/cmsis_gcc.h **** #endif
  58:Generated_Source\PSoC6\pdl\cmsis/include/cmsis_gcc.h **** #ifndef   __WEAK
  59:Generated_Source\PSoC6\pdl\cmsis/include/cmsis_gcc.h ****   #define __WEAK                                 __attribute__((weak))
  60:Generated_Source\PSoC6\pdl\cmsis/include/cmsis_gcc.h **** #endif
  61:Generated_Source\PSoC6\pdl\cmsis/include/cmsis_gcc.h **** #ifndef   __PACKED
  62:Generated_Source\PSoC6\pdl\cmsis/include/cmsis_gcc.h ****   #define __PACKED                               __attribute__((packed, aligned(1)))
  63:Generated_Source\PSoC6\pdl\cmsis/include/cmsis_gcc.h **** #endif
  64:Generated_Source\PSoC6\pdl\cmsis/include/cmsis_gcc.h **** #ifndef   __PACKED_STRUCT
  65:Generated_Source\PSoC6\pdl\cmsis/include/cmsis_gcc.h ****   #define __PACKED_STRUCT                        struct __attribute__((packed, aligned(1)))
  66:Generated_Source\PSoC6\pdl\cmsis/include/cmsis_gcc.h **** #endif
  67:Generated_Source\PSoC6\pdl\cmsis/include/cmsis_gcc.h **** #ifndef   __PACKED_UNION
  68:Generated_Source\PSoC6\pdl\cmsis/include/cmsis_gcc.h ****   #define __PACKED_UNION                         union __attribute__((packed, aligned(1)))
  69:Generated_Source\PSoC6\pdl\cmsis/include/cmsis_gcc.h **** #endif
  70:Generated_Source\PSoC6\pdl\cmsis/include/cmsis_gcc.h **** #ifndef   __UNALIGNED_UINT32        /* deprecated */
  71:Generated_Source\PSoC6\pdl\cmsis/include/cmsis_gcc.h ****   #pragma GCC diagnostic push
  72:Generated_Source\PSoC6\pdl\cmsis/include/cmsis_gcc.h ****   #pragma GCC diagnostic ignored "-Wpacked"
  73:Generated_Source\PSoC6\pdl\cmsis/include/cmsis_gcc.h ****   #pragma GCC diagnostic ignored "-Wattributes"
  74:Generated_Source\PSoC6\pdl\cmsis/include/cmsis_gcc.h ****   struct __attribute__((packed)) T_UINT32 { uint32_t v; };
  75:Generated_Source\PSoC6\pdl\cmsis/include/cmsis_gcc.h ****   #pragma GCC diagnostic pop
  76:Generated_Source\PSoC6\pdl\cmsis/include/cmsis_gcc.h ****   #define __UNALIGNED_UINT32(x)                  (((struct T_UINT32 *)(x))->v)
  77:Generated_Source\PSoC6\pdl\cmsis/include/cmsis_gcc.h **** #endif
  78:Generated_Source\PSoC6\pdl\cmsis/include/cmsis_gcc.h **** #ifndef   __UNALIGNED_UINT16_WRITE
  79:Generated_Source\PSoC6\pdl\cmsis/include/cmsis_gcc.h ****   #pragma GCC diagnostic push
  80:Generated_Source\PSoC6\pdl\cmsis/include/cmsis_gcc.h ****   #pragma GCC diagnostic ignored "-Wpacked"
  81:Generated_Source\PSoC6\pdl\cmsis/include/cmsis_gcc.h ****   #pragma GCC diagnostic ignored "-Wattributes"
  82:Generated_Source\PSoC6\pdl\cmsis/include/cmsis_gcc.h ****   __PACKED_STRUCT T_UINT16_WRITE { uint16_t v; };
  83:Generated_Source\PSoC6\pdl\cmsis/include/cmsis_gcc.h ****   #pragma GCC diagnostic pop
  84:Generated_Source\PSoC6\pdl\cmsis/include/cmsis_gcc.h ****   #define __UNALIGNED_UINT16_WRITE(addr, val)    (void)((((struct T_UINT16_WRITE *)(void *)(addr))-
  85:Generated_Source\PSoC6\pdl\cmsis/include/cmsis_gcc.h **** #endif
  86:Generated_Source\PSoC6\pdl\cmsis/include/cmsis_gcc.h **** #ifndef   __UNALIGNED_UINT16_READ
  87:Generated_Source\PSoC6\pdl\cmsis/include/cmsis_gcc.h ****   #pragma GCC diagnostic push
  88:Generated_Source\PSoC6\pdl\cmsis/include/cmsis_gcc.h ****   #pragma GCC diagnostic ignored "-Wpacked"
  89:Generated_Source\PSoC6\pdl\cmsis/include/cmsis_gcc.h ****   #pragma GCC diagnostic ignored "-Wattributes"
  90:Generated_Source\PSoC6\pdl\cmsis/include/cmsis_gcc.h ****   __PACKED_STRUCT T_UINT16_READ { uint16_t v; };
  91:Generated_Source\PSoC6\pdl\cmsis/include/cmsis_gcc.h ****   #pragma GCC diagnostic pop
  92:Generated_Source\PSoC6\pdl\cmsis/include/cmsis_gcc.h ****   #define __UNALIGNED_UINT16_READ(addr)          (((const struct T_UINT16_READ *)(const void *)(add
  93:Generated_Source\PSoC6\pdl\cmsis/include/cmsis_gcc.h **** #endif
  94:Generated_Source\PSoC6\pdl\cmsis/include/cmsis_gcc.h **** #ifndef   __UNALIGNED_UINT32_WRITE
  95:Generated_Source\PSoC6\pdl\cmsis/include/cmsis_gcc.h ****   #pragma GCC diagnostic push
  96:Generated_Source\PSoC6\pdl\cmsis/include/cmsis_gcc.h ****   #pragma GCC diagnostic ignored "-Wpacked"
  97:Generated_Source\PSoC6\pdl\cmsis/include/cmsis_gcc.h ****   #pragma GCC diagnostic ignored "-Wattributes"
  98:Generated_Source\PSoC6\pdl\cmsis/include/cmsis_gcc.h ****   __PACKED_STRUCT T_UINT32_WRITE { uint32_t v; };
  99:Generated_Source\PSoC6\pdl\cmsis/include/cmsis_gcc.h ****   #pragma GCC diagnostic pop
 100:Generated_Source\PSoC6\pdl\cmsis/include/cmsis_gcc.h ****   #define __UNALIGNED_UINT32_WRITE(addr, val)    (void)((((struct T_UINT32_WRITE *)(void *)(addr))-
 101:Generated_Source\PSoC6\pdl\cmsis/include/cmsis_gcc.h **** #endif
 102:Generated_Source\PSoC6\pdl\cmsis/include/cmsis_gcc.h **** #ifndef   __UNALIGNED_UINT32_READ
 103:Generated_Source\PSoC6\pdl\cmsis/include/cmsis_gcc.h ****   #pragma GCC diagnostic push
 104:Generated_Source\PSoC6\pdl\cmsis/include/cmsis_gcc.h ****   #pragma GCC diagnostic ignored "-Wpacked"
 105:Generated_Source\PSoC6\pdl\cmsis/include/cmsis_gcc.h ****   #pragma GCC diagnostic ignored "-Wattributes"
 106:Generated_Source\PSoC6\pdl\cmsis/include/cmsis_gcc.h ****   __PACKED_STRUCT T_UINT32_READ { uint32_t v; };
 107:Generated_Source\PSoC6\pdl\cmsis/include/cmsis_gcc.h ****   #pragma GCC diagnostic pop
 108:Generated_Source\PSoC6\pdl\cmsis/include/cmsis_gcc.h ****   #define __UNALIGNED_UINT32_READ(addr)          (((const struct T_UINT32_READ *)(const void *)(add
ARM GAS  C:\Users\bogur\AppData\Local\Temp\ccFlYRwD.s 			page 4


 109:Generated_Source\PSoC6\pdl\cmsis/include/cmsis_gcc.h **** #endif
 110:Generated_Source\PSoC6\pdl\cmsis/include/cmsis_gcc.h **** #ifndef   __ALIGNED
 111:Generated_Source\PSoC6\pdl\cmsis/include/cmsis_gcc.h ****   #define __ALIGNED(x)                           __attribute__((aligned(x)))
 112:Generated_Source\PSoC6\pdl\cmsis/include/cmsis_gcc.h **** #endif
 113:Generated_Source\PSoC6\pdl\cmsis/include/cmsis_gcc.h **** #ifndef   __RESTRICT
 114:Generated_Source\PSoC6\pdl\cmsis/include/cmsis_gcc.h ****   #define __RESTRICT                             __restrict
 115:Generated_Source\PSoC6\pdl\cmsis/include/cmsis_gcc.h **** #endif
 116:Generated_Source\PSoC6\pdl\cmsis/include/cmsis_gcc.h **** 
 117:Generated_Source\PSoC6\pdl\cmsis/include/cmsis_gcc.h **** 
 118:Generated_Source\PSoC6\pdl\cmsis/include/cmsis_gcc.h **** /* ###########################  Core Function Access  ########################### */
 119:Generated_Source\PSoC6\pdl\cmsis/include/cmsis_gcc.h **** /** \ingroup  CMSIS_Core_FunctionInterface
 120:Generated_Source\PSoC6\pdl\cmsis/include/cmsis_gcc.h ****     \defgroup CMSIS_Core_RegAccFunctions CMSIS Core Register Access Functions
 121:Generated_Source\PSoC6\pdl\cmsis/include/cmsis_gcc.h ****   @{
 122:Generated_Source\PSoC6\pdl\cmsis/include/cmsis_gcc.h ****  */
 123:Generated_Source\PSoC6\pdl\cmsis/include/cmsis_gcc.h **** 
 124:Generated_Source\PSoC6\pdl\cmsis/include/cmsis_gcc.h **** /**
 125:Generated_Source\PSoC6\pdl\cmsis/include/cmsis_gcc.h ****   \brief   Enable IRQ Interrupts
 126:Generated_Source\PSoC6\pdl\cmsis/include/cmsis_gcc.h ****   \details Enables IRQ interrupts by clearing the I-bit in the CPSR.
 127:Generated_Source\PSoC6\pdl\cmsis/include/cmsis_gcc.h ****            Can only be executed in Privileged modes.
 128:Generated_Source\PSoC6\pdl\cmsis/include/cmsis_gcc.h ****  */
 129:Generated_Source\PSoC6\pdl\cmsis/include/cmsis_gcc.h **** __STATIC_FORCEINLINE void __enable_irq(void)
 130:Generated_Source\PSoC6\pdl\cmsis/include/cmsis_gcc.h **** {
 131:Generated_Source\PSoC6\pdl\cmsis/include/cmsis_gcc.h ****   __ASM volatile ("cpsie i" : : : "memory");
  42              		.loc 2 131 0
  43              		.syntax unified
  44              	@ 131 "Generated_Source\PSoC6\pdl\cmsis/include/cmsis_gcc.h" 1
  45 0004 62B6     		cpsie i
  46              	@ 0 "" 2
  47              		.thumb
  48              		.syntax unified
  49              	.LBE5:
  50              	.LBE4:
  23:main_cm4.c    ****     __enable_irq(); /* Enable global interrupts. */
  24:main_cm4.c    **** 
  25:main_cm4.c    ****     /* Place your initialization/startup code here (e.g. MyInst_Start()) */
  26:main_cm4.c    ****     xTaskCreate ( uartTask, "UART Task", 400, 0, 2, 0);
  51              		.loc 1 26 0
  52 0006 0023     		movs	r3, #0
  53 0008 0193     		str	r3, [sp, #4]
  54 000a 0222     		movs	r2, #2
  55 000c 0092     		str	r2, [sp]
  56 000e 4FF4C872 		mov	r2, #400
  57 0012 0349     		ldr	r1, .L4
  58 0014 0348     		ldr	r0, .L4+4
  59 0016 FFF7FEFF 		bl	xTaskCreate
  60              	.LVL0:
  27:main_cm4.c    ****     vTaskStartScheduler(); // This function never returns
  61              		.loc 1 27 0
  62 001a FFF7FEFF 		bl	vTaskStartScheduler
  63              	.LVL1:
  64              	.L2:
  65 001e FEE7     		b	.L2
  66              	.L5:
  67              		.align	2
  68              	.L4:
  69 0020 00000000 		.word	.LC0
  70 0024 00000000 		.word	uartTask
ARM GAS  C:\Users\bogur\AppData\Local\Temp\ccFlYRwD.s 			page 5


  71              		.cfi_endproc
  72              	.LFE484:
  73              		.size	main, .-main
  74              		.section	.rodata.str1.4,"aMS",%progbits,1
  75              		.align	2
  76              	.LC0:
  77 0000 55415254 		.ascii	"UART Task\000"
  77      20546173 
  77      6B00
  78              		.text
  79              	.Letext0:
  80              		.file 3 "c:\\program files (x86)\\cypress\\psoc creator\\4.4\\psoc creator\\import\\gnu\\arm\\5.4.
  81              		.file 4 "c:\\program files (x86)\\cypress\\psoc creator\\4.4\\psoc creator\\import\\gnu\\arm\\5.4.
  82              		.file 5 "Generated_Source\\PSoC6\\pdl\\drivers/peripheral/device/cy_device.h"
  83              		.file 6 "Generated_Source\\PSoC6\\pdl\\drivers/peripheral/scb/cy_scb_uart.h"
  84              		.file 7 "Generated_Source\\PSoC6\\pdl\\cmsis/include/core_cm4.h"
  85              		.file 8 "Generated_Source\\PSoC6/UART.h"
  86              		.file 9 "Generated_Source\\PSoC6\\pdl\\rtos/FreeRTOS/10.0.1/Source/include/task.h"
  87              		.section	.debug_info,"",%progbits
  88              	.Ldebug_info0:
  89 0000 C3060000 		.4byte	0x6c3
  90 0004 0400     		.2byte	0x4
  91 0006 00000000 		.4byte	.Ldebug_abbrev0
  92 000a 04       		.byte	0x4
  93 000b 01       		.uleb128 0x1
  94 000c 5A050000 		.4byte	.LASF133
  95 0010 0C       		.byte	0xc
  96 0011 A7080000 		.4byte	.LASF134
  97 0015 2C030000 		.4byte	.LASF135
  98 0019 00000000 		.4byte	.Ldebug_ranges0+0
  99 001d 00000000 		.4byte	0
 100 0021 00000000 		.4byte	.Ldebug_line0
 101 0025 02       		.uleb128 0x2
 102 0026 02       		.byte	0x2
 103 0027 05       		.byte	0x5
 104 0028 99060000 		.4byte	.LASF0
 105 002c 02       		.uleb128 0x2
 106 002d 01       		.byte	0x1
 107 002e 06       		.byte	0x6
 108 002f 73010000 		.4byte	.LASF1
 109 0033 03       		.uleb128 0x3
 110 0034 94000000 		.4byte	.LASF3
 111 0038 03       		.byte	0x3
 112 0039 1D       		.byte	0x1d
 113 003a 3E000000 		.4byte	0x3e
 114 003e 02       		.uleb128 0x2
 115 003f 01       		.byte	0x1
 116 0040 08       		.byte	0x8
 117 0041 77060000 		.4byte	.LASF2
 118 0045 03       		.uleb128 0x3
 119 0046 9E020000 		.4byte	.LASF4
 120 004a 03       		.byte	0x3
 121 004b 29       		.byte	0x29
 122 004c 25000000 		.4byte	0x25
 123 0050 03       		.uleb128 0x3
 124 0051 1E070000 		.4byte	.LASF5
 125 0055 03       		.byte	0x3
ARM GAS  C:\Users\bogur\AppData\Local\Temp\ccFlYRwD.s 			page 6


 126 0056 2B       		.byte	0x2b
 127 0057 5B000000 		.4byte	0x5b
 128 005b 02       		.uleb128 0x2
 129 005c 02       		.byte	0x2
 130 005d 07       		.byte	0x7
 131 005e 73070000 		.4byte	.LASF6
 132 0062 03       		.uleb128 0x3
 133 0063 3C070000 		.4byte	.LASF7
 134 0067 03       		.byte	0x3
 135 0068 3F       		.byte	0x3f
 136 0069 6D000000 		.4byte	0x6d
 137 006d 02       		.uleb128 0x2
 138 006e 04       		.byte	0x4
 139 006f 05       		.byte	0x5
 140 0070 D6010000 		.4byte	.LASF8
 141 0074 03       		.uleb128 0x3
 142 0075 6F020000 		.4byte	.LASF9
 143 0079 03       		.byte	0x3
 144 007a 41       		.byte	0x41
 145 007b 7F000000 		.4byte	0x7f
 146 007f 02       		.uleb128 0x2
 147 0080 04       		.byte	0x4
 148 0081 07       		.byte	0x7
 149 0082 88030000 		.4byte	.LASF10
 150 0086 02       		.uleb128 0x2
 151 0087 08       		.byte	0x8
 152 0088 05       		.byte	0x5
 153 0089 65010000 		.4byte	.LASF11
 154 008d 02       		.uleb128 0x2
 155 008e 08       		.byte	0x8
 156 008f 07       		.byte	0x7
 157 0090 E3000000 		.4byte	.LASF12
 158 0094 04       		.uleb128 0x4
 159 0095 04       		.byte	0x4
 160 0096 05       		.byte	0x5
 161 0097 696E7400 		.ascii	"int\000"
 162 009b 02       		.uleb128 0x2
 163 009c 04       		.byte	0x4
 164 009d 07       		.byte	0x7
 165 009e F0020000 		.4byte	.LASF13
 166 00a2 03       		.uleb128 0x3
 167 00a3 08080000 		.4byte	.LASF14
 168 00a7 04       		.byte	0x4
 169 00a8 18       		.byte	0x18
 170 00a9 33000000 		.4byte	0x33
 171 00ad 03       		.uleb128 0x3
 172 00ae 5D010000 		.4byte	.LASF15
 173 00b2 04       		.byte	0x4
 174 00b3 20       		.byte	0x20
 175 00b4 45000000 		.4byte	0x45
 176 00b8 03       		.uleb128 0x3
 177 00b9 FD020000 		.4byte	.LASF16
 178 00bd 04       		.byte	0x4
 179 00be 24       		.byte	0x24
 180 00bf 50000000 		.4byte	0x50
 181 00c3 03       		.uleb128 0x3
 182 00c4 6F060000 		.4byte	.LASF17
ARM GAS  C:\Users\bogur\AppData\Local\Temp\ccFlYRwD.s 			page 7


 183 00c8 04       		.byte	0x4
 184 00c9 2C       		.byte	0x2c
 185 00ca 62000000 		.4byte	0x62
 186 00ce 03       		.uleb128 0x3
 187 00cf D5060000 		.4byte	.LASF18
 188 00d3 04       		.byte	0x4
 189 00d4 30       		.byte	0x30
 190 00d5 74000000 		.4byte	0x74
 191 00d9 02       		.uleb128 0x2
 192 00da 04       		.byte	0x4
 193 00db 07       		.byte	0x7
 194 00dc B8040000 		.4byte	.LASF19
 195 00e0 05       		.uleb128 0x5
 196 00e1 CE000000 		.4byte	0xce
 197 00e5 02       		.uleb128 0x2
 198 00e6 08       		.byte	0x8
 199 00e7 04       		.byte	0x4
 200 00e8 F3060000 		.4byte	.LASF20
 201 00ec 06       		.uleb128 0x6
 202 00ed B8       		.byte	0xb8
 203 00ee 05       		.byte	0x5
 204 00ef 34       		.byte	0x34
 205 00f0 FD040000 		.4byte	0x4fd
 206 00f4 07       		.uleb128 0x7
 207 00f5 CA000000 		.4byte	.LASF21
 208 00f9 05       		.byte	0x5
 209 00fa 37       		.byte	0x37
 210 00fb CE000000 		.4byte	0xce
 211 00ff 00       		.byte	0
 212 0100 07       		.uleb128 0x7
 213 0101 64020000 		.4byte	.LASF22
 214 0105 05       		.byte	0x5
 215 0106 38       		.byte	0x38
 216 0107 CE000000 		.4byte	0xce
 217 010b 04       		.byte	0x4
 218 010c 07       		.uleb128 0x7
 219 010d ED010000 		.4byte	.LASF23
 220 0111 05       		.byte	0x5
 221 0112 39       		.byte	0x39
 222 0113 CE000000 		.4byte	0xce
 223 0117 08       		.byte	0x8
 224 0118 07       		.uleb128 0x7
 225 0119 61060000 		.4byte	.LASF24
 226 011d 05       		.byte	0x5
 227 011e 3A       		.byte	0x3a
 228 011f CE000000 		.4byte	0xce
 229 0123 0C       		.byte	0xc
 230 0124 07       		.uleb128 0x7
 231 0125 94010000 		.4byte	.LASF25
 232 0129 05       		.byte	0x5
 233 012a 3B       		.byte	0x3b
 234 012b CE000000 		.4byte	0xce
 235 012f 10       		.byte	0x10
 236 0130 07       		.uleb128 0x7
 237 0131 CC010000 		.4byte	.LASF26
 238 0135 05       		.byte	0x5
 239 0136 3C       		.byte	0x3c
ARM GAS  C:\Users\bogur\AppData\Local\Temp\ccFlYRwD.s 			page 8


 240 0137 CE000000 		.4byte	0xce
 241 013b 14       		.byte	0x14
 242 013c 07       		.uleb128 0x7
 243 013d D1030000 		.4byte	.LASF27
 244 0141 05       		.byte	0x5
 245 0142 3D       		.byte	0x3d
 246 0143 CE000000 		.4byte	0xce
 247 0147 18       		.byte	0x18
 248 0148 07       		.uleb128 0x7
 249 0149 7D000000 		.4byte	.LASF28
 250 014d 05       		.byte	0x5
 251 014e 3E       		.byte	0x3e
 252 014f CE000000 		.4byte	0xce
 253 0153 1C       		.byte	0x1c
 254 0154 07       		.uleb128 0x7
 255 0155 71080000 		.4byte	.LASF29
 256 0159 05       		.byte	0x5
 257 015a 3F       		.byte	0x3f
 258 015b CE000000 		.4byte	0xce
 259 015f 20       		.byte	0x20
 260 0160 07       		.uleb128 0x7
 261 0161 35050000 		.4byte	.LASF30
 262 0165 05       		.byte	0x5
 263 0166 40       		.byte	0x40
 264 0167 CE000000 		.4byte	0xce
 265 016b 24       		.byte	0x24
 266 016c 07       		.uleb128 0x7
 267 016d 8A040000 		.4byte	.LASF31
 268 0171 05       		.byte	0x5
 269 0172 43       		.byte	0x43
 270 0173 A2000000 		.4byte	0xa2
 271 0177 28       		.byte	0x28
 272 0178 07       		.uleb128 0x7
 273 0179 63000000 		.4byte	.LASF32
 274 017d 05       		.byte	0x5
 275 017e 44       		.byte	0x44
 276 017f A2000000 		.4byte	0xa2
 277 0183 29       		.byte	0x29
 278 0184 07       		.uleb128 0x7
 279 0185 67080000 		.4byte	.LASF33
 280 0189 05       		.byte	0x5
 281 018a 45       		.byte	0x45
 282 018b A2000000 		.4byte	0xa2
 283 018f 2A       		.byte	0x2a
 284 0190 07       		.uleb128 0x7
 285 0191 27050000 		.4byte	.LASF34
 286 0195 05       		.byte	0x5
 287 0196 46       		.byte	0x46
 288 0197 A2000000 		.4byte	0xa2
 289 019b 2B       		.byte	0x2b
 290 019c 07       		.uleb128 0x7
 291 019d 21040000 		.4byte	.LASF35
 292 01a1 05       		.byte	0x5
 293 01a2 47       		.byte	0x47
 294 01a3 A2000000 		.4byte	0xa2
 295 01a7 2C       		.byte	0x2c
 296 01a8 07       		.uleb128 0x7
ARM GAS  C:\Users\bogur\AppData\Local\Temp\ccFlYRwD.s 			page 9


 297 01a9 46070000 		.4byte	.LASF36
 298 01ad 05       		.byte	0x5
 299 01ae 48       		.byte	0x48
 300 01af A2000000 		.4byte	0xa2
 301 01b3 2D       		.byte	0x2d
 302 01b4 07       		.uleb128 0x7
 303 01b5 9D010000 		.4byte	.LASF37
 304 01b9 05       		.byte	0x5
 305 01ba 49       		.byte	0x49
 306 01bb A2000000 		.4byte	0xa2
 307 01bf 2E       		.byte	0x2e
 308 01c0 07       		.uleb128 0x7
 309 01c1 97040000 		.4byte	.LASF38
 310 01c5 05       		.byte	0x5
 311 01c6 4A       		.byte	0x4a
 312 01c7 A2000000 		.4byte	0xa2
 313 01cb 2F       		.byte	0x2f
 314 01cc 07       		.uleb128 0x7
 315 01cd 04070000 		.4byte	.LASF39
 316 01d1 05       		.byte	0x5
 317 01d2 4B       		.byte	0x4b
 318 01d3 A2000000 		.4byte	0xa2
 319 01d7 30       		.byte	0x30
 320 01d8 07       		.uleb128 0x7
 321 01d9 C6030000 		.4byte	.LASF40
 322 01dd 05       		.byte	0x5
 323 01de 4E       		.byte	0x4e
 324 01df A2000000 		.4byte	0xa2
 325 01e3 31       		.byte	0x31
 326 01e4 07       		.uleb128 0x7
 327 01e5 86000000 		.4byte	.LASF41
 328 01e9 05       		.byte	0x5
 329 01ea 4F       		.byte	0x4f
 330 01eb A2000000 		.4byte	0xa2
 331 01ef 32       		.byte	0x32
 332 01f0 07       		.uleb128 0x7
 333 01f1 E4020000 		.4byte	.LASF42
 334 01f5 05       		.byte	0x5
 335 01f6 50       		.byte	0x50
 336 01f7 A2000000 		.4byte	0xa2
 337 01fb 33       		.byte	0x33
 338 01fc 07       		.uleb128 0x7
 339 01fd CC040000 		.4byte	.LASF43
 340 0201 05       		.byte	0x5
 341 0202 51       		.byte	0x51
 342 0203 A2000000 		.4byte	0xa2
 343 0207 34       		.byte	0x34
 344 0208 07       		.uleb128 0x7
 345 0209 9D070000 		.4byte	.LASF44
 346 020d 05       		.byte	0x5
 347 020e 52       		.byte	0x52
 348 020f AD000000 		.4byte	0xad
 349 0213 36       		.byte	0x36
 350 0214 07       		.uleb128 0x7
 351 0215 07020000 		.4byte	.LASF45
 352 0219 05       		.byte	0x5
 353 021a 53       		.byte	0x53
ARM GAS  C:\Users\bogur\AppData\Local\Temp\ccFlYRwD.s 			page 10


 354 021b AD000000 		.4byte	0xad
 355 021f 38       		.byte	0x38
 356 0220 07       		.uleb128 0x7
 357 0221 E3070000 		.4byte	.LASF46
 358 0225 05       		.byte	0x5
 359 0226 54       		.byte	0x54
 360 0227 AD000000 		.4byte	0xad
 361 022b 3A       		.byte	0x3a
 362 022c 07       		.uleb128 0x7
 363 022d BD010000 		.4byte	.LASF47
 364 0231 05       		.byte	0x5
 365 0232 55       		.byte	0x55
 366 0233 A2000000 		.4byte	0xa2
 367 0237 3C       		.byte	0x3c
 368 0238 07       		.uleb128 0x7
 369 0239 2E020000 		.4byte	.LASF48
 370 023d 05       		.byte	0x5
 371 023e 56       		.byte	0x56
 372 023f A2000000 		.4byte	0xa2
 373 0243 3D       		.byte	0x3d
 374 0244 07       		.uleb128 0x7
 375 0245 B7060000 		.4byte	.LASF49
 376 0249 05       		.byte	0x5
 377 024a 57       		.byte	0x57
 378 024b A2000000 		.4byte	0xa2
 379 024f 3E       		.byte	0x3e
 380 0250 07       		.uleb128 0x7
 381 0251 71000000 		.4byte	.LASF50
 382 0255 05       		.byte	0x5
 383 0256 58       		.byte	0x58
 384 0257 A2000000 		.4byte	0xa2
 385 025b 3F       		.byte	0x3f
 386 025c 07       		.uleb128 0x7
 387 025d 40050000 		.4byte	.LASF51
 388 0261 05       		.byte	0x5
 389 0262 59       		.byte	0x59
 390 0263 A2000000 		.4byte	0xa2
 391 0267 40       		.byte	0x40
 392 0268 07       		.uleb128 0x7
 393 0269 7A020000 		.4byte	.LASF52
 394 026d 05       		.byte	0x5
 395 026e 5A       		.byte	0x5a
 396 026f A2000000 		.4byte	0xa2
 397 0273 41       		.byte	0x41
 398 0274 07       		.uleb128 0x7
 399 0275 43040000 		.4byte	.LASF53
 400 0279 05       		.byte	0x5
 401 027a 5B       		.byte	0x5b
 402 027b A2000000 		.4byte	0xa2
 403 027f 42       		.byte	0x42
 404 0280 07       		.uleb128 0x7
 405 0281 13050000 		.4byte	.LASF54
 406 0285 05       		.byte	0x5
 407 0286 5C       		.byte	0x5c
 408 0287 A2000000 		.4byte	0xa2
 409 028b 43       		.byte	0x43
 410 028c 07       		.uleb128 0x7
ARM GAS  C:\Users\bogur\AppData\Local\Temp\ccFlYRwD.s 			page 11


 411 028d F6010000 		.4byte	.LASF55
 412 0291 05       		.byte	0x5
 413 0292 5D       		.byte	0x5d
 414 0293 A2000000 		.4byte	0xa2
 415 0297 44       		.byte	0x44
 416 0298 07       		.uleb128 0x7
 417 0299 00000000 		.4byte	.LASF56
 418 029d 05       		.byte	0x5
 419 029e 5E       		.byte	0x5e
 420 029f CE000000 		.4byte	0xce
 421 02a3 48       		.byte	0x48
 422 02a4 07       		.uleb128 0x7
 423 02a5 DF010000 		.4byte	.LASF57
 424 02a9 05       		.byte	0x5
 425 02aa 5F       		.byte	0x5f
 426 02ab CE000000 		.4byte	0xce
 427 02af 4C       		.byte	0x4c
 428 02b0 07       		.uleb128 0x7
 429 02b1 B2080000 		.4byte	.LASF58
 430 02b5 05       		.byte	0x5
 431 02b6 60       		.byte	0x60
 432 02b7 A2000000 		.4byte	0xa2
 433 02bb 50       		.byte	0x50
 434 02bc 07       		.uleb128 0x7
 435 02bd 37010000 		.4byte	.LASF59
 436 02c1 05       		.byte	0x5
 437 02c2 61       		.byte	0x61
 438 02c3 A2000000 		.4byte	0xa2
 439 02c7 51       		.byte	0x51
 440 02c8 07       		.uleb128 0x7
 441 02c9 F8070000 		.4byte	.LASF60
 442 02cd 05       		.byte	0x5
 443 02ce 62       		.byte	0x62
 444 02cf A2000000 		.4byte	0xa2
 445 02d3 52       		.byte	0x52
 446 02d4 07       		.uleb128 0x7
 447 02d5 53070000 		.4byte	.LASF61
 448 02d9 05       		.byte	0x5
 449 02da 63       		.byte	0x63
 450 02db A2000000 		.4byte	0xa2
 451 02df 53       		.byte	0x53
 452 02e0 07       		.uleb128 0x7
 453 02e1 C5060000 		.4byte	.LASF62
 454 02e5 05       		.byte	0x5
 455 02e6 64       		.byte	0x64
 456 02e7 A2000000 		.4byte	0xa2
 457 02eb 54       		.byte	0x54
 458 02ec 07       		.uleb128 0x7
 459 02ed 49010000 		.4byte	.LASF63
 460 02f1 05       		.byte	0x5
 461 02f2 65       		.byte	0x65
 462 02f3 A2000000 		.4byte	0xa2
 463 02f7 55       		.byte	0x55
 464 02f8 07       		.uleb128 0x7
 465 02f9 18030000 		.4byte	.LASF64
 466 02fd 05       		.byte	0x5
 467 02fe 66       		.byte	0x66
ARM GAS  C:\Users\bogur\AppData\Local\Temp\ccFlYRwD.s 			page 12


 468 02ff A2000000 		.4byte	0xa2
 469 0303 56       		.byte	0x56
 470 0304 07       		.uleb128 0x7
 471 0305 DA030000 		.4byte	.LASF65
 472 0309 05       		.byte	0x5
 473 030a 67       		.byte	0x67
 474 030b A2000000 		.4byte	0xa2
 475 030f 57       		.byte	0x57
 476 0310 07       		.uleb128 0x7
 477 0311 1C000000 		.4byte	.LASF66
 478 0315 05       		.byte	0x5
 479 0316 68       		.byte	0x68
 480 0317 A2000000 		.4byte	0xa2
 481 031b 58       		.byte	0x58
 482 031c 07       		.uleb128 0x7
 483 031d 85060000 		.4byte	.LASF67
 484 0321 05       		.byte	0x5
 485 0322 69       		.byte	0x69
 486 0323 A2000000 		.4byte	0xa2
 487 0327 59       		.byte	0x59
 488 0328 07       		.uleb128 0x7
 489 0329 C1040000 		.4byte	.LASF68
 490 032d 05       		.byte	0x5
 491 032e 6E       		.byte	0x6e
 492 032f B8000000 		.4byte	0xb8
 493 0333 5A       		.byte	0x5a
 494 0334 07       		.uleb128 0x7
 495 0335 86070000 		.4byte	.LASF69
 496 0339 05       		.byte	0x5
 497 033a 6F       		.byte	0x6f
 498 033b B8000000 		.4byte	0xb8
 499 033f 5C       		.byte	0x5c
 500 0340 07       		.uleb128 0x7
 501 0341 D4000000 		.4byte	.LASF70
 502 0345 05       		.byte	0x5
 503 0346 70       		.byte	0x70
 504 0347 A2000000 		.4byte	0xa2
 505 034b 5E       		.byte	0x5e
 506 034c 07       		.uleb128 0x7
 507 034d 3A060000 		.4byte	.LASF71
 508 0351 05       		.byte	0x5
 509 0352 71       		.byte	0x71
 510 0353 A2000000 		.4byte	0xa2
 511 0357 5F       		.byte	0x5f
 512 0358 07       		.uleb128 0x7
 513 0359 02050000 		.4byte	.LASF72
 514 035d 05       		.byte	0x5
 515 035e 72       		.byte	0x72
 516 035f A2000000 		.4byte	0xa2
 517 0363 60       		.byte	0x60
 518 0364 07       		.uleb128 0x7
 519 0365 13060000 		.4byte	.LASF73
 520 0369 05       		.byte	0x5
 521 036a 73       		.byte	0x73
 522 036b CE000000 		.4byte	0xce
 523 036f 64       		.byte	0x64
 524 0370 07       		.uleb128 0x7
ARM GAS  C:\Users\bogur\AppData\Local\Temp\ccFlYRwD.s 			page 13


 525 0371 FA000000 		.4byte	.LASF74
 526 0375 05       		.byte	0x5
 527 0376 76       		.byte	0x76
 528 0377 B8000000 		.4byte	0xb8
 529 037b 68       		.byte	0x68
 530 037c 07       		.uleb128 0x7
 531 037d 06030000 		.4byte	.LASF75
 532 0381 05       		.byte	0x5
 533 0382 77       		.byte	0x77
 534 0383 B8000000 		.4byte	0xb8
 535 0387 6A       		.byte	0x6a
 536 0388 07       		.uleb128 0x7
 537 0389 EE030000 		.4byte	.LASF76
 538 038d 05       		.byte	0x5
 539 038e 78       		.byte	0x78
 540 038f B8000000 		.4byte	0xb8
 541 0393 6C       		.byte	0x6c
 542 0394 07       		.uleb128 0x7
 543 0395 14040000 		.4byte	.LASF77
 544 0399 05       		.byte	0x5
 545 039a 79       		.byte	0x79
 546 039b B8000000 		.4byte	0xb8
 547 039f 6E       		.byte	0x6e
 548 03a0 07       		.uleb128 0x7
 549 03a1 A3060000 		.4byte	.LASF78
 550 03a5 05       		.byte	0x5
 551 03a6 7B       		.byte	0x7b
 552 03a7 A2000000 		.4byte	0xa2
 553 03ab 70       		.byte	0x70
 554 03ac 07       		.uleb128 0x7
 555 03ad 7F010000 		.4byte	.LASF79
 556 03b1 05       		.byte	0x5
 557 03b2 7C       		.byte	0x7c
 558 03b3 A2000000 		.4byte	0xa2
 559 03b7 71       		.byte	0x71
 560 03b8 07       		.uleb128 0x7
 561 03b9 79080000 		.4byte	.LASF80
 562 03bd 05       		.byte	0x5
 563 03be 7D       		.byte	0x7d
 564 03bf A2000000 		.4byte	0xa2
 565 03c3 72       		.byte	0x72
 566 03c4 07       		.uleb128 0x7
 567 03c5 DD040000 		.4byte	.LASF81
 568 03c9 05       		.byte	0x5
 569 03ca 7E       		.byte	0x7e
 570 03cb A2000000 		.4byte	0xa2
 571 03cf 73       		.byte	0x73
 572 03d0 07       		.uleb128 0x7
 573 03d1 3E020000 		.4byte	.LASF82
 574 03d5 05       		.byte	0x5
 575 03d6 80       		.byte	0x80
 576 03d7 B8000000 		.4byte	0xb8
 577 03db 74       		.byte	0x74
 578 03dc 07       		.uleb128 0x7
 579 03dd 29070000 		.4byte	.LASF83
 580 03e1 05       		.byte	0x5
 581 03e2 81       		.byte	0x81
ARM GAS  C:\Users\bogur\AppData\Local\Temp\ccFlYRwD.s 			page 14


 582 03e3 B8000000 		.4byte	0xb8
 583 03e7 76       		.byte	0x76
 584 03e8 07       		.uleb128 0x7
 585 03e9 19020000 		.4byte	.LASF84
 586 03ed 05       		.byte	0x5
 587 03ee 82       		.byte	0x82
 588 03ef B8000000 		.4byte	0xb8
 589 03f3 78       		.byte	0x78
 590 03f4 07       		.uleb128 0x7
 591 03f5 9E000000 		.4byte	.LASF85
 592 03f9 05       		.byte	0x5
 593 03fa 83       		.byte	0x83
 594 03fb B8000000 		.4byte	0xb8
 595 03ff 7A       		.byte	0x7a
 596 0400 07       		.uleb128 0x7
 597 0401 25080000 		.4byte	.LASF86
 598 0405 05       		.byte	0x5
 599 0406 86       		.byte	0x86
 600 0407 A2000000 		.4byte	0xa2
 601 040b 7C       		.byte	0x7c
 602 040c 07       		.uleb128 0x7
 603 040d AA070000 		.4byte	.LASF87
 604 0411 05       		.byte	0x5
 605 0412 87       		.byte	0x87
 606 0413 A2000000 		.4byte	0xa2
 607 0417 7D       		.byte	0x7d
 608 0418 07       		.uleb128 0x7
 609 0419 30000000 		.4byte	.LASF88
 610 041d 05       		.byte	0x5
 611 041e 88       		.byte	0x88
 612 041f A2000000 		.4byte	0xa2
 613 0423 7E       		.byte	0x7e
 614 0424 07       		.uleb128 0x7
 615 0425 50020000 		.4byte	.LASF89
 616 0429 05       		.byte	0x5
 617 042a 89       		.byte	0x89
 618 042b A2000000 		.4byte	0xa2
 619 042f 7F       		.byte	0x7f
 620 0430 07       		.uleb128 0x7
 621 0431 D0020000 		.4byte	.LASF90
 622 0435 05       		.byte	0x5
 623 0436 8A       		.byte	0x8a
 624 0437 A2000000 		.4byte	0xa2
 625 043b 80       		.byte	0x80
 626 043c 07       		.uleb128 0x7
 627 043d 73040000 		.4byte	.LASF91
 628 0441 05       		.byte	0x5
 629 0442 8D       		.byte	0x8d
 630 0443 CE000000 		.4byte	0xce
 631 0447 84       		.byte	0x84
 632 0448 07       		.uleb128 0x7
 633 0449 B3000000 		.4byte	.LASF92
 634 044d 05       		.byte	0x5
 635 044e 8E       		.byte	0x8e
 636 044f CE000000 		.4byte	0xce
 637 0453 88       		.byte	0x88
 638 0454 07       		.uleb128 0x7
ARM GAS  C:\Users\bogur\AppData\Local\Temp\ccFlYRwD.s 			page 15


 639 0455 10080000 		.4byte	.LASF93
 640 0459 05       		.byte	0x5
 641 045a 8F       		.byte	0x8f
 642 045b CE000000 		.4byte	0xce
 643 045f 8C       		.byte	0x8c
 644 0460 07       		.uleb128 0x7
 645 0461 A3040000 		.4byte	.LASF94
 646 0465 05       		.byte	0x5
 647 0466 90       		.byte	0x90
 648 0467 CE000000 		.4byte	0xce
 649 046b 90       		.byte	0x90
 650 046c 07       		.uleb128 0x7
 651 046d B1020000 		.4byte	.LASF95
 652 0471 05       		.byte	0x5
 653 0472 91       		.byte	0x91
 654 0473 CE000000 		.4byte	0xce
 655 0477 94       		.byte	0x94
 656 0478 07       		.uleb128 0x7
 657 0479 5D040000 		.4byte	.LASF96
 658 047d 05       		.byte	0x5
 659 047e 92       		.byte	0x92
 660 047f CE000000 		.4byte	0xce
 661 0483 98       		.byte	0x98
 662 0484 07       		.uleb128 0x7
 663 0485 48080000 		.4byte	.LASF97
 664 0489 05       		.byte	0x5
 665 048a 93       		.byte	0x93
 666 048b CE000000 		.4byte	0xce
 667 048f 9C       		.byte	0x9c
 668 0490 07       		.uleb128 0x7
 669 0491 14010000 		.4byte	.LASF98
 670 0495 05       		.byte	0x5
 671 0496 94       		.byte	0x94
 672 0497 CE000000 		.4byte	0xce
 673 049b A0       		.byte	0xa0
 674 049c 07       		.uleb128 0x7
 675 049d A8010000 		.4byte	.LASF99
 676 04a1 05       		.byte	0x5
 677 04a2 95       		.byte	0x95
 678 04a3 B8000000 		.4byte	0xb8
 679 04a7 A4       		.byte	0xa4
 680 04a8 07       		.uleb128 0x7
 681 04a9 DE060000 		.4byte	.LASF100
 682 04ad 05       		.byte	0x5
 683 04ae 96       		.byte	0x96
 684 04af B8000000 		.4byte	0xb8
 685 04b3 A6       		.byte	0xa6
 686 04b4 07       		.uleb128 0x7
 687 04b5 2E060000 		.4byte	.LASF101
 688 04b9 05       		.byte	0x5
 689 04ba 97       		.byte	0x97
 690 04bb B8000000 		.4byte	0xb8
 691 04bf A8       		.byte	0xa8
 692 04c0 07       		.uleb128 0x7
 693 04c1 10070000 		.4byte	.LASF102
 694 04c5 05       		.byte	0x5
 695 04c6 98       		.byte	0x98
ARM GAS  C:\Users\bogur\AppData\Local\Temp\ccFlYRwD.s 			page 16


 696 04c7 B8000000 		.4byte	0xb8
 697 04cb AA       		.byte	0xaa
 698 04cc 07       		.uleb128 0x7
 699 04cd FD030000 		.4byte	.LASF103
 700 04d1 05       		.byte	0x5
 701 04d2 99       		.byte	0x99
 702 04d3 B8000000 		.4byte	0xb8
 703 04d7 AC       		.byte	0xac
 704 04d8 07       		.uleb128 0x7
 705 04d9 F4040000 		.4byte	.LASF104
 706 04dd 05       		.byte	0x5
 707 04de 9A       		.byte	0x9a
 708 04df B8000000 		.4byte	0xb8
 709 04e3 AE       		.byte	0xae
 710 04e4 07       		.uleb128 0x7
 711 04e5 8F070000 		.4byte	.LASF105
 712 04e9 05       		.byte	0x5
 713 04ea 9D       		.byte	0x9d
 714 04eb B8000000 		.4byte	0xb8
 715 04ef B0       		.byte	0xb0
 716 04f0 07       		.uleb128 0x7
 717 04f1 4F000000 		.4byte	.LASF106
 718 04f5 05       		.byte	0x5
 719 04f6 9E       		.byte	0x9e
 720 04f7 CE000000 		.4byte	0xce
 721 04fb B4       		.byte	0xb4
 722 04fc 00       		.byte	0
 723 04fd 03       		.uleb128 0x3
 724 04fe 33040000 		.4byte	.LASF107
 725 0502 05       		.byte	0x5
 726 0503 9F       		.byte	0x9f
 727 0504 EC000000 		.4byte	0xec
 728 0508 02       		.uleb128 0x2
 729 0509 01       		.byte	0x1
 730 050a 08       		.byte	0x8
 731 050b FF060000 		.4byte	.LASF108
 732 050f 02       		.uleb128 0x2
 733 0510 04       		.byte	0x4
 734 0511 04       		.byte	0x4
 735 0512 0D060000 		.4byte	.LASF109
 736 0516 02       		.uleb128 0x2
 737 0517 08       		.byte	0x8
 738 0518 04       		.byte	0x4
 739 0519 12020000 		.4byte	.LASF110
 740 051d 02       		.uleb128 0x2
 741 051e 01       		.byte	0x1
 742 051f 02       		.byte	0x2
 743 0520 69060000 		.4byte	.LASF111
 744 0524 08       		.uleb128 0x8
 745 0525 04       		.byte	0x4
 746 0526 09       		.uleb128 0x9
 747 0527 04       		.byte	0x4
 748 0528 2C050000 		.4byte	0x52c
 749 052c 0A       		.uleb128 0xa
 750 052d 37050000 		.4byte	0x537
 751 0531 0B       		.uleb128 0xb
 752 0532 CE000000 		.4byte	0xce
ARM GAS  C:\Users\bogur\AppData\Local\Temp\ccFlYRwD.s 			page 17


 753 0536 00       		.byte	0
 754 0537 0C       		.uleb128 0xc
 755 0538 9A030000 		.4byte	.LASF112
 756 053c 06       		.byte	0x6
 757 053d D901     		.2byte	0x1d9
 758 053f 26050000 		.4byte	0x526
 759 0543 0D       		.uleb128 0xd
 760 0544 8F080000 		.4byte	.LASF136
 761 0548 38       		.byte	0x38
 762 0549 06       		.byte	0x6
 763 054a 7502     		.2byte	0x275
 764 054c 07060000 		.4byte	0x607
 765 0550 0E       		.uleb128 0xe
 766 0551 5E080000 		.4byte	.LASF113
 767 0555 06       		.byte	0x6
 768 0556 7802     		.2byte	0x278
 769 0558 E0000000 		.4byte	0xe0
 770 055c 00       		.byte	0
 771 055d 0E       		.uleb128 0xe
 772 055e 1E050000 		.4byte	.LASF114
 773 0562 06       		.byte	0x6
 774 0563 7902     		.2byte	0x279
 775 0565 E0000000 		.4byte	0xe0
 776 0569 04       		.byte	0x4
 777 056a 0E       		.uleb128 0xe
 778 056b 0A010000 		.4byte	.LASF115
 779 056f 06       		.byte	0x6
 780 0570 7B02     		.2byte	0x27b
 781 0572 24050000 		.4byte	0x524
 782 0576 08       		.byte	0x8
 783 0577 0E       		.uleb128 0xe
 784 0578 65070000 		.4byte	.LASF116
 785 057c 06       		.byte	0x6
 786 057d 7C02     		.2byte	0x27c
 787 057f CE000000 		.4byte	0xce
 788 0583 0C       		.byte	0xc
 789 0584 0E       		.uleb128 0xe
 790 0585 4F040000 		.4byte	.LASF117
 791 0589 06       		.byte	0x6
 792 058a 7D02     		.2byte	0x27d
 793 058c E0000000 		.4byte	0xe0
 794 0590 10       		.byte	0x10
 795 0591 0E       		.uleb128 0xe
 796 0592 3A080000 		.4byte	.LASF118
 797 0596 06       		.byte	0x6
 798 0597 7E02     		.2byte	0x27e
 799 0599 E0000000 		.4byte	0xe0
 800 059d 14       		.byte	0x14
 801 059e 0E       		.uleb128 0xe
 802 059f C3070000 		.4byte	.LASF119
 803 05a3 06       		.byte	0x6
 804 05a4 8002     		.2byte	0x280
 805 05a6 24050000 		.4byte	0x524
 806 05aa 18       		.byte	0x18
 807 05ab 0E       		.uleb128 0xe
 808 05ac 12000000 		.4byte	.LASF120
 809 05b0 06       		.byte	0x6
ARM GAS  C:\Users\bogur\AppData\Local\Temp\ccFlYRwD.s 			page 18


 810 05b1 8102     		.2byte	0x281
 811 05b3 CE000000 		.4byte	0xce
 812 05b7 1C       		.byte	0x1c
 813 05b8 0E       		.uleb128 0xe
 814 05b9 A8020000 		.4byte	.LASF121
 815 05bd 06       		.byte	0x6
 816 05be 8202     		.2byte	0x282
 817 05c0 E0000000 		.4byte	0xe0
 818 05c4 20       		.byte	0x20
 819 05c5 0E       		.uleb128 0xe
 820 05c6 2D040000 		.4byte	.LASF122
 821 05ca 06       		.byte	0x6
 822 05cb 8402     		.2byte	0x284
 823 05cd 24050000 		.4byte	0x524
 824 05d1 24       		.byte	0x24
 825 05d2 0E       		.uleb128 0xe
 826 05d3 C6020000 		.4byte	.LASF123
 827 05d7 06       		.byte	0x6
 828 05d8 8502     		.2byte	0x285
 829 05da CE000000 		.4byte	0xce
 830 05de 28       		.byte	0x28
 831 05df 0E       		.uleb128 0xe
 832 05e0 50060000 		.4byte	.LASF124
 833 05e4 06       		.byte	0x6
 834 05e5 8602     		.2byte	0x286
 835 05e7 E0000000 		.4byte	0xe0
 836 05eb 2C       		.byte	0x2c
 837 05ec 0E       		.uleb128 0xe
 838 05ed 0B040000 		.4byte	.LASF125
 839 05f1 06       		.byte	0x6
 840 05f2 8B02     		.2byte	0x28b
 841 05f4 37050000 		.4byte	0x537
 842 05f8 30       		.byte	0x30
 843 05f9 0E       		.uleb128 0xe
 844 05fa BB070000 		.4byte	.LASF126
 845 05fe 06       		.byte	0x6
 846 05ff 8E02     		.2byte	0x28e
 847 0601 CE000000 		.4byte	0xce
 848 0605 34       		.byte	0x34
 849 0606 00       		.byte	0
 850 0607 0C       		.uleb128 0xc
 851 0608 C9070000 		.4byte	.LASF127
 852 060c 06       		.byte	0x6
 853 060d 9102     		.2byte	0x291
 854 060f 43050000 		.4byte	0x543
 855 0613 0F       		.uleb128 0xf
 856 0614 4D050000 		.4byte	.LASF137
 857 0618 02       		.byte	0x2
 858 0619 81       		.byte	0x81
 859 061a 03       		.byte	0x3
 860 061b 10       		.uleb128 0x10
 861 061c 39020000 		.4byte	.LASF138
 862 0620 01       		.byte	0x1
 863 0621 15       		.byte	0x15
 864 0622 94000000 		.4byte	0x94
 865 0626 00000000 		.4byte	.LFB484
 866 062a 28000000 		.4byte	.LFE484-.LFB484
ARM GAS  C:\Users\bogur\AppData\Local\Temp\ccFlYRwD.s 			page 19


 867 062e 01       		.uleb128 0x1
 868 062f 9C       		.byte	0x9c
 869 0630 7C060000 		.4byte	0x67c
 870 0634 11       		.uleb128 0x11
 871 0635 13060000 		.4byte	0x613
 872 0639 04000000 		.4byte	.LBB4
 873 063d 02000000 		.4byte	.LBE4-.LBB4
 874 0641 01       		.byte	0x1
 875 0642 17       		.byte	0x17
 876 0643 12       		.uleb128 0x12
 877 0644 1A000000 		.4byte	.LVL0
 878 0648 AE060000 		.4byte	0x6ae
 879 064c 72060000 		.4byte	0x672
 880 0650 13       		.uleb128 0x13
 881 0651 01       		.uleb128 0x1
 882 0652 51       		.byte	0x51
 883 0653 05       		.uleb128 0x5
 884 0654 03       		.byte	0x3
 885 0655 00000000 		.4byte	.LC0
 886 0659 13       		.uleb128 0x13
 887 065a 01       		.uleb128 0x1
 888 065b 52       		.byte	0x52
 889 065c 03       		.uleb128 0x3
 890 065d 0A       		.byte	0xa
 891 065e 9001     		.2byte	0x190
 892 0660 13       		.uleb128 0x13
 893 0661 01       		.uleb128 0x1
 894 0662 53       		.byte	0x53
 895 0663 01       		.uleb128 0x1
 896 0664 30       		.byte	0x30
 897 0665 13       		.uleb128 0x13
 898 0666 02       		.uleb128 0x2
 899 0667 7D       		.byte	0x7d
 900 0668 00       		.sleb128 0
 901 0669 01       		.uleb128 0x1
 902 066a 32       		.byte	0x32
 903 066b 13       		.uleb128 0x13
 904 066c 02       		.uleb128 0x2
 905 066d 7D       		.byte	0x7d
 906 066e 04       		.sleb128 4
 907 066f 01       		.uleb128 0x1
 908 0670 30       		.byte	0x30
 909 0671 00       		.byte	0
 910 0672 14       		.uleb128 0x14
 911 0673 1E000000 		.4byte	.LVL1
 912 0677 BA060000 		.4byte	0x6ba
 913 067b 00       		.byte	0
 914 067c 15       		.uleb128 0x15
 915 067d 2A010000 		.4byte	.LASF128
 916 0681 07       		.byte	0x7
 917 0682 F907     		.2byte	0x7f9
 918 0684 88060000 		.4byte	0x688
 919 0688 05       		.uleb128 0x5
 920 0689 C3000000 		.4byte	0xc3
 921 068d 16       		.uleb128 0x16
 922 068e 24060000 		.4byte	.LASF129
 923 0692 05       		.byte	0x5
ARM GAS  C:\Users\bogur\AppData\Local\Temp\ccFlYRwD.s 			page 20


 924 0693 A7       		.byte	0xa7
 925 0694 98060000 		.4byte	0x698
 926 0698 09       		.uleb128 0x9
 927 0699 04       		.byte	0x4
 928 069a 9E060000 		.4byte	0x69e
 929 069e 17       		.uleb128 0x17
 930 069f FD040000 		.4byte	0x4fd
 931 06a3 16       		.uleb128 0x16
 932 06a4 B9030000 		.4byte	.LASF130
 933 06a8 08       		.byte	0x8
 934 06a9 87       		.byte	0x87
 935 06aa 07060000 		.4byte	0x607
 936 06ae 18       		.uleb128 0x18
 937 06af 43000000 		.4byte	.LASF131
 938 06b3 43000000 		.4byte	.LASF131
 939 06b7 09       		.byte	0x9
 940 06b8 4101     		.2byte	0x141
 941 06ba 18       		.uleb128 0x18
 942 06bb 8A020000 		.4byte	.LASF132
 943 06bf 8A020000 		.4byte	.LASF132
 944 06c3 09       		.byte	0x9
 945 06c4 8E04     		.2byte	0x48e
 946 06c6 00       		.byte	0
 947              		.section	.debug_abbrev,"",%progbits
 948              	.Ldebug_abbrev0:
 949 0000 01       		.uleb128 0x1
 950 0001 11       		.uleb128 0x11
 951 0002 01       		.byte	0x1
 952 0003 25       		.uleb128 0x25
 953 0004 0E       		.uleb128 0xe
 954 0005 13       		.uleb128 0x13
 955 0006 0B       		.uleb128 0xb
 956 0007 03       		.uleb128 0x3
 957 0008 0E       		.uleb128 0xe
 958 0009 1B       		.uleb128 0x1b
 959 000a 0E       		.uleb128 0xe
 960 000b 55       		.uleb128 0x55
 961 000c 17       		.uleb128 0x17
 962 000d 11       		.uleb128 0x11
 963 000e 01       		.uleb128 0x1
 964 000f 10       		.uleb128 0x10
 965 0010 17       		.uleb128 0x17
 966 0011 00       		.byte	0
 967 0012 00       		.byte	0
 968 0013 02       		.uleb128 0x2
 969 0014 24       		.uleb128 0x24
 970 0015 00       		.byte	0
 971 0016 0B       		.uleb128 0xb
 972 0017 0B       		.uleb128 0xb
 973 0018 3E       		.uleb128 0x3e
 974 0019 0B       		.uleb128 0xb
 975 001a 03       		.uleb128 0x3
 976 001b 0E       		.uleb128 0xe
 977 001c 00       		.byte	0
 978 001d 00       		.byte	0
 979 001e 03       		.uleb128 0x3
 980 001f 16       		.uleb128 0x16
ARM GAS  C:\Users\bogur\AppData\Local\Temp\ccFlYRwD.s 			page 21


 981 0020 00       		.byte	0
 982 0021 03       		.uleb128 0x3
 983 0022 0E       		.uleb128 0xe
 984 0023 3A       		.uleb128 0x3a
 985 0024 0B       		.uleb128 0xb
 986 0025 3B       		.uleb128 0x3b
 987 0026 0B       		.uleb128 0xb
 988 0027 49       		.uleb128 0x49
 989 0028 13       		.uleb128 0x13
 990 0029 00       		.byte	0
 991 002a 00       		.byte	0
 992 002b 04       		.uleb128 0x4
 993 002c 24       		.uleb128 0x24
 994 002d 00       		.byte	0
 995 002e 0B       		.uleb128 0xb
 996 002f 0B       		.uleb128 0xb
 997 0030 3E       		.uleb128 0x3e
 998 0031 0B       		.uleb128 0xb
 999 0032 03       		.uleb128 0x3
 1000 0033 08       		.uleb128 0x8
 1001 0034 00       		.byte	0
 1002 0035 00       		.byte	0
 1003 0036 05       		.uleb128 0x5
 1004 0037 35       		.uleb128 0x35
 1005 0038 00       		.byte	0
 1006 0039 49       		.uleb128 0x49
 1007 003a 13       		.uleb128 0x13
 1008 003b 00       		.byte	0
 1009 003c 00       		.byte	0
 1010 003d 06       		.uleb128 0x6
 1011 003e 13       		.uleb128 0x13
 1012 003f 01       		.byte	0x1
 1013 0040 0B       		.uleb128 0xb
 1014 0041 0B       		.uleb128 0xb
 1015 0042 3A       		.uleb128 0x3a
 1016 0043 0B       		.uleb128 0xb
 1017 0044 3B       		.uleb128 0x3b
 1018 0045 0B       		.uleb128 0xb
 1019 0046 01       		.uleb128 0x1
 1020 0047 13       		.uleb128 0x13
 1021 0048 00       		.byte	0
 1022 0049 00       		.byte	0
 1023 004a 07       		.uleb128 0x7
 1024 004b 0D       		.uleb128 0xd
 1025 004c 00       		.byte	0
 1026 004d 03       		.uleb128 0x3
 1027 004e 0E       		.uleb128 0xe
 1028 004f 3A       		.uleb128 0x3a
 1029 0050 0B       		.uleb128 0xb
 1030 0051 3B       		.uleb128 0x3b
 1031 0052 0B       		.uleb128 0xb
 1032 0053 49       		.uleb128 0x49
 1033 0054 13       		.uleb128 0x13
 1034 0055 38       		.uleb128 0x38
 1035 0056 0B       		.uleb128 0xb
 1036 0057 00       		.byte	0
 1037 0058 00       		.byte	0
ARM GAS  C:\Users\bogur\AppData\Local\Temp\ccFlYRwD.s 			page 22


 1038 0059 08       		.uleb128 0x8
 1039 005a 0F       		.uleb128 0xf
 1040 005b 00       		.byte	0
 1041 005c 0B       		.uleb128 0xb
 1042 005d 0B       		.uleb128 0xb
 1043 005e 00       		.byte	0
 1044 005f 00       		.byte	0
 1045 0060 09       		.uleb128 0x9
 1046 0061 0F       		.uleb128 0xf
 1047 0062 00       		.byte	0
 1048 0063 0B       		.uleb128 0xb
 1049 0064 0B       		.uleb128 0xb
 1050 0065 49       		.uleb128 0x49
 1051 0066 13       		.uleb128 0x13
 1052 0067 00       		.byte	0
 1053 0068 00       		.byte	0
 1054 0069 0A       		.uleb128 0xa
 1055 006a 15       		.uleb128 0x15
 1056 006b 01       		.byte	0x1
 1057 006c 27       		.uleb128 0x27
 1058 006d 19       		.uleb128 0x19
 1059 006e 01       		.uleb128 0x1
 1060 006f 13       		.uleb128 0x13
 1061 0070 00       		.byte	0
 1062 0071 00       		.byte	0
 1063 0072 0B       		.uleb128 0xb
 1064 0073 05       		.uleb128 0x5
 1065 0074 00       		.byte	0
 1066 0075 49       		.uleb128 0x49
 1067 0076 13       		.uleb128 0x13
 1068 0077 00       		.byte	0
 1069 0078 00       		.byte	0
 1070 0079 0C       		.uleb128 0xc
 1071 007a 16       		.uleb128 0x16
 1072 007b 00       		.byte	0
 1073 007c 03       		.uleb128 0x3
 1074 007d 0E       		.uleb128 0xe
 1075 007e 3A       		.uleb128 0x3a
 1076 007f 0B       		.uleb128 0xb
 1077 0080 3B       		.uleb128 0x3b
 1078 0081 05       		.uleb128 0x5
 1079 0082 49       		.uleb128 0x49
 1080 0083 13       		.uleb128 0x13
 1081 0084 00       		.byte	0
 1082 0085 00       		.byte	0
 1083 0086 0D       		.uleb128 0xd
 1084 0087 13       		.uleb128 0x13
 1085 0088 01       		.byte	0x1
 1086 0089 03       		.uleb128 0x3
 1087 008a 0E       		.uleb128 0xe
 1088 008b 0B       		.uleb128 0xb
 1089 008c 0B       		.uleb128 0xb
 1090 008d 3A       		.uleb128 0x3a
 1091 008e 0B       		.uleb128 0xb
 1092 008f 3B       		.uleb128 0x3b
 1093 0090 05       		.uleb128 0x5
 1094 0091 01       		.uleb128 0x1
ARM GAS  C:\Users\bogur\AppData\Local\Temp\ccFlYRwD.s 			page 23


 1095 0092 13       		.uleb128 0x13
 1096 0093 00       		.byte	0
 1097 0094 00       		.byte	0
 1098 0095 0E       		.uleb128 0xe
 1099 0096 0D       		.uleb128 0xd
 1100 0097 00       		.byte	0
 1101 0098 03       		.uleb128 0x3
 1102 0099 0E       		.uleb128 0xe
 1103 009a 3A       		.uleb128 0x3a
 1104 009b 0B       		.uleb128 0xb
 1105 009c 3B       		.uleb128 0x3b
 1106 009d 05       		.uleb128 0x5
 1107 009e 49       		.uleb128 0x49
 1108 009f 13       		.uleb128 0x13
 1109 00a0 38       		.uleb128 0x38
 1110 00a1 0B       		.uleb128 0xb
 1111 00a2 00       		.byte	0
 1112 00a3 00       		.byte	0
 1113 00a4 0F       		.uleb128 0xf
 1114 00a5 2E       		.uleb128 0x2e
 1115 00a6 00       		.byte	0
 1116 00a7 03       		.uleb128 0x3
 1117 00a8 0E       		.uleb128 0xe
 1118 00a9 3A       		.uleb128 0x3a
 1119 00aa 0B       		.uleb128 0xb
 1120 00ab 3B       		.uleb128 0x3b
 1121 00ac 0B       		.uleb128 0xb
 1122 00ad 27       		.uleb128 0x27
 1123 00ae 19       		.uleb128 0x19
 1124 00af 20       		.uleb128 0x20
 1125 00b0 0B       		.uleb128 0xb
 1126 00b1 00       		.byte	0
 1127 00b2 00       		.byte	0
 1128 00b3 10       		.uleb128 0x10
 1129 00b4 2E       		.uleb128 0x2e
 1130 00b5 01       		.byte	0x1
 1131 00b6 3F       		.uleb128 0x3f
 1132 00b7 19       		.uleb128 0x19
 1133 00b8 03       		.uleb128 0x3
 1134 00b9 0E       		.uleb128 0xe
 1135 00ba 3A       		.uleb128 0x3a
 1136 00bb 0B       		.uleb128 0xb
 1137 00bc 3B       		.uleb128 0x3b
 1138 00bd 0B       		.uleb128 0xb
 1139 00be 27       		.uleb128 0x27
 1140 00bf 19       		.uleb128 0x19
 1141 00c0 49       		.uleb128 0x49
 1142 00c1 13       		.uleb128 0x13
 1143 00c2 8701     		.uleb128 0x87
 1144 00c4 19       		.uleb128 0x19
 1145 00c5 11       		.uleb128 0x11
 1146 00c6 01       		.uleb128 0x1
 1147 00c7 12       		.uleb128 0x12
 1148 00c8 06       		.uleb128 0x6
 1149 00c9 40       		.uleb128 0x40
 1150 00ca 18       		.uleb128 0x18
 1151 00cb 9742     		.uleb128 0x2117
ARM GAS  C:\Users\bogur\AppData\Local\Temp\ccFlYRwD.s 			page 24


 1152 00cd 19       		.uleb128 0x19
 1153 00ce 01       		.uleb128 0x1
 1154 00cf 13       		.uleb128 0x13
 1155 00d0 00       		.byte	0
 1156 00d1 00       		.byte	0
 1157 00d2 11       		.uleb128 0x11
 1158 00d3 1D       		.uleb128 0x1d
 1159 00d4 00       		.byte	0
 1160 00d5 31       		.uleb128 0x31
 1161 00d6 13       		.uleb128 0x13
 1162 00d7 11       		.uleb128 0x11
 1163 00d8 01       		.uleb128 0x1
 1164 00d9 12       		.uleb128 0x12
 1165 00da 06       		.uleb128 0x6
 1166 00db 58       		.uleb128 0x58
 1167 00dc 0B       		.uleb128 0xb
 1168 00dd 59       		.uleb128 0x59
 1169 00de 0B       		.uleb128 0xb
 1170 00df 00       		.byte	0
 1171 00e0 00       		.byte	0
 1172 00e1 12       		.uleb128 0x12
 1173 00e2 898201   		.uleb128 0x4109
 1174 00e5 01       		.byte	0x1
 1175 00e6 11       		.uleb128 0x11
 1176 00e7 01       		.uleb128 0x1
 1177 00e8 31       		.uleb128 0x31
 1178 00e9 13       		.uleb128 0x13
 1179 00ea 01       		.uleb128 0x1
 1180 00eb 13       		.uleb128 0x13
 1181 00ec 00       		.byte	0
 1182 00ed 00       		.byte	0
 1183 00ee 13       		.uleb128 0x13
 1184 00ef 8A8201   		.uleb128 0x410a
 1185 00f2 00       		.byte	0
 1186 00f3 02       		.uleb128 0x2
 1187 00f4 18       		.uleb128 0x18
 1188 00f5 9142     		.uleb128 0x2111
 1189 00f7 18       		.uleb128 0x18
 1190 00f8 00       		.byte	0
 1191 00f9 00       		.byte	0
 1192 00fa 14       		.uleb128 0x14
 1193 00fb 898201   		.uleb128 0x4109
 1194 00fe 00       		.byte	0
 1195 00ff 11       		.uleb128 0x11
 1196 0100 01       		.uleb128 0x1
 1197 0101 31       		.uleb128 0x31
 1198 0102 13       		.uleb128 0x13
 1199 0103 00       		.byte	0
 1200 0104 00       		.byte	0
 1201 0105 15       		.uleb128 0x15
 1202 0106 34       		.uleb128 0x34
 1203 0107 00       		.byte	0
 1204 0108 03       		.uleb128 0x3
 1205 0109 0E       		.uleb128 0xe
 1206 010a 3A       		.uleb128 0x3a
 1207 010b 0B       		.uleb128 0xb
 1208 010c 3B       		.uleb128 0x3b
ARM GAS  C:\Users\bogur\AppData\Local\Temp\ccFlYRwD.s 			page 25


 1209 010d 05       		.uleb128 0x5
 1210 010e 49       		.uleb128 0x49
 1211 010f 13       		.uleb128 0x13
 1212 0110 3F       		.uleb128 0x3f
 1213 0111 19       		.uleb128 0x19
 1214 0112 3C       		.uleb128 0x3c
 1215 0113 19       		.uleb128 0x19
 1216 0114 00       		.byte	0
 1217 0115 00       		.byte	0
 1218 0116 16       		.uleb128 0x16
 1219 0117 34       		.uleb128 0x34
 1220 0118 00       		.byte	0
 1221 0119 03       		.uleb128 0x3
 1222 011a 0E       		.uleb128 0xe
 1223 011b 3A       		.uleb128 0x3a
 1224 011c 0B       		.uleb128 0xb
 1225 011d 3B       		.uleb128 0x3b
 1226 011e 0B       		.uleb128 0xb
 1227 011f 49       		.uleb128 0x49
 1228 0120 13       		.uleb128 0x13
 1229 0121 3F       		.uleb128 0x3f
 1230 0122 19       		.uleb128 0x19
 1231 0123 3C       		.uleb128 0x3c
 1232 0124 19       		.uleb128 0x19
 1233 0125 00       		.byte	0
 1234 0126 00       		.byte	0
 1235 0127 17       		.uleb128 0x17
 1236 0128 26       		.uleb128 0x26
 1237 0129 00       		.byte	0
 1238 012a 49       		.uleb128 0x49
 1239 012b 13       		.uleb128 0x13
 1240 012c 00       		.byte	0
 1241 012d 00       		.byte	0
 1242 012e 18       		.uleb128 0x18
 1243 012f 2E       		.uleb128 0x2e
 1244 0130 00       		.byte	0
 1245 0131 3F       		.uleb128 0x3f
 1246 0132 19       		.uleb128 0x19
 1247 0133 3C       		.uleb128 0x3c
 1248 0134 19       		.uleb128 0x19
 1249 0135 6E       		.uleb128 0x6e
 1250 0136 0E       		.uleb128 0xe
 1251 0137 03       		.uleb128 0x3
 1252 0138 0E       		.uleb128 0xe
 1253 0139 3A       		.uleb128 0x3a
 1254 013a 0B       		.uleb128 0xb
 1255 013b 3B       		.uleb128 0x3b
 1256 013c 05       		.uleb128 0x5
 1257 013d 00       		.byte	0
 1258 013e 00       		.byte	0
 1259 013f 00       		.byte	0
 1260              		.section	.debug_aranges,"",%progbits
 1261 0000 1C000000 		.4byte	0x1c
 1262 0004 0200     		.2byte	0x2
 1263 0006 00000000 		.4byte	.Ldebug_info0
 1264 000a 04       		.byte	0x4
 1265 000b 00       		.byte	0
ARM GAS  C:\Users\bogur\AppData\Local\Temp\ccFlYRwD.s 			page 26


 1266 000c 0000     		.2byte	0
 1267 000e 0000     		.2byte	0
 1268 0010 00000000 		.4byte	.LFB484
 1269 0014 28000000 		.4byte	.LFE484-.LFB484
 1270 0018 00000000 		.4byte	0
 1271 001c 00000000 		.4byte	0
 1272              		.section	.debug_ranges,"",%progbits
 1273              	.Ldebug_ranges0:
 1274 0000 00000000 		.4byte	.LFB484
 1275 0004 28000000 		.4byte	.LFE484
 1276 0008 00000000 		.4byte	0
 1277 000c 00000000 		.4byte	0
 1278              		.section	.debug_line,"",%progbits
 1279              	.Ldebug_line0:
 1280 0000 77020000 		.section	.debug_str,"MS",%progbits,1
 1280      02005502 
 1280      00000201 
 1280      FB0E0D00 
 1280      01010101 
 1281              	.LASF56:
 1282 0000 70726F74 		.ascii	"protBusMasterMask\000"
 1282      4275734D 
 1282      61737465 
 1282      724D6173 
 1282      6B00
 1283              	.LASF120:
 1284 0012 72784275 		.ascii	"rxBufSize\000"
 1284      6653697A 
 1284      6500
 1285              	.LASF66:
 1286 001c 666C6173 		.ascii	"flashCtlMainWs3Freq\000"
 1286      6843746C 
 1286      4D61696E 
 1286      57733346 
 1286      72657100 
 1287              	.LASF88:
 1288 0030 6770696F 		.ascii	"gpioPrtCfgInOffset\000"
 1288      50727443 
 1288      6667496E 
 1288      4F666673 
 1288      657400
 1289              	.LASF131:
 1290 0043 78546173 		.ascii	"xTaskCreate\000"
 1290      6B437265 
 1290      61746500 
 1291              	.LASF106:
 1292 004f 6970634C 		.ascii	"ipcLockStatusOffset\000"
 1292      6F636B53 
 1292      74617475 
 1292      734F6666 
 1292      73657400 
 1293              	.LASF32:
 1294 0063 63727970 		.ascii	"cryptoVersion\000"
 1294      746F5665 
 1294      7273696F 
 1294      6E00
 1295              	.LASF50:
ARM GAS  C:\Users\bogur\AppData\Local\Temp\ccFlYRwD.s 			page 27


 1296 0071 70657269 		.ascii	"periClockNr\000"
 1296      436C6F63 
 1296      6B4E7200 
 1297              	.LASF28:
 1298 007d 70617373 		.ascii	"passBase\000"
 1298      42617365 
 1298      00
 1299              	.LASF41:
 1300 0086 63707573 		.ascii	"cpussIpcIrqNr\000"
 1300      73497063 
 1300      4972714E 
 1300      7200
 1301              	.LASF3:
 1302 0094 5F5F7569 		.ascii	"__uint8_t\000"
 1302      6E74385F 
 1302      7400
 1303              	.LASF85:
 1304 009e 70657269 		.ascii	"periDiv24_5CtlOffset\000"
 1304      44697632 
 1304      345F3543 
 1304      746C4F66 
 1304      66736574 
 1305              	.LASF92:
 1306 00b3 63707573 		.ascii	"cpussCm4ClockCtlOffset\000"
 1306      73436D34 
 1306      436C6F63 
 1306      6B43746C 
 1306      4F666673 
 1307              	.LASF21:
 1308 00ca 63707573 		.ascii	"cpussBase\000"
 1308      73426173 
 1308      6500
 1309              	.LASF70:
 1310 00d4 64774368 		.ascii	"dwChCtlPrioPos\000"
 1310      43746C50 
 1310      72696F50 
 1310      6F7300
 1311              	.LASF12:
 1312 00e3 6C6F6E67 		.ascii	"long long unsigned int\000"
 1312      206C6F6E 
 1312      6720756E 
 1312      7369676E 
 1312      65642069 
 1313              	.LASF74:
 1314 00fa 70657269 		.ascii	"periTrCmdOffset\000"
 1314      5472436D 
 1314      644F6666 
 1314      73657400 
 1315              	.LASF115:
 1316 010a 72785269 		.ascii	"rxRingBuf\000"
 1316      6E674275 
 1316      6600
 1317              	.LASF98:
 1318 0114 63707573 		.ascii	"cpussSysTickCtlOffset\000"
 1318      73537973 
 1318      5469636B 
 1318      43746C4F 
ARM GAS  C:\Users\bogur\AppData\Local\Temp\ccFlYRwD.s 			page 28


 1318      66667365 
 1319              	.LASF128:
 1320 012a 49544D5F 		.ascii	"ITM_RxBuffer\000"
 1320      52784275 
 1320      66666572 
 1320      00
 1321              	.LASF59:
 1322 0137 666C6173 		.ascii	"flashPipeRequired\000"
 1322      68506970 
 1322      65526571 
 1322      75697265 
 1322      6400
 1323              	.LASF63:
 1324 0149 666C6173 		.ascii	"flashCtlMainWs0Freq\000"
 1324      6843746C 
 1324      4D61696E 
 1324      57733046 
 1324      72657100 
 1325              	.LASF15:
 1326 015d 696E7431 		.ascii	"int16_t\000"
 1326      365F7400 
 1327              	.LASF11:
 1328 0165 6C6F6E67 		.ascii	"long long int\000"
 1328      206C6F6E 
 1328      6720696E 
 1328      7400
 1329              	.LASF1:
 1330 0173 7369676E 		.ascii	"signed char\000"
 1330      65642063 
 1330      68617200 
 1331              	.LASF79:
 1332 017f 70657269 		.ascii	"periDivCmdTypeSelPos\000"
 1332      44697643 
 1332      6D645479 
 1332      70655365 
 1332      6C506F73 
 1333              	.LASF25:
 1334 0194 70726F74 		.ascii	"protBase\000"
 1334      42617365 
 1334      00
 1335              	.LASF37:
 1336 019d 69706356 		.ascii	"ipcVersion\000"
 1336      65727369 
 1336      6F6E00
 1337              	.LASF99:
 1338 01a8 63707573 		.ascii	"cpussCm0NmiCtlOffset\000"
 1338      73436D30 
 1338      4E6D6943 
 1338      746C4F66 
 1338      66736574 
 1339              	.LASF47:
 1340 01bd 73727373 		.ascii	"srssNumClkpath\000"
 1340      4E756D43 
 1340      6C6B7061 
 1340      746800
 1341              	.LASF26:
 1342 01cc 6873696F 		.ascii	"hsiomBase\000"
ARM GAS  C:\Users\bogur\AppData\Local\Temp\ccFlYRwD.s 			page 29


 1342      6D426173 
 1342      6500
 1343              	.LASF8:
 1344 01d6 6C6F6E67 		.ascii	"long int\000"
 1344      20696E74 
 1344      00
 1345              	.LASF57:
 1346 01df 63727970 		.ascii	"cryptoMemSize\000"
 1346      746F4D65 
 1346      6D53697A 
 1346      6500
 1347              	.LASF23:
 1348 01ed 70657269 		.ascii	"periBase\000"
 1348      42617365 
 1348      00
 1349              	.LASF55:
 1350 01f6 73797350 		.ascii	"sysPmSimoPresent\000"
 1350      6D53696D 
 1350      6F507265 
 1350      73656E74 
 1350      00
 1351              	.LASF45:
 1352 0207 63707573 		.ascii	"cpussFmIrq\000"
 1352      73466D49 
 1352      727100
 1353              	.LASF110:
 1354 0212 646F7562 		.ascii	"double\000"
 1354      6C6500
 1355              	.LASF84:
 1356 0219 70657269 		.ascii	"periDiv16_5CtlOffset\000"
 1356      44697631 
 1356      365F3543 
 1356      746C4F66 
 1356      66736574 
 1357              	.LASF48:
 1358 022e 73727373 		.ascii	"srssNumPll\000"
 1358      4E756D50 
 1358      6C6C00
 1359              	.LASF138:
 1360 0239 6D61696E 		.ascii	"main\000"
 1360      00
 1361              	.LASF82:
 1362 023e 70657269 		.ascii	"periDiv8CtlOffset\000"
 1362      44697638 
 1362      43746C4F 
 1362      66667365 
 1362      7400
 1363              	.LASF89:
 1364 0250 6770696F 		.ascii	"gpioPrtCfgOutOffset\000"
 1364      50727443 
 1364      66674F75 
 1364      744F6666 
 1364      73657400 
 1365              	.LASF22:
 1366 0264 666C6173 		.ascii	"flashcBase\000"
 1366      68634261 
 1366      736500
ARM GAS  C:\Users\bogur\AppData\Local\Temp\ccFlYRwD.s 			page 30


 1367              	.LASF9:
 1368 026f 5F5F7569 		.ascii	"__uint32_t\000"
 1368      6E743332 
 1368      5F7400
 1369              	.LASF52:
 1370 027a 70617373 		.ascii	"passSarChannels\000"
 1370      53617243 
 1370      68616E6E 
 1370      656C7300 
 1371              	.LASF132:
 1372 028a 76546173 		.ascii	"vTaskStartScheduler\000"
 1372      6B537461 
 1372      72745363 
 1372      68656475 
 1372      6C657200 
 1373              	.LASF4:
 1374 029e 5F5F696E 		.ascii	"__int16_t\000"
 1374      7431365F 
 1374      7400
 1375              	.LASF121:
 1376 02a8 72784275 		.ascii	"rxBufIdx\000"
 1376      66496478 
 1376      00
 1377              	.LASF95:
 1378 02b1 63707573 		.ascii	"cpussCm4PwrCtlOffset\000"
 1378      73436D34 
 1378      50777243 
 1378      746C4F66 
 1378      66736574 
 1379              	.LASF123:
 1380 02c6 74784275 		.ascii	"txBufSize\000"
 1380      6653697A 
 1380      6500
 1381              	.LASF90:
 1382 02d0 6770696F 		.ascii	"gpioPrtCfgSioOffset\000"
 1382      50727443 
 1382      66675369 
 1382      6F4F6666 
 1382      73657400 
 1383              	.LASF42:
 1384 02e4 63707573 		.ascii	"cpussDwChNr\000"
 1384      73447743 
 1384      684E7200 
 1385              	.LASF13:
 1386 02f0 756E7369 		.ascii	"unsigned int\000"
 1386      676E6564 
 1386      20696E74 
 1386      00
 1387              	.LASF16:
 1388 02fd 75696E74 		.ascii	"uint16_t\000"
 1388      31365F74 
 1388      00
 1389              	.LASF75:
 1390 0306 70657269 		.ascii	"periTrCmdGrSelMsk\000"
 1390      5472436D 
 1390      64477253 
 1390      656C4D73 
ARM GAS  C:\Users\bogur\AppData\Local\Temp\ccFlYRwD.s 			page 31


 1390      6B00
 1391              	.LASF64:
 1392 0318 666C6173 		.ascii	"flashCtlMainWs1Freq\000"
 1392      6843746C 
 1392      4D61696E 
 1392      57733146 
 1392      72657100 
 1393              	.LASF135:
 1394 032c 433A5C55 		.ascii	"C:\\Users\\bogur\\Documents\\GitHub\\TFG2\\Codigo\\"
 1394      73657273 
 1394      5C626F67 
 1394      75725C44 
 1394      6F63756D 
 1395 0358 416C676F 		.ascii	"Algoritmos postcuanticos\\PSOC\\HQC\\HQC\\HQC.cydsn"
 1395      7269746D 
 1395      6F732070 
 1395      6F737463 
 1395      75616E74 
 1396 0387 00       		.ascii	"\000"
 1397              	.LASF10:
 1398 0388 6C6F6E67 		.ascii	"long unsigned int\000"
 1398      20756E73 
 1398      69676E65 
 1398      6420696E 
 1398      7400
 1399              	.LASF112:
 1400 039a 63795F63 		.ascii	"cy_cb_scb_uart_handle_events_t\000"
 1400      625F7363 
 1400      625F7561 
 1400      72745F68 
 1400      616E646C 
 1401              	.LASF130:
 1402 03b9 55415254 		.ascii	"UART_context\000"
 1402      5F636F6E 
 1402      74657874 
 1402      00
 1403              	.LASF40:
 1404 03c6 63707573 		.ascii	"cpussIpcNr\000"
 1404      73497063 
 1404      4E7200
 1405              	.LASF27:
 1406 03d1 6770696F 		.ascii	"gpioBase\000"
 1406      42617365 
 1406      00
 1407              	.LASF65:
 1408 03da 666C6173 		.ascii	"flashCtlMainWs2Freq\000"
 1408      6843746C 
 1408      4D61696E 
 1408      57733246 
 1408      72657100 
 1409              	.LASF76:
 1410 03ee 70657269 		.ascii	"periTrGrOffset\000"
 1410      54724772 
 1410      4F666673 
 1410      657400
 1411              	.LASF103:
 1412 03fd 63707573 		.ascii	"cpussRam1Ctl0\000"
ARM GAS  C:\Users\bogur\AppData\Local\Temp\ccFlYRwD.s 			page 32


 1412      7352616D 
 1412      3143746C 
 1412      3000
 1413              	.LASF125:
 1414 040b 63624576 		.ascii	"cbEvents\000"
 1414      656E7473 
 1414      00
 1415              	.LASF77:
 1416 0414 70657269 		.ascii	"periTrGrSize\000"
 1416      54724772 
 1416      53697A65 
 1416      00
 1417              	.LASF35:
 1418 0421 6770696F 		.ascii	"gpioVersion\000"
 1418      56657273 
 1418      696F6E00 
 1419              	.LASF122:
 1420 042d 74784275 		.ascii	"txBuf\000"
 1420      6600
 1421              	.LASF107:
 1422 0433 63795F73 		.ascii	"cy_stc_device_t\000"
 1422      74635F64 
 1422      65766963 
 1422      655F7400 
 1423              	.LASF53:
 1424 0443 65704D6F 		.ascii	"epMonitorNr\000"
 1424      6E69746F 
 1424      724E7200 
 1425              	.LASF117:
 1426 044f 72785269 		.ascii	"rxRingBufHead\000"
 1426      6E674275 
 1426      66486561 
 1426      6400
 1427              	.LASF96:
 1428 045d 63707573 		.ascii	"cpussTrimRamCtlOffset\000"
 1428      73547269 
 1428      6D52616D 
 1428      43746C4F 
 1428      66667365 
 1429              	.LASF91:
 1430 0473 63707573 		.ascii	"cpussCm0ClockCtlOffset\000"
 1430      73436D30 
 1430      436C6F63 
 1430      6B43746C 
 1430      4F666673 
 1431              	.LASF31:
 1432 048a 63707573 		.ascii	"cpussVersion\000"
 1432      73566572 
 1432      73696F6E 
 1432      00
 1433              	.LASF38:
 1434 0497 70657269 		.ascii	"periVersion\000"
 1434      56657273 
 1434      696F6E00 
 1435              	.LASF94:
 1436 04a3 63707573 		.ascii	"cpussCm0StatusOffset\000"
 1436      73436D30 
ARM GAS  C:\Users\bogur\AppData\Local\Temp\ccFlYRwD.s 			page 33


 1436      53746174 
 1436      75734F66 
 1436      66736574 
 1437              	.LASF19:
 1438 04b8 73697A65 		.ascii	"sizetype\000"
 1438      74797065 
 1438      00
 1439              	.LASF68:
 1440 04c1 64774368 		.ascii	"dwChOffset\000"
 1440      4F666673 
 1440      657400
 1441              	.LASF43:
 1442 04cc 63707573 		.ascii	"cpussFlashPaSize\000"
 1442      73466C61 
 1442      73685061 
 1442      53697A65 
 1442      00
 1443              	.LASF81:
 1444 04dd 70657269 		.ascii	"periDivCmdPaTypeSelPos\000"
 1444      44697643 
 1444      6D645061 
 1444      54797065 
 1444      53656C50 
 1445              	.LASF104:
 1446 04f4 63707573 		.ascii	"cpussRam2Ctl0\000"
 1446      7352616D 
 1446      3243746C 
 1446      3000
 1447              	.LASF72:
 1448 0502 64775374 		.ascii	"dwStatusChIdxPos\000"
 1448      61747573 
 1448      43684964 
 1448      78506F73 
 1448      00
 1449              	.LASF54:
 1450 0513 75646250 		.ascii	"udbPresent\000"
 1450      72657365 
 1450      6E7400
 1451              	.LASF114:
 1452 051e 72785374 		.ascii	"rxStatus\000"
 1452      61747573 
 1452      00
 1453              	.LASF34:
 1454 0527 666C6173 		.ascii	"flashcVersion\000"
 1454      68635665 
 1454      7273696F 
 1454      6E00
 1455              	.LASF30:
 1456 0535 63727970 		.ascii	"cryptoBase\000"
 1456      746F4261 
 1456      736500
 1457              	.LASF51:
 1458 0540 736D6966 		.ascii	"smifDeviceNr\000"
 1458      44657669 
 1458      63654E72 
 1458      00
 1459              	.LASF137:
ARM GAS  C:\Users\bogur\AppData\Local\Temp\ccFlYRwD.s 			page 34


 1460 054d 5F5F656E 		.ascii	"__enable_irq\000"
 1460      61626C65 
 1460      5F697271 
 1460      00
 1461              	.LASF133:
 1462 055a 474E5520 		.ascii	"GNU C11 5.4.1 20160609 (release) [ARM/embedded-5-br"
 1462      43313120 
 1462      352E342E 
 1462      31203230 
 1462      31363036 
 1463 058d 616E6368 		.ascii	"anch revision 237715] -mcpu=cortex-m4 -mfloat-abi=s"
 1463      20726576 
 1463      6973696F 
 1463      6E203233 
 1463      37373135 
 1464 05c0 6F667466 		.ascii	"oftfp -mfpu=fpv4-sp-d16 -mthumb -g -Og -ffunction-s"
 1464      70202D6D 
 1464      6670753D 
 1464      66707634 
 1464      2D73702D 
 1465 05f3 65637469 		.ascii	"ections -ffat-lto-objects\000"
 1465      6F6E7320 
 1465      2D666661 
 1465      742D6C74 
 1465      6F2D6F62 
 1466              	.LASF109:
 1467 060d 666C6F61 		.ascii	"float\000"
 1467      7400
 1468              	.LASF73:
 1469 0613 64775374 		.ascii	"dwStatusChIdxMsk\000"
 1469      61747573 
 1469      43684964 
 1469      784D736B 
 1469      00
 1470              	.LASF129:
 1471 0624 63795F64 		.ascii	"cy_device\000"
 1471      65766963 
 1471      6500
 1472              	.LASF101:
 1473 062e 63707573 		.ascii	"cpussRomCtl\000"
 1473      73526F6D 
 1473      43746C00 
 1474              	.LASF71:
 1475 063a 64774368 		.ascii	"dwChCtlPreemptablePos\000"
 1475      43746C50 
 1475      7265656D 
 1475      70746162 
 1475      6C65506F 
 1476              	.LASF124:
 1477 0650 74784C65 		.ascii	"txLeftToTransmit\000"
 1477      6674546F 
 1477      5472616E 
 1477      736D6974 
 1477      00
 1478              	.LASF24:
 1479 0661 75646242 		.ascii	"udbBase\000"
 1479      61736500 
ARM GAS  C:\Users\bogur\AppData\Local\Temp\ccFlYRwD.s 			page 35


 1480              	.LASF111:
 1481 0669 5F426F6F 		.ascii	"_Bool\000"
 1481      6C00
 1482              	.LASF17:
 1483 066f 696E7433 		.ascii	"int32_t\000"
 1483      325F7400 
 1484              	.LASF2:
 1485 0677 756E7369 		.ascii	"unsigned char\000"
 1485      676E6564 
 1485      20636861 
 1485      7200
 1486              	.LASF67:
 1487 0685 666C6173 		.ascii	"flashCtlMainWs4Freq\000"
 1487      6843746C 
 1487      4D61696E 
 1487      57733446 
 1487      72657100 
 1488              	.LASF0:
 1489 0699 73686F72 		.ascii	"short int\000"
 1489      7420696E 
 1489      7400
 1490              	.LASF78:
 1491 06a3 70657269 		.ascii	"periDivCmdDivSelMsk\000"
 1491      44697643 
 1491      6D644469 
 1491      7653656C 
 1491      4D736B00 
 1492              	.LASF49:
 1493 06b7 73727373 		.ascii	"srssNumHfroot\000"
 1493      4E756D48 
 1493      66726F6F 
 1493      7400
 1494              	.LASF62:
 1495 06c5 666C6173 		.ascii	"flashEraseDelay\000"
 1495      68457261 
 1495      73654465 
 1495      6C617900 
 1496              	.LASF18:
 1497 06d5 75696E74 		.ascii	"uint32_t\000"
 1497      33325F74 
 1497      00
 1498              	.LASF100:
 1499 06de 63707573 		.ascii	"cpussCm4NmiCtlOffset\000"
 1499      73436D34 
 1499      4E6D6943 
 1499      746C4F66 
 1499      66736574 
 1500              	.LASF20:
 1501 06f3 6C6F6E67 		.ascii	"long double\000"
 1501      20646F75 
 1501      626C6500 
 1502              	.LASF108:
 1503 06ff 63686172 		.ascii	"char\000"
 1503      00
 1504              	.LASF39:
 1505 0704 70726F74 		.ascii	"protVersion\000"
 1505      56657273 
ARM GAS  C:\Users\bogur\AppData\Local\Temp\ccFlYRwD.s 			page 36


 1505      696F6E00 
 1506              	.LASF102:
 1507 0710 63707573 		.ascii	"cpussRam0Ctl0\000"
 1507      7352616D 
 1507      3043746C 
 1507      3000
 1508              	.LASF5:
 1509 071e 5F5F7569 		.ascii	"__uint16_t\000"
 1509      6E743136 
 1509      5F7400
 1510              	.LASF83:
 1511 0729 70657269 		.ascii	"periDiv16CtlOffset\000"
 1511      44697631 
 1511      3643746C 
 1511      4F666673 
 1511      657400
 1512              	.LASF7:
 1513 073c 5F5F696E 		.ascii	"__int32_t\000"
 1513      7433325F 
 1513      7400
 1514              	.LASF36:
 1515 0746 6873696F 		.ascii	"hsiomVersion\000"
 1515      6D566572 
 1515      73696F6E 
 1515      00
 1516              	.LASF61:
 1517 0753 666C6173 		.ascii	"flashProgramDelay\000"
 1517      6850726F 
 1517      6772616D 
 1517      44656C61 
 1517      7900
 1518              	.LASF116:
 1519 0765 72785269 		.ascii	"rxRingBufSize\000"
 1519      6E674275 
 1519      6653697A 
 1519      6500
 1520              	.LASF6:
 1521 0773 73686F72 		.ascii	"short unsigned int\000"
 1521      7420756E 
 1521      7369676E 
 1521      65642069 
 1521      6E7400
 1522              	.LASF69:
 1523 0786 64774368 		.ascii	"dwChSize\000"
 1523      53697A65 
 1523      00
 1524              	.LASF105:
 1525 078f 69706353 		.ascii	"ipcStructSize\000"
 1525      74727563 
 1525      7453697A 
 1525      6500
 1526              	.LASF44:
 1527 079d 63707573 		.ascii	"cpussIpc0Irq\000"
 1527      73497063 
 1527      30497271 
 1527      00
 1528              	.LASF87:
ARM GAS  C:\Users\bogur\AppData\Local\Temp\ccFlYRwD.s 			page 37


 1529 07aa 6770696F 		.ascii	"gpioPrtCfgOffset\000"
 1529      50727443 
 1529      66674F66 
 1529      66736574 
 1529      00
 1530              	.LASF126:
 1531 07bb 696E6974 		.ascii	"initKey\000"
 1531      4B657900 
 1532              	.LASF119:
 1533 07c3 72784275 		.ascii	"rxBuf\000"
 1533      6600
 1534              	.LASF127:
 1535 07c9 63795F73 		.ascii	"cy_stc_scb_uart_context_t\000"
 1535      74635F73 
 1535      63625F75 
 1535      6172745F 
 1535      636F6E74 
 1536              	.LASF46:
 1537 07e3 63707573 		.ascii	"cpussNotConnectedIrq\000"
 1537      734E6F74 
 1537      436F6E6E 
 1537      65637465 
 1537      64497271 
 1538              	.LASF60:
 1539 07f8 666C6173 		.ascii	"flashWriteDelay\000"
 1539      68577269 
 1539      74654465 
 1539      6C617900 
 1540              	.LASF14:
 1541 0808 75696E74 		.ascii	"uint8_t\000"
 1541      385F7400 
 1542              	.LASF93:
 1543 0810 63707573 		.ascii	"cpussCm4StatusOffset\000"
 1543      73436D34 
 1543      53746174 
 1543      75734F66 
 1543      66736574 
 1544              	.LASF86:
 1545 0825 6770696F 		.ascii	"gpioPrtIntrCfgOffset\000"
 1545      50727449 
 1545      6E747243 
 1545      66674F66 
 1545      66736574 
 1546              	.LASF118:
 1547 083a 72785269 		.ascii	"rxRingBufTail\000"
 1547      6E674275 
 1547      66546169 
 1547      6C00
 1548              	.LASF97:
 1549 0848 63707573 		.ascii	"cpussTrimRomCtlOffset\000"
 1549      73547269 
 1549      6D526F6D 
 1549      43746C4F 
 1549      66667365 
 1550              	.LASF113:
 1551 085e 74785374 		.ascii	"txStatus\000"
 1551      61747573 
ARM GAS  C:\Users\bogur\AppData\Local\Temp\ccFlYRwD.s 			page 38


 1551      00
 1552              	.LASF33:
 1553 0867 64775665 		.ascii	"dwVersion\000"
 1553      7273696F 
 1553      6E00
 1554              	.LASF29:
 1555 0871 69706342 		.ascii	"ipcBase\000"
 1555      61736500 
 1556              	.LASF80:
 1557 0879 70657269 		.ascii	"periDivCmdPaDivSelPos\000"
 1557      44697643 
 1557      6D645061 
 1557      44697653 
 1557      656C506F 
 1558              	.LASF136:
 1559 088f 63795F73 		.ascii	"cy_stc_scb_uart_context\000"
 1559      74635F73 
 1559      63625F75 
 1559      6172745F 
 1559      636F6E74 
 1560              	.LASF134:
 1561 08a7 6D61696E 		.ascii	"main_cm4.c\000"
 1561      5F636D34 
 1561      2E6300
 1562              	.LASF58:
 1563 08b2 666C6173 		.ascii	"flashRwwRequired\000"
 1563      68527777 
 1563      52657175 
 1563      69726564 
 1563      00
 1564              		.ident	"GCC: (GNU Tools for ARM Embedded Processors) 5.4.1 20160609 (release) [ARM/embedded-5-bran
