ARM GAS  C:\Users\bogurad\AppData\Local\Temp\ccN6kOnR.s 			page 1


   1              		.syntax unified
   2              		.cpu cortex-m4
   3              		.eabi_attribute 27, 1
   4              		.fpu fpv4-sp-d16
   5              		.eabi_attribute 20, 1
   6              		.eabi_attribute 21, 1
   7              		.eabi_attribute 23, 3
   8              		.eabi_attribute 24, 1
   9              		.eabi_attribute 25, 1
  10              		.eabi_attribute 26, 1
  11              		.eabi_attribute 30, 1
  12              		.eabi_attribute 34, 1
  13              		.eabi_attribute 18, 4
  14              		.thumb
  15              		.syntax unified
  16              		.file	"reed_muller.c"
  17              		.text
  18              	.Ltext0:
  19              		.cfi_sections	.debug_frame
  20              		.section	.text.encode,"ax",%progbits
  21              		.align	2
  22              		.thumb
  23              		.thumb_func
  24              		.type	encode, %function
  25              	encode:
  26              	.LFB0:
  27              		.file 1 "..\\reed_muller.c"
   1:..\reed_muller.c **** #include "parameters.h"
   2:..\reed_muller.c **** #include "reed_muller.h"
   3:..\reed_muller.c **** #include <stdint.h>
   4:..\reed_muller.c **** #include <string.h>
   5:..\reed_muller.c **** /**
   6:..\reed_muller.c ****  * @file reed_muller.c
   7:..\reed_muller.c ****  * @brief Constant time implementation of Reed-Muller code RM(1,7)
   8:..\reed_muller.c ****  */
   9:..\reed_muller.c **** 
  10:..\reed_muller.c **** 
  11:..\reed_muller.c **** // number of repeated code words
  12:..\reed_muller.c **** #define MULTIPLICITY                   CEIL_DIVIDE(PARAM_N2, 128)
  13:..\reed_muller.c **** 
  14:..\reed_muller.c **** // copy bit 0 into all bits of a 32 bit value
  15:..\reed_muller.c **** #define BIT0MASK(x) (uint32_t)(-((x) & 1))
  16:..\reed_muller.c **** 
  17:..\reed_muller.c **** /**
  18:..\reed_muller.c ****  * @brief Encode a single byte into a single codeword using RM(1,7)
  19:..\reed_muller.c ****  *
  20:..\reed_muller.c ****  * Encoding matrix of this code:
  21:..\reed_muller.c ****  * bit pattern (note that bits are numbered big endian)
  22:..\reed_muller.c ****  * 0   aaaaaaaa aaaaaaaa aaaaaaaa aaaaaaaa
  23:..\reed_muller.c ****  * 1   cccccccc cccccccc cccccccc cccccccc
  24:..\reed_muller.c ****  * 2   f0f0f0f0 f0f0f0f0 f0f0f0f0 f0f0f0f0
  25:..\reed_muller.c ****  * 3   ff00ff00 ff00ff00 ff00ff00 ff00ff00
  26:..\reed_muller.c ****  * 4   ffff0000 ffff0000 ffff0000 ffff0000
  27:..\reed_muller.c ****  * 5   ffffffff 00000000 ffffffff 00000000
  28:..\reed_muller.c ****  * 6   ffffffff ffffffff 00000000 00000000
  29:..\reed_muller.c ****  * 7   ffffffff ffffffff ffffffff ffffffff
  30:..\reed_muller.c ****  *
ARM GAS  C:\Users\bogurad\AppData\Local\Temp\ccN6kOnR.s 			page 2


  31:..\reed_muller.c ****  * @param[out] word An RM(1,7) codeword
  32:..\reed_muller.c ****  * @param[in] message A message
  33:..\reed_muller.c ****  */
  34:..\reed_muller.c **** static void encode(uint64_t *cword, uint8_t message) {
  28              		.loc 1 34 0
  29              		.cfi_startproc
  30              		@ args = 0, pretend = 0, frame = 0
  31              		@ frame_needed = 0, uses_anonymous_args = 0
  32              		@ link register save eliminated.
  33              	.LVL0:
  34 0000 2DE97003 		push	{r4, r5, r6, r8, r9}
  35              		.cfi_def_cfa_offset 20
  36              		.cfi_offset 4, -20
  37              		.cfi_offset 5, -16
  38              		.cfi_offset 6, -12
  39              		.cfi_offset 8, -8
  40              		.cfi_offset 9, -4
  35:..\reed_muller.c ****     uint32_t first_word;
  36:..\reed_muller.c ****     // bit 7 flips all the bits, do that first to save work
  37:..\reed_muller.c ****     first_word = BIT0MASK(message >> 7);
  41              		.loc 1 37 0
  42 0004 41F3C014 		sbfx	r4, r1, #7, #1
  43              	.LVL1:
  38:..\reed_muller.c ****     // bits 0, 1, 2, 3, 4 are the same for all four longs
  39:..\reed_muller.c ****     // (Warning: in the bit matrix above, low bits are at the left!)
  40:..\reed_muller.c ****     first_word ^= BIT0MASK(message >> 0) & 0xaaaaaaaa;
  44              		.loc 1 40 0
  45 0008 41F30003 		sbfx	r3, r1, #0, #1
  46 000c 03F0AA33 		and	r3, r3, #-1431655766
  47 0010 6340     		eors	r3, r3, r4
  48              	.LVL2:
  41:..\reed_muller.c ****     first_word ^= BIT0MASK(message >> 1) & 0xcccccccc;
  49              		.loc 1 41 0
  50 0012 41F34002 		sbfx	r2, r1, #1, #1
  51 0016 02F0CC32 		and	r2, r2, #-858993460
  52 001a 5340     		eors	r3, r3, r2
  53              	.LVL3:
  42:..\reed_muller.c ****     first_word ^= BIT0MASK(message >> 2) & 0xf0f0f0f0;
  54              		.loc 1 42 0
  55 001c 41F38002 		sbfx	r2, r1, #2, #1
  56 0020 02F0F032 		and	r2, r2, #-252645136
  57 0024 5340     		eors	r3, r3, r2
  58              	.LVL4:
  43:..\reed_muller.c ****     first_word ^= BIT0MASK(message >> 3) & 0xff00ff00;
  59              		.loc 1 43 0
  60 0026 41F3C002 		sbfx	r2, r1, #3, #1
  61 002a 02F0FF22 		and	r2, r2, #-16711936
  62 002e 83EA0204 		eor	r4, r3, r2
  63              	.LVL5:
  44:..\reed_muller.c ****     first_word ^= BIT0MASK(message >> 4) & 0xffff0000;
  64              		.loc 1 44 0
  65 0032 41F30012 		sbfx	r2, r1, #4, #1
  66 0036 130C     		lsrs	r3, r2, #16
  67 0038 1B04     		lsls	r3, r3, #16
  68 003a 6340     		eors	r3, r3, r4
  69              	.LVL6:
  45:..\reed_muller.c ****     // we can store this in the first quarter
ARM GAS  C:\Users\bogurad\AppData\Local\Temp\ccN6kOnR.s 			page 3


  46:..\reed_muller.c ****     cword[0] = first_word;
  47:..\reed_muller.c ****     // bit 5 flips entries 1 and 3; bit 6 flips 2 and 3
  48:..\reed_muller.c ****     first_word ^= BIT0MASK(message >> 5);
  70              		.loc 1 48 0
  71 003c 41F34016 		sbfx	r6, r1, #5, #1
  72 0040 83EA0602 		eor	r2, r3, r6
  73              	.LVL7:
  49:..\reed_muller.c ****     cword[0] |= (uint64_t)first_word << 32;
  74              		.loc 1 49 0
  75 0044 0024     		movs	r4, #0
  76 0046 44EA0308 		orr	r8, r4, r3
  77 004a 9146     		mov	r9, r2
  78 004c C0E90089 		strd	r8, [r0]
  50:..\reed_muller.c ****     first_word ^= BIT0MASK(message >> 6);
  79              		.loc 1 50 0
  80 0050 41F38013 		sbfx	r3, r1, #6, #1
  81 0054 82EA0301 		eor	r1, r2, r3
  82              	.LVL8:
  51:..\reed_muller.c ****     cword[1] = (uint64_t)first_word << 32;
  83              		.loc 1 51 0
  84 0058 0B46     		mov	r3, r1
  85 005a 2246     		mov	r2, r4
  52:..\reed_muller.c ****     first_word ^= BIT0MASK(message >> 5);
  86              		.loc 1 52 0
  87 005c 7140     		eors	r1, r1, r6
  88              	.LVL9:
  53:..\reed_muller.c ****     cword[1] |= first_word;
  89              		.loc 1 53 0
  90 005e 0A43     		orrs	r2, r2, r1
  91 0060 C0E90223 		strd	r2, [r0, #8]
  54:..\reed_muller.c **** }
  92              		.loc 1 54 0
  93 0064 BDE87003 		pop	{r4, r5, r6, r8, r9}
  94              		.cfi_restore 9
  95              		.cfi_restore 8
  96              		.cfi_restore 6
  97              		.cfi_restore 5
  98              		.cfi_restore 4
  99              		.cfi_def_cfa_offset 0
 100 0068 7047     		bx	lr
 101              		.cfi_endproc
 102              	.LFE0:
 103              		.size	encode, .-encode
 104 006a 00BF     		.section	.text.hadamard,"ax",%progbits
 105              		.align	2
 106              		.thumb
 107              		.thumb_func
 108              		.type	hadamard, %function
 109              	hadamard:
 110              	.LFB1:
  55:..\reed_muller.c **** 
  56:..\reed_muller.c **** 
  57:..\reed_muller.c **** 
  58:..\reed_muller.c **** /**
  59:..\reed_muller.c ****  * @brief Hadamard transform
  60:..\reed_muller.c ****  *
  61:..\reed_muller.c ****  * Perform hadamard transform of src and store result in dst
ARM GAS  C:\Users\bogurad\AppData\Local\Temp\ccN6kOnR.s 			page 4


  62:..\reed_muller.c ****  * src is overwritten
  63:..\reed_muller.c ****  *
  64:..\reed_muller.c ****  * @param[out] src Structure that contain the expanded codeword
  65:..\reed_muller.c ****  * @param[out] dst Structure that contain the expanded codeword
  66:..\reed_muller.c ****  */
  67:..\reed_muller.c **** static void hadamard(uint16_t src[128], uint16_t dst[128]) {
 111              		.loc 1 67 0
 112              		.cfi_startproc
 113              		@ args = 0, pretend = 0, frame = 0
 114              		@ frame_needed = 0, uses_anonymous_args = 0
 115              		@ link register save eliminated.
 116              	.LVL10:
 117 0000 70B4     		push	{r4, r5, r6}
 118              		.cfi_def_cfa_offset 12
 119              		.cfi_offset 4, -12
 120              		.cfi_offset 5, -8
 121              		.cfi_offset 6, -4
 122              	.LVL11:
 123              	.LBB2:
  68:..\reed_muller.c ****     // the passes move data:
  69:..\reed_muller.c ****     // src -> dst -> src -> dst -> src -> dst -> src -> dst
  70:..\reed_muller.c ****     // using p1 and p2 alternately
  71:..\reed_muller.c ****     uint16_t *p1 = src;
  72:..\reed_muller.c ****     uint16_t *p2 = dst;
  73:..\reed_muller.c ****     uint16_t *p3;
  74:..\reed_muller.c ****     for (size_t pass = 0; pass < 7; ++pass) {
 124              		.loc 1 74 0
 125 0002 0026     		movs	r6, #0
 126 0004 18E0     		b	.L4
 127              	.LVL12:
 128              	.L5:
 129              	.LBB3:
  75:..\reed_muller.c ****         for (size_t i = 0; i < 64; ++i) {
  76:..\reed_muller.c ****             p2[i] = p1[2 * i] + p1[2 * i + 1];
 130              		.loc 1 76 0 discriminator 3
 131 0006 9A00     		lsls	r2, r3, #2
 132 0008 30F82350 		ldrh	r5, [r0, r3, lsl #2]
 133 000c 0232     		adds	r2, r2, #2
 134 000e 845A     		ldrh	r4, [r0, r2]
 135 0010 2C44     		add	r4, r4, r5
 136 0012 21F81340 		strh	r4, [r1, r3, lsl #1]	@ movhi
  77:..\reed_muller.c ****             p2[i + 64] = p1[2 * i] - p1[2 * i + 1];
 137              		.loc 1 77 0 discriminator 3
 138 0016 03F14005 		add	r5, r3, #64
 139 001a 30F82340 		ldrh	r4, [r0, r3, lsl #2]
 140 001e 825A     		ldrh	r2, [r0, r2]
 141 0020 A21A     		subs	r2, r4, r2
 142 0022 21F81520 		strh	r2, [r1, r5, lsl #1]	@ movhi
  75:..\reed_muller.c ****         for (size_t i = 0; i < 64; ++i) {
 143              		.loc 1 75 0 discriminator 3
 144 0026 0133     		adds	r3, r3, #1
 145              	.LVL13:
 146 0028 00E0     		b	.L6
 147              	.LVL14:
 148              	.L7:
 149              	.LBE3:
 150 002a 0023     		movs	r3, #0
ARM GAS  C:\Users\bogurad\AppData\Local\Temp\ccN6kOnR.s 			page 5


 151              	.L6:
 152              	.LVL15:
 153              	.LBB4:
  75:..\reed_muller.c ****         for (size_t i = 0; i < 64; ++i) {
 154              		.loc 1 75 0 is_stmt 0 discriminator 1
 155 002c 3F2B     		cmp	r3, #63
 156 002e EAD9     		bls	.L5
 157              	.LVL16:
 158              	.LBE4:
  74:..\reed_muller.c ****         for (size_t i = 0; i < 64; ++i) {
 159              		.loc 1 74 0 is_stmt 1 discriminator 2
 160 0030 0136     		adds	r6, r6, #1
 161              	.LVL17:
  78:..\reed_muller.c ****         }
  79:..\reed_muller.c ****         // swap p1, p2 for next round
  80:..\reed_muller.c ****         p3 = p1;
  81:..\reed_muller.c ****         p1 = p2;
  82:..\reed_muller.c ****         p2 = p3;
 162              		.loc 1 82 0 discriminator 2
 163 0032 0346     		mov	r3, r0
 164              	.LVL18:
  81:..\reed_muller.c ****         p2 = p3;
 165              		.loc 1 81 0 discriminator 2
 166 0034 0846     		mov	r0, r1
 167              	.LVL19:
 168              		.loc 1 82 0 discriminator 2
 169 0036 1946     		mov	r1, r3
 170              	.LVL20:
 171              	.L4:
  74:..\reed_muller.c ****         for (size_t i = 0; i < 64; ++i) {
 172              		.loc 1 74 0 discriminator 1
 173 0038 062E     		cmp	r6, #6
 174 003a F6D9     		bls	.L7
 175              	.LBE2:
  83:..\reed_muller.c ****     }
  84:..\reed_muller.c **** }
 176              		.loc 1 84 0
 177 003c 70BC     		pop	{r4, r5, r6}
 178              		.cfi_restore 6
 179              		.cfi_restore 5
 180              		.cfi_restore 4
 181              		.cfi_def_cfa_offset 0
 182              	.LVL21:
 183 003e 7047     		bx	lr
 184              		.cfi_endproc
 185              	.LFE1:
 186              		.size	hadamard, .-hadamard
 187              		.section	.text.expand_and_sum,"ax",%progbits
 188              		.align	2
 189              		.thumb
 190              		.thumb_func
 191              		.type	expand_and_sum, %function
 192              	expand_and_sum:
 193              	.LFB2:
  85:..\reed_muller.c **** 
  86:..\reed_muller.c **** 
  87:..\reed_muller.c **** 
ARM GAS  C:\Users\bogurad\AppData\Local\Temp\ccN6kOnR.s 			page 6


  88:..\reed_muller.c **** /**
  89:..\reed_muller.c ****  * @brief Add multiple codewords into expanded codeword
  90:..\reed_muller.c ****  *
  91:..\reed_muller.c ****  * Accesses memory in order
  92:..\reed_muller.c ****  * Note: this does not write the codewords as -1 or +1 as the green machine does
  93:..\reed_muller.c ****  * instead, just 0 and 1 is used.
  94:..\reed_muller.c ****  * The resulting hadamard transform has:
  95:..\reed_muller.c ****  * all values are halved
  96:..\reed_muller.c ****  * the first entry is 64 too high
  97:..\reed_muller.c ****  *
  98:..\reed_muller.c ****  * @param[out] dest Structure that contain the expanded codeword
  99:..\reed_muller.c ****  * @param[in] src Structure that contain the codeword
 100:..\reed_muller.c ****  */
 101:..\reed_muller.c **** static void expand_and_sum(uint16_t dest[128], const uint64_t src[2 * MULTIPLICITY]) {
 194              		.loc 1 101 0
 195              		.cfi_startproc
 196              		@ args = 0, pretend = 0, frame = 0
 197              		@ frame_needed = 0, uses_anonymous_args = 0
 198              	.LVL22:
 199 0000 F0B5     		push	{r4, r5, r6, r7, lr}
 200              		.cfi_def_cfa_offset 20
 201              		.cfi_offset 4, -20
 202              		.cfi_offset 5, -16
 203              		.cfi_offset 6, -12
 204              		.cfi_offset 7, -8
 205              		.cfi_offset 14, -4
 206              	.LVL23:
 207              	.LBB5:
 102:..\reed_muller.c ****     // start with the first copy
 103:..\reed_muller.c ****     for (size_t part = 0; part < 2; ++part) {
 208              		.loc 1 103 0
 209 0002 0026     		movs	r6, #0
 210 0004 1BE0     		b	.L10
 211              	.LVL24:
 212              	.L11:
 213              	.LBB6:
 104:..\reed_muller.c ****         for (size_t bit = 0; bit < 64; ++bit) {
 105:..\reed_muller.c ****             dest[part * 64 + bit] = ((src[part] >> bit) & 1);
 214              		.loc 1 105 0 discriminator 3
 215 0006 02EB861E 		add	lr, r2, r6, lsl #6
 216 000a 01EBC604 		add	r4, r1, r6, lsl #3
 217 000e 51F83630 		ldr	r3, [r1, r6, lsl #3]
 218 0012 6768     		ldr	r7, [r4, #4]
 219 0014 C2F12005 		rsb	r5, r2, #32
 220 0018 A2F12004 		sub	r4, r2, #32
 221 001c D340     		lsrs	r3, r3, r2
 222 001e 07FA05F5 		lsl	r5, r7, r5
 223 0022 2B43     		orrs	r3, r3, r5
 224 0024 27FA04F4 		lsr	r4, r7, r4
 225 0028 2343     		orrs	r3, r3, r4
 226 002a 03F00103 		and	r3, r3, #1
 227 002e 20F81E30 		strh	r3, [r0, lr, lsl #1]	@ movhi
 104:..\reed_muller.c ****         for (size_t bit = 0; bit < 64; ++bit) {
 228              		.loc 1 104 0 discriminator 3
 229 0032 0132     		adds	r2, r2, #1
 230              	.LVL25:
 231 0034 00E0     		b	.L12
ARM GAS  C:\Users\bogurad\AppData\Local\Temp\ccN6kOnR.s 			page 7


 232              	.LVL26:
 233              	.L17:
 234              	.LBE6:
 235 0036 0022     		movs	r2, #0
 236              	.L12:
 237              	.LVL27:
 238              	.LBB7:
 104:..\reed_muller.c ****         for (size_t bit = 0; bit < 64; ++bit) {
 239              		.loc 1 104 0 is_stmt 0 discriminator 1
 240 0038 3F2A     		cmp	r2, #63
 241 003a E4D9     		bls	.L11
 242              	.LBE7:
 103:..\reed_muller.c ****         for (size_t bit = 0; bit < 64; ++bit) {
 243              		.loc 1 103 0 is_stmt 1 discriminator 2
 244 003c 0136     		adds	r6, r6, #1
 245              	.LVL28:
 246              	.L10:
 103:..\reed_muller.c ****         for (size_t bit = 0; bit < 64; ++bit) {
 247              		.loc 1 103 0 is_stmt 0 discriminator 1
 248 003e 012E     		cmp	r6, #1
 249 0040 F9D9     		bls	.L17
 250 0042 4FF0010C 		mov	ip, #1
 251 0046 29E0     		b	.L13
 252              	.LVL29:
 253              	.L14:
 254              	.LBE5:
 255              	.LBB8:
 256              	.LBB9:
 257              	.LBB10:
 106:..\reed_muller.c ****         }
 107:..\reed_muller.c ****     }
 108:..\reed_muller.c ****     // sum the rest of the copies
 109:..\reed_muller.c ****     for (size_t copy = 1; copy < MULTIPLICITY; ++copy) {
 110:..\reed_muller.c ****         for (size_t part = 0; part < 2; ++part) {
 111:..\reed_muller.c ****             for (size_t bit = 0; bit < 64; ++bit) {
 112:..\reed_muller.c ****                 dest[part * 64 + bit] += (uint16_t) ((src[2 * copy + part] >> bit) & 1);
 258              		.loc 1 112 0 is_stmt 1 discriminator 3
 259 0048 02EB8E16 		add	r6, r2, lr, lsl #6
 260 004c 0EEB4C03 		add	r3, lr, ip, lsl #1
 261 0050 01EBC304 		add	r4, r1, r3, lsl #3
 262 0054 51F83330 		ldr	r3, [r1, r3, lsl #3]
 263 0058 6768     		ldr	r7, [r4, #4]
 264 005a C2F12005 		rsb	r5, r2, #32
 265 005e A2F12004 		sub	r4, r2, #32
 266 0062 D340     		lsrs	r3, r3, r2
 267 0064 07FA05F5 		lsl	r5, r7, r5
 268 0068 2B43     		orrs	r3, r3, r5
 269 006a 27FA04F4 		lsr	r4, r7, r4
 270 006e 2343     		orrs	r3, r3, r4
 271 0070 03F00103 		and	r3, r3, #1
 272 0074 30F81640 		ldrh	r4, [r0, r6, lsl #1]
 273 0078 2344     		add	r3, r3, r4
 274 007a 20F81630 		strh	r3, [r0, r6, lsl #1]	@ movhi
 111:..\reed_muller.c ****                 dest[part * 64 + bit] += (uint16_t) ((src[2 * copy + part] >> bit) & 1);
 275              		.loc 1 111 0 discriminator 3
 276 007e 0132     		adds	r2, r2, #1
 277              	.LVL30:
ARM GAS  C:\Users\bogurad\AppData\Local\Temp\ccN6kOnR.s 			page 8


 278 0080 00E0     		b	.L15
 279              	.LVL31:
 280              	.L18:
 281              	.LBE10:
 282 0082 0022     		movs	r2, #0
 283              	.L15:
 284              	.LVL32:
 285              	.LBB11:
 111:..\reed_muller.c ****                 dest[part * 64 + bit] += (uint16_t) ((src[2 * copy + part] >> bit) & 1);
 286              		.loc 1 111 0 is_stmt 0 discriminator 1
 287 0084 3F2A     		cmp	r2, #63
 288 0086 DFD9     		bls	.L14
 289              	.LBE11:
 110:..\reed_muller.c ****             for (size_t bit = 0; bit < 64; ++bit) {
 290              		.loc 1 110 0 is_stmt 1 discriminator 2
 291 0088 0EF1010E 		add	lr, lr, #1
 292              	.LVL33:
 293 008c 01E0     		b	.L16
 294              	.LVL34:
 295              	.L19:
 296              	.LBE9:
 297 008e 4FF0000E 		mov	lr, #0
 298              	.L16:
 299              	.LVL35:
 300              	.LBB12:
 110:..\reed_muller.c ****             for (size_t bit = 0; bit < 64; ++bit) {
 301              		.loc 1 110 0 is_stmt 0 discriminator 1
 302 0092 BEF1010F 		cmp	lr, #1
 303 0096 F4D9     		bls	.L18
 304              	.LBE12:
 109:..\reed_muller.c ****         for (size_t part = 0; part < 2; ++part) {
 305              		.loc 1 109 0 is_stmt 1 discriminator 2
 306 0098 0CF1010C 		add	ip, ip, #1
 307              	.LVL36:
 308              	.L13:
 109:..\reed_muller.c ****         for (size_t part = 0; part < 2; ++part) {
 309              		.loc 1 109 0 is_stmt 0 discriminator 1
 310 009c BCF1040F 		cmp	ip, #4
 311 00a0 F5D9     		bls	.L19
 312              	.LBE8:
 113:..\reed_muller.c ****             }
 114:..\reed_muller.c ****         }
 115:..\reed_muller.c ****     }
 116:..\reed_muller.c **** }
 313              		.loc 1 116 0 is_stmt 1
 314 00a2 F0BD     		pop	{r4, r5, r6, r7, pc}
 315              		.cfi_endproc
 316              	.LFE2:
 317              		.size	expand_and_sum, .-expand_and_sum
 318              		.section	.text.find_peaks,"ax",%progbits
 319              		.align	2
 320              		.thumb
 321              		.thumb_func
 322              		.type	find_peaks, %function
 323              	find_peaks:
 324              	.LFB3:
 117:..\reed_muller.c **** 
ARM GAS  C:\Users\bogurad\AppData\Local\Temp\ccN6kOnR.s 			page 9


 118:..\reed_muller.c **** 
 119:..\reed_muller.c **** 
 120:..\reed_muller.c **** /**
 121:..\reed_muller.c ****  * @brief Finding the location of the highest value
 122:..\reed_muller.c ****  *
 123:..\reed_muller.c ****  * This is the final step of the green machine: find the location of the highest value,
 124:..\reed_muller.c ****  * and add 128 if the peak is positive
 125:..\reed_muller.c ****  * if there are two identical peaks, the peak with smallest value
 126:..\reed_muller.c ****  * in the lowest 7 bits it taken
 127:..\reed_muller.c ****  * @param[in] transform Structure that contain the expanded codeword
 128:..\reed_muller.c ****  */
 129:..\reed_muller.c **** static uint8_t find_peaks(const uint16_t transform[128]) {
 325              		.loc 1 129 0
 326              		.cfi_startproc
 327              		@ args = 0, pretend = 0, frame = 0
 328              		@ frame_needed = 0, uses_anonymous_args = 0
 329              		@ link register save eliminated.
 330              	.LVL37:
 331 0000 F0B4     		push	{r4, r5, r6, r7}
 332              		.cfi_def_cfa_offset 16
 333              		.cfi_offset 4, -16
 334              		.cfi_offset 5, -12
 335              		.cfi_offset 6, -8
 336              		.cfi_offset 7, -4
 337              	.LVL38:
 338              	.LBB13:
 130:..\reed_muller.c ****     uint16_t peak_abs = 0;
 131:..\reed_muller.c ****     uint16_t peak = 0;
 132:..\reed_muller.c ****     uint16_t pos = 0;
 133:..\reed_muller.c ****     uint16_t t, abs, mask;
 134:..\reed_muller.c ****     for (uint16_t i = 0; i < 128; ++i) {
 339              		.loc 1 134 0
 340 0002 0021     		movs	r1, #0
 341              	.LBE13:
 132:..\reed_muller.c ****     uint16_t t, abs, mask;
 342              		.loc 1 132 0
 343 0004 0E46     		mov	r6, r1
 131:..\reed_muller.c ****     uint16_t pos = 0;
 344              		.loc 1 131 0
 345 0006 0D46     		mov	r5, r1
 130:..\reed_muller.c ****     uint16_t peak_abs = 0;
 346              		.loc 1 130 0
 347 0008 0C46     		mov	r4, r1
 348              	.LBB14:
 349              		.loc 1 134 0
 350 000a 18E0     		b	.L22
 351              	.LVL39:
 352              	.L23:
 135:..\reed_muller.c ****         t = transform[i];
 353              		.loc 1 135 0 discriminator 3
 354 000c 30F81170 		ldrh	r7, [r0, r1, lsl #1]
 355              	.LVL40:
 136:..\reed_muller.c ****         abs = t ^ ((uint16_t)(-(t >> 15)) & (t ^ -t)); // t = abs(t)
 356              		.loc 1 136 0 discriminator 3
 357 0010 3AB2     		sxth	r2, r7
 358 0012 7B42     		negs	r3, r7
 359 0014 5340     		eors	r3, r3, r2
ARM GAS  C:\Users\bogurad\AppData\Local\Temp\ccN6kOnR.s 			page 10


 360 0016 03EAE233 		and	r3, r3, r2, asr #15
 361 001a 5340     		eors	r3, r3, r2
 362 001c 9BB2     		uxth	r3, r3
 363              	.LVL41:
 137:..\reed_muller.c ****         mask = -(((uint16_t)(peak_abs - abs)) >> 15);
 364              		.loc 1 137 0 discriminator 3
 365 001e E21A     		subs	r2, r4, r3
 366 0020 42F3C032 		sbfx	r2, r2, #15, #1
 367 0024 92B2     		uxth	r2, r2
 368              	.LVL42:
 138:..\reed_muller.c ****         peak ^= mask & (peak ^ t);
 369              		.loc 1 138 0 discriminator 3
 370 0026 6F40     		eors	r7, r7, r5
 371              	.LVL43:
 372 0028 1740     		ands	r7, r7, r2
 373 002a 7D40     		eors	r5, r5, r7
 374              	.LVL44:
 139:..\reed_muller.c ****         pos ^= mask & (pos ^ i);
 375              		.loc 1 139 0 discriminator 3
 376 002c 86EA0107 		eor	r7, r6, r1
 377 0030 1740     		ands	r7, r7, r2
 378 0032 7E40     		eors	r6, r6, r7
 379              	.LVL45:
 140:..\reed_muller.c ****         peak_abs ^= mask & (peak_abs ^ abs);
 380              		.loc 1 140 0 discriminator 3
 381 0034 6340     		eors	r3, r3, r4
 382              	.LVL46:
 383 0036 1340     		ands	r3, r3, r2
 384 0038 5C40     		eors	r4, r4, r3
 385              	.LVL47:
 134:..\reed_muller.c ****         t = transform[i];
 386              		.loc 1 134 0 discriminator 3
 387 003a 0131     		adds	r1, r1, #1
 388              	.LVL48:
 389 003c 89B2     		uxth	r1, r1
 390              	.LVL49:
 391              	.L22:
 134:..\reed_muller.c ****         t = transform[i];
 392              		.loc 1 134 0 is_stmt 0 discriminator 1
 393 003e 7F29     		cmp	r1, #127
 394 0040 E4D9     		bls	.L23
 395              	.LBE14:
 141:..\reed_muller.c ****     }
 142:..\reed_muller.c ****     // set bit 7
 143:..\reed_muller.c ****     pos |= 128 & (uint16_t)((peak >> 15) - 1);
 396              		.loc 1 143 0 is_stmt 1
 397 0042 E80B     		lsrs	r0, r5, #15
 398              	.LVL50:
 399 0044 0138     		subs	r0, r0, #1
 400 0046 00F08000 		and	r0, r0, #128
 401 004a 3043     		orrs	r0, r0, r6
 402              	.LVL51:
 144:..\reed_muller.c ****     return (uint8_t) pos;
 145:..\reed_muller.c **** }
 403              		.loc 1 145 0
 404 004c C0B2     		uxtb	r0, r0
 405              	.LVL52:
ARM GAS  C:\Users\bogurad\AppData\Local\Temp\ccN6kOnR.s 			page 11


 406 004e F0BC     		pop	{r4, r5, r6, r7}
 407              		.cfi_restore 7
 408              		.cfi_restore 6
 409              		.cfi_restore 5
 410              		.cfi_restore 4
 411              		.cfi_def_cfa_offset 0
 412              	.LVL53:
 413 0050 7047     		bx	lr
 414              		.cfi_endproc
 415              	.LFE3:
 416              		.size	find_peaks, .-find_peaks
 417 0052 00BF     		.section	.text.PQCLEAN_HQC256_CLEAN_reed_muller_encode,"ax",%progbits
 418              		.align	2
 419              		.global	PQCLEAN_HQC256_CLEAN_reed_muller_encode
 420              		.thumb
 421              		.thumb_func
 422              		.type	PQCLEAN_HQC256_CLEAN_reed_muller_encode, %function
 423              	PQCLEAN_HQC256_CLEAN_reed_muller_encode:
 424              	.LFB4:
 146:..\reed_muller.c **** 
 147:..\reed_muller.c **** 
 148:..\reed_muller.c **** 
 149:..\reed_muller.c **** /**
 150:..\reed_muller.c ****  * @brief Encodes the received word
 151:..\reed_muller.c ****  *
 152:..\reed_muller.c ****  * The message consists of N1 bytes each byte is encoded into PARAM_N2 bits,
 153:..\reed_muller.c ****  * or MULTIPLICITY repeats of 128 bits
 154:..\reed_muller.c ****  *
 155:..\reed_muller.c ****  * @param[out] cdw Array of size VEC_N1N2_SIZE_64 receiving the encoded message
 156:..\reed_muller.c ****  * @param[in] msg Array of size VEC_N1_SIZE_64 storing the message
 157:..\reed_muller.c ****  */
 158:..\reed_muller.c **** void PQCLEAN_HQC256_CLEAN_reed_muller_encode(uint64_t *cdw, const uint8_t *msg) {
 425              		.loc 1 158 0
 426              		.cfi_startproc
 427              		@ args = 0, pretend = 0, frame = 0
 428              		@ frame_needed = 0, uses_anonymous_args = 0
 429              	.LVL54:
 430 0000 2DE9F041 		push	{r4, r5, r6, r7, r8, lr}
 431              		.cfi_def_cfa_offset 24
 432              		.cfi_offset 4, -24
 433              		.cfi_offset 5, -20
 434              		.cfi_offset 6, -16
 435              		.cfi_offset 7, -12
 436              		.cfi_offset 8, -8
 437              		.cfi_offset 14, -4
 438 0004 0646     		mov	r6, r0
 439 0006 0F46     		mov	r7, r1
 440              	.LVL55:
 441              	.LBB15:
 159:..\reed_muller.c ****     for (size_t i = 0; i < VEC_N1_SIZE_BYTES; ++i) {
 442              		.loc 1 159 0
 443 0008 0025     		movs	r5, #0
 444 000a 20E0     		b	.L26
 445              	.LVL56:
 446              	.L29:
 160:..\reed_muller.c ****         // encode first word
 161:..\reed_muller.c ****         encode(&cdw[2 * i * MULTIPLICITY], msg[i]);
ARM GAS  C:\Users\bogurad\AppData\Local\Temp\ccN6kOnR.s 			page 12


 447              		.loc 1 161 0
 448 000c 05EB8503 		add	r3, r5, r5, lsl #2
 449 0010 1C01     		lsls	r4, r3, #4
 450 0012 3444     		add	r4, r4, r6
 451 0014 795D     		ldrb	r1, [r7, r5]	@ zero_extendqisi2
 452 0016 2046     		mov	r0, r4
 453 0018 FFF7FEFF 		bl	encode
 454              	.LVL57:
 455              	.LBB16:
 162:..\reed_muller.c ****         // copy to other identical codewords
 163:..\reed_muller.c ****         for (size_t copy = 1; copy < MULTIPLICITY; ++copy) {
 456              		.loc 1 163 0
 457 001c 0122     		movs	r2, #1
 458 001e 13E0     		b	.L27
 459              	.LVL58:
 460              	.L28:
 164:..\reed_muller.c ****             memcpy(&cdw[2 * i * MULTIPLICITY + 2 * copy], &cdw[2 * i * MULTIPLICITY], 16);
 461              		.loc 1 164 0 discriminator 3
 462 0020 05EB8503 		add	r3, r5, r5, lsl #2
 463 0024 1344     		add	r3, r3, r2
 464 0026 1B01     		lsls	r3, r3, #4
 465 0028 F118     		adds	r1, r6, r3
 466 002a D4F80080 		ldr	r8, [r4]	@ unaligned
 467 002e D4F804C0 		ldr	ip, [r4, #4]	@ unaligned
 468 0032 D4F808E0 		ldr	lr, [r4, #8]	@ unaligned
 469 0036 E068     		ldr	r0, [r4, #12]	@ unaligned
 470 0038 46F80380 		str	r8, [r6, r3]	@ unaligned
 471 003c C1F804C0 		str	ip, [r1, #4]	@ unaligned
 472 0040 C1F808E0 		str	lr, [r1, #8]	@ unaligned
 473 0044 C860     		str	r0, [r1, #12]	@ unaligned
 163:..\reed_muller.c ****             memcpy(&cdw[2 * i * MULTIPLICITY + 2 * copy], &cdw[2 * i * MULTIPLICITY], 16);
 474              		.loc 1 163 0 discriminator 3
 475 0046 0132     		adds	r2, r2, #1
 476              	.LVL59:
 477              	.L27:
 163:..\reed_muller.c ****             memcpy(&cdw[2 * i * MULTIPLICITY + 2 * copy], &cdw[2 * i * MULTIPLICITY], 16);
 478              		.loc 1 163 0 is_stmt 0 discriminator 1
 479 0048 042A     		cmp	r2, #4
 480 004a E9D9     		bls	.L28
 481              	.LBE16:
 159:..\reed_muller.c ****         // encode first word
 482              		.loc 1 159 0 is_stmt 1 discriminator 2
 483 004c 0135     		adds	r5, r5, #1
 484              	.LVL60:
 485              	.L26:
 159:..\reed_muller.c ****         // encode first word
 486              		.loc 1 159 0 is_stmt 0 discriminator 1
 487 004e 592D     		cmp	r5, #89
 488 0050 DCD9     		bls	.L29
 489              	.LBE15:
 165:..\reed_muller.c ****         }
 166:..\reed_muller.c ****     }
 167:..\reed_muller.c **** }
 490              		.loc 1 167 0 is_stmt 1
 491 0052 BDE8F081 		pop	{r4, r5, r6, r7, r8, pc}
 492              		.cfi_endproc
 493              	.LFE4:
ARM GAS  C:\Users\bogurad\AppData\Local\Temp\ccN6kOnR.s 			page 13


 494              		.size	PQCLEAN_HQC256_CLEAN_reed_muller_encode, .-PQCLEAN_HQC256_CLEAN_reed_muller_encode
 495 0056 00BF     		.section	.text.PQCLEAN_HQC256_CLEAN_reed_muller_decode,"ax",%progbits
 496              		.align	2
 497              		.global	PQCLEAN_HQC256_CLEAN_reed_muller_decode
 498              		.thumb
 499              		.thumb_func
 500              		.type	PQCLEAN_HQC256_CLEAN_reed_muller_decode, %function
 501              	PQCLEAN_HQC256_CLEAN_reed_muller_decode:
 502              	.LFB5:
 168:..\reed_muller.c **** 
 169:..\reed_muller.c **** 
 170:..\reed_muller.c **** 
 171:..\reed_muller.c **** /**
 172:..\reed_muller.c ****  * @brief Decodes the received word
 173:..\reed_muller.c ****  *
 174:..\reed_muller.c ****  * Decoding uses fast hadamard transform, for a more complete picture on Reed-Muller decoding, see 
 175:..\reed_muller.c ****  * The theory of error-correcting codes codes @cite macwilliams1977theory
 176:..\reed_muller.c ****  *
 177:..\reed_muller.c ****  * @param[out] msg Array of size VEC_N1_SIZE_64 receiving the decoded message
 178:..\reed_muller.c ****  * @param[in] cdw Array of size VEC_N1N2_SIZE_64 storing the received word
 179:..\reed_muller.c ****  */
 180:..\reed_muller.c **** void PQCLEAN_HQC256_CLEAN_reed_muller_decode(uint8_t *msg, const uint64_t *cdw) {
 503              		.loc 1 180 0
 504              		.cfi_startproc
 505              		@ args = 0, pretend = 0, frame = 512
 506              		@ frame_needed = 0, uses_anonymous_args = 0
 507              	.LVL61:
 508 0000 70B5     		push	{r4, r5, r6, lr}
 509              		.cfi_def_cfa_offset 16
 510              		.cfi_offset 4, -16
 511              		.cfi_offset 5, -12
 512              		.cfi_offset 6, -8
 513              		.cfi_offset 14, -4
 514 0002 ADF5007D 		sub	sp, sp, #512
 515              		.cfi_def_cfa_offset 528
 516 0006 0646     		mov	r6, r0
 517 0008 0D46     		mov	r5, r1
 518              	.LVL62:
 519              	.LBB17:
 181:..\reed_muller.c ****     uint16_t expanded[128];
 182:..\reed_muller.c ****     uint16_t transform[128];
 183:..\reed_muller.c ****     for (size_t i = 0; i < VEC_N1_SIZE_BYTES; ++i) {
 520              		.loc 1 183 0
 521 000a 0024     		movs	r4, #0
 522 000c 15E0     		b	.L32
 523              	.LVL63:
 524              	.L33:
 184:..\reed_muller.c ****         // collect the codewords
 185:..\reed_muller.c ****         expand_and_sum(expanded, &cdw[2 * i * MULTIPLICITY]);
 525              		.loc 1 185 0 discriminator 3
 526 000e 04EB8403 		add	r3, r4, r4, lsl #2
 527 0012 1901     		lsls	r1, r3, #4
 528 0014 2944     		add	r1, r1, r5
 529 0016 40A8     		add	r0, sp, #256
 530 0018 FFF7FEFF 		bl	expand_and_sum
 531              	.LVL64:
 186:..\reed_muller.c ****         // apply hadamard transform
ARM GAS  C:\Users\bogurad\AppData\Local\Temp\ccN6kOnR.s 			page 14


 187:..\reed_muller.c ****         hadamard(expanded, transform);
 532              		.loc 1 187 0 discriminator 3
 533 001c 6946     		mov	r1, sp
 534 001e 40A8     		add	r0, sp, #256
 535 0020 FFF7FEFF 		bl	hadamard
 536              	.LVL65:
 188:..\reed_muller.c ****         // fix the first entry to get the half Hadamard transform
 189:..\reed_muller.c ****         transform[0] -= 64 * MULTIPLICITY;
 537              		.loc 1 189 0 discriminator 3
 538 0024 BDF80030 		ldrh	r3, [sp]
 539 0028 A3F5A073 		sub	r3, r3, #320
 540 002c ADF80030 		strh	r3, [sp]	@ movhi
 190:..\reed_muller.c ****         // finish the decoding
 191:..\reed_muller.c ****         msg[i] = find_peaks(transform);
 541              		.loc 1 191 0 discriminator 3
 542 0030 6846     		mov	r0, sp
 543 0032 FFF7FEFF 		bl	find_peaks
 544              	.LVL66:
 545 0036 3055     		strb	r0, [r6, r4]
 183:..\reed_muller.c ****         // collect the codewords
 546              		.loc 1 183 0 discriminator 3
 547 0038 0134     		adds	r4, r4, #1
 548              	.LVL67:
 549              	.L32:
 183:..\reed_muller.c ****         // collect the codewords
 550              		.loc 1 183 0 is_stmt 0 discriminator 1
 551 003a 592C     		cmp	r4, #89
 552 003c E7D9     		bls	.L33
 553              	.LBE17:
 192:..\reed_muller.c ****     }
 193:..\reed_muller.c **** }
 554              		.loc 1 193 0 is_stmt 1
 555 003e 0DF5007D 		add	sp, sp, #512
 556              		.cfi_def_cfa_offset 16
 557              		@ sp needed
 558 0042 70BD     		pop	{r4, r5, r6, pc}
 559              		.cfi_endproc
 560              	.LFE5:
 561              		.size	PQCLEAN_HQC256_CLEAN_reed_muller_decode, .-PQCLEAN_HQC256_CLEAN_reed_muller_decode
 562              		.text
 563              	.Letext0:
 564              		.file 2 "c:\\program files (x86)\\cypress\\psoc creator\\4.4\\psoc creator\\import\\gnu\\arm\\5.4.
 565              		.file 3 "c:\\program files (x86)\\cypress\\psoc creator\\4.4\\psoc creator\\import\\gnu\\arm\\5.4.
 566              		.file 4 "c:\\program files (x86)\\cypress\\psoc creator\\4.4\\psoc creator\\import\\gnu\\arm\\5.4.
 567              		.section	.debug_info,"",%progbits
 568              	.Ldebug_info0:
 569 0000 52040000 		.4byte	0x452
 570 0004 0400     		.2byte	0x4
 571 0006 00000000 		.4byte	.Ldebug_abbrev0
 572 000a 04       		.byte	0x4
 573 000b 01       		.uleb128 0x1
 574 000c 94010000 		.4byte	.LASF38
 575 0010 0C       		.byte	0xc
 576 0011 39010000 		.4byte	.LASF39
 577 0015 33000000 		.4byte	.LASF40
 578 0019 78000000 		.4byte	.Ldebug_ranges0+0x78
 579 001d 00000000 		.4byte	0
ARM GAS  C:\Users\bogurad\AppData\Local\Temp\ccN6kOnR.s 			page 15


 580 0021 00000000 		.4byte	.Ldebug_line0
 581 0025 02       		.uleb128 0x2
 582 0026 01       		.byte	0x1
 583 0027 06       		.byte	0x6
 584 0028 B1020000 		.4byte	.LASF0
 585 002c 03       		.uleb128 0x3
 586 002d 08000000 		.4byte	.LASF3
 587 0031 02       		.byte	0x2
 588 0032 1D       		.byte	0x1d
 589 0033 37000000 		.4byte	0x37
 590 0037 02       		.uleb128 0x2
 591 0038 01       		.byte	0x1
 592 0039 08       		.byte	0x8
 593 003a D5000000 		.4byte	.LASF1
 594 003e 02       		.uleb128 0x2
 595 003f 02       		.byte	0x2
 596 0040 05       		.byte	0x5
 597 0041 69020000 		.4byte	.LASF2
 598 0045 03       		.uleb128 0x3
 599 0046 AC000000 		.4byte	.LASF4
 600 004a 02       		.byte	0x2
 601 004b 2B       		.byte	0x2b
 602 004c 50000000 		.4byte	0x50
 603 0050 02       		.uleb128 0x2
 604 0051 02       		.byte	0x2
 605 0052 07       		.byte	0x7
 606 0053 F5000000 		.4byte	.LASF5
 607 0057 02       		.uleb128 0x2
 608 0058 04       		.byte	0x4
 609 0059 05       		.byte	0x5
 610 005a 97020000 		.4byte	.LASF6
 611 005e 03       		.uleb128 0x3
 612 005f 53010000 		.4byte	.LASF7
 613 0063 02       		.byte	0x2
 614 0064 41       		.byte	0x41
 615 0065 69000000 		.4byte	0x69
 616 0069 02       		.uleb128 0x2
 617 006a 04       		.byte	0x4
 618 006b 07       		.byte	0x7
 619 006c E3000000 		.4byte	.LASF8
 620 0070 02       		.uleb128 0x2
 621 0071 08       		.byte	0x8
 622 0072 05       		.byte	0x5
 623 0073 50020000 		.4byte	.LASF9
 624 0077 03       		.uleb128 0x3
 625 0078 73020000 		.4byte	.LASF10
 626 007c 02       		.byte	0x2
 627 007d 5B       		.byte	0x5b
 628 007e 82000000 		.4byte	0x82
 629 0082 02       		.uleb128 0x2
 630 0083 08       		.byte	0x8
 631 0084 07       		.byte	0x7
 632 0085 6B010000 		.4byte	.LASF11
 633 0089 04       		.uleb128 0x4
 634 008a 04       		.byte	0x4
 635 008b 05       		.byte	0x5
 636 008c 696E7400 		.ascii	"int\000"
ARM GAS  C:\Users\bogurad\AppData\Local\Temp\ccN6kOnR.s 			page 16


 637 0090 02       		.uleb128 0x2
 638 0091 04       		.byte	0x4
 639 0092 07       		.byte	0x7
 640 0093 5E010000 		.4byte	.LASF12
 641 0097 03       		.uleb128 0x3
 642 0098 82010000 		.4byte	.LASF13
 643 009c 03       		.byte	0x3
 644 009d 18       		.byte	0x18
 645 009e 2C000000 		.4byte	0x2c
 646 00a2 03       		.uleb128 0x3
 647 00a3 7E020000 		.4byte	.LASF14
 648 00a7 03       		.byte	0x3
 649 00a8 24       		.byte	0x24
 650 00a9 45000000 		.4byte	0x45
 651 00ad 03       		.uleb128 0x3
 652 00ae 8E020000 		.4byte	.LASF15
 653 00b2 03       		.byte	0x3
 654 00b3 30       		.byte	0x30
 655 00b4 5E000000 		.4byte	0x5e
 656 00b8 03       		.uleb128 0x3
 657 00b9 B7000000 		.4byte	.LASF16
 658 00bd 03       		.byte	0x3
 659 00be 3C       		.byte	0x3c
 660 00bf 77000000 		.4byte	0x77
 661 00c3 03       		.uleb128 0x3
 662 00c4 12000000 		.4byte	.LASF17
 663 00c8 04       		.byte	0x4
 664 00c9 D8       		.byte	0xd8
 665 00ca 90000000 		.4byte	0x90
 666 00ce 02       		.uleb128 0x2
 667 00cf 08       		.byte	0x8
 668 00d0 04       		.byte	0x4
 669 00d1 A5020000 		.4byte	.LASF18
 670 00d5 02       		.uleb128 0x2
 671 00d6 04       		.byte	0x4
 672 00d7 07       		.byte	0x7
 673 00d8 47020000 		.4byte	.LASF19
 674 00dc 02       		.uleb128 0x2
 675 00dd 01       		.byte	0x1
 676 00de 08       		.byte	0x8
 677 00df A0020000 		.4byte	.LASF20
 678 00e3 05       		.uleb128 0x5
 679 00e4 87020000 		.4byte	.LASF23
 680 00e8 01       		.byte	0x1
 681 00e9 22       		.byte	0x22
 682 00ea 00000000 		.4byte	.LFB0
 683 00ee 6A000000 		.4byte	.LFE0-.LFB0
 684 00f2 01       		.uleb128 0x1
 685 00f3 9C       		.byte	0x9c
 686 00f4 24010000 		.4byte	0x124
 687 00f8 06       		.uleb128 0x6
 688 00f9 63020000 		.4byte	.LASF21
 689 00fd 01       		.byte	0x1
 690 00fe 22       		.byte	0x22
 691 00ff 24010000 		.4byte	0x124
 692 0103 01       		.uleb128 0x1
 693 0104 50       		.byte	0x50
ARM GAS  C:\Users\bogurad\AppData\Local\Temp\ccN6kOnR.s 			page 17


 694 0105 07       		.uleb128 0x7
 695 0106 00000000 		.4byte	.LASF22
 696 010a 01       		.byte	0x1
 697 010b 22       		.byte	0x22
 698 010c 97000000 		.4byte	0x97
 699 0110 00000000 		.4byte	.LLST0
 700 0114 08       		.uleb128 0x8
 701 0115 28000000 		.4byte	.LASF25
 702 0119 01       		.byte	0x1
 703 011a 23       		.byte	0x23
 704 011b AD000000 		.4byte	0xad
 705 011f 21000000 		.4byte	.LLST1
 706 0123 00       		.byte	0
 707 0124 09       		.uleb128 0x9
 708 0125 04       		.byte	0x4
 709 0126 B8000000 		.4byte	0xb8
 710 012a 05       		.uleb128 0x5
 711 012b 4A010000 		.4byte	.LASF24
 712 012f 01       		.byte	0x1
 713 0130 43       		.byte	0x43
 714 0131 00000000 		.4byte	.LFB1
 715 0135 40000000 		.4byte	.LFE1-.LFB1
 716 0139 01       		.uleb128 0x1
 717 013a 9C       		.byte	0x9c
 718 013b B4010000 		.4byte	0x1b4
 719 013f 0A       		.uleb128 0xa
 720 0140 73726300 		.ascii	"src\000"
 721 0144 01       		.byte	0x1
 722 0145 43       		.byte	0x43
 723 0146 B4010000 		.4byte	0x1b4
 724 014a 6B000000 		.4byte	.LLST2
 725 014e 0A       		.uleb128 0xa
 726 014f 64737400 		.ascii	"dst\000"
 727 0153 01       		.byte	0x1
 728 0154 43       		.byte	0x43
 729 0155 B4010000 		.4byte	0x1b4
 730 0159 8C000000 		.4byte	.LLST3
 731 015d 0B       		.uleb128 0xb
 732 015e 703100   		.ascii	"p1\000"
 733 0161 01       		.byte	0x1
 734 0162 47       		.byte	0x47
 735 0163 B4010000 		.4byte	0x1b4
 736 0167 AD000000 		.4byte	.LLST4
 737 016b 0B       		.uleb128 0xb
 738 016c 703200   		.ascii	"p2\000"
 739 016f 01       		.byte	0x1
 740 0170 48       		.byte	0x48
 741 0171 B4010000 		.4byte	0x1b4
 742 0175 D6000000 		.4byte	.LLST5
 743 0179 0B       		.uleb128 0xb
 744 017a 703300   		.ascii	"p3\000"
 745 017d 01       		.byte	0x1
 746 017e 49       		.byte	0x49
 747 017f B4010000 		.4byte	0x1b4
 748 0183 0A010000 		.4byte	.LLST6
 749 0187 0C       		.uleb128 0xc
 750 0188 02000000 		.4byte	.LBB2
ARM GAS  C:\Users\bogurad\AppData\Local\Temp\ccN6kOnR.s 			page 18


 751 018c 3A000000 		.4byte	.LBE2-.LBB2
 752 0190 08       		.uleb128 0x8
 753 0191 C2020000 		.4byte	.LASF26
 754 0195 01       		.byte	0x1
 755 0196 4A       		.byte	0x4a
 756 0197 C3000000 		.4byte	0xc3
 757 019b 28010000 		.4byte	.LLST7
 758 019f 0D       		.uleb128 0xd
 759 01a0 00000000 		.4byte	.Ldebug_ranges0+0
 760 01a4 0B       		.uleb128 0xb
 761 01a5 6900     		.ascii	"i\000"
 762 01a7 01       		.byte	0x1
 763 01a8 4B       		.byte	0x4b
 764 01a9 C3000000 		.4byte	0xc3
 765 01ad 47010000 		.4byte	.LLST8
 766 01b1 00       		.byte	0
 767 01b2 00       		.byte	0
 768 01b3 00       		.byte	0
 769 01b4 09       		.uleb128 0x9
 770 01b5 04       		.byte	0x4
 771 01b6 A2000000 		.4byte	0xa2
 772 01ba 05       		.uleb128 0x5
 773 01bb 19000000 		.4byte	.LASF27
 774 01bf 01       		.byte	0x1
 775 01c0 65       		.byte	0x65
 776 01c1 00000000 		.4byte	.LFB2
 777 01c5 A4000000 		.4byte	.LFE2-.LFB2
 778 01c9 01       		.uleb128 0x1
 779 01ca 9C       		.byte	0x9c
 780 01cb 5D020000 		.4byte	0x25d
 781 01cf 06       		.uleb128 0x6
 782 01d0 D0000000 		.4byte	.LASF28
 783 01d4 01       		.byte	0x1
 784 01d5 65       		.byte	0x65
 785 01d6 B4010000 		.4byte	0x1b4
 786 01da 01       		.uleb128 0x1
 787 01db 50       		.byte	0x50
 788 01dc 0E       		.uleb128 0xe
 789 01dd 73726300 		.ascii	"src\000"
 790 01e1 01       		.byte	0x1
 791 01e2 65       		.byte	0x65
 792 01e3 5D020000 		.4byte	0x25d
 793 01e7 01       		.uleb128 0x1
 794 01e8 51       		.byte	0x51
 795 01e9 0F       		.uleb128 0xf
 796 01ea 02000000 		.4byte	.LBB5
 797 01ee 46000000 		.4byte	.LBE5-.LBB5
 798 01f2 1B020000 		.4byte	0x21b
 799 01f6 08       		.uleb128 0x8
 800 01f7 BD020000 		.4byte	.LASF29
 801 01fb 01       		.byte	0x1
 802 01fc 67       		.byte	0x67
 803 01fd C3000000 		.4byte	0xc3
 804 0201 65010000 		.4byte	.LLST9
 805 0205 0D       		.uleb128 0xd
 806 0206 18000000 		.4byte	.Ldebug_ranges0+0x18
 807 020a 0B       		.uleb128 0xb
ARM GAS  C:\Users\bogurad\AppData\Local\Temp\ccN6kOnR.s 			page 19


 808 020b 62697400 		.ascii	"bit\000"
 809 020f 01       		.byte	0x1
 810 0210 68       		.byte	0x68
 811 0211 C3000000 		.4byte	0xc3
 812 0215 84010000 		.4byte	.LLST10
 813 0219 00       		.byte	0
 814 021a 00       		.byte	0
 815 021b 0C       		.uleb128 0xc
 816 021c 48000000 		.4byte	.LBB8
 817 0220 5A000000 		.4byte	.LBE8-.LBB8
 818 0224 10       		.uleb128 0x10
 819 0225 EF020000 		.4byte	.LASF30
 820 0229 01       		.byte	0x1
 821 022a 6D       		.byte	0x6d
 822 022b C3000000 		.4byte	0xc3
 823 022f 01       		.uleb128 0x1
 824 0230 5C       		.byte	0x5c
 825 0231 0D       		.uleb128 0xd
 826 0232 30000000 		.4byte	.Ldebug_ranges0+0x30
 827 0236 08       		.uleb128 0x8
 828 0237 BD020000 		.4byte	.LASF29
 829 023b 01       		.byte	0x1
 830 023c 6E       		.byte	0x6e
 831 023d C3000000 		.4byte	0xc3
 832 0241 A2010000 		.4byte	.LLST11
 833 0245 0D       		.uleb128 0xd
 834 0246 48000000 		.4byte	.Ldebug_ranges0+0x48
 835 024a 0B       		.uleb128 0xb
 836 024b 62697400 		.ascii	"bit\000"
 837 024f 01       		.byte	0x1
 838 0250 6F       		.byte	0x6f
 839 0251 C3000000 		.4byte	0xc3
 840 0255 C0010000 		.4byte	.LLST12
 841 0259 00       		.byte	0
 842 025a 00       		.byte	0
 843 025b 00       		.byte	0
 844 025c 00       		.byte	0
 845 025d 09       		.uleb128 0x9
 846 025e 04       		.byte	0x4
 847 025f 63020000 		.4byte	0x263
 848 0263 11       		.uleb128 0x11
 849 0264 B8000000 		.4byte	0xb8
 850 0268 12       		.uleb128 0x12
 851 0269 C0000000 		.4byte	.LASF41
 852 026d 01       		.byte	0x1
 853 026e 81       		.byte	0x81
 854 026f 97000000 		.4byte	0x97
 855 0273 00000000 		.4byte	.LFB3
 856 0277 52000000 		.4byte	.LFE3-.LFB3
 857 027b 01       		.uleb128 0x1
 858 027c 9C       		.byte	0x9c
 859 027d FC020000 		.4byte	0x2fc
 860 0281 07       		.uleb128 0x7
 861 0282 8A010000 		.4byte	.LASF31
 862 0286 01       		.byte	0x1
 863 0287 81       		.byte	0x81
 864 0288 FC020000 		.4byte	0x2fc
ARM GAS  C:\Users\bogurad\AppData\Local\Temp\ccN6kOnR.s 			page 20


 865 028c DE010000 		.4byte	.LLST13
 866 0290 08       		.uleb128 0x8
 867 0291 08010000 		.4byte	.LASF32
 868 0295 01       		.byte	0x1
 869 0296 82       		.byte	0x82
 870 0297 A2000000 		.4byte	0xa2
 871 029b FF010000 		.4byte	.LLST14
 872 029f 08       		.uleb128 0x8
 873 02a0 CB000000 		.4byte	.LASF33
 874 02a4 01       		.byte	0x1
 875 02a5 83       		.byte	0x83
 876 02a6 A2000000 		.4byte	0xa2
 877 02aa 1E020000 		.4byte	.LLST15
 878 02ae 0B       		.uleb128 0xb
 879 02af 706F7300 		.ascii	"pos\000"
 880 02b3 01       		.byte	0x1
 881 02b4 84       		.byte	0x84
 882 02b5 A2000000 		.4byte	0xa2
 883 02b9 3D020000 		.4byte	.LLST16
 884 02bd 0B       		.uleb128 0xb
 885 02be 7400     		.ascii	"t\000"
 886 02c0 01       		.byte	0x1
 887 02c1 85       		.byte	0x85
 888 02c2 A2000000 		.4byte	0xa2
 889 02c6 7E020000 		.4byte	.LLST17
 890 02ca 0B       		.uleb128 0xb
 891 02cb 61627300 		.ascii	"abs\000"
 892 02cf 01       		.byte	0x1
 893 02d0 85       		.byte	0x85
 894 02d1 A2000000 		.4byte	0xa2
 895 02d5 B3020000 		.4byte	.LLST18
 896 02d9 08       		.uleb128 0x8
 897 02da 5E020000 		.4byte	.LASF34
 898 02de 01       		.byte	0x1
 899 02df 85       		.byte	0x85
 900 02e0 A2000000 		.4byte	0xa2
 901 02e4 50030000 		.4byte	.LLST19
 902 02e8 0D       		.uleb128 0xd
 903 02e9 60000000 		.4byte	.Ldebug_ranges0+0x60
 904 02ed 0B       		.uleb128 0xb
 905 02ee 6900     		.ascii	"i\000"
 906 02f0 01       		.byte	0x1
 907 02f1 86       		.byte	0x86
 908 02f2 A2000000 		.4byte	0xa2
 909 02f6 63030000 		.4byte	.LLST20
 910 02fa 00       		.byte	0
 911 02fb 00       		.byte	0
 912 02fc 09       		.uleb128 0x9
 913 02fd 04       		.byte	0x4
 914 02fe 02030000 		.4byte	0x302
 915 0302 11       		.uleb128 0x11
 916 0303 A2000000 		.4byte	0xa2
 917 0307 13       		.uleb128 0x13
 918 0308 C7020000 		.4byte	.LASF35
 919 030c 01       		.byte	0x1
 920 030d 9E       		.byte	0x9e
 921 030e 00000000 		.4byte	.LFB4
ARM GAS  C:\Users\bogurad\AppData\Local\Temp\ccN6kOnR.s 			page 21


 922 0312 56000000 		.4byte	.LFE4-.LFB4
 923 0316 01       		.uleb128 0x1
 924 0317 9C       		.byte	0x9c
 925 0318 7F030000 		.4byte	0x37f
 926 031c 0A       		.uleb128 0xa
 927 031d 63647700 		.ascii	"cdw\000"
 928 0321 01       		.byte	0x1
 929 0322 9E       		.byte	0x9e
 930 0323 24010000 		.4byte	0x124
 931 0327 8D030000 		.4byte	.LLST21
 932 032b 0A       		.uleb128 0xa
 933 032c 6D736700 		.ascii	"msg\000"
 934 0330 01       		.byte	0x1
 935 0331 9E       		.byte	0x9e
 936 0332 7F030000 		.4byte	0x37f
 937 0336 AB030000 		.4byte	.LLST22
 938 033a 0C       		.uleb128 0xc
 939 033b 08000000 		.4byte	.LBB15
 940 033f 4A000000 		.4byte	.LBE15-.LBB15
 941 0343 0B       		.uleb128 0xb
 942 0344 6900     		.ascii	"i\000"
 943 0346 01       		.byte	0x1
 944 0347 9F       		.byte	0x9f
 945 0348 C3000000 		.4byte	0xc3
 946 034c C9030000 		.4byte	.LLST23
 947 0350 0F       		.uleb128 0xf
 948 0351 1C000000 		.4byte	.LBB16
 949 0355 30000000 		.4byte	.LBE16-.LBB16
 950 0359 6D030000 		.4byte	0x36d
 951 035d 08       		.uleb128 0x8
 952 035e EF020000 		.4byte	.LASF30
 953 0362 01       		.byte	0x1
 954 0363 A3       		.byte	0xa3
 955 0364 C3000000 		.4byte	0xc3
 956 0368 E8030000 		.4byte	.LLST24
 957 036c 00       		.byte	0
 958 036d 14       		.uleb128 0x14
 959 036e 1C000000 		.4byte	.LVL57
 960 0372 E3000000 		.4byte	0xe3
 961 0376 15       		.uleb128 0x15
 962 0377 01       		.uleb128 0x1
 963 0378 50       		.byte	0x50
 964 0379 02       		.uleb128 0x2
 965 037a 74       		.byte	0x74
 966 037b 00       		.sleb128 0
 967 037c 00       		.byte	0
 968 037d 00       		.byte	0
 969 037e 00       		.byte	0
 970 037f 09       		.uleb128 0x9
 971 0380 04       		.byte	0x4
 972 0381 85030000 		.4byte	0x385
 973 0385 11       		.uleb128 0x11
 974 0386 97000000 		.4byte	0x97
 975 038a 13       		.uleb128 0x13
 976 038b 11010000 		.4byte	.LASF36
 977 038f 01       		.byte	0x1
 978 0390 B4       		.byte	0xb4
ARM GAS  C:\Users\bogurad\AppData\Local\Temp\ccN6kOnR.s 			page 22


 979 0391 00000000 		.4byte	.LFB5
 980 0395 44000000 		.4byte	.LFE5-.LFB5
 981 0399 01       		.uleb128 0x1
 982 039a 9C       		.byte	0x9c
 983 039b 43040000 		.4byte	0x443
 984 039f 0A       		.uleb128 0xa
 985 03a0 6D736700 		.ascii	"msg\000"
 986 03a4 01       		.byte	0x1
 987 03a5 B4       		.byte	0xb4
 988 03a6 43040000 		.4byte	0x443
 989 03aa 07040000 		.4byte	.LLST25
 990 03ae 0A       		.uleb128 0xa
 991 03af 63647700 		.ascii	"cdw\000"
 992 03b3 01       		.byte	0x1
 993 03b4 B4       		.byte	0xb4
 994 03b5 5D020000 		.4byte	0x25d
 995 03b9 25040000 		.4byte	.LLST26
 996 03bd 10       		.uleb128 0x10
 997 03be A3000000 		.4byte	.LASF37
 998 03c2 01       		.byte	0x1
 999 03c3 B5       		.byte	0xb5
 1000 03c4 49040000 		.4byte	0x449
 1001 03c8 03       		.uleb128 0x3
 1002 03c9 91       		.byte	0x91
 1003 03ca F07D     		.sleb128 -272
 1004 03cc 10       		.uleb128 0x10
 1005 03cd 8A010000 		.4byte	.LASF31
 1006 03d1 01       		.byte	0x1
 1007 03d2 B6       		.byte	0xb6
 1008 03d3 49040000 		.4byte	0x449
 1009 03d7 03       		.uleb128 0x3
 1010 03d8 91       		.byte	0x91
 1011 03d9 F07B     		.sleb128 -528
 1012 03db 0C       		.uleb128 0xc
 1013 03dc 0A000000 		.4byte	.LBB17
 1014 03e0 34000000 		.4byte	.LBE17-.LBB17
 1015 03e4 0B       		.uleb128 0xb
 1016 03e5 6900     		.ascii	"i\000"
 1017 03e7 01       		.byte	0x1
 1018 03e8 B7       		.byte	0xb7
 1019 03e9 C3000000 		.4byte	0xc3
 1020 03ed 43040000 		.4byte	.LLST27
 1021 03f1 16       		.uleb128 0x16
 1022 03f2 1C000000 		.4byte	.LVL64
 1023 03f6 BA010000 		.4byte	0x1ba
 1024 03fa 16040000 		.4byte	0x416
 1025 03fe 15       		.uleb128 0x15
 1026 03ff 01       		.uleb128 0x1
 1027 0400 50       		.byte	0x50
 1028 0401 03       		.uleb128 0x3
 1029 0402 91       		.byte	0x91
 1030 0403 F07D     		.sleb128 -272
 1031 0405 15       		.uleb128 0x15
 1032 0406 01       		.uleb128 0x1
 1033 0407 51       		.byte	0x51
 1034 0408 0C       		.uleb128 0xc
 1035 0409 74       		.byte	0x74
ARM GAS  C:\Users\bogurad\AppData\Local\Temp\ccN6kOnR.s 			page 23


 1036 040a 00       		.sleb128 0
 1037 040b 32       		.byte	0x32
 1038 040c 24       		.byte	0x24
 1039 040d 74       		.byte	0x74
 1040 040e 00       		.sleb128 0
 1041 040f 22       		.byte	0x22
 1042 0410 34       		.byte	0x34
 1043 0411 24       		.byte	0x24
 1044 0412 75       		.byte	0x75
 1045 0413 00       		.sleb128 0
 1046 0414 22       		.byte	0x22
 1047 0415 00       		.byte	0
 1048 0416 16       		.uleb128 0x16
 1049 0417 24000000 		.4byte	.LVL65
 1050 041b 2A010000 		.4byte	0x12a
 1051 041f 31040000 		.4byte	0x431
 1052 0423 15       		.uleb128 0x15
 1053 0424 01       		.uleb128 0x1
 1054 0425 50       		.byte	0x50
 1055 0426 03       		.uleb128 0x3
 1056 0427 91       		.byte	0x91
 1057 0428 F07D     		.sleb128 -272
 1058 042a 15       		.uleb128 0x15
 1059 042b 01       		.uleb128 0x1
 1060 042c 51       		.byte	0x51
 1061 042d 02       		.uleb128 0x2
 1062 042e 7D       		.byte	0x7d
 1063 042f 00       		.sleb128 0
 1064 0430 00       		.byte	0
 1065 0431 14       		.uleb128 0x14
 1066 0432 36000000 		.4byte	.LVL66
 1067 0436 68020000 		.4byte	0x268
 1068 043a 15       		.uleb128 0x15
 1069 043b 01       		.uleb128 0x1
 1070 043c 50       		.byte	0x50
 1071 043d 02       		.uleb128 0x2
 1072 043e 7D       		.byte	0x7d
 1073 043f 00       		.sleb128 0
 1074 0440 00       		.byte	0
 1075 0441 00       		.byte	0
 1076 0442 00       		.byte	0
 1077 0443 09       		.uleb128 0x9
 1078 0444 04       		.byte	0x4
 1079 0445 97000000 		.4byte	0x97
 1080 0449 17       		.uleb128 0x17
 1081 044a A2000000 		.4byte	0xa2
 1082 044e 18       		.uleb128 0x18
 1083 044f D5000000 		.4byte	0xd5
 1084 0453 7F       		.byte	0x7f
 1085 0454 00       		.byte	0
 1086 0455 00       		.byte	0
 1087              		.section	.debug_abbrev,"",%progbits
 1088              	.Ldebug_abbrev0:
 1089 0000 01       		.uleb128 0x1
 1090 0001 11       		.uleb128 0x11
 1091 0002 01       		.byte	0x1
 1092 0003 25       		.uleb128 0x25
ARM GAS  C:\Users\bogurad\AppData\Local\Temp\ccN6kOnR.s 			page 24


 1093 0004 0E       		.uleb128 0xe
 1094 0005 13       		.uleb128 0x13
 1095 0006 0B       		.uleb128 0xb
 1096 0007 03       		.uleb128 0x3
 1097 0008 0E       		.uleb128 0xe
 1098 0009 1B       		.uleb128 0x1b
 1099 000a 0E       		.uleb128 0xe
 1100 000b 55       		.uleb128 0x55
 1101 000c 17       		.uleb128 0x17
 1102 000d 11       		.uleb128 0x11
 1103 000e 01       		.uleb128 0x1
 1104 000f 10       		.uleb128 0x10
 1105 0010 17       		.uleb128 0x17
 1106 0011 00       		.byte	0
 1107 0012 00       		.byte	0
 1108 0013 02       		.uleb128 0x2
 1109 0014 24       		.uleb128 0x24
 1110 0015 00       		.byte	0
 1111 0016 0B       		.uleb128 0xb
 1112 0017 0B       		.uleb128 0xb
 1113 0018 3E       		.uleb128 0x3e
 1114 0019 0B       		.uleb128 0xb
 1115 001a 03       		.uleb128 0x3
 1116 001b 0E       		.uleb128 0xe
 1117 001c 00       		.byte	0
 1118 001d 00       		.byte	0
 1119 001e 03       		.uleb128 0x3
 1120 001f 16       		.uleb128 0x16
 1121 0020 00       		.byte	0
 1122 0021 03       		.uleb128 0x3
 1123 0022 0E       		.uleb128 0xe
 1124 0023 3A       		.uleb128 0x3a
 1125 0024 0B       		.uleb128 0xb
 1126 0025 3B       		.uleb128 0x3b
 1127 0026 0B       		.uleb128 0xb
 1128 0027 49       		.uleb128 0x49
 1129 0028 13       		.uleb128 0x13
 1130 0029 00       		.byte	0
 1131 002a 00       		.byte	0
 1132 002b 04       		.uleb128 0x4
 1133 002c 24       		.uleb128 0x24
 1134 002d 00       		.byte	0
 1135 002e 0B       		.uleb128 0xb
 1136 002f 0B       		.uleb128 0xb
 1137 0030 3E       		.uleb128 0x3e
 1138 0031 0B       		.uleb128 0xb
 1139 0032 03       		.uleb128 0x3
 1140 0033 08       		.uleb128 0x8
 1141 0034 00       		.byte	0
 1142 0035 00       		.byte	0
 1143 0036 05       		.uleb128 0x5
 1144 0037 2E       		.uleb128 0x2e
 1145 0038 01       		.byte	0x1
 1146 0039 03       		.uleb128 0x3
 1147 003a 0E       		.uleb128 0xe
 1148 003b 3A       		.uleb128 0x3a
 1149 003c 0B       		.uleb128 0xb
ARM GAS  C:\Users\bogurad\AppData\Local\Temp\ccN6kOnR.s 			page 25


 1150 003d 3B       		.uleb128 0x3b
 1151 003e 0B       		.uleb128 0xb
 1152 003f 27       		.uleb128 0x27
 1153 0040 19       		.uleb128 0x19
 1154 0041 11       		.uleb128 0x11
 1155 0042 01       		.uleb128 0x1
 1156 0043 12       		.uleb128 0x12
 1157 0044 06       		.uleb128 0x6
 1158 0045 40       		.uleb128 0x40
 1159 0046 18       		.uleb128 0x18
 1160 0047 9742     		.uleb128 0x2117
 1161 0049 19       		.uleb128 0x19
 1162 004a 01       		.uleb128 0x1
 1163 004b 13       		.uleb128 0x13
 1164 004c 00       		.byte	0
 1165 004d 00       		.byte	0
 1166 004e 06       		.uleb128 0x6
 1167 004f 05       		.uleb128 0x5
 1168 0050 00       		.byte	0
 1169 0051 03       		.uleb128 0x3
 1170 0052 0E       		.uleb128 0xe
 1171 0053 3A       		.uleb128 0x3a
 1172 0054 0B       		.uleb128 0xb
 1173 0055 3B       		.uleb128 0x3b
 1174 0056 0B       		.uleb128 0xb
 1175 0057 49       		.uleb128 0x49
 1176 0058 13       		.uleb128 0x13
 1177 0059 02       		.uleb128 0x2
 1178 005a 18       		.uleb128 0x18
 1179 005b 00       		.byte	0
 1180 005c 00       		.byte	0
 1181 005d 07       		.uleb128 0x7
 1182 005e 05       		.uleb128 0x5
 1183 005f 00       		.byte	0
 1184 0060 03       		.uleb128 0x3
 1185 0061 0E       		.uleb128 0xe
 1186 0062 3A       		.uleb128 0x3a
 1187 0063 0B       		.uleb128 0xb
 1188 0064 3B       		.uleb128 0x3b
 1189 0065 0B       		.uleb128 0xb
 1190 0066 49       		.uleb128 0x49
 1191 0067 13       		.uleb128 0x13
 1192 0068 02       		.uleb128 0x2
 1193 0069 17       		.uleb128 0x17
 1194 006a 00       		.byte	0
 1195 006b 00       		.byte	0
 1196 006c 08       		.uleb128 0x8
 1197 006d 34       		.uleb128 0x34
 1198 006e 00       		.byte	0
 1199 006f 03       		.uleb128 0x3
 1200 0070 0E       		.uleb128 0xe
 1201 0071 3A       		.uleb128 0x3a
 1202 0072 0B       		.uleb128 0xb
 1203 0073 3B       		.uleb128 0x3b
 1204 0074 0B       		.uleb128 0xb
 1205 0075 49       		.uleb128 0x49
 1206 0076 13       		.uleb128 0x13
ARM GAS  C:\Users\bogurad\AppData\Local\Temp\ccN6kOnR.s 			page 26


 1207 0077 02       		.uleb128 0x2
 1208 0078 17       		.uleb128 0x17
 1209 0079 00       		.byte	0
 1210 007a 00       		.byte	0
 1211 007b 09       		.uleb128 0x9
 1212 007c 0F       		.uleb128 0xf
 1213 007d 00       		.byte	0
 1214 007e 0B       		.uleb128 0xb
 1215 007f 0B       		.uleb128 0xb
 1216 0080 49       		.uleb128 0x49
 1217 0081 13       		.uleb128 0x13
 1218 0082 00       		.byte	0
 1219 0083 00       		.byte	0
 1220 0084 0A       		.uleb128 0xa
 1221 0085 05       		.uleb128 0x5
 1222 0086 00       		.byte	0
 1223 0087 03       		.uleb128 0x3
 1224 0088 08       		.uleb128 0x8
 1225 0089 3A       		.uleb128 0x3a
 1226 008a 0B       		.uleb128 0xb
 1227 008b 3B       		.uleb128 0x3b
 1228 008c 0B       		.uleb128 0xb
 1229 008d 49       		.uleb128 0x49
 1230 008e 13       		.uleb128 0x13
 1231 008f 02       		.uleb128 0x2
 1232 0090 17       		.uleb128 0x17
 1233 0091 00       		.byte	0
 1234 0092 00       		.byte	0
 1235 0093 0B       		.uleb128 0xb
 1236 0094 34       		.uleb128 0x34
 1237 0095 00       		.byte	0
 1238 0096 03       		.uleb128 0x3
 1239 0097 08       		.uleb128 0x8
 1240 0098 3A       		.uleb128 0x3a
 1241 0099 0B       		.uleb128 0xb
 1242 009a 3B       		.uleb128 0x3b
 1243 009b 0B       		.uleb128 0xb
 1244 009c 49       		.uleb128 0x49
 1245 009d 13       		.uleb128 0x13
 1246 009e 02       		.uleb128 0x2
 1247 009f 17       		.uleb128 0x17
 1248 00a0 00       		.byte	0
 1249 00a1 00       		.byte	0
 1250 00a2 0C       		.uleb128 0xc
 1251 00a3 0B       		.uleb128 0xb
 1252 00a4 01       		.byte	0x1
 1253 00a5 11       		.uleb128 0x11
 1254 00a6 01       		.uleb128 0x1
 1255 00a7 12       		.uleb128 0x12
 1256 00a8 06       		.uleb128 0x6
 1257 00a9 00       		.byte	0
 1258 00aa 00       		.byte	0
 1259 00ab 0D       		.uleb128 0xd
 1260 00ac 0B       		.uleb128 0xb
 1261 00ad 01       		.byte	0x1
 1262 00ae 55       		.uleb128 0x55
 1263 00af 17       		.uleb128 0x17
ARM GAS  C:\Users\bogurad\AppData\Local\Temp\ccN6kOnR.s 			page 27


 1264 00b0 00       		.byte	0
 1265 00b1 00       		.byte	0
 1266 00b2 0E       		.uleb128 0xe
 1267 00b3 05       		.uleb128 0x5
 1268 00b4 00       		.byte	0
 1269 00b5 03       		.uleb128 0x3
 1270 00b6 08       		.uleb128 0x8
 1271 00b7 3A       		.uleb128 0x3a
 1272 00b8 0B       		.uleb128 0xb
 1273 00b9 3B       		.uleb128 0x3b
 1274 00ba 0B       		.uleb128 0xb
 1275 00bb 49       		.uleb128 0x49
 1276 00bc 13       		.uleb128 0x13
 1277 00bd 02       		.uleb128 0x2
 1278 00be 18       		.uleb128 0x18
 1279 00bf 00       		.byte	0
 1280 00c0 00       		.byte	0
 1281 00c1 0F       		.uleb128 0xf
 1282 00c2 0B       		.uleb128 0xb
 1283 00c3 01       		.byte	0x1
 1284 00c4 11       		.uleb128 0x11
 1285 00c5 01       		.uleb128 0x1
 1286 00c6 12       		.uleb128 0x12
 1287 00c7 06       		.uleb128 0x6
 1288 00c8 01       		.uleb128 0x1
 1289 00c9 13       		.uleb128 0x13
 1290 00ca 00       		.byte	0
 1291 00cb 00       		.byte	0
 1292 00cc 10       		.uleb128 0x10
 1293 00cd 34       		.uleb128 0x34
 1294 00ce 00       		.byte	0
 1295 00cf 03       		.uleb128 0x3
 1296 00d0 0E       		.uleb128 0xe
 1297 00d1 3A       		.uleb128 0x3a
 1298 00d2 0B       		.uleb128 0xb
 1299 00d3 3B       		.uleb128 0x3b
 1300 00d4 0B       		.uleb128 0xb
 1301 00d5 49       		.uleb128 0x49
 1302 00d6 13       		.uleb128 0x13
 1303 00d7 02       		.uleb128 0x2
 1304 00d8 18       		.uleb128 0x18
 1305 00d9 00       		.byte	0
 1306 00da 00       		.byte	0
 1307 00db 11       		.uleb128 0x11
 1308 00dc 26       		.uleb128 0x26
 1309 00dd 00       		.byte	0
 1310 00de 49       		.uleb128 0x49
 1311 00df 13       		.uleb128 0x13
 1312 00e0 00       		.byte	0
 1313 00e1 00       		.byte	0
 1314 00e2 12       		.uleb128 0x12
 1315 00e3 2E       		.uleb128 0x2e
 1316 00e4 01       		.byte	0x1
 1317 00e5 03       		.uleb128 0x3
 1318 00e6 0E       		.uleb128 0xe
 1319 00e7 3A       		.uleb128 0x3a
 1320 00e8 0B       		.uleb128 0xb
ARM GAS  C:\Users\bogurad\AppData\Local\Temp\ccN6kOnR.s 			page 28


 1321 00e9 3B       		.uleb128 0x3b
 1322 00ea 0B       		.uleb128 0xb
 1323 00eb 27       		.uleb128 0x27
 1324 00ec 19       		.uleb128 0x19
 1325 00ed 49       		.uleb128 0x49
 1326 00ee 13       		.uleb128 0x13
 1327 00ef 11       		.uleb128 0x11
 1328 00f0 01       		.uleb128 0x1
 1329 00f1 12       		.uleb128 0x12
 1330 00f2 06       		.uleb128 0x6
 1331 00f3 40       		.uleb128 0x40
 1332 00f4 18       		.uleb128 0x18
 1333 00f5 9742     		.uleb128 0x2117
 1334 00f7 19       		.uleb128 0x19
 1335 00f8 01       		.uleb128 0x1
 1336 00f9 13       		.uleb128 0x13
 1337 00fa 00       		.byte	0
 1338 00fb 00       		.byte	0
 1339 00fc 13       		.uleb128 0x13
 1340 00fd 2E       		.uleb128 0x2e
 1341 00fe 01       		.byte	0x1
 1342 00ff 3F       		.uleb128 0x3f
 1343 0100 19       		.uleb128 0x19
 1344 0101 03       		.uleb128 0x3
 1345 0102 0E       		.uleb128 0xe
 1346 0103 3A       		.uleb128 0x3a
 1347 0104 0B       		.uleb128 0xb
 1348 0105 3B       		.uleb128 0x3b
 1349 0106 0B       		.uleb128 0xb
 1350 0107 27       		.uleb128 0x27
 1351 0108 19       		.uleb128 0x19
 1352 0109 11       		.uleb128 0x11
 1353 010a 01       		.uleb128 0x1
 1354 010b 12       		.uleb128 0x12
 1355 010c 06       		.uleb128 0x6
 1356 010d 40       		.uleb128 0x40
 1357 010e 18       		.uleb128 0x18
 1358 010f 9742     		.uleb128 0x2117
 1359 0111 19       		.uleb128 0x19
 1360 0112 01       		.uleb128 0x1
 1361 0113 13       		.uleb128 0x13
 1362 0114 00       		.byte	0
 1363 0115 00       		.byte	0
 1364 0116 14       		.uleb128 0x14
 1365 0117 898201   		.uleb128 0x4109
 1366 011a 01       		.byte	0x1
 1367 011b 11       		.uleb128 0x11
 1368 011c 01       		.uleb128 0x1
 1369 011d 31       		.uleb128 0x31
 1370 011e 13       		.uleb128 0x13
 1371 011f 00       		.byte	0
 1372 0120 00       		.byte	0
 1373 0121 15       		.uleb128 0x15
 1374 0122 8A8201   		.uleb128 0x410a
 1375 0125 00       		.byte	0
 1376 0126 02       		.uleb128 0x2
 1377 0127 18       		.uleb128 0x18
ARM GAS  C:\Users\bogurad\AppData\Local\Temp\ccN6kOnR.s 			page 29


 1378 0128 9142     		.uleb128 0x2111
 1379 012a 18       		.uleb128 0x18
 1380 012b 00       		.byte	0
 1381 012c 00       		.byte	0
 1382 012d 16       		.uleb128 0x16
 1383 012e 898201   		.uleb128 0x4109
 1384 0131 01       		.byte	0x1
 1385 0132 11       		.uleb128 0x11
 1386 0133 01       		.uleb128 0x1
 1387 0134 31       		.uleb128 0x31
 1388 0135 13       		.uleb128 0x13
 1389 0136 01       		.uleb128 0x1
 1390 0137 13       		.uleb128 0x13
 1391 0138 00       		.byte	0
 1392 0139 00       		.byte	0
 1393 013a 17       		.uleb128 0x17
 1394 013b 01       		.uleb128 0x1
 1395 013c 01       		.byte	0x1
 1396 013d 49       		.uleb128 0x49
 1397 013e 13       		.uleb128 0x13
 1398 013f 00       		.byte	0
 1399 0140 00       		.byte	0
 1400 0141 18       		.uleb128 0x18
 1401 0142 21       		.uleb128 0x21
 1402 0143 00       		.byte	0
 1403 0144 49       		.uleb128 0x49
 1404 0145 13       		.uleb128 0x13
 1405 0146 2F       		.uleb128 0x2f
 1406 0147 0B       		.uleb128 0xb
 1407 0148 00       		.byte	0
 1408 0149 00       		.byte	0
 1409 014a 00       		.byte	0
 1410              		.section	.debug_loc,"",%progbits
 1411              	.Ldebug_loc0:
 1412              	.LLST0:
 1413 0000 00000000 		.4byte	.LVL0
 1414 0004 58000000 		.4byte	.LVL8
 1415 0008 0100     		.2byte	0x1
 1416 000a 51       		.byte	0x51
 1417 000b 58000000 		.4byte	.LVL8
 1418 000f 6A000000 		.4byte	.LFE0
 1419 0013 0400     		.2byte	0x4
 1420 0015 F3       		.byte	0xf3
 1421 0016 01       		.uleb128 0x1
 1422 0017 51       		.byte	0x51
 1423 0018 9F       		.byte	0x9f
 1424 0019 00000000 		.4byte	0
 1425 001d 00000000 		.4byte	0
 1426              	.LLST1:
 1427 0021 08000000 		.4byte	.LVL1
 1428 0025 12000000 		.4byte	.LVL2
 1429 0029 0100     		.2byte	0x1
 1430 002b 54       		.byte	0x54
 1431 002c 12000000 		.4byte	.LVL2
 1432 0030 32000000 		.4byte	.LVL5
 1433 0034 0100     		.2byte	0x1
 1434 0036 53       		.byte	0x53
ARM GAS  C:\Users\bogurad\AppData\Local\Temp\ccN6kOnR.s 			page 30


 1435 0037 32000000 		.4byte	.LVL5
 1436 003b 3C000000 		.4byte	.LVL6
 1437 003f 0100     		.2byte	0x1
 1438 0041 54       		.byte	0x54
 1439 0042 3C000000 		.4byte	.LVL6
 1440 0046 44000000 		.4byte	.LVL7
 1441 004a 0100     		.2byte	0x1
 1442 004c 53       		.byte	0x53
 1443 004d 44000000 		.4byte	.LVL7
 1444 0051 58000000 		.4byte	.LVL8
 1445 0055 0100     		.2byte	0x1
 1446 0057 52       		.byte	0x52
 1447 0058 58000000 		.4byte	.LVL8
 1448 005c 6A000000 		.4byte	.LFE0
 1449 0060 0100     		.2byte	0x1
 1450 0062 51       		.byte	0x51
 1451 0063 00000000 		.4byte	0
 1452 0067 00000000 		.4byte	0
 1453              	.LLST2:
 1454 006b 00000000 		.4byte	.LVL10
 1455 006f 06000000 		.4byte	.LVL12
 1456 0073 0100     		.2byte	0x1
 1457 0075 50       		.byte	0x50
 1458 0076 06000000 		.4byte	.LVL12
 1459 007a 40000000 		.4byte	.LFE1
 1460 007e 0400     		.2byte	0x4
 1461 0080 F3       		.byte	0xf3
 1462 0081 01       		.uleb128 0x1
 1463 0082 50       		.byte	0x50
 1464 0083 9F       		.byte	0x9f
 1465 0084 00000000 		.4byte	0
 1466 0088 00000000 		.4byte	0
 1467              	.LLST3:
 1468 008c 00000000 		.4byte	.LVL10
 1469 0090 06000000 		.4byte	.LVL12
 1470 0094 0100     		.2byte	0x1
 1471 0096 51       		.byte	0x51
 1472 0097 06000000 		.4byte	.LVL12
 1473 009b 40000000 		.4byte	.LFE1
 1474 009f 0400     		.2byte	0x4
 1475 00a1 F3       		.byte	0xf3
 1476 00a2 01       		.uleb128 0x1
 1477 00a3 51       		.byte	0x51
 1478 00a4 9F       		.byte	0x9f
 1479 00a5 00000000 		.4byte	0
 1480 00a9 00000000 		.4byte	0
 1481              	.LLST4:
 1482 00ad 02000000 		.4byte	.LVL11
 1483 00b1 30000000 		.4byte	.LVL16
 1484 00b5 0100     		.2byte	0x1
 1485 00b7 50       		.byte	0x50
 1486 00b8 30000000 		.4byte	.LVL16
 1487 00bc 38000000 		.4byte	.LVL20
 1488 00c0 0100     		.2byte	0x1
 1489 00c2 51       		.byte	0x51
 1490 00c3 38000000 		.4byte	.LVL20
 1491 00c7 40000000 		.4byte	.LFE1
ARM GAS  C:\Users\bogurad\AppData\Local\Temp\ccN6kOnR.s 			page 31


 1492 00cb 0100     		.2byte	0x1
 1493 00cd 50       		.byte	0x50
 1494 00ce 00000000 		.4byte	0
 1495 00d2 00000000 		.4byte	0
 1496              	.LLST5:
 1497 00d6 06000000 		.4byte	.LVL12
 1498 00da 30000000 		.4byte	.LVL16
 1499 00de 0100     		.2byte	0x1
 1500 00e0 51       		.byte	0x51
 1501 00e1 30000000 		.4byte	.LVL16
 1502 00e5 36000000 		.4byte	.LVL19
 1503 00e9 0100     		.2byte	0x1
 1504 00eb 50       		.byte	0x50
 1505 00ec 36000000 		.4byte	.LVL19
 1506 00f0 38000000 		.4byte	.LVL20
 1507 00f4 0100     		.2byte	0x1
 1508 00f6 53       		.byte	0x53
 1509 00f7 38000000 		.4byte	.LVL20
 1510 00fb 40000000 		.4byte	.LFE1
 1511 00ff 0100     		.2byte	0x1
 1512 0101 51       		.byte	0x51
 1513 0102 00000000 		.4byte	0
 1514 0106 00000000 		.4byte	0
 1515              	.LLST6:
 1516 010a 30000000 		.4byte	.LVL16
 1517 010e 36000000 		.4byte	.LVL19
 1518 0112 0100     		.2byte	0x1
 1519 0114 50       		.byte	0x50
 1520 0115 36000000 		.4byte	.LVL19
 1521 0119 38000000 		.4byte	.LVL20
 1522 011d 0100     		.2byte	0x1
 1523 011f 53       		.byte	0x53
 1524 0120 00000000 		.4byte	0
 1525 0124 00000000 		.4byte	0
 1526              	.LLST7:
 1527 0128 02000000 		.4byte	.LVL11
 1528 012c 06000000 		.4byte	.LVL12
 1529 0130 0200     		.2byte	0x2
 1530 0132 30       		.byte	0x30
 1531 0133 9F       		.byte	0x9f
 1532 0134 06000000 		.4byte	.LVL12
 1533 0138 3E000000 		.4byte	.LVL21
 1534 013c 0100     		.2byte	0x1
 1535 013e 56       		.byte	0x56
 1536 013f 00000000 		.4byte	0
 1537 0143 00000000 		.4byte	0
 1538              	.LLST8:
 1539 0147 06000000 		.4byte	.LVL12
 1540 014b 2A000000 		.4byte	.LVL14
 1541 014f 0100     		.2byte	0x1
 1542 0151 53       		.byte	0x53
 1543 0152 2C000000 		.4byte	.LVL15
 1544 0156 34000000 		.4byte	.LVL18
 1545 015a 0100     		.2byte	0x1
 1546 015c 53       		.byte	0x53
 1547 015d 00000000 		.4byte	0
 1548 0161 00000000 		.4byte	0
ARM GAS  C:\Users\bogurad\AppData\Local\Temp\ccN6kOnR.s 			page 32


 1549              	.LLST9:
 1550 0165 02000000 		.4byte	.LVL23
 1551 0169 06000000 		.4byte	.LVL24
 1552 016d 0200     		.2byte	0x2
 1553 016f 30       		.byte	0x30
 1554 0170 9F       		.byte	0x9f
 1555 0171 06000000 		.4byte	.LVL24
 1556 0175 48000000 		.4byte	.LVL29
 1557 0179 0100     		.2byte	0x1
 1558 017b 56       		.byte	0x56
 1559 017c 00000000 		.4byte	0
 1560 0180 00000000 		.4byte	0
 1561              	.LLST10:
 1562 0184 06000000 		.4byte	.LVL24
 1563 0188 36000000 		.4byte	.LVL26
 1564 018c 0100     		.2byte	0x1
 1565 018e 52       		.byte	0x52
 1566 018f 38000000 		.4byte	.LVL27
 1567 0193 3E000000 		.4byte	.LVL28
 1568 0197 0100     		.2byte	0x1
 1569 0199 52       		.byte	0x52
 1570 019a 00000000 		.4byte	0
 1571 019e 00000000 		.4byte	0
 1572              	.LLST11:
 1573 01a2 48000000 		.4byte	.LVL29
 1574 01a6 8E000000 		.4byte	.LVL34
 1575 01aa 0100     		.2byte	0x1
 1576 01ac 5E       		.byte	0x5e
 1577 01ad 92000000 		.4byte	.LVL35
 1578 01b1 9C000000 		.4byte	.LVL36
 1579 01b5 0100     		.2byte	0x1
 1580 01b7 5E       		.byte	0x5e
 1581 01b8 00000000 		.4byte	0
 1582 01bc 00000000 		.4byte	0
 1583              	.LLST12:
 1584 01c0 48000000 		.4byte	.LVL29
 1585 01c4 82000000 		.4byte	.LVL31
 1586 01c8 0100     		.2byte	0x1
 1587 01ca 52       		.byte	0x52
 1588 01cb 84000000 		.4byte	.LVL32
 1589 01cf 8E000000 		.4byte	.LVL34
 1590 01d3 0100     		.2byte	0x1
 1591 01d5 52       		.byte	0x52
 1592 01d6 00000000 		.4byte	0
 1593 01da 00000000 		.4byte	0
 1594              	.LLST13:
 1595 01de 00000000 		.4byte	.LVL37
 1596 01e2 44000000 		.4byte	.LVL50
 1597 01e6 0100     		.2byte	0x1
 1598 01e8 50       		.byte	0x50
 1599 01e9 44000000 		.4byte	.LVL50
 1600 01ed 52000000 		.4byte	.LFE3
 1601 01f1 0400     		.2byte	0x4
 1602 01f3 F3       		.byte	0xf3
 1603 01f4 01       		.uleb128 0x1
 1604 01f5 50       		.byte	0x50
 1605 01f6 9F       		.byte	0x9f
ARM GAS  C:\Users\bogurad\AppData\Local\Temp\ccN6kOnR.s 			page 33


 1606 01f7 00000000 		.4byte	0
 1607 01fb 00000000 		.4byte	0
 1608              	.LLST14:
 1609 01ff 02000000 		.4byte	.LVL38
 1610 0203 0C000000 		.4byte	.LVL39
 1611 0207 0200     		.2byte	0x2
 1612 0209 30       		.byte	0x30
 1613 020a 9F       		.byte	0x9f
 1614 020b 0C000000 		.4byte	.LVL39
 1615 020f 50000000 		.4byte	.LVL53
 1616 0213 0100     		.2byte	0x1
 1617 0215 54       		.byte	0x54
 1618 0216 00000000 		.4byte	0
 1619 021a 00000000 		.4byte	0
 1620              	.LLST15:
 1621 021e 02000000 		.4byte	.LVL38
 1622 0222 0C000000 		.4byte	.LVL39
 1623 0226 0200     		.2byte	0x2
 1624 0228 30       		.byte	0x30
 1625 0229 9F       		.byte	0x9f
 1626 022a 0C000000 		.4byte	.LVL39
 1627 022e 50000000 		.4byte	.LVL53
 1628 0232 0100     		.2byte	0x1
 1629 0234 55       		.byte	0x55
 1630 0235 00000000 		.4byte	0
 1631 0239 00000000 		.4byte	0
 1632              	.LLST16:
 1633 023d 02000000 		.4byte	.LVL38
 1634 0241 0C000000 		.4byte	.LVL39
 1635 0245 0200     		.2byte	0x2
 1636 0247 30       		.byte	0x30
 1637 0248 9F       		.byte	0x9f
 1638 0249 0C000000 		.4byte	.LVL39
 1639 024d 4C000000 		.4byte	.LVL51
 1640 0251 0100     		.2byte	0x1
 1641 0253 56       		.byte	0x56
 1642 0254 4C000000 		.4byte	.LVL51
 1643 0258 4E000000 		.4byte	.LVL52
 1644 025c 0100     		.2byte	0x1
 1645 025e 50       		.byte	0x50
 1646 025f 4E000000 		.4byte	.LVL52
 1647 0263 50000000 		.4byte	.LVL53
 1648 0267 0D00     		.2byte	0xd
 1649 0269 75       		.byte	0x75
 1650 026a 00       		.sleb128 0
 1651 026b 3F       		.byte	0x3f
 1652 026c 25       		.byte	0x25
 1653 026d 31       		.byte	0x31
 1654 026e 1C       		.byte	0x1c
 1655 026f 08       		.byte	0x8
 1656 0270 80       		.byte	0x80
 1657 0271 1A       		.byte	0x1a
 1658 0272 76       		.byte	0x76
 1659 0273 00       		.sleb128 0
 1660 0274 21       		.byte	0x21
 1661 0275 9F       		.byte	0x9f
 1662 0276 00000000 		.4byte	0
ARM GAS  C:\Users\bogurad\AppData\Local\Temp\ccN6kOnR.s 			page 34


 1663 027a 00000000 		.4byte	0
 1664              	.LLST17:
 1665 027e 10000000 		.4byte	.LVL40
 1666 0282 28000000 		.4byte	.LVL43
 1667 0286 0100     		.2byte	0x1
 1668 0288 57       		.byte	0x57
 1669 0289 28000000 		.4byte	.LVL43
 1670 028d 3C000000 		.4byte	.LVL48
 1671 0291 0700     		.2byte	0x7
 1672 0293 71       		.byte	0x71
 1673 0294 00       		.sleb128 0
 1674 0295 31       		.byte	0x31
 1675 0296 24       		.byte	0x24
 1676 0297 70       		.byte	0x70
 1677 0298 00       		.sleb128 0
 1678 0299 22       		.byte	0x22
 1679 029a 3C000000 		.4byte	.LVL48
 1680 029e 3E000000 		.4byte	.LVL49
 1681 02a2 0700     		.2byte	0x7
 1682 02a4 71       		.byte	0x71
 1683 02a5 7F       		.sleb128 -1
 1684 02a6 31       		.byte	0x31
 1685 02a7 24       		.byte	0x24
 1686 02a8 70       		.byte	0x70
 1687 02a9 00       		.sleb128 0
 1688 02aa 22       		.byte	0x22
 1689 02ab 00000000 		.4byte	0
 1690 02af 00000000 		.4byte	0
 1691              	.LLST18:
 1692 02b3 1E000000 		.4byte	.LVL41
 1693 02b7 36000000 		.4byte	.LVL46
 1694 02bb 0100     		.2byte	0x1
 1695 02bd 53       		.byte	0x53
 1696 02be 36000000 		.4byte	.LVL46
 1697 02c2 3C000000 		.4byte	.LVL48
 1698 02c6 3B00     		.2byte	0x3b
 1699 02c8 71       		.byte	0x71
 1700 02c9 00       		.sleb128 0
 1701 02ca 31       		.byte	0x31
 1702 02cb 24       		.byte	0x24
 1703 02cc 70       		.byte	0x70
 1704 02cd 00       		.sleb128 0
 1705 02ce 22       		.byte	0x22
 1706 02cf 94       		.byte	0x94
 1707 02d0 02       		.byte	0x2
 1708 02d1 0A       		.byte	0xa
 1709 02d2 FFFF     		.2byte	0xffff
 1710 02d4 1A       		.byte	0x1a
 1711 02d5 1F       		.byte	0x1f
 1712 02d6 71       		.byte	0x71
 1713 02d7 00       		.sleb128 0
 1714 02d8 31       		.byte	0x31
 1715 02d9 24       		.byte	0x24
 1716 02da 70       		.byte	0x70
 1717 02db 00       		.sleb128 0
 1718 02dc 22       		.byte	0x22
 1719 02dd 94       		.byte	0x94
ARM GAS  C:\Users\bogurad\AppData\Local\Temp\ccN6kOnR.s 			page 35


 1720 02de 02       		.byte	0x2
 1721 02df 40       		.byte	0x40
 1722 02e0 24       		.byte	0x24
 1723 02e1 40       		.byte	0x40
 1724 02e2 26       		.byte	0x26
 1725 02e3 27       		.byte	0x27
 1726 02e4 71       		.byte	0x71
 1727 02e5 00       		.sleb128 0
 1728 02e6 31       		.byte	0x31
 1729 02e7 24       		.byte	0x24
 1730 02e8 70       		.byte	0x70
 1731 02e9 00       		.sleb128 0
 1732 02ea 22       		.byte	0x22
 1733 02eb 94       		.byte	0x94
 1734 02ec 02       		.byte	0x2
 1735 02ed 40       		.byte	0x40
 1736 02ee 24       		.byte	0x24
 1737 02ef 40       		.byte	0x40
 1738 02f0 26       		.byte	0x26
 1739 02f1 3F       		.byte	0x3f
 1740 02f2 26       		.byte	0x26
 1741 02f3 1A       		.byte	0x1a
 1742 02f4 71       		.byte	0x71
 1743 02f5 00       		.sleb128 0
 1744 02f6 31       		.byte	0x31
 1745 02f7 24       		.byte	0x24
 1746 02f8 70       		.byte	0x70
 1747 02f9 00       		.sleb128 0
 1748 02fa 22       		.byte	0x22
 1749 02fb 94       		.byte	0x94
 1750 02fc 02       		.byte	0x2
 1751 02fd 40       		.byte	0x40
 1752 02fe 24       		.byte	0x24
 1753 02ff 40       		.byte	0x40
 1754 0300 26       		.byte	0x26
 1755 0301 27       		.byte	0x27
 1756 0302 9F       		.byte	0x9f
 1757 0303 3C000000 		.4byte	.LVL48
 1758 0307 3E000000 		.4byte	.LVL49
 1759 030b 3B00     		.2byte	0x3b
 1760 030d 71       		.byte	0x71
 1761 030e 7F       		.sleb128 -1
 1762 030f 31       		.byte	0x31
 1763 0310 24       		.byte	0x24
 1764 0311 70       		.byte	0x70
 1765 0312 00       		.sleb128 0
 1766 0313 22       		.byte	0x22
 1767 0314 94       		.byte	0x94
 1768 0315 02       		.byte	0x2
 1769 0316 0A       		.byte	0xa
 1770 0317 FFFF     		.2byte	0xffff
 1771 0319 1A       		.byte	0x1a
 1772 031a 1F       		.byte	0x1f
 1773 031b 71       		.byte	0x71
 1774 031c 7F       		.sleb128 -1
 1775 031d 31       		.byte	0x31
 1776 031e 24       		.byte	0x24
ARM GAS  C:\Users\bogurad\AppData\Local\Temp\ccN6kOnR.s 			page 36


 1777 031f 70       		.byte	0x70
 1778 0320 00       		.sleb128 0
 1779 0321 22       		.byte	0x22
 1780 0322 94       		.byte	0x94
 1781 0323 02       		.byte	0x2
 1782 0324 40       		.byte	0x40
 1783 0325 24       		.byte	0x24
 1784 0326 40       		.byte	0x40
 1785 0327 26       		.byte	0x26
 1786 0328 27       		.byte	0x27
 1787 0329 71       		.byte	0x71
 1788 032a 7F       		.sleb128 -1
 1789 032b 31       		.byte	0x31
 1790 032c 24       		.byte	0x24
 1791 032d 70       		.byte	0x70
 1792 032e 00       		.sleb128 0
 1793 032f 22       		.byte	0x22
 1794 0330 94       		.byte	0x94
 1795 0331 02       		.byte	0x2
 1796 0332 40       		.byte	0x40
 1797 0333 24       		.byte	0x24
 1798 0334 40       		.byte	0x40
 1799 0335 26       		.byte	0x26
 1800 0336 3F       		.byte	0x3f
 1801 0337 26       		.byte	0x26
 1802 0338 1A       		.byte	0x1a
 1803 0339 71       		.byte	0x71
 1804 033a 7F       		.sleb128 -1
 1805 033b 31       		.byte	0x31
 1806 033c 24       		.byte	0x24
 1807 033d 70       		.byte	0x70
 1808 033e 00       		.sleb128 0
 1809 033f 22       		.byte	0x22
 1810 0340 94       		.byte	0x94
 1811 0341 02       		.byte	0x2
 1812 0342 40       		.byte	0x40
 1813 0343 24       		.byte	0x24
 1814 0344 40       		.byte	0x40
 1815 0345 26       		.byte	0x26
 1816 0346 27       		.byte	0x27
 1817 0347 9F       		.byte	0x9f
 1818 0348 00000000 		.4byte	0
 1819 034c 00000000 		.4byte	0
 1820              	.LLST19:
 1821 0350 26000000 		.4byte	.LVL42
 1822 0354 3E000000 		.4byte	.LVL49
 1823 0358 0100     		.2byte	0x1
 1824 035a 52       		.byte	0x52
 1825 035b 00000000 		.4byte	0
 1826 035f 00000000 		.4byte	0
 1827              	.LLST20:
 1828 0363 02000000 		.4byte	.LVL38
 1829 0367 0C000000 		.4byte	.LVL39
 1830 036b 0200     		.2byte	0x2
 1831 036d 30       		.byte	0x30
 1832 036e 9F       		.byte	0x9f
 1833 036f 0C000000 		.4byte	.LVL39
ARM GAS  C:\Users\bogurad\AppData\Local\Temp\ccN6kOnR.s 			page 37


 1834 0373 3C000000 		.4byte	.LVL48
 1835 0377 0100     		.2byte	0x1
 1836 0379 51       		.byte	0x51
 1837 037a 3E000000 		.4byte	.LVL49
 1838 037e 52000000 		.4byte	.LFE3
 1839 0382 0100     		.2byte	0x1
 1840 0384 51       		.byte	0x51
 1841 0385 00000000 		.4byte	0
 1842 0389 00000000 		.4byte	0
 1843              	.LLST21:
 1844 038d 00000000 		.4byte	.LVL54
 1845 0391 0C000000 		.4byte	.LVL56
 1846 0395 0100     		.2byte	0x1
 1847 0397 50       		.byte	0x50
 1848 0398 0C000000 		.4byte	.LVL56
 1849 039c 56000000 		.4byte	.LFE4
 1850 03a0 0100     		.2byte	0x1
 1851 03a2 56       		.byte	0x56
 1852 03a3 00000000 		.4byte	0
 1853 03a7 00000000 		.4byte	0
 1854              	.LLST22:
 1855 03ab 00000000 		.4byte	.LVL54
 1856 03af 0C000000 		.4byte	.LVL56
 1857 03b3 0100     		.2byte	0x1
 1858 03b5 51       		.byte	0x51
 1859 03b6 0C000000 		.4byte	.LVL56
 1860 03ba 56000000 		.4byte	.LFE4
 1861 03be 0100     		.2byte	0x1
 1862 03c0 57       		.byte	0x57
 1863 03c1 00000000 		.4byte	0
 1864 03c5 00000000 		.4byte	0
 1865              	.LLST23:
 1866 03c9 08000000 		.4byte	.LVL55
 1867 03cd 0C000000 		.4byte	.LVL56
 1868 03d1 0200     		.2byte	0x2
 1869 03d3 30       		.byte	0x30
 1870 03d4 9F       		.byte	0x9f
 1871 03d5 0C000000 		.4byte	.LVL56
 1872 03d9 56000000 		.4byte	.LFE4
 1873 03dd 0100     		.2byte	0x1
 1874 03df 55       		.byte	0x55
 1875 03e0 00000000 		.4byte	0
 1876 03e4 00000000 		.4byte	0
 1877              	.LLST24:
 1878 03e8 1C000000 		.4byte	.LVL57
 1879 03ec 20000000 		.4byte	.LVL58
 1880 03f0 0200     		.2byte	0x2
 1881 03f2 31       		.byte	0x31
 1882 03f3 9F       		.byte	0x9f
 1883 03f4 20000000 		.4byte	.LVL58
 1884 03f8 4E000000 		.4byte	.LVL60
 1885 03fc 0100     		.2byte	0x1
 1886 03fe 52       		.byte	0x52
 1887 03ff 00000000 		.4byte	0
 1888 0403 00000000 		.4byte	0
 1889              	.LLST25:
 1890 0407 00000000 		.4byte	.LVL61
ARM GAS  C:\Users\bogurad\AppData\Local\Temp\ccN6kOnR.s 			page 38


 1891 040b 0E000000 		.4byte	.LVL63
 1892 040f 0100     		.2byte	0x1
 1893 0411 50       		.byte	0x50
 1894 0412 0E000000 		.4byte	.LVL63
 1895 0416 44000000 		.4byte	.LFE5
 1896 041a 0100     		.2byte	0x1
 1897 041c 56       		.byte	0x56
 1898 041d 00000000 		.4byte	0
 1899 0421 00000000 		.4byte	0
 1900              	.LLST26:
 1901 0425 00000000 		.4byte	.LVL61
 1902 0429 0E000000 		.4byte	.LVL63
 1903 042d 0100     		.2byte	0x1
 1904 042f 51       		.byte	0x51
 1905 0430 0E000000 		.4byte	.LVL63
 1906 0434 44000000 		.4byte	.LFE5
 1907 0438 0100     		.2byte	0x1
 1908 043a 55       		.byte	0x55
 1909 043b 00000000 		.4byte	0
 1910 043f 00000000 		.4byte	0
 1911              	.LLST27:
 1912 0443 0A000000 		.4byte	.LVL62
 1913 0447 0E000000 		.4byte	.LVL63
 1914 044b 0200     		.2byte	0x2
 1915 044d 30       		.byte	0x30
 1916 044e 9F       		.byte	0x9f
 1917 044f 0E000000 		.4byte	.LVL63
 1918 0453 44000000 		.4byte	.LFE5
 1919 0457 0100     		.2byte	0x1
 1920 0459 54       		.byte	0x54
 1921 045a 00000000 		.4byte	0
 1922 045e 00000000 		.4byte	0
 1923              		.section	.debug_aranges,"",%progbits
 1924 0000 44000000 		.4byte	0x44
 1925 0004 0200     		.2byte	0x2
 1926 0006 00000000 		.4byte	.Ldebug_info0
 1927 000a 04       		.byte	0x4
 1928 000b 00       		.byte	0
 1929 000c 0000     		.2byte	0
 1930 000e 0000     		.2byte	0
 1931 0010 00000000 		.4byte	.LFB0
 1932 0014 6A000000 		.4byte	.LFE0-.LFB0
 1933 0018 00000000 		.4byte	.LFB1
 1934 001c 40000000 		.4byte	.LFE1-.LFB1
 1935 0020 00000000 		.4byte	.LFB2
 1936 0024 A4000000 		.4byte	.LFE2-.LFB2
 1937 0028 00000000 		.4byte	.LFB3
 1938 002c 52000000 		.4byte	.LFE3-.LFB3
 1939 0030 00000000 		.4byte	.LFB4
 1940 0034 56000000 		.4byte	.LFE4-.LFB4
 1941 0038 00000000 		.4byte	.LFB5
 1942 003c 44000000 		.4byte	.LFE5-.LFB5
 1943 0040 00000000 		.4byte	0
 1944 0044 00000000 		.4byte	0
 1945              		.section	.debug_ranges,"",%progbits
 1946              	.Ldebug_ranges0:
 1947 0000 06000000 		.4byte	.LBB3
ARM GAS  C:\Users\bogurad\AppData\Local\Temp\ccN6kOnR.s 			page 39


 1948 0004 2A000000 		.4byte	.LBE3
 1949 0008 2C000000 		.4byte	.LBB4
 1950 000c 30000000 		.4byte	.LBE4
 1951 0010 00000000 		.4byte	0
 1952 0014 00000000 		.4byte	0
 1953 0018 06000000 		.4byte	.LBB6
 1954 001c 36000000 		.4byte	.LBE6
 1955 0020 38000000 		.4byte	.LBB7
 1956 0024 3C000000 		.4byte	.LBE7
 1957 0028 00000000 		.4byte	0
 1958 002c 00000000 		.4byte	0
 1959 0030 48000000 		.4byte	.LBB9
 1960 0034 8E000000 		.4byte	.LBE9
 1961 0038 92000000 		.4byte	.LBB12
 1962 003c 98000000 		.4byte	.LBE12
 1963 0040 00000000 		.4byte	0
 1964 0044 00000000 		.4byte	0
 1965 0048 48000000 		.4byte	.LBB10
 1966 004c 82000000 		.4byte	.LBE10
 1967 0050 84000000 		.4byte	.LBB11
 1968 0054 88000000 		.4byte	.LBE11
 1969 0058 00000000 		.4byte	0
 1970 005c 00000000 		.4byte	0
 1971 0060 02000000 		.4byte	.LBB13
 1972 0064 04000000 		.4byte	.LBE13
 1973 0068 0A000000 		.4byte	.LBB14
 1974 006c 42000000 		.4byte	.LBE14
 1975 0070 00000000 		.4byte	0
 1976 0074 00000000 		.4byte	0
 1977 0078 00000000 		.4byte	.LFB0
 1978 007c 6A000000 		.4byte	.LFE0
 1979 0080 00000000 		.4byte	.LFB1
 1980 0084 40000000 		.4byte	.LFE1
 1981 0088 00000000 		.4byte	.LFB2
 1982 008c A4000000 		.4byte	.LFE2
 1983 0090 00000000 		.4byte	.LFB3
 1984 0094 52000000 		.4byte	.LFE3
 1985 0098 00000000 		.4byte	.LFB4
 1986 009c 56000000 		.4byte	.LFE4
 1987 00a0 00000000 		.4byte	.LFB5
 1988 00a4 44000000 		.4byte	.LFE5
 1989 00a8 00000000 		.4byte	0
 1990 00ac 00000000 		.4byte	0
 1991              		.section	.debug_line,"",%progbits
 1992              	.Ldebug_line0:
 1993 0000 16030000 		.section	.debug_str,"MS",%progbits,1
 1993      0200A601 
 1993      00000201 
 1993      FB0E0D00 
 1993      01010101 
 1994              	.LASF22:
 1995 0000 6D657373 		.ascii	"message\000"
 1995      61676500 
 1996              	.LASF3:
 1997 0008 5F5F7569 		.ascii	"__uint8_t\000"
 1997      6E74385F 
 1997      7400
ARM GAS  C:\Users\bogurad\AppData\Local\Temp\ccN6kOnR.s 			page 40


 1998              	.LASF17:
 1999 0012 73697A65 		.ascii	"size_t\000"
 1999      5F7400
 2000              	.LASF27:
 2001 0019 65787061 		.ascii	"expand_and_sum\000"
 2001      6E645F61 
 2001      6E645F73 
 2001      756D00
 2002              	.LASF25:
 2003 0028 66697273 		.ascii	"first_word\000"
 2003      745F776F 
 2003      726400
 2004              	.LASF40:
 2005 0033 433A5C55 		.ascii	"C:\\Users\\bogurad\\Desktop\\Proyectos gitHub\\TFG2"
 2005      73657273 
 2005      5C626F67 
 2005      75726164 
 2005      5C446573 
 2006 0061 5C436F64 		.ascii	"\\Codigo\\Algoritmos postcuanticos\\PSOC\\Workspace"
 2006      69676F5C 
 2006      416C676F 
 2006      7269746D 
 2006      6F732070 
 2007 0090 5C485143 		.ascii	"\\HQC\\HQC\\HQC.cydsn\000"
 2007      5C485143 
 2007      5C485143 
 2007      2E637964 
 2007      736E00
 2008              	.LASF37:
 2009 00a3 65787061 		.ascii	"expanded\000"
 2009      6E646564 
 2009      00
 2010              	.LASF4:
 2011 00ac 5F5F7569 		.ascii	"__uint16_t\000"
 2011      6E743136 
 2011      5F7400
 2012              	.LASF16:
 2013 00b7 75696E74 		.ascii	"uint64_t\000"
 2013      36345F74 
 2013      00
 2014              	.LASF41:
 2015 00c0 66696E64 		.ascii	"find_peaks\000"
 2015      5F706561 
 2015      6B7300
 2016              	.LASF33:
 2017 00cb 7065616B 		.ascii	"peak\000"
 2017      00
 2018              	.LASF28:
 2019 00d0 64657374 		.ascii	"dest\000"
 2019      00
 2020              	.LASF1:
 2021 00d5 756E7369 		.ascii	"unsigned char\000"
 2021      676E6564 
 2021      20636861 
 2021      7200
 2022              	.LASF8:
 2023 00e3 6C6F6E67 		.ascii	"long unsigned int\000"
ARM GAS  C:\Users\bogurad\AppData\Local\Temp\ccN6kOnR.s 			page 41


 2023      20756E73 
 2023      69676E65 
 2023      6420696E 
 2023      7400
 2024              	.LASF5:
 2025 00f5 73686F72 		.ascii	"short unsigned int\000"
 2025      7420756E 
 2025      7369676E 
 2025      65642069 
 2025      6E7400
 2026              	.LASF32:
 2027 0108 7065616B 		.ascii	"peak_abs\000"
 2027      5F616273 
 2027      00
 2028              	.LASF36:
 2029 0111 5051434C 		.ascii	"PQCLEAN_HQC256_CLEAN_reed_muller_decode\000"
 2029      45414E5F 
 2029      48514332 
 2029      35365F43 
 2029      4C45414E 
 2030              	.LASF39:
 2031 0139 2E2E5C72 		.ascii	"..\\reed_muller.c\000"
 2031      6565645F 
 2031      6D756C6C 
 2031      65722E63 
 2031      00
 2032              	.LASF24:
 2033 014a 68616461 		.ascii	"hadamard\000"
 2033      6D617264 
 2033      00
 2034              	.LASF7:
 2035 0153 5F5F7569 		.ascii	"__uint32_t\000"
 2035      6E743332 
 2035      5F7400
 2036              	.LASF12:
 2037 015e 756E7369 		.ascii	"unsigned int\000"
 2037      676E6564 
 2037      20696E74 
 2037      00
 2038              	.LASF11:
 2039 016b 6C6F6E67 		.ascii	"long long unsigned int\000"
 2039      206C6F6E 
 2039      6720756E 
 2039      7369676E 
 2039      65642069 
 2040              	.LASF13:
 2041 0182 75696E74 		.ascii	"uint8_t\000"
 2041      385F7400 
 2042              	.LASF31:
 2043 018a 7472616E 		.ascii	"transform\000"
 2043      73666F72 
 2043      6D00
 2044              	.LASF38:
 2045 0194 474E5520 		.ascii	"GNU C11 5.4.1 20160609 (release) [ARM/embedded-5-br"
 2045      43313120 
 2045      352E342E 
 2045      31203230 
ARM GAS  C:\Users\bogurad\AppData\Local\Temp\ccN6kOnR.s 			page 42


 2045      31363036 
 2046 01c7 616E6368 		.ascii	"anch revision 237715] -mcpu=cortex-m4 -mfloat-abi=s"
 2046      20726576 
 2046      6973696F 
 2046      6E203233 
 2046      37373135 
 2047 01fa 6F667466 		.ascii	"oftfp -mfpu=fpv4-sp-d16 -mthumb -g -Og -ffunction-s"
 2047      70202D6D 
 2047      6670753D 
 2047      66707634 
 2047      2D73702D 
 2048 022d 65637469 		.ascii	"ections -ffat-lto-objects\000"
 2048      6F6E7320 
 2048      2D666661 
 2048      742D6C74 
 2048      6F2D6F62 
 2049              	.LASF19:
 2050 0247 73697A65 		.ascii	"sizetype\000"
 2050      74797065 
 2050      00
 2051              	.LASF9:
 2052 0250 6C6F6E67 		.ascii	"long long int\000"
 2052      206C6F6E 
 2052      6720696E 
 2052      7400
 2053              	.LASF34:
 2054 025e 6D61736B 		.ascii	"mask\000"
 2054      00
 2055              	.LASF21:
 2056 0263 63776F72 		.ascii	"cword\000"
 2056      6400
 2057              	.LASF2:
 2058 0269 73686F72 		.ascii	"short int\000"
 2058      7420696E 
 2058      7400
 2059              	.LASF10:
 2060 0273 5F5F7569 		.ascii	"__uint64_t\000"
 2060      6E743634 
 2060      5F7400
 2061              	.LASF14:
 2062 027e 75696E74 		.ascii	"uint16_t\000"
 2062      31365F74 
 2062      00
 2063              	.LASF23:
 2064 0287 656E636F 		.ascii	"encode\000"
 2064      646500
 2065              	.LASF15:
 2066 028e 75696E74 		.ascii	"uint32_t\000"
 2066      33325F74 
 2066      00
 2067              	.LASF6:
 2068 0297 6C6F6E67 		.ascii	"long int\000"
 2068      20696E74 
 2068      00
 2069              	.LASF20:
 2070 02a0 63686172 		.ascii	"char\000"
 2070      00
ARM GAS  C:\Users\bogurad\AppData\Local\Temp\ccN6kOnR.s 			page 43


 2071              	.LASF18:
 2072 02a5 6C6F6E67 		.ascii	"long double\000"
 2072      20646F75 
 2072      626C6500 
 2073              	.LASF0:
 2074 02b1 7369676E 		.ascii	"signed char\000"
 2074      65642063 
 2074      68617200 
 2075              	.LASF29:
 2076 02bd 70617274 		.ascii	"part\000"
 2076      00
 2077              	.LASF26:
 2078 02c2 70617373 		.ascii	"pass\000"
 2078      00
 2079              	.LASF35:
 2080 02c7 5051434C 		.ascii	"PQCLEAN_HQC256_CLEAN_reed_muller_encode\000"
 2080      45414E5F 
 2080      48514332 
 2080      35365F43 
 2080      4C45414E 
 2081              	.LASF30:
 2082 02ef 636F7079 		.ascii	"copy\000"
 2082      00
 2083              		.ident	"GCC: (GNU Tools for ARM Embedded Processors) 5.4.1 20160609 (release) [ARM/embedded-5-bran
