ARM GAS  C:\Users\bogurad\AppData\Local\Temp\ccYBex6U.s 			page 1


   1              		.syntax unified
   2              		.cpu cortex-m4
   3              		.eabi_attribute 27, 1
   4              		.fpu fpv4-sp-d16
   5              		.eabi_attribute 20, 1
   6              		.eabi_attribute 21, 1
   7              		.eabi_attribute 23, 3
   8              		.eabi_attribute 24, 1
   9              		.eabi_attribute 25, 1
  10              		.eabi_attribute 26, 1
  11              		.eabi_attribute 30, 1
  12              		.eabi_attribute 34, 1
  13              		.eabi_attribute 18, 4
  14              		.thumb
  15              		.syntax unified
  16              		.file	"shake_prng.c"
  17              		.text
  18              	.Ltext0:
  19              		.cfi_sections	.debug_frame
  20              		.section	.text.PQCLEAN_HQC256_CLEAN_seedexpander_init,"ax",%progbits
  21              		.align	2
  22              		.global	PQCLEAN_HQC256_CLEAN_seedexpander_init
  23              		.thumb
  24              		.thumb_func
  25              		.type	PQCLEAN_HQC256_CLEAN_seedexpander_init, %function
  26              	PQCLEAN_HQC256_CLEAN_seedexpander_init:
  27              	.LFB0:
  28              		.file 1 "..\\shake_prng.c"
   1:..\shake_prng.c **** #include "domains.h"
   2:..\shake_prng.c **** #include "fips202.h"
   3:..\shake_prng.c **** #include "shake_prng.h"
   4:..\shake_prng.c **** 
   5:..\shake_prng.c **** /**
   6:..\shake_prng.c ****  * @file shake_prng.c
   7:..\shake_prng.c ****  * @brief Implementation of SHAKE-256 based seed expander
   8:..\shake_prng.c ****  */
   9:..\shake_prng.c **** 
  10:..\shake_prng.c **** 
  11:..\shake_prng.c **** /**
  12:..\shake_prng.c ****  * @brief Initialise a SHAKE-256 based seed expander
  13:..\shake_prng.c ****  *
  14:..\shake_prng.c ****  * Derived from function SHAKE_256 in fips202.c
  15:..\shake_prng.c ****  *
  16:..\shake_prng.c ****  * @param[out] state Keccak internal state and a counter
  17:..\shake_prng.c ****  * @param[in] seed A seed
  18:..\shake_prng.c ****  * @param[in] seedlen The seed bytes length
  19:..\shake_prng.c ****  */
  20:..\shake_prng.c **** void PQCLEAN_HQC256_CLEAN_seedexpander_init(seedexpander_state *state, const uint8_t *seed, size_t 
  29              		.loc 1 20 0
  30              		.cfi_startproc
  31              		@ args = 0, pretend = 0, frame = 8
  32              		@ frame_needed = 0, uses_anonymous_args = 0
  33              	.LVL0:
  34 0000 F0B5     		push	{r4, r5, r6, r7, lr}
  35              		.cfi_def_cfa_offset 20
  36              		.cfi_offset 4, -20
  37              		.cfi_offset 5, -16
ARM GAS  C:\Users\bogurad\AppData\Local\Temp\ccYBex6U.s 			page 2


  38              		.cfi_offset 6, -12
  39              		.cfi_offset 7, -8
  40              		.cfi_offset 14, -4
  41 0002 83B0     		sub	sp, sp, #12
  42              		.cfi_def_cfa_offset 32
  43 0004 0446     		mov	r4, r0
  44 0006 0E46     		mov	r6, r1
  45 0008 1746     		mov	r7, r2
  21:..\shake_prng.c ****     uint8_t domain = SEEDEXPANDER_DOMAIN;
  46              		.loc 1 21 0
  47 000a 02AD     		add	r5, sp, #8
  48 000c 0223     		movs	r3, #2
  49 000e 05F8013D 		strb	r3, [r5, #-1]!
  22:..\shake_prng.c ****     shake256_inc_init(state);
  50              		.loc 1 22 0
  51 0012 FFF7FEFF 		bl	shake256_inc_init
  52              	.LVL1:
  23:..\shake_prng.c ****     shake256_inc_absorb(state, seed, seedlen);
  53              		.loc 1 23 0
  54 0016 3A46     		mov	r2, r7
  55 0018 3146     		mov	r1, r6
  56 001a 2046     		mov	r0, r4
  57 001c FFF7FEFF 		bl	shake256_inc_absorb
  58              	.LVL2:
  24:..\shake_prng.c ****     shake256_inc_absorb(state, &domain, 1);
  59              		.loc 1 24 0
  60 0020 0122     		movs	r2, #1
  61 0022 2946     		mov	r1, r5
  62 0024 2046     		mov	r0, r4
  63 0026 FFF7FEFF 		bl	shake256_inc_absorb
  64              	.LVL3:
  25:..\shake_prng.c ****     shake256_inc_finalize(state);
  65              		.loc 1 25 0
  66 002a 2046     		mov	r0, r4
  67 002c FFF7FEFF 		bl	shake256_inc_finalize
  68              	.LVL4:
  26:..\shake_prng.c **** }
  69              		.loc 1 26 0
  70 0030 03B0     		add	sp, sp, #12
  71              		.cfi_def_cfa_offset 20
  72              		@ sp needed
  73 0032 F0BD     		pop	{r4, r5, r6, r7, pc}
  74              		.cfi_endproc
  75              	.LFE0:
  76              		.size	PQCLEAN_HQC256_CLEAN_seedexpander_init, .-PQCLEAN_HQC256_CLEAN_seedexpander_init
  77              		.section	.text.PQCLEAN_HQC256_CLEAN_seedexpander,"ax",%progbits
  78              		.align	2
  79              		.global	PQCLEAN_HQC256_CLEAN_seedexpander
  80              		.thumb
  81              		.thumb_func
  82              		.type	PQCLEAN_HQC256_CLEAN_seedexpander, %function
  83              	PQCLEAN_HQC256_CLEAN_seedexpander:
  84              	.LFB1:
  27:..\shake_prng.c **** 
  28:..\shake_prng.c **** 
  29:..\shake_prng.c **** 
  30:..\shake_prng.c **** /**
ARM GAS  C:\Users\bogurad\AppData\Local\Temp\ccYBex6U.s 			page 3


  31:..\shake_prng.c ****  * @brief A SHAKE-256 based seed expander
  32:..\shake_prng.c ****  *
  33:..\shake_prng.c ****  * Derived from function SHAKE_256 in fips202.c
  34:..\shake_prng.c ****  * Squeezes Keccak state by 64-bit blocks (hardware version compatibility)
  35:..\shake_prng.c ****  *
  36:..\shake_prng.c ****  * @param[out] state Internal state of SHAKE
  37:..\shake_prng.c ****  * @param[out] output The XOF data
  38:..\shake_prng.c ****  * @param[in] outlen Number of bytes to return
  39:..\shake_prng.c ****  */
  40:..\shake_prng.c **** void PQCLEAN_HQC256_CLEAN_seedexpander(seedexpander_state *state, uint8_t *output, size_t outlen) {
  85              		.loc 1 40 0
  86              		.cfi_startproc
  87              		@ args = 0, pretend = 0, frame = 8
  88              		@ frame_needed = 0, uses_anonymous_args = 0
  89              	.LVL5:
  90 0000 F0B5     		push	{r4, r5, r6, r7, lr}
  91              		.cfi_def_cfa_offset 20
  92              		.cfi_offset 4, -20
  93              		.cfi_offset 5, -16
  94              		.cfi_offset 6, -12
  95              		.cfi_offset 7, -8
  96              		.cfi_offset 14, -4
  97 0002 83B0     		sub	sp, sp, #12
  98              		.cfi_def_cfa_offset 32
  99 0004 0746     		mov	r7, r0
 100 0006 0E46     		mov	r6, r1
 101              	.LVL6:
  41:..\shake_prng.c ****     const size_t bsize = sizeof(uint64_t);
  42:..\shake_prng.c ****     const size_t remainder = outlen % bsize;
 102              		.loc 1 42 0
 103 0008 02F00705 		and	r5, r2, #7
 104              	.LVL7:
  43:..\shake_prng.c ****     uint8_t tmp[sizeof(uint64_t)];
  44:..\shake_prng.c ****     shake256_inc_squeeze(output, outlen - remainder, state);
 105              		.loc 1 44 0
 106 000c 541B     		subs	r4, r2, r5
 107 000e 0246     		mov	r2, r0
 108              	.LVL8:
 109 0010 2146     		mov	r1, r4
 110              	.LVL9:
 111 0012 3046     		mov	r0, r6
 112              	.LVL10:
 113 0014 FFF7FEFF 		bl	shake256_inc_squeeze
 114              	.LVL11:
  45:..\shake_prng.c ****     if (remainder != 0) {
 115              		.loc 1 45 0
 116 0018 85B1     		cbz	r5, .L3
  46:..\shake_prng.c ****         shake256_inc_squeeze(tmp, bsize, state);
 117              		.loc 1 46 0
 118 001a 3A46     		mov	r2, r7
 119 001c 0821     		movs	r1, #8
 120 001e 6846     		mov	r0, sp
 121 0020 FFF7FEFF 		bl	shake256_inc_squeeze
 122              	.LVL12:
 123              	.LBB2:
  47:..\shake_prng.c ****         output += outlen - remainder;
  48:..\shake_prng.c ****         for (uint8_t i = 0; i < remainder; i++) {
ARM GAS  C:\Users\bogurad\AppData\Local\Temp\ccYBex6U.s 			page 4


 124              		.loc 1 48 0
 125 0024 0023     		movs	r3, #0
 126 0026 07E0     		b	.L5
 127              	.LVL13:
 128              	.L6:
  49:..\shake_prng.c ****             output[i] = tmp[i];
 129              		.loc 1 49 0 discriminator 3
 130 0028 E218     		adds	r2, r4, r3
 131 002a 02A9     		add	r1, sp, #8
 132 002c 1944     		add	r1, r1, r3
 133 002e 11F8081C 		ldrb	r1, [r1, #-8]	@ zero_extendqisi2
 134 0032 B154     		strb	r1, [r6, r2]
  48:..\shake_prng.c ****             output[i] = tmp[i];
 135              		.loc 1 48 0 discriminator 3
 136 0034 0133     		adds	r3, r3, #1
 137              	.LVL14:
 138 0036 DBB2     		uxtb	r3, r3
 139              	.LVL15:
 140              	.L5:
  48:..\shake_prng.c ****             output[i] = tmp[i];
 141              		.loc 1 48 0 is_stmt 0 discriminator 1
 142 0038 9D42     		cmp	r5, r3
 143 003a F5D8     		bhi	.L6
 144              	.LVL16:
 145              	.L3:
 146              	.LBE2:
  50:..\shake_prng.c ****         }
  51:..\shake_prng.c ****     }
  52:..\shake_prng.c **** }
 147              		.loc 1 52 0 is_stmt 1
 148 003c 03B0     		add	sp, sp, #12
 149              		.cfi_def_cfa_offset 20
 150              		@ sp needed
 151 003e F0BD     		pop	{r4, r5, r6, r7, pc}
 152              		.cfi_endproc
 153              	.LFE1:
 154              		.size	PQCLEAN_HQC256_CLEAN_seedexpander, .-PQCLEAN_HQC256_CLEAN_seedexpander
 155              		.section	.text.PQCLEAN_HQC256_CLEAN_seedexpander_release,"ax",%progbits
 156              		.align	2
 157              		.global	PQCLEAN_HQC256_CLEAN_seedexpander_release
 158              		.thumb
 159              		.thumb_func
 160              		.type	PQCLEAN_HQC256_CLEAN_seedexpander_release, %function
 161              	PQCLEAN_HQC256_CLEAN_seedexpander_release:
 162              	.LFB2:
  53:..\shake_prng.c **** 
  54:..\shake_prng.c **** /**
  55:..\shake_prng.c ****  * @brief Release the seed expander context
  56:..\shake_prng.c ****  * @param[in] state Internal state of the seed expander
  57:..\shake_prng.c ****  */
  58:..\shake_prng.c **** void PQCLEAN_HQC256_CLEAN_seedexpander_release(seedexpander_state *state) {
 163              		.loc 1 58 0
 164              		.cfi_startproc
 165              		@ args = 0, pretend = 0, frame = 0
 166              		@ frame_needed = 0, uses_anonymous_args = 0
 167              	.LVL17:
 168 0000 08B5     		push	{r3, lr}
ARM GAS  C:\Users\bogurad\AppData\Local\Temp\ccYBex6U.s 			page 5


 169              		.cfi_def_cfa_offset 8
 170              		.cfi_offset 3, -8
 171              		.cfi_offset 14, -4
  59:..\shake_prng.c ****     shake256_inc_ctx_release(state);
 172              		.loc 1 59 0
 173 0002 FFF7FEFF 		bl	shake256_inc_ctx_release
 174              	.LVL18:
 175 0006 08BD     		pop	{r3, pc}
 176              		.cfi_endproc
 177              	.LFE2:
 178              		.size	PQCLEAN_HQC256_CLEAN_seedexpander_release, .-PQCLEAN_HQC256_CLEAN_seedexpander_release
 179              		.text
 180              	.Letext0:
 181              		.file 2 "c:\\program files (x86)\\cypress\\psoc creator\\4.4\\psoc creator\\import\\gnu\\arm\\5.4.
 182              		.file 3 "c:\\program files (x86)\\cypress\\psoc creator\\4.4\\psoc creator\\import\\gnu\\arm\\5.4.
 183              		.file 4 "c:\\program files (x86)\\cypress\\psoc creator\\4.4\\psoc creator\\import\\gnu\\arm\\5.4.
 184              		.file 5 "..\\fips202.h"
 185              		.file 6 "..\\shake_prng.h"
 186              		.section	.debug_info,"",%progbits
 187              	.Ldebug_info0:
 188 0000 EB020000 		.4byte	0x2eb
 189 0004 0400     		.2byte	0x4
 190 0006 00000000 		.4byte	.Ldebug_abbrev0
 191 000a 04       		.byte	0x4
 192 000b 01       		.uleb128 0x1
 193 000c 92010000 		.4byte	.LASF34
 194 0010 0C       		.byte	0xc
 195 0011 E0000000 		.4byte	.LASF35
 196 0015 53000000 		.4byte	.LASF36
 197 0019 00000000 		.4byte	.Ldebug_ranges0+0
 198 001d 00000000 		.4byte	0
 199 0021 00000000 		.4byte	.Ldebug_line0
 200 0025 02       		.uleb128 0x2
 201 0026 04       		.byte	0x4
 202 0027 05       		.byte	0x5
 203 0028 696E7400 		.ascii	"int\000"
 204 002c 03       		.uleb128 0x3
 205 002d 1C000000 		.4byte	.LASF4
 206 0031 02       		.byte	0x2
 207 0032 D8       		.byte	0xd8
 208 0033 37000000 		.4byte	0x37
 209 0037 04       		.uleb128 0x4
 210 0038 04       		.byte	0x4
 211 0039 07       		.byte	0x7
 212 003a 5E010000 		.4byte	.LASF0
 213 003e 04       		.uleb128 0x4
 214 003f 08       		.byte	0x8
 215 0040 05       		.byte	0x5
 216 0041 4E020000 		.4byte	.LASF1
 217 0045 04       		.uleb128 0x4
 218 0046 08       		.byte	0x8
 219 0047 04       		.byte	0x4
 220 0048 E3020000 		.4byte	.LASF2
 221 004c 04       		.uleb128 0x4
 222 004d 01       		.byte	0x1
 223 004e 06       		.byte	0x6
 224 004f EF020000 		.4byte	.LASF3
ARM GAS  C:\Users\bogurad\AppData\Local\Temp\ccYBex6U.s 			page 6


 225 0053 03       		.uleb128 0x3
 226 0054 12000000 		.4byte	.LASF5
 227 0058 03       		.byte	0x3
 228 0059 1D       		.byte	0x1d
 229 005a 5E000000 		.4byte	0x5e
 230 005e 04       		.uleb128 0x4
 231 005f 01       		.byte	0x1
 232 0060 08       		.byte	0x8
 233 0061 F0000000 		.4byte	.LASF6
 234 0065 04       		.uleb128 0x4
 235 0066 02       		.byte	0x2
 236 0067 05       		.byte	0x5
 237 0068 99020000 		.4byte	.LASF7
 238 006c 04       		.uleb128 0x4
 239 006d 02       		.byte	0x2
 240 006e 07       		.byte	0x7
 241 006f 10010000 		.4byte	.LASF8
 242 0073 04       		.uleb128 0x4
 243 0074 04       		.byte	0x4
 244 0075 05       		.byte	0x5
 245 0076 BA020000 		.4byte	.LASF9
 246 007a 04       		.uleb128 0x4
 247 007b 04       		.byte	0x4
 248 007c 07       		.byte	0x7
 249 007d FE000000 		.4byte	.LASF10
 250 0081 03       		.uleb128 0x3
 251 0082 AA020000 		.4byte	.LASF11
 252 0086 03       		.byte	0x3
 253 0087 5B       		.byte	0x5b
 254 0088 8C000000 		.4byte	0x8c
 255 008c 04       		.uleb128 0x4
 256 008d 08       		.byte	0x8
 257 008e 07       		.byte	0x7
 258 008f 73010000 		.4byte	.LASF12
 259 0093 03       		.uleb128 0x3
 260 0094 8A010000 		.4byte	.LASF13
 261 0098 04       		.byte	0x4
 262 0099 18       		.byte	0x18
 263 009a 53000000 		.4byte	0x53
 264 009e 03       		.uleb128 0x3
 265 009f D7000000 		.4byte	.LASF14
 266 00a3 04       		.byte	0x4
 267 00a4 3C       		.byte	0x3c
 268 00a5 81000000 		.4byte	0x81
 269 00a9 05       		.uleb128 0x5
 270 00aa 04       		.byte	0x4
 271 00ab 9E000000 		.4byte	0x9e
 272 00af 06       		.uleb128 0x6
 273 00b0 04       		.byte	0x4
 274 00b1 05       		.byte	0x5
 275 00b2 1B       		.byte	0x1b
 276 00b3 C4000000 		.4byte	0xc4
 277 00b7 07       		.uleb128 0x7
 278 00b8 63747800 		.ascii	"ctx\000"
 279 00bc 05       		.byte	0x5
 280 00bd 1C       		.byte	0x1c
 281 00be A9000000 		.4byte	0xa9
ARM GAS  C:\Users\bogurad\AppData\Local\Temp\ccYBex6U.s 			page 7


 282 00c2 00       		.byte	0
 283 00c3 00       		.byte	0
 284 00c4 03       		.uleb128 0x3
 285 00c5 84020000 		.4byte	.LASF15
 286 00c9 05       		.byte	0x5
 287 00ca 1D       		.byte	0x1d
 288 00cb AF000000 		.4byte	0xaf
 289 00cf 03       		.uleb128 0x3
 290 00d0 71020000 		.4byte	.LASF16
 291 00d4 06       		.byte	0x6
 292 00d5 0D       		.byte	0xd
 293 00d6 C4000000 		.4byte	0xc4
 294 00da 08       		.uleb128 0x8
 295 00db 09030000 		.4byte	.LASF20
 296 00df 01       		.byte	0x1
 297 00e0 14       		.byte	0x14
 298 00e1 00000000 		.4byte	.LFB0
 299 00e5 34000000 		.4byte	.LFE0-.LFB0
 300 00e9 01       		.uleb128 0x1
 301 00ea 9C       		.byte	0x9c
 302 00eb 8E010000 		.4byte	0x18e
 303 00ef 09       		.uleb128 0x9
 304 00f0 23000000 		.4byte	.LASF17
 305 00f4 01       		.byte	0x1
 306 00f5 14       		.byte	0x14
 307 00f6 8E010000 		.4byte	0x18e
 308 00fa 00000000 		.4byte	.LLST0
 309 00fe 09       		.uleb128 0x9
 310 00ff B5020000 		.4byte	.LASF18
 311 0103 01       		.byte	0x1
 312 0104 14       		.byte	0x14
 313 0105 94010000 		.4byte	0x194
 314 0109 1E000000 		.4byte	.LLST1
 315 010d 09       		.uleb128 0x9
 316 010e 6B010000 		.4byte	.LASF19
 317 0112 01       		.byte	0x1
 318 0113 14       		.byte	0x14
 319 0114 2C000000 		.4byte	0x2c
 320 0118 3C000000 		.4byte	.LLST2
 321 011c 0A       		.uleb128 0xa
 322 011d A3020000 		.4byte	.LASF24
 323 0121 01       		.byte	0x1
 324 0122 15       		.byte	0x15
 325 0123 93000000 		.4byte	0x93
 326 0127 02       		.uleb128 0x2
 327 0128 91       		.byte	0x91
 328 0129 67       		.sleb128 -25
 329 012a 0B       		.uleb128 0xb
 330 012b 16000000 		.4byte	.LVL1
 331 012f B7020000 		.4byte	0x2b7
 332 0133 3E010000 		.4byte	0x13e
 333 0137 0C       		.uleb128 0xc
 334 0138 01       		.uleb128 0x1
 335 0139 50       		.byte	0x50
 336 013a 02       		.uleb128 0x2
 337 013b 74       		.byte	0x74
 338 013c 00       		.sleb128 0
ARM GAS  C:\Users\bogurad\AppData\Local\Temp\ccYBex6U.s 			page 8


 339 013d 00       		.byte	0
 340 013e 0B       		.uleb128 0xb
 341 013f 20000000 		.4byte	.LVL2
 342 0143 C2020000 		.4byte	0x2c2
 343 0147 5E010000 		.4byte	0x15e
 344 014b 0C       		.uleb128 0xc
 345 014c 01       		.uleb128 0x1
 346 014d 50       		.byte	0x50
 347 014e 02       		.uleb128 0x2
 348 014f 74       		.byte	0x74
 349 0150 00       		.sleb128 0
 350 0151 0C       		.uleb128 0xc
 351 0152 01       		.uleb128 0x1
 352 0153 51       		.byte	0x51
 353 0154 02       		.uleb128 0x2
 354 0155 76       		.byte	0x76
 355 0156 00       		.sleb128 0
 356 0157 0C       		.uleb128 0xc
 357 0158 01       		.uleb128 0x1
 358 0159 52       		.byte	0x52
 359 015a 02       		.uleb128 0x2
 360 015b 77       		.byte	0x77
 361 015c 00       		.sleb128 0
 362 015d 00       		.byte	0
 363 015e 0B       		.uleb128 0xb
 364 015f 2A000000 		.4byte	.LVL3
 365 0163 C2020000 		.4byte	0x2c2
 366 0167 7D010000 		.4byte	0x17d
 367 016b 0C       		.uleb128 0xc
 368 016c 01       		.uleb128 0x1
 369 016d 50       		.byte	0x50
 370 016e 02       		.uleb128 0x2
 371 016f 74       		.byte	0x74
 372 0170 00       		.sleb128 0
 373 0171 0C       		.uleb128 0xc
 374 0172 01       		.uleb128 0x1
 375 0173 51       		.byte	0x51
 376 0174 02       		.uleb128 0x2
 377 0175 75       		.byte	0x75
 378 0176 00       		.sleb128 0
 379 0177 0C       		.uleb128 0xc
 380 0178 01       		.uleb128 0x1
 381 0179 52       		.byte	0x52
 382 017a 01       		.uleb128 0x1
 383 017b 31       		.byte	0x31
 384 017c 00       		.byte	0
 385 017d 0D       		.uleb128 0xd
 386 017e 30000000 		.4byte	.LVL4
 387 0182 CD020000 		.4byte	0x2cd
 388 0186 0C       		.uleb128 0xc
 389 0187 01       		.uleb128 0x1
 390 0188 50       		.byte	0x50
 391 0189 02       		.uleb128 0x2
 392 018a 74       		.byte	0x74
 393 018b 00       		.sleb128 0
 394 018c 00       		.byte	0
 395 018d 00       		.byte	0
ARM GAS  C:\Users\bogurad\AppData\Local\Temp\ccYBex6U.s 			page 9


 396 018e 05       		.uleb128 0x5
 397 018f 04       		.byte	0x4
 398 0190 CF000000 		.4byte	0xcf
 399 0194 05       		.uleb128 0x5
 400 0195 04       		.byte	0x4
 401 0196 9A010000 		.4byte	0x19a
 402 019a 0E       		.uleb128 0xe
 403 019b 93000000 		.4byte	0x93
 404 019f 08       		.uleb128 0x8
 405 01a0 3C010000 		.4byte	.LASF21
 406 01a4 01       		.byte	0x1
 407 01a5 28       		.byte	0x28
 408 01a6 00000000 		.4byte	.LFB1
 409 01aa 40000000 		.4byte	.LFE1-.LFB1
 410 01ae 01       		.uleb128 0x1
 411 01af 9C       		.byte	0x9c
 412 01b0 5F020000 		.4byte	0x25f
 413 01b4 09       		.uleb128 0x9
 414 01b5 23000000 		.4byte	.LASF17
 415 01b9 01       		.byte	0x1
 416 01ba 28       		.byte	0x28
 417 01bb 8E010000 		.4byte	0x18e
 418 01bf 5A000000 		.4byte	.LLST3
 419 01c3 09       		.uleb128 0x9
 420 01c4 FB020000 		.4byte	.LASF22
 421 01c8 01       		.byte	0x1
 422 01c9 28       		.byte	0x28
 423 01ca 5F020000 		.4byte	0x25f
 424 01ce 83000000 		.4byte	.LLST4
 425 01d2 09       		.uleb128 0x9
 426 01d3 02030000 		.4byte	.LASF23
 427 01d7 01       		.byte	0x1
 428 01d8 28       		.byte	0x28
 429 01d9 2C000000 		.4byte	0x2c
 430 01dd B1000000 		.4byte	.LLST5
 431 01e1 0F       		.uleb128 0xf
 432 01e2 93020000 		.4byte	.LASF25
 433 01e6 01       		.byte	0x1
 434 01e7 29       		.byte	0x29
 435 01e8 65020000 		.4byte	0x265
 436 01ec 08       		.byte	0x8
 437 01ed 0A       		.uleb128 0xa
 438 01ee C3020000 		.4byte	.LASF26
 439 01f2 01       		.byte	0x1
 440 01f3 2A       		.byte	0x2a
 441 01f4 65020000 		.4byte	0x265
 442 01f8 01       		.uleb128 0x1
 443 01f9 55       		.byte	0x55
 444 01fa 10       		.uleb128 0x10
 445 01fb 746D7000 		.ascii	"tmp\000"
 446 01ff 01       		.byte	0x1
 447 0200 2B       		.byte	0x2b
 448 0201 6A020000 		.4byte	0x26a
 449 0205 02       		.uleb128 0x2
 450 0206 91       		.byte	0x91
 451 0207 60       		.sleb128 -32
 452 0208 11       		.uleb128 0x11
ARM GAS  C:\Users\bogurad\AppData\Local\Temp\ccYBex6U.s 			page 10


 453 0209 24000000 		.4byte	.LBB2
 454 020d 18000000 		.4byte	.LBE2-.LBB2
 455 0211 23020000 		.4byte	0x223
 456 0215 12       		.uleb128 0x12
 457 0216 6900     		.ascii	"i\000"
 458 0218 01       		.byte	0x1
 459 0219 30       		.byte	0x30
 460 021a 93000000 		.4byte	0x93
 461 021e D2000000 		.4byte	.LLST6
 462 0222 00       		.byte	0
 463 0223 0B       		.uleb128 0xb
 464 0224 18000000 		.4byte	.LVL11
 465 0228 D8020000 		.4byte	0x2d8
 466 022c 43020000 		.4byte	0x243
 467 0230 0C       		.uleb128 0xc
 468 0231 01       		.uleb128 0x1
 469 0232 50       		.byte	0x50
 470 0233 02       		.uleb128 0x2
 471 0234 76       		.byte	0x76
 472 0235 00       		.sleb128 0
 473 0236 0C       		.uleb128 0xc
 474 0237 01       		.uleb128 0x1
 475 0238 51       		.byte	0x51
 476 0239 02       		.uleb128 0x2
 477 023a 74       		.byte	0x74
 478 023b 00       		.sleb128 0
 479 023c 0C       		.uleb128 0xc
 480 023d 01       		.uleb128 0x1
 481 023e 52       		.byte	0x52
 482 023f 02       		.uleb128 0x2
 483 0240 77       		.byte	0x77
 484 0241 00       		.sleb128 0
 485 0242 00       		.byte	0
 486 0243 0D       		.uleb128 0xd
 487 0244 24000000 		.4byte	.LVL12
 488 0248 D8020000 		.4byte	0x2d8
 489 024c 0C       		.uleb128 0xc
 490 024d 01       		.uleb128 0x1
 491 024e 50       		.byte	0x50
 492 024f 02       		.uleb128 0x2
 493 0250 7D       		.byte	0x7d
 494 0251 00       		.sleb128 0
 495 0252 0C       		.uleb128 0xc
 496 0253 01       		.uleb128 0x1
 497 0254 51       		.byte	0x51
 498 0255 01       		.uleb128 0x1
 499 0256 38       		.byte	0x38
 500 0257 0C       		.uleb128 0xc
 501 0258 01       		.uleb128 0x1
 502 0259 52       		.byte	0x52
 503 025a 02       		.uleb128 0x2
 504 025b 77       		.byte	0x77
 505 025c 00       		.sleb128 0
 506 025d 00       		.byte	0
 507 025e 00       		.byte	0
 508 025f 05       		.uleb128 0x5
 509 0260 04       		.byte	0x4
ARM GAS  C:\Users\bogurad\AppData\Local\Temp\ccYBex6U.s 			page 11


 510 0261 93000000 		.4byte	0x93
 511 0265 0E       		.uleb128 0xe
 512 0266 2C000000 		.4byte	0x2c
 513 026a 13       		.uleb128 0x13
 514 026b 93000000 		.4byte	0x93
 515 026f 7A020000 		.4byte	0x27a
 516 0273 14       		.uleb128 0x14
 517 0274 7A020000 		.4byte	0x27a
 518 0278 07       		.byte	0x7
 519 0279 00       		.byte	0
 520 027a 04       		.uleb128 0x4
 521 027b 04       		.byte	0x4
 522 027c 07       		.byte	0x7
 523 027d 45020000 		.4byte	.LASF27
 524 0281 08       		.uleb128 0x8
 525 0282 29000000 		.4byte	.LASF28
 526 0286 01       		.byte	0x1
 527 0287 3A       		.byte	0x3a
 528 0288 00000000 		.4byte	.LFB2
 529 028c 08000000 		.4byte	.LFE2-.LFB2
 530 0290 01       		.uleb128 0x1
 531 0291 9C       		.byte	0x9c
 532 0292 B7020000 		.4byte	0x2b7
 533 0296 09       		.uleb128 0x9
 534 0297 23000000 		.4byte	.LASF17
 535 029b 01       		.byte	0x1
 536 029c 3A       		.byte	0x3a
 537 029d 8E010000 		.4byte	0x18e
 538 02a1 FC000000 		.4byte	.LLST7
 539 02a5 0D       		.uleb128 0xd
 540 02a6 06000000 		.4byte	.LVL18
 541 02aa E3020000 		.4byte	0x2e3
 542 02ae 0C       		.uleb128 0xc
 543 02af 01       		.uleb128 0x1
 544 02b0 50       		.byte	0x50
 545 02b1 03       		.uleb128 0x3
 546 02b2 F3       		.byte	0xf3
 547 02b3 01       		.uleb128 0x1
 548 02b4 50       		.byte	0x50
 549 02b5 00       		.byte	0
 550 02b6 00       		.byte	0
 551 02b7 15       		.uleb128 0x15
 552 02b8 00000000 		.4byte	.LASF29
 553 02bc 00000000 		.4byte	.LASF29
 554 02c0 05       		.byte	0x5
 555 02c1 67       		.byte	0x67
 556 02c2 15       		.uleb128 0x15
 557 02c3 C3000000 		.4byte	.LASF30
 558 02c7 C3000000 		.4byte	.LASF30
 559 02cb 05       		.byte	0x5
 560 02cc 68       		.byte	0x68
 561 02cd 15       		.uleb128 0x15
 562 02ce CD020000 		.4byte	.LASF31
 563 02d2 CD020000 		.4byte	.LASF31
 564 02d6 05       		.byte	0x5
 565 02d7 6A       		.byte	0x6a
 566 02d8 15       		.uleb128 0x15
ARM GAS  C:\Users\bogurad\AppData\Local\Temp\ccYBex6U.s 			page 12


 567 02d9 5C020000 		.4byte	.LASF32
 568 02dd 5C020000 		.4byte	.LASF32
 569 02e1 05       		.byte	0x5
 570 02e2 6F       		.byte	0x6f
 571 02e3 15       		.uleb128 0x15
 572 02e4 23010000 		.4byte	.LASF33
 573 02e8 23010000 		.4byte	.LASF33
 574 02ec 05       		.byte	0x5
 575 02ed 73       		.byte	0x73
 576 02ee 00       		.byte	0
 577              		.section	.debug_abbrev,"",%progbits
 578              	.Ldebug_abbrev0:
 579 0000 01       		.uleb128 0x1
 580 0001 11       		.uleb128 0x11
 581 0002 01       		.byte	0x1
 582 0003 25       		.uleb128 0x25
 583 0004 0E       		.uleb128 0xe
 584 0005 13       		.uleb128 0x13
 585 0006 0B       		.uleb128 0xb
 586 0007 03       		.uleb128 0x3
 587 0008 0E       		.uleb128 0xe
 588 0009 1B       		.uleb128 0x1b
 589 000a 0E       		.uleb128 0xe
 590 000b 55       		.uleb128 0x55
 591 000c 17       		.uleb128 0x17
 592 000d 11       		.uleb128 0x11
 593 000e 01       		.uleb128 0x1
 594 000f 10       		.uleb128 0x10
 595 0010 17       		.uleb128 0x17
 596 0011 00       		.byte	0
 597 0012 00       		.byte	0
 598 0013 02       		.uleb128 0x2
 599 0014 24       		.uleb128 0x24
 600 0015 00       		.byte	0
 601 0016 0B       		.uleb128 0xb
 602 0017 0B       		.uleb128 0xb
 603 0018 3E       		.uleb128 0x3e
 604 0019 0B       		.uleb128 0xb
 605 001a 03       		.uleb128 0x3
 606 001b 08       		.uleb128 0x8
 607 001c 00       		.byte	0
 608 001d 00       		.byte	0
 609 001e 03       		.uleb128 0x3
 610 001f 16       		.uleb128 0x16
 611 0020 00       		.byte	0
 612 0021 03       		.uleb128 0x3
 613 0022 0E       		.uleb128 0xe
 614 0023 3A       		.uleb128 0x3a
 615 0024 0B       		.uleb128 0xb
 616 0025 3B       		.uleb128 0x3b
 617 0026 0B       		.uleb128 0xb
 618 0027 49       		.uleb128 0x49
 619 0028 13       		.uleb128 0x13
 620 0029 00       		.byte	0
 621 002a 00       		.byte	0
 622 002b 04       		.uleb128 0x4
 623 002c 24       		.uleb128 0x24
ARM GAS  C:\Users\bogurad\AppData\Local\Temp\ccYBex6U.s 			page 13


 624 002d 00       		.byte	0
 625 002e 0B       		.uleb128 0xb
 626 002f 0B       		.uleb128 0xb
 627 0030 3E       		.uleb128 0x3e
 628 0031 0B       		.uleb128 0xb
 629 0032 03       		.uleb128 0x3
 630 0033 0E       		.uleb128 0xe
 631 0034 00       		.byte	0
 632 0035 00       		.byte	0
 633 0036 05       		.uleb128 0x5
 634 0037 0F       		.uleb128 0xf
 635 0038 00       		.byte	0
 636 0039 0B       		.uleb128 0xb
 637 003a 0B       		.uleb128 0xb
 638 003b 49       		.uleb128 0x49
 639 003c 13       		.uleb128 0x13
 640 003d 00       		.byte	0
 641 003e 00       		.byte	0
 642 003f 06       		.uleb128 0x6
 643 0040 13       		.uleb128 0x13
 644 0041 01       		.byte	0x1
 645 0042 0B       		.uleb128 0xb
 646 0043 0B       		.uleb128 0xb
 647 0044 3A       		.uleb128 0x3a
 648 0045 0B       		.uleb128 0xb
 649 0046 3B       		.uleb128 0x3b
 650 0047 0B       		.uleb128 0xb
 651 0048 01       		.uleb128 0x1
 652 0049 13       		.uleb128 0x13
 653 004a 00       		.byte	0
 654 004b 00       		.byte	0
 655 004c 07       		.uleb128 0x7
 656 004d 0D       		.uleb128 0xd
 657 004e 00       		.byte	0
 658 004f 03       		.uleb128 0x3
 659 0050 08       		.uleb128 0x8
 660 0051 3A       		.uleb128 0x3a
 661 0052 0B       		.uleb128 0xb
 662 0053 3B       		.uleb128 0x3b
 663 0054 0B       		.uleb128 0xb
 664 0055 49       		.uleb128 0x49
 665 0056 13       		.uleb128 0x13
 666 0057 38       		.uleb128 0x38
 667 0058 0B       		.uleb128 0xb
 668 0059 00       		.byte	0
 669 005a 00       		.byte	0
 670 005b 08       		.uleb128 0x8
 671 005c 2E       		.uleb128 0x2e
 672 005d 01       		.byte	0x1
 673 005e 3F       		.uleb128 0x3f
 674 005f 19       		.uleb128 0x19
 675 0060 03       		.uleb128 0x3
 676 0061 0E       		.uleb128 0xe
 677 0062 3A       		.uleb128 0x3a
 678 0063 0B       		.uleb128 0xb
 679 0064 3B       		.uleb128 0x3b
 680 0065 0B       		.uleb128 0xb
ARM GAS  C:\Users\bogurad\AppData\Local\Temp\ccYBex6U.s 			page 14


 681 0066 27       		.uleb128 0x27
 682 0067 19       		.uleb128 0x19
 683 0068 11       		.uleb128 0x11
 684 0069 01       		.uleb128 0x1
 685 006a 12       		.uleb128 0x12
 686 006b 06       		.uleb128 0x6
 687 006c 40       		.uleb128 0x40
 688 006d 18       		.uleb128 0x18
 689 006e 9742     		.uleb128 0x2117
 690 0070 19       		.uleb128 0x19
 691 0071 01       		.uleb128 0x1
 692 0072 13       		.uleb128 0x13
 693 0073 00       		.byte	0
 694 0074 00       		.byte	0
 695 0075 09       		.uleb128 0x9
 696 0076 05       		.uleb128 0x5
 697 0077 00       		.byte	0
 698 0078 03       		.uleb128 0x3
 699 0079 0E       		.uleb128 0xe
 700 007a 3A       		.uleb128 0x3a
 701 007b 0B       		.uleb128 0xb
 702 007c 3B       		.uleb128 0x3b
 703 007d 0B       		.uleb128 0xb
 704 007e 49       		.uleb128 0x49
 705 007f 13       		.uleb128 0x13
 706 0080 02       		.uleb128 0x2
 707 0081 17       		.uleb128 0x17
 708 0082 00       		.byte	0
 709 0083 00       		.byte	0
 710 0084 0A       		.uleb128 0xa
 711 0085 34       		.uleb128 0x34
 712 0086 00       		.byte	0
 713 0087 03       		.uleb128 0x3
 714 0088 0E       		.uleb128 0xe
 715 0089 3A       		.uleb128 0x3a
 716 008a 0B       		.uleb128 0xb
 717 008b 3B       		.uleb128 0x3b
 718 008c 0B       		.uleb128 0xb
 719 008d 49       		.uleb128 0x49
 720 008e 13       		.uleb128 0x13
 721 008f 02       		.uleb128 0x2
 722 0090 18       		.uleb128 0x18
 723 0091 00       		.byte	0
 724 0092 00       		.byte	0
 725 0093 0B       		.uleb128 0xb
 726 0094 898201   		.uleb128 0x4109
 727 0097 01       		.byte	0x1
 728 0098 11       		.uleb128 0x11
 729 0099 01       		.uleb128 0x1
 730 009a 31       		.uleb128 0x31
 731 009b 13       		.uleb128 0x13
 732 009c 01       		.uleb128 0x1
 733 009d 13       		.uleb128 0x13
 734 009e 00       		.byte	0
 735 009f 00       		.byte	0
 736 00a0 0C       		.uleb128 0xc
 737 00a1 8A8201   		.uleb128 0x410a
ARM GAS  C:\Users\bogurad\AppData\Local\Temp\ccYBex6U.s 			page 15


 738 00a4 00       		.byte	0
 739 00a5 02       		.uleb128 0x2
 740 00a6 18       		.uleb128 0x18
 741 00a7 9142     		.uleb128 0x2111
 742 00a9 18       		.uleb128 0x18
 743 00aa 00       		.byte	0
 744 00ab 00       		.byte	0
 745 00ac 0D       		.uleb128 0xd
 746 00ad 898201   		.uleb128 0x4109
 747 00b0 01       		.byte	0x1
 748 00b1 11       		.uleb128 0x11
 749 00b2 01       		.uleb128 0x1
 750 00b3 31       		.uleb128 0x31
 751 00b4 13       		.uleb128 0x13
 752 00b5 00       		.byte	0
 753 00b6 00       		.byte	0
 754 00b7 0E       		.uleb128 0xe
 755 00b8 26       		.uleb128 0x26
 756 00b9 00       		.byte	0
 757 00ba 49       		.uleb128 0x49
 758 00bb 13       		.uleb128 0x13
 759 00bc 00       		.byte	0
 760 00bd 00       		.byte	0
 761 00be 0F       		.uleb128 0xf
 762 00bf 34       		.uleb128 0x34
 763 00c0 00       		.byte	0
 764 00c1 03       		.uleb128 0x3
 765 00c2 0E       		.uleb128 0xe
 766 00c3 3A       		.uleb128 0x3a
 767 00c4 0B       		.uleb128 0xb
 768 00c5 3B       		.uleb128 0x3b
 769 00c6 0B       		.uleb128 0xb
 770 00c7 49       		.uleb128 0x49
 771 00c8 13       		.uleb128 0x13
 772 00c9 1C       		.uleb128 0x1c
 773 00ca 0B       		.uleb128 0xb
 774 00cb 00       		.byte	0
 775 00cc 00       		.byte	0
 776 00cd 10       		.uleb128 0x10
 777 00ce 34       		.uleb128 0x34
 778 00cf 00       		.byte	0
 779 00d0 03       		.uleb128 0x3
 780 00d1 08       		.uleb128 0x8
 781 00d2 3A       		.uleb128 0x3a
 782 00d3 0B       		.uleb128 0xb
 783 00d4 3B       		.uleb128 0x3b
 784 00d5 0B       		.uleb128 0xb
 785 00d6 49       		.uleb128 0x49
 786 00d7 13       		.uleb128 0x13
 787 00d8 02       		.uleb128 0x2
 788 00d9 18       		.uleb128 0x18
 789 00da 00       		.byte	0
 790 00db 00       		.byte	0
 791 00dc 11       		.uleb128 0x11
 792 00dd 0B       		.uleb128 0xb
 793 00de 01       		.byte	0x1
 794 00df 11       		.uleb128 0x11
ARM GAS  C:\Users\bogurad\AppData\Local\Temp\ccYBex6U.s 			page 16


 795 00e0 01       		.uleb128 0x1
 796 00e1 12       		.uleb128 0x12
 797 00e2 06       		.uleb128 0x6
 798 00e3 01       		.uleb128 0x1
 799 00e4 13       		.uleb128 0x13
 800 00e5 00       		.byte	0
 801 00e6 00       		.byte	0
 802 00e7 12       		.uleb128 0x12
 803 00e8 34       		.uleb128 0x34
 804 00e9 00       		.byte	0
 805 00ea 03       		.uleb128 0x3
 806 00eb 08       		.uleb128 0x8
 807 00ec 3A       		.uleb128 0x3a
 808 00ed 0B       		.uleb128 0xb
 809 00ee 3B       		.uleb128 0x3b
 810 00ef 0B       		.uleb128 0xb
 811 00f0 49       		.uleb128 0x49
 812 00f1 13       		.uleb128 0x13
 813 00f2 02       		.uleb128 0x2
 814 00f3 17       		.uleb128 0x17
 815 00f4 00       		.byte	0
 816 00f5 00       		.byte	0
 817 00f6 13       		.uleb128 0x13
 818 00f7 01       		.uleb128 0x1
 819 00f8 01       		.byte	0x1
 820 00f9 49       		.uleb128 0x49
 821 00fa 13       		.uleb128 0x13
 822 00fb 01       		.uleb128 0x1
 823 00fc 13       		.uleb128 0x13
 824 00fd 00       		.byte	0
 825 00fe 00       		.byte	0
 826 00ff 14       		.uleb128 0x14
 827 0100 21       		.uleb128 0x21
 828 0101 00       		.byte	0
 829 0102 49       		.uleb128 0x49
 830 0103 13       		.uleb128 0x13
 831 0104 2F       		.uleb128 0x2f
 832 0105 0B       		.uleb128 0xb
 833 0106 00       		.byte	0
 834 0107 00       		.byte	0
 835 0108 15       		.uleb128 0x15
 836 0109 2E       		.uleb128 0x2e
 837 010a 00       		.byte	0
 838 010b 3F       		.uleb128 0x3f
 839 010c 19       		.uleb128 0x19
 840 010d 3C       		.uleb128 0x3c
 841 010e 19       		.uleb128 0x19
 842 010f 6E       		.uleb128 0x6e
 843 0110 0E       		.uleb128 0xe
 844 0111 03       		.uleb128 0x3
 845 0112 0E       		.uleb128 0xe
 846 0113 3A       		.uleb128 0x3a
 847 0114 0B       		.uleb128 0xb
 848 0115 3B       		.uleb128 0x3b
 849 0116 0B       		.uleb128 0xb
 850 0117 00       		.byte	0
 851 0118 00       		.byte	0
ARM GAS  C:\Users\bogurad\AppData\Local\Temp\ccYBex6U.s 			page 17


 852 0119 00       		.byte	0
 853              		.section	.debug_loc,"",%progbits
 854              	.Ldebug_loc0:
 855              	.LLST0:
 856 0000 00000000 		.4byte	.LVL0
 857 0004 15000000 		.4byte	.LVL1-1
 858 0008 0100     		.2byte	0x1
 859 000a 50       		.byte	0x50
 860 000b 15000000 		.4byte	.LVL1-1
 861 000f 34000000 		.4byte	.LFE0
 862 0013 0100     		.2byte	0x1
 863 0015 54       		.byte	0x54
 864 0016 00000000 		.4byte	0
 865 001a 00000000 		.4byte	0
 866              	.LLST1:
 867 001e 00000000 		.4byte	.LVL0
 868 0022 15000000 		.4byte	.LVL1-1
 869 0026 0100     		.2byte	0x1
 870 0028 51       		.byte	0x51
 871 0029 15000000 		.4byte	.LVL1-1
 872 002d 34000000 		.4byte	.LFE0
 873 0031 0100     		.2byte	0x1
 874 0033 56       		.byte	0x56
 875 0034 00000000 		.4byte	0
 876 0038 00000000 		.4byte	0
 877              	.LLST2:
 878 003c 00000000 		.4byte	.LVL0
 879 0040 15000000 		.4byte	.LVL1-1
 880 0044 0100     		.2byte	0x1
 881 0046 52       		.byte	0x52
 882 0047 15000000 		.4byte	.LVL1-1
 883 004b 34000000 		.4byte	.LFE0
 884 004f 0100     		.2byte	0x1
 885 0051 57       		.byte	0x57
 886 0052 00000000 		.4byte	0
 887 0056 00000000 		.4byte	0
 888              	.LLST3:
 889 005a 00000000 		.4byte	.LVL5
 890 005e 14000000 		.4byte	.LVL10
 891 0062 0100     		.2byte	0x1
 892 0064 50       		.byte	0x50
 893 0065 14000000 		.4byte	.LVL10
 894 0069 17000000 		.4byte	.LVL11-1
 895 006d 0100     		.2byte	0x1
 896 006f 52       		.byte	0x52
 897 0070 17000000 		.4byte	.LVL11-1
 898 0074 40000000 		.4byte	.LFE1
 899 0078 0100     		.2byte	0x1
 900 007a 57       		.byte	0x57
 901 007b 00000000 		.4byte	0
 902 007f 00000000 		.4byte	0
 903              	.LLST4:
 904 0083 00000000 		.4byte	.LVL5
 905 0087 12000000 		.4byte	.LVL9
 906 008b 0100     		.2byte	0x1
 907 008d 51       		.byte	0x51
 908 008e 12000000 		.4byte	.LVL9
ARM GAS  C:\Users\bogurad\AppData\Local\Temp\ccYBex6U.s 			page 18


 909 0092 24000000 		.4byte	.LVL12
 910 0096 0100     		.2byte	0x1
 911 0098 56       		.byte	0x56
 912 0099 24000000 		.4byte	.LVL12
 913 009d 3C000000 		.4byte	.LVL16
 914 00a1 0600     		.2byte	0x6
 915 00a3 76       		.byte	0x76
 916 00a4 00       		.sleb128 0
 917 00a5 74       		.byte	0x74
 918 00a6 00       		.sleb128 0
 919 00a7 22       		.byte	0x22
 920 00a8 9F       		.byte	0x9f
 921 00a9 00000000 		.4byte	0
 922 00ad 00000000 		.4byte	0
 923              	.LLST5:
 924 00b1 00000000 		.4byte	.LVL5
 925 00b5 10000000 		.4byte	.LVL8
 926 00b9 0100     		.2byte	0x1
 927 00bb 52       		.byte	0x52
 928 00bc 10000000 		.4byte	.LVL8
 929 00c0 40000000 		.4byte	.LFE1
 930 00c4 0400     		.2byte	0x4
 931 00c6 F3       		.byte	0xf3
 932 00c7 01       		.uleb128 0x1
 933 00c8 52       		.byte	0x52
 934 00c9 9F       		.byte	0x9f
 935 00ca 00000000 		.4byte	0
 936 00ce 00000000 		.4byte	0
 937              	.LLST6:
 938 00d2 24000000 		.4byte	.LVL12
 939 00d6 28000000 		.4byte	.LVL13
 940 00da 0200     		.2byte	0x2
 941 00dc 30       		.byte	0x30
 942 00dd 9F       		.byte	0x9f
 943 00de 28000000 		.4byte	.LVL13
 944 00e2 36000000 		.4byte	.LVL14
 945 00e6 0100     		.2byte	0x1
 946 00e8 53       		.byte	0x53
 947 00e9 38000000 		.4byte	.LVL15
 948 00ed 3C000000 		.4byte	.LVL16
 949 00f1 0100     		.2byte	0x1
 950 00f3 53       		.byte	0x53
 951 00f4 00000000 		.4byte	0
 952 00f8 00000000 		.4byte	0
 953              	.LLST7:
 954 00fc 00000000 		.4byte	.LVL17
 955 0100 05000000 		.4byte	.LVL18-1
 956 0104 0100     		.2byte	0x1
 957 0106 50       		.byte	0x50
 958 0107 05000000 		.4byte	.LVL18-1
 959 010b 08000000 		.4byte	.LFE2
 960 010f 0400     		.2byte	0x4
 961 0111 F3       		.byte	0xf3
 962 0112 01       		.uleb128 0x1
 963 0113 50       		.byte	0x50
 964 0114 9F       		.byte	0x9f
 965 0115 00000000 		.4byte	0
ARM GAS  C:\Users\bogurad\AppData\Local\Temp\ccYBex6U.s 			page 19


 966 0119 00000000 		.4byte	0
 967              		.section	.debug_aranges,"",%progbits
 968 0000 2C000000 		.4byte	0x2c
 969 0004 0200     		.2byte	0x2
 970 0006 00000000 		.4byte	.Ldebug_info0
 971 000a 04       		.byte	0x4
 972 000b 00       		.byte	0
 973 000c 0000     		.2byte	0
 974 000e 0000     		.2byte	0
 975 0010 00000000 		.4byte	.LFB0
 976 0014 34000000 		.4byte	.LFE0-.LFB0
 977 0018 00000000 		.4byte	.LFB1
 978 001c 40000000 		.4byte	.LFE1-.LFB1
 979 0020 00000000 		.4byte	.LFB2
 980 0024 08000000 		.4byte	.LFE2-.LFB2
 981 0028 00000000 		.4byte	0
 982 002c 00000000 		.4byte	0
 983              		.section	.debug_ranges,"",%progbits
 984              	.Ldebug_ranges0:
 985 0000 00000000 		.4byte	.LFB0
 986 0004 34000000 		.4byte	.LFE0
 987 0008 00000000 		.4byte	.LFB1
 988 000c 40000000 		.4byte	.LFE1
 989 0010 00000000 		.4byte	.LFB2
 990 0014 08000000 		.4byte	.LFE2
 991 0018 00000000 		.4byte	0
 992 001c 00000000 		.4byte	0
 993              		.section	.debug_line,"",%progbits
 994              	.Ldebug_line0:
 995 0000 19020000 		.section	.debug_str,"MS",%progbits,1
 995      0200C801 
 995      00000201 
 995      FB0E0D00 
 995      01010101 
 996              	.LASF29:
 997 0000 7368616B 		.ascii	"shake256_inc_init\000"
 997      65323536 
 997      5F696E63 
 997      5F696E69 
 997      7400
 998              	.LASF5:
 999 0012 5F5F7569 		.ascii	"__uint8_t\000"
 999      6E74385F 
 999      7400
 1000              	.LASF4:
 1001 001c 73697A65 		.ascii	"size_t\000"
 1001      5F7400
 1002              	.LASF17:
 1003 0023 73746174 		.ascii	"state\000"
 1003      6500
 1004              	.LASF28:
 1005 0029 5051434C 		.ascii	"PQCLEAN_HQC256_CLEAN_seedexpander_release\000"
 1005      45414E5F 
 1005      48514332 
 1005      35365F43 
 1005      4C45414E 
 1006              	.LASF36:
ARM GAS  C:\Users\bogurad\AppData\Local\Temp\ccYBex6U.s 			page 20


 1007 0053 433A5C55 		.ascii	"C:\\Users\\bogurad\\Desktop\\Proyectos gitHub\\TFG2"
 1007      73657273 
 1007      5C626F67 
 1007      75726164 
 1007      5C446573 
 1008 0081 5C436F64 		.ascii	"\\Codigo\\Algoritmos postcuanticos\\PSOC\\Workspace"
 1008      69676F5C 
 1008      416C676F 
 1008      7269746D 
 1008      6F732070 
 1009 00b0 5C485143 		.ascii	"\\HQC\\HQC\\HQC.cydsn\000"
 1009      5C485143 
 1009      5C485143 
 1009      2E637964 
 1009      736E00
 1010              	.LASF30:
 1011 00c3 7368616B 		.ascii	"shake256_inc_absorb\000"
 1011      65323536 
 1011      5F696E63 
 1011      5F616273 
 1011      6F726200 
 1012              	.LASF14:
 1013 00d7 75696E74 		.ascii	"uint64_t\000"
 1013      36345F74 
 1013      00
 1014              	.LASF35:
 1015 00e0 2E2E5C73 		.ascii	"..\\shake_prng.c\000"
 1015      68616B65 
 1015      5F70726E 
 1015      672E6300 
 1016              	.LASF6:
 1017 00f0 756E7369 		.ascii	"unsigned char\000"
 1017      676E6564 
 1017      20636861 
 1017      7200
 1018              	.LASF10:
 1019 00fe 6C6F6E67 		.ascii	"long unsigned int\000"
 1019      20756E73 
 1019      69676E65 
 1019      6420696E 
 1019      7400
 1020              	.LASF8:
 1021 0110 73686F72 		.ascii	"short unsigned int\000"
 1021      7420756E 
 1021      7369676E 
 1021      65642069 
 1021      6E7400
 1022              	.LASF33:
 1023 0123 7368616B 		.ascii	"shake256_inc_ctx_release\000"
 1023      65323536 
 1023      5F696E63 
 1023      5F637478 
 1023      5F72656C 
 1024              	.LASF21:
 1025 013c 5051434C 		.ascii	"PQCLEAN_HQC256_CLEAN_seedexpander\000"
 1025      45414E5F 
 1025      48514332 
ARM GAS  C:\Users\bogurad\AppData\Local\Temp\ccYBex6U.s 			page 21


 1025      35365F43 
 1025      4C45414E 
 1026              	.LASF0:
 1027 015e 756E7369 		.ascii	"unsigned int\000"
 1027      676E6564 
 1027      20696E74 
 1027      00
 1028              	.LASF19:
 1029 016b 73656564 		.ascii	"seedlen\000"
 1029      6C656E00 
 1030              	.LASF12:
 1031 0173 6C6F6E67 		.ascii	"long long unsigned int\000"
 1031      206C6F6E 
 1031      6720756E 
 1031      7369676E 
 1031      65642069 
 1032              	.LASF13:
 1033 018a 75696E74 		.ascii	"uint8_t\000"
 1033      385F7400 
 1034              	.LASF34:
 1035 0192 474E5520 		.ascii	"GNU C11 5.4.1 20160609 (release) [ARM/embedded-5-br"
 1035      43313120 
 1035      352E342E 
 1035      31203230 
 1035      31363036 
 1036 01c5 616E6368 		.ascii	"anch revision 237715] -mcpu=cortex-m4 -mfloat-abi=s"
 1036      20726576 
 1036      6973696F 
 1036      6E203233 
 1036      37373135 
 1037 01f8 6F667466 		.ascii	"oftfp -mfpu=fpv4-sp-d16 -mthumb -g -Og -ffunction-s"
 1037      70202D6D 
 1037      6670753D 
 1037      66707634 
 1037      2D73702D 
 1038 022b 65637469 		.ascii	"ections -ffat-lto-objects\000"
 1038      6F6E7320 
 1038      2D666661 
 1038      742D6C74 
 1038      6F2D6F62 
 1039              	.LASF27:
 1040 0245 73697A65 		.ascii	"sizetype\000"
 1040      74797065 
 1040      00
 1041              	.LASF1:
 1042 024e 6C6F6E67 		.ascii	"long long int\000"
 1042      206C6F6E 
 1042      6720696E 
 1042      7400
 1043              	.LASF32:
 1044 025c 7368616B 		.ascii	"shake256_inc_squeeze\000"
 1044      65323536 
 1044      5F696E63 
 1044      5F737175 
 1044      65657A65 
 1045              	.LASF16:
 1046 0271 73656564 		.ascii	"seedexpander_state\000"
ARM GAS  C:\Users\bogurad\AppData\Local\Temp\ccYBex6U.s 			page 22


 1046      65787061 
 1046      6E646572 
 1046      5F737461 
 1046      746500
 1047              	.LASF15:
 1048 0284 7368616B 		.ascii	"shake256incctx\000"
 1048      65323536 
 1048      696E6363 
 1048      747800
 1049              	.LASF25:
 1050 0293 6273697A 		.ascii	"bsize\000"
 1050      6500
 1051              	.LASF7:
 1052 0299 73686F72 		.ascii	"short int\000"
 1052      7420696E 
 1052      7400
 1053              	.LASF24:
 1054 02a3 646F6D61 		.ascii	"domain\000"
 1054      696E00
 1055              	.LASF11:
 1056 02aa 5F5F7569 		.ascii	"__uint64_t\000"
 1056      6E743634 
 1056      5F7400
 1057              	.LASF18:
 1058 02b5 73656564 		.ascii	"seed\000"
 1058      00
 1059              	.LASF9:
 1060 02ba 6C6F6E67 		.ascii	"long int\000"
 1060      20696E74 
 1060      00
 1061              	.LASF26:
 1062 02c3 72656D61 		.ascii	"remainder\000"
 1062      696E6465 
 1062      7200
 1063              	.LASF31:
 1064 02cd 7368616B 		.ascii	"shake256_inc_finalize\000"
 1064      65323536 
 1064      5F696E63 
 1064      5F66696E 
 1064      616C697A 
 1065              	.LASF2:
 1066 02e3 6C6F6E67 		.ascii	"long double\000"
 1066      20646F75 
 1066      626C6500 
 1067              	.LASF3:
 1068 02ef 7369676E 		.ascii	"signed char\000"
 1068      65642063 
 1068      68617200 
 1069              	.LASF22:
 1070 02fb 6F757470 		.ascii	"output\000"
 1070      757400
 1071              	.LASF23:
 1072 0302 6F75746C 		.ascii	"outlen\000"
 1072      656E00
 1073              	.LASF20:
 1074 0309 5051434C 		.ascii	"PQCLEAN_HQC256_CLEAN_seedexpander_init\000"
 1074      45414E5F 
ARM GAS  C:\Users\bogurad\AppData\Local\Temp\ccYBex6U.s 			page 23


 1074      48514332 
 1074      35365F43 
 1074      4C45414E 
 1075              		.ident	"GCC: (GNU Tools for ARM Embedded Processors) 5.4.1 20160609 (release) [ARM/embedded-5-bran
