ARM GAS  C:\Users\bogurad\AppData\Local\Temp\ccZUqOTK.s 			page 1


   1              		.syntax unified
   2              		.cpu cortex-m4
   3              		.eabi_attribute 27, 1
   4              		.fpu fpv4-sp-d16
   5              		.eabi_attribute 20, 1
   6              		.eabi_attribute 21, 1
   7              		.eabi_attribute 23, 3
   8              		.eabi_attribute 24, 1
   9              		.eabi_attribute 25, 1
  10              		.eabi_attribute 26, 1
  11              		.eabi_attribute 30, 1
  12              		.eabi_attribute 34, 1
  13              		.eabi_attribute 18, 4
  14              		.thumb
  15              		.syntax unified
  16              		.file	"mainTask.c"
  17              		.text
  18              	.Ltext0:
  19              		.cfi_sections	.debug_frame
  20              		.section	.text.mainTask,"ax",%progbits
  21              		.align	2
  22              		.global	mainTask
  23              		.thumb
  24              		.thumb_func
  25              		.type	mainTask, %function
  26              	mainTask:
  27              	.LFB485:
  28              		.file 1 "mainTask.c"
   1:mainTask.c    **** /* ========================================
   2:mainTask.c    ****  *
   3:mainTask.c    ****  * Copyright YOUR COMPANY, THE YEAR
   4:mainTask.c    ****  * All Rights Reserved
   5:mainTask.c    ****  * UNPUBLISHED, LICENSED SOFTWARE.
   6:mainTask.c    ****  *
   7:mainTask.c    ****  * CONFIDENTIAL AND PROPRIETARY INFORMATION
   8:mainTask.c    ****  * WHICH IS THE PROPERTY OF your company.
   9:mainTask.c    ****  *
  10:mainTask.c    ****  * ========================================
  11:mainTask.c    **** */
  12:mainTask.c    **** 
  13:mainTask.c    **** #include "project.h"
  14:mainTask.c    **** #include "FreeRTOS.h"
  15:mainTask.c    **** #include "task.h"
  16:mainTask.c    **** #include "semphr.h"
  17:mainTask.c    **** #include <stdio.h>
  18:mainTask.c    **** #include <stdlib.h>
  19:mainTask.c    **** #include "../kyber_wrapper.h"
  20:mainTask.c    **** 
  21:mainTask.c    **** unsigned char *sk = NULL;
  22:mainTask.c    **** unsigned char *pk = NULL;
  23:mainTask.c    **** unsigned char *ct = NULL;
  24:mainTask.c    **** unsigned char *ss = NULL;
  25:mainTask.c    **** 
  26:mainTask.c    **** // External semaphore from UART task
  27:mainTask.c    **** extern SemaphoreHandle_t uartReadySemaphore;
  28:mainTask.c    **** 
  29:mainTask.c    **** 
ARM GAS  C:\Users\bogurad\AppData\Local\Temp\ccZUqOTK.s 			page 2


  30:mainTask.c    **** void mainTask(void *arg)
  31:mainTask.c    **** {
  29              		.loc 1 31 0
  30              		.cfi_startproc
  31              		@ args = 0, pretend = 0, frame = 0
  32              		@ frame_needed = 0, uses_anonymous_args = 0
  33              	.LVL0:
  34 0000 2DE9F041 		push	{r4, r5, r6, r7, r8, lr}
  35              		.cfi_def_cfa_offset 24
  36              		.cfi_offset 4, -24
  37              		.cfi_offset 5, -20
  38              		.cfi_offset 6, -16
  39              		.cfi_offset 7, -12
  40              		.cfi_offset 8, -8
  41              		.cfi_offset 14, -4
  32:mainTask.c    ****     (void)arg;
  33:mainTask.c    ****     
  34:mainTask.c    ****     // Wait for UART to be ready (block until semaphore is given)
  35:mainTask.c    ****     xSemaphoreTake(uartReadySemaphore, portMAX_DELAY);
  42              		.loc 1 35 0
  43 0004 4FF0FF31 		mov	r1, #-1
  44 0008 2D4B     		ldr	r3, .L10
  45 000a 1868     		ldr	r0, [r3]
  46              	.LVL1:
  47 000c FFF7FEFF 		bl	xQueueSemaphoreTake
  48              	.LVL2:
  36:mainTask.c    ****     
  37:mainTask.c    ****     printf("Main task started - UART is ready\r\n");
  49              		.loc 1 37 0
  50 0010 2C48     		ldr	r0, .L10+4
  51 0012 FFF7FEFF 		bl	puts
  52              	.LVL3:
  38:mainTask.c    ****     
  39:mainTask.c    ****     //Initialize SABER
  40:mainTask.c    ****     if (kyber_init(KYBER_SECURITY_1024) != 0) {
  53              		.loc 1 40 0
  54 0016 0420     		movs	r0, #4
  55 0018 FFF7FEFF 		bl	kyber_init
  56              	.LVL4:
  57 001c 10B1     		cbz	r0, .L2
  41:mainTask.c    ****         printf("Kyber init failed\n");
  58              		.loc 1 41 0
  59 001e 2A48     		ldr	r0, .L10+8
  60 0020 FFF7FEFF 		bl	puts
  61              	.LVL5:
  62              	.L2:
  42:mainTask.c    ****     }
  43:mainTask.c    ****     
  44:mainTask.c    ****     // Allocate memory
  45:mainTask.c    ****     const size_t BYTES_SK = kyber_get_secret_key_size();
  63              		.loc 1 45 0
  64 0024 FFF7FEFF 		bl	kyber_get_secret_key_size
  65              	.LVL6:
  66 0028 0446     		mov	r4, r0
  67              	.LVL7:
  46:mainTask.c    ****     const size_t BYTES_PK = kyber_get_public_key_size();
  68              		.loc 1 46 0
ARM GAS  C:\Users\bogurad\AppData\Local\Temp\ccZUqOTK.s 			page 3


  69 002a FFF7FEFF 		bl	kyber_get_public_key_size
  70              	.LVL8:
  71 002e 0646     		mov	r6, r0
  72              	.LVL9:
  47:mainTask.c    ****     const size_t BYTES_CT = kyber_get_ciphertext_size();
  73              		.loc 1 47 0
  74 0030 FFF7FEFF 		bl	kyber_get_ciphertext_size
  75              	.LVL10:
  76 0034 0546     		mov	r5, r0
  77              	.LVL11:
  48:mainTask.c    ****     const size_t BYTES_SS = kyber_get_shared_secret_size();
  78              		.loc 1 48 0
  79 0036 FFF7FEFF 		bl	kyber_get_shared_secret_size
  80              	.LVL12:
  81 003a 8046     		mov	r8, r0
  82              	.LVL13:
  49:mainTask.c    ****     
  50:mainTask.c    ****     sk = (unsigned char *) calloc(BYTES_SK, sizeof(unsigned char));
  83              		.loc 1 50 0
  84 003c 0121     		movs	r1, #1
  85 003e 2046     		mov	r0, r4
  86              	.LVL14:
  87 0040 FFF7FEFF 		bl	calloc
  88              	.LVL15:
  89 0044 0746     		mov	r7, r0
  90 0046 214C     		ldr	r4, .L10+12
  91              	.LVL16:
  92 0048 2060     		str	r0, [r4]
  51:mainTask.c    ****     pk = (unsigned char *) calloc(BYTES_PK, sizeof(unsigned char));
  93              		.loc 1 51 0
  94 004a 0121     		movs	r1, #1
  95 004c 3046     		mov	r0, r6
  96 004e FFF7FEFF 		bl	calloc
  97              	.LVL17:
  98 0052 0646     		mov	r6, r0
  99              	.LVL18:
 100 0054 6060     		str	r0, [r4, #4]
  52:mainTask.c    ****     ct = (unsigned char *) calloc(BYTES_CT, sizeof(unsigned char));
 101              		.loc 1 52 0
 102 0056 0121     		movs	r1, #1
 103 0058 2846     		mov	r0, r5
 104 005a FFF7FEFF 		bl	calloc
 105              	.LVL19:
 106 005e 0546     		mov	r5, r0
 107              	.LVL20:
 108 0060 A060     		str	r0, [r4, #8]
  53:mainTask.c    ****     ss = (unsigned char *) calloc(BYTES_SS, sizeof(unsigned char));
 109              		.loc 1 53 0
 110 0062 0121     		movs	r1, #1
 111 0064 4046     		mov	r0, r8
 112 0066 FFF7FEFF 		bl	calloc
 113              	.LVL21:
 114 006a E060     		str	r0, [r4, #12]
  54:mainTask.c    **** 
  55:mainTask.c    ****     if (!sk || !pk || !ct || !ss) {
 115              		.loc 1 55 0
 116 006c 17B1     		cbz	r7, .L3
ARM GAS  C:\Users\bogurad\AppData\Local\Temp\ccZUqOTK.s 			page 4


 117              		.loc 1 55 0 is_stmt 0 discriminator 1
 118 006e 0EB1     		cbz	r6, .L3
 119              		.loc 1 55 0 discriminator 2
 120 0070 05B1     		cbz	r5, .L3
 121              		.loc 1 55 0 discriminator 3
 122 0072 18B9     		cbnz	r0, .L4
 123              	.L3:
  56:mainTask.c    ****         printf("Memory allocation failed\r\n");
 124              		.loc 1 56 0 is_stmt 1
 125 0074 1648     		ldr	r0, .L10+16
 126 0076 FFF7FEFF 		bl	puts
 127              	.LVL22:
 128 007a 02E0     		b	.L5
 129              	.L4:
  57:mainTask.c    ****     }
  58:mainTask.c    ****     else{
  59:mainTask.c    ****         printf("Correct memory allocation\r\n");
 130              		.loc 1 59 0
 131 007c 1548     		ldr	r0, .L10+20
 132 007e FFF7FEFF 		bl	puts
 133              	.LVL23:
 134              	.L5:
  60:mainTask.c    ****     }
  61:mainTask.c    ****     
  62:mainTask.c    ****     if (kyber_keypair(pk, sk) != 0) printf("Keypair generation failed\n");
 135              		.loc 1 62 0
 136 0082 124B     		ldr	r3, .L10+12
 137 0084 1968     		ldr	r1, [r3]
 138 0086 5868     		ldr	r0, [r3, #4]
 139 0088 FFF7FEFF 		bl	kyber_keypair
 140              	.LVL24:
 141 008c 10B1     		cbz	r0, .L6
 142              		.loc 1 62 0 is_stmt 0 discriminator 1
 143 008e 1248     		ldr	r0, .L10+24
 144 0090 FFF7FEFF 		bl	puts
 145              	.LVL25:
 146              	.L6:
  63:mainTask.c    ****     if (kyber_encapsulate(ct, ss, pk) != 0) printf("Encapsulation failed\n"); 
 147              		.loc 1 63 0 is_stmt 1
 148 0094 0D4B     		ldr	r3, .L10+12
 149 0096 5A68     		ldr	r2, [r3, #4]
 150 0098 D968     		ldr	r1, [r3, #12]
 151 009a 9868     		ldr	r0, [r3, #8]
 152 009c FFF7FEFF 		bl	kyber_encapsulate
 153              	.LVL26:
 154 00a0 10B1     		cbz	r0, .L7
 155              		.loc 1 63 0 is_stmt 0 discriminator 1
 156 00a2 0E48     		ldr	r0, .L10+28
 157 00a4 FFF7FEFF 		bl	puts
 158              	.LVL27:
 159              	.L7:
  64:mainTask.c    ****     if (kyber_decapsulate(ss, ct, sk) != 0) printf("Encapsulation failed\n");
 160              		.loc 1 64 0 is_stmt 1
 161 00a8 084B     		ldr	r3, .L10+12
 162 00aa 1A68     		ldr	r2, [r3]
 163 00ac 9968     		ldr	r1, [r3, #8]
 164 00ae D868     		ldr	r0, [r3, #12]
ARM GAS  C:\Users\bogurad\AppData\Local\Temp\ccZUqOTK.s 			page 5


 165 00b0 FFF7FEFF 		bl	kyber_decapsulate
 166              	.LVL28:
 167 00b4 10B1     		cbz	r0, .L8
 168              		.loc 1 64 0 is_stmt 0 discriminator 1
 169 00b6 0948     		ldr	r0, .L10+28
 170 00b8 FFF7FEFF 		bl	puts
 171              	.LVL29:
 172              	.L8:
 173 00bc FEE7     		b	.L8
 174              	.L11:
 175 00be 00BF     		.align	2
 176              	.L10:
 177 00c0 00000000 		.word	uartReadySemaphore
 178 00c4 00000000 		.word	.LC0
 179 00c8 24000000 		.word	.LC1
 180 00cc 00000000 		.word	.LANCHOR0
 181 00d0 38000000 		.word	.LC2
 182 00d4 54000000 		.word	.LC3
 183 00d8 70000000 		.word	.LC4
 184 00dc 8C000000 		.word	.LC5
 185              		.cfi_endproc
 186              	.LFE485:
 187              		.size	mainTask, .-mainTask
 188              		.global	ss
 189              		.global	ct
 190              		.global	pk
 191              		.global	sk
 192              		.section	.rodata.str1.4,"aMS",%progbits,1
 193              		.align	2
 194              	.LC0:
 195 0000 4D61696E 		.ascii	"Main task started - UART is ready\015\000"
 195      20746173 
 195      6B207374 
 195      61727465 
 195      64202D20 
 196 0023 00       		.space	1
 197              	.LC1:
 198 0024 4B796265 		.ascii	"Kyber init failed\000"
 198      7220696E 
 198      69742066 
 198      61696C65 
 198      6400
 199 0036 0000     		.space	2
 200              	.LC2:
 201 0038 4D656D6F 		.ascii	"Memory allocation failed\015\000"
 201      72792061 
 201      6C6C6F63 
 201      6174696F 
 201      6E206661 
 202 0052 0000     		.space	2
 203              	.LC3:
 204 0054 436F7272 		.ascii	"Correct memory allocation\015\000"
 204      65637420 
 204      6D656D6F 
 204      72792061 
 204      6C6C6F63 
 205 006f 00       		.space	1
ARM GAS  C:\Users\bogurad\AppData\Local\Temp\ccZUqOTK.s 			page 6


 206              	.LC4:
 207 0070 4B657970 		.ascii	"Keypair generation failed\000"
 207      61697220 
 207      67656E65 
 207      72617469 
 207      6F6E2066 
 208 008a 0000     		.space	2
 209              	.LC5:
 210 008c 456E6361 		.ascii	"Encapsulation failed\000"
 210      7073756C 
 210      6174696F 
 210      6E206661 
 210      696C6564 
 211              		.bss
 212              		.align	2
 213              		.set	.LANCHOR0,. + 0
 214              		.type	sk, %object
 215              		.size	sk, 4
 216              	sk:
 217 0000 00000000 		.space	4
 218              		.type	pk, %object
 219              		.size	pk, 4
 220              	pk:
 221 0004 00000000 		.space	4
 222              		.type	ct, %object
 223              		.size	ct, 4
 224              	ct:
 225 0008 00000000 		.space	4
 226              		.type	ss, %object
 227              		.size	ss, 4
 228              	ss:
 229 000c 00000000 		.space	4
 230              		.text
 231              	.Letext0:
 232              		.file 2 "c:\\program files (x86)\\cypress\\psoc creator\\4.4\\psoc creator\\import\\gnu\\arm\\5.4.
 233              		.file 3 "c:\\program files (x86)\\cypress\\psoc creator\\4.4\\psoc creator\\import\\gnu\\arm\\5.4.
 234              		.file 4 "c:\\program files (x86)\\cypress\\psoc creator\\4.4\\psoc creator\\import\\gnu\\arm\\5.4.
 235              		.file 5 "Generated_Source\\PSoC6\\pdl\\drivers/peripheral/device/cy_device.h"
 236              		.file 6 "Generated_Source\\PSoC6\\pdl\\drivers/peripheral/scb/cy_scb_uart.h"
 237              		.file 7 "Generated_Source\\PSoC6\\pdl\\rtos/FreeRTOS/10.0.1/Source/portable/GCC/CM4F/portmacro.h"
 238              		.file 8 "Generated_Source\\PSoC6\\pdl\\rtos/FreeRTOS/10.0.1/Source/include/queue.h"
 239              		.file 9 "Generated_Source\\PSoC6\\pdl\\rtos/FreeRTOS/10.0.1/Source/include/semphr.h"
 240              		.file 10 "Generated_Source\\PSoC6\\pdl\\cmsis/include/core_cm4.h"
 241              		.file 11 "Generated_Source\\PSoC6/UART.h"
 242              		.file 12 "../kyber_wrapper.h"
 243              		.file 13 "c:\\program files (x86)\\cypress\\psoc creator\\4.4\\psoc creator\\import\\gnu\\arm\\5.4
 244              		.file 14 "<built-in>"
 245              		.section	.debug_info,"",%progbits
 246              	.Ldebug_info0:
 247 0000 29090000 		.4byte	0x929
 248 0004 0400     		.2byte	0x4
 249 0006 00000000 		.4byte	.Ldebug_abbrev0
 250 000a 04       		.byte	0x4
 251 000b 01       		.uleb128 0x1
 252 000c 84050000 		.4byte	.LASF153
 253 0010 0C       		.byte	0xc
 254 0011 0E090000 		.4byte	.LASF154
ARM GAS  C:\Users\bogurad\AppData\Local\Temp\ccZUqOTK.s 			page 7


 255 0015 8B060000 		.4byte	.LASF155
 256 0019 00000000 		.4byte	.Ldebug_ranges0+0
 257 001d 00000000 		.4byte	0
 258 0021 00000000 		.4byte	.Ldebug_line0
 259 0025 02       		.uleb128 0x2
 260 0026 02       		.byte	0x2
 261 0027 05       		.byte	0x5
 262 0028 56070000 		.4byte	.LASF0
 263 002c 02       		.uleb128 0x2
 264 002d 01       		.byte	0x1
 265 002e 06       		.byte	0x6
 266 002f 81010000 		.4byte	.LASF1
 267 0033 03       		.uleb128 0x3
 268 0034 7B000000 		.4byte	.LASF3
 269 0038 02       		.byte	0x2
 270 0039 1D       		.byte	0x1d
 271 003a 3E000000 		.4byte	0x3e
 272 003e 02       		.uleb128 0x2
 273 003f 01       		.byte	0x1
 274 0040 08       		.byte	0x8
 275 0041 17070000 		.4byte	.LASF2
 276 0045 03       		.uleb128 0x3
 277 0046 DD020000 		.4byte	.LASF4
 278 004a 02       		.byte	0x2
 279 004b 29       		.byte	0x29
 280 004c 25000000 		.4byte	0x25
 281 0050 03       		.uleb128 0x3
 282 0051 11080000 		.4byte	.LASF5
 283 0055 02       		.byte	0x2
 284 0056 2B       		.byte	0x2b
 285 0057 5B000000 		.4byte	0x5b
 286 005b 02       		.uleb128 0x2
 287 005c 02       		.byte	0x2
 288 005d 07       		.byte	0x7
 289 005e 66080000 		.4byte	.LASF6
 290 0062 03       		.uleb128 0x3
 291 0063 2F080000 		.4byte	.LASF7
 292 0067 02       		.byte	0x2
 293 0068 3F       		.byte	0x3f
 294 0069 6D000000 		.4byte	0x6d
 295 006d 02       		.uleb128 0x2
 296 006e 04       		.byte	0x4
 297 006f 05       		.byte	0x5
 298 0070 0B020000 		.4byte	.LASF8
 299 0074 03       		.uleb128 0x3
 300 0075 C2020000 		.4byte	.LASF9
 301 0079 02       		.byte	0x2
 302 007a 41       		.byte	0x41
 303 007b 7F000000 		.4byte	0x7f
 304 007f 02       		.uleb128 0x2
 305 0080 04       		.byte	0x4
 306 0081 07       		.byte	0x7
 307 0082 6B030000 		.4byte	.LASF10
 308 0086 02       		.uleb128 0x2
 309 0087 08       		.byte	0x8
 310 0088 05       		.byte	0x5
 311 0089 73010000 		.4byte	.LASF11
ARM GAS  C:\Users\bogurad\AppData\Local\Temp\ccZUqOTK.s 			page 8


 312 008d 02       		.uleb128 0x2
 313 008e 08       		.byte	0x8
 314 008f 07       		.byte	0x7
 315 0090 C5000000 		.4byte	.LASF12
 316 0094 04       		.uleb128 0x4
 317 0095 04       		.byte	0x4
 318 0096 05       		.byte	0x5
 319 0097 696E7400 		.ascii	"int\000"
 320 009b 02       		.uleb128 0x2
 321 009c 04       		.byte	0x4
 322 009d 07       		.byte	0x7
 323 009e 2F030000 		.4byte	.LASF13
 324 00a2 03       		.uleb128 0x3
 325 00a3 58090000 		.4byte	.LASF14
 326 00a7 03       		.byte	0x3
 327 00a8 18       		.byte	0x18
 328 00a9 33000000 		.4byte	0x33
 329 00ad 03       		.uleb128 0x3
 330 00ae 6B010000 		.4byte	.LASF15
 331 00b2 03       		.byte	0x3
 332 00b3 20       		.byte	0x20
 333 00b4 45000000 		.4byte	0x45
 334 00b8 03       		.uleb128 0x3
 335 00b9 3C030000 		.4byte	.LASF16
 336 00bd 03       		.byte	0x3
 337 00be 24       		.byte	0x24
 338 00bf 50000000 		.4byte	0x50
 339 00c3 03       		.uleb128 0x3
 340 00c4 0F070000 		.4byte	.LASF17
 341 00c8 03       		.byte	0x3
 342 00c9 2C       		.byte	0x2c
 343 00ca 62000000 		.4byte	0x62
 344 00ce 03       		.uleb128 0x3
 345 00cf B6070000 		.4byte	.LASF18
 346 00d3 03       		.byte	0x3
 347 00d4 30       		.byte	0x30
 348 00d5 74000000 		.4byte	0x74
 349 00d9 02       		.uleb128 0x2
 350 00da 04       		.byte	0x4
 351 00db 07       		.byte	0x7
 352 00dc EF040000 		.4byte	.LASF19
 353 00e0 05       		.uleb128 0x5
 354 00e1 CE000000 		.4byte	0xce
 355 00e5 03       		.uleb128 0x3
 356 00e6 43000000 		.4byte	.LASF20
 357 00ea 04       		.byte	0x4
 358 00eb D8       		.byte	0xd8
 359 00ec 9B000000 		.4byte	0x9b
 360 00f0 02       		.uleb128 0x2
 361 00f1 08       		.byte	0x8
 362 00f2 04       		.byte	0x4
 363 00f3 D4070000 		.4byte	.LASF21
 364 00f7 06       		.uleb128 0x6
 365 00f8 B8       		.byte	0xb8
 366 00f9 05       		.byte	0x5
 367 00fa 34       		.byte	0x34
 368 00fb 08050000 		.4byte	0x508
ARM GAS  C:\Users\bogurad\AppData\Local\Temp\ccZUqOTK.s 			page 9


 369 00ff 07       		.uleb128 0x7
 370 0100 AC000000 		.4byte	.LASF22
 371 0104 05       		.byte	0x5
 372 0105 37       		.byte	0x37
 373 0106 CE000000 		.4byte	0xce
 374 010a 00       		.byte	0
 375 010b 07       		.uleb128 0x7
 376 010c B7020000 		.4byte	.LASF23
 377 0110 05       		.byte	0x5
 378 0111 38       		.byte	0x38
 379 0112 CE000000 		.4byte	0xce
 380 0116 04       		.byte	0x4
 381 0117 07       		.uleb128 0x7
 382 0118 48020000 		.4byte	.LASF24
 383 011c 05       		.byte	0x5
 384 011d 39       		.byte	0x39
 385 011e CE000000 		.4byte	0xce
 386 0122 08       		.byte	0x8
 387 0123 07       		.uleb128 0x7
 388 0124 01070000 		.4byte	.LASF25
 389 0128 05       		.byte	0x5
 390 0129 3A       		.byte	0x3a
 391 012a CE000000 		.4byte	0xce
 392 012e 0C       		.byte	0xc
 393 012f 07       		.uleb128 0x7
 394 0130 EB080000 		.4byte	.LASF26
 395 0134 05       		.byte	0x5
 396 0135 3B       		.byte	0x3b
 397 0136 CE000000 		.4byte	0xce
 398 013a 10       		.byte	0x10
 399 013b 07       		.uleb128 0x7
 400 013c 01020000 		.4byte	.LASF27
 401 0140 05       		.byte	0x5
 402 0141 3C       		.byte	0x3c
 403 0142 CE000000 		.4byte	0xce
 404 0146 14       		.byte	0x14
 405 0147 07       		.uleb128 0x7
 406 0148 E2030000 		.4byte	.LASF28
 407 014c 05       		.byte	0x5
 408 014d 3D       		.byte	0x3d
 409 014e CE000000 		.4byte	0xce
 410 0152 18       		.byte	0x18
 411 0153 07       		.uleb128 0x7
 412 0154 64000000 		.4byte	.LASF29
 413 0158 05       		.byte	0x5
 414 0159 3E       		.byte	0x3e
 415 015a CE000000 		.4byte	0xce
 416 015e 1C       		.byte	0x1c
 417 015f 07       		.uleb128 0x7
 418 0160 D3090000 		.4byte	.LASF30
 419 0164 05       		.byte	0x5
 420 0165 3F       		.byte	0x3f
 421 0166 CE000000 		.4byte	0xce
 422 016a 20       		.byte	0x20
 423 016b 07       		.uleb128 0x7
 424 016c 6C050000 		.4byte	.LASF31
 425 0170 05       		.byte	0x5
ARM GAS  C:\Users\bogurad\AppData\Local\Temp\ccZUqOTK.s 			page 10


 426 0171 40       		.byte	0x40
 427 0172 CE000000 		.4byte	0xce
 428 0176 24       		.byte	0x24
 429 0177 07       		.uleb128 0x7
 430 0178 BC040000 		.4byte	.LASF32
 431 017c 05       		.byte	0x5
 432 017d 43       		.byte	0x43
 433 017e A2000000 		.4byte	0xa2
 434 0182 28       		.byte	0x28
 435 0183 07       		.uleb128 0x7
 436 0184 4A000000 		.4byte	.LASF33
 437 0188 05       		.byte	0x5
 438 0189 44       		.byte	0x44
 439 018a A2000000 		.4byte	0xa2
 440 018e 29       		.byte	0x29
 441 018f 07       		.uleb128 0x7
 442 0190 C9090000 		.4byte	.LASF34
 443 0194 05       		.byte	0x5
 444 0195 45       		.byte	0x45
 445 0196 A2000000 		.4byte	0xa2
 446 019a 2A       		.byte	0x2a
 447 019b 07       		.uleb128 0x7
 448 019c 5E050000 		.4byte	.LASF35
 449 01a0 05       		.byte	0x5
 450 01a1 46       		.byte	0x46
 451 01a2 A2000000 		.4byte	0xa2
 452 01a6 2B       		.byte	0x2b
 453 01a7 07       		.uleb128 0x7
 454 01a8 32040000 		.4byte	.LASF36
 455 01ac 05       		.byte	0x5
 456 01ad 47       		.byte	0x47
 457 01ae A2000000 		.4byte	0xa2
 458 01b2 2C       		.byte	0x2c
 459 01b3 07       		.uleb128 0x7
 460 01b4 39080000 		.4byte	.LASF37
 461 01b8 05       		.byte	0x5
 462 01b9 48       		.byte	0x48
 463 01ba A2000000 		.4byte	0xa2
 464 01be 2D       		.byte	0x2d
 465 01bf 07       		.uleb128 0x7
 466 01c0 D2010000 		.4byte	.LASF38
 467 01c4 05       		.byte	0x5
 468 01c5 49       		.byte	0x49
 469 01c6 A2000000 		.4byte	0xa2
 470 01ca 2E       		.byte	0x2e
 471 01cb 07       		.uleb128 0x7
 472 01cc CE040000 		.4byte	.LASF39
 473 01d0 05       		.byte	0x5
 474 01d1 4A       		.byte	0x4a
 475 01d2 A2000000 		.4byte	0xa2
 476 01d6 2F       		.byte	0x2f
 477 01d7 07       		.uleb128 0x7
 478 01d8 F7070000 		.4byte	.LASF40
 479 01dc 05       		.byte	0x5
 480 01dd 4B       		.byte	0x4b
 481 01de A2000000 		.4byte	0xa2
 482 01e2 30       		.byte	0x30
ARM GAS  C:\Users\bogurad\AppData\Local\Temp\ccZUqOTK.s 			page 11


 483 01e3 07       		.uleb128 0x7
 484 01e4 C3030000 		.4byte	.LASF41
 485 01e8 05       		.byte	0x5
 486 01e9 4E       		.byte	0x4e
 487 01ea A2000000 		.4byte	0xa2
 488 01ee 31       		.byte	0x31
 489 01ef 07       		.uleb128 0x7
 490 01f0 6D000000 		.4byte	.LASF42
 491 01f4 05       		.byte	0x5
 492 01f5 4F       		.byte	0x4f
 493 01f6 A2000000 		.4byte	0xa2
 494 01fa 32       		.byte	0x32
 495 01fb 07       		.uleb128 0x7
 496 01fc 23030000 		.4byte	.LASF43
 497 0200 05       		.byte	0x5
 498 0201 50       		.byte	0x50
 499 0202 A2000000 		.4byte	0xa2
 500 0206 33       		.byte	0x33
 501 0207 07       		.uleb128 0x7
 502 0208 03050000 		.4byte	.LASF44
 503 020c 05       		.byte	0x5
 504 020d 51       		.byte	0x51
 505 020e A2000000 		.4byte	0xa2
 506 0212 34       		.byte	0x34
 507 0213 07       		.uleb128 0x7
 508 0214 90080000 		.4byte	.LASF45
 509 0218 05       		.byte	0x5
 510 0219 52       		.byte	0x52
 511 021a AD000000 		.4byte	0xad
 512 021e 36       		.byte	0x36
 513 021f 07       		.uleb128 0x7
 514 0220 AB070000 		.4byte	.LASF46
 515 0224 05       		.byte	0x5
 516 0225 53       		.byte	0x53
 517 0226 AD000000 		.4byte	0xad
 518 022a 38       		.byte	0x38
 519 022b 07       		.uleb128 0x7
 520 022c 19090000 		.4byte	.LASF47
 521 0230 05       		.byte	0x5
 522 0231 54       		.byte	0x54
 523 0232 AD000000 		.4byte	0xad
 524 0236 3A       		.byte	0x3a
 525 0237 07       		.uleb128 0x7
 526 0238 F2010000 		.4byte	.LASF48
 527 023c 05       		.byte	0x5
 528 023d 55       		.byte	0x55
 529 023e A2000000 		.4byte	0xa2
 530 0242 3C       		.byte	0x3c
 531 0243 07       		.uleb128 0x7
 532 0244 86020000 		.4byte	.LASF49
 533 0248 05       		.byte	0x5
 534 0249 56       		.byte	0x56
 535 024a A2000000 		.4byte	0xa2
 536 024e 3D       		.byte	0x3d
 537 024f 07       		.uleb128 0x7
 538 0250 7B070000 		.4byte	.LASF50
 539 0254 05       		.byte	0x5
ARM GAS  C:\Users\bogurad\AppData\Local\Temp\ccZUqOTK.s 			page 12


 540 0255 57       		.byte	0x57
 541 0256 A2000000 		.4byte	0xa2
 542 025a 3E       		.byte	0x3e
 543 025b 07       		.uleb128 0x7
 544 025c 58000000 		.4byte	.LASF51
 545 0260 05       		.byte	0x5
 546 0261 58       		.byte	0x58
 547 0262 A2000000 		.4byte	0xa2
 548 0266 3F       		.byte	0x3f
 549 0267 07       		.uleb128 0x7
 550 0268 77050000 		.4byte	.LASF52
 551 026c 05       		.byte	0x5
 552 026d 59       		.byte	0x59
 553 026e A2000000 		.4byte	0xa2
 554 0272 40       		.byte	0x40
 555 0273 07       		.uleb128 0x7
 556 0274 CD020000 		.4byte	.LASF53
 557 0278 05       		.byte	0x5
 558 0279 5A       		.byte	0x5a
 559 027a A2000000 		.4byte	0xa2
 560 027e 41       		.byte	0x41
 561 027f 07       		.uleb128 0x7
 562 0280 54040000 		.4byte	.LASF54
 563 0284 05       		.byte	0x5
 564 0285 5B       		.byte	0x5b
 565 0286 A2000000 		.4byte	0xa2
 566 028a 42       		.byte	0x42
 567 028b 07       		.uleb128 0x7
 568 028c 4A050000 		.4byte	.LASF55
 569 0290 05       		.byte	0x5
 570 0291 5C       		.byte	0x5c
 571 0292 A2000000 		.4byte	0xa2
 572 0296 43       		.byte	0x43
 573 0297 07       		.uleb128 0x7
 574 0298 5C020000 		.4byte	.LASF56
 575 029c 05       		.byte	0x5
 576 029d 5D       		.byte	0x5d
 577 029e A2000000 		.4byte	0xa2
 578 02a2 44       		.byte	0x44
 579 02a3 07       		.uleb128 0x7
 580 02a4 00000000 		.4byte	.LASF57
 581 02a8 05       		.byte	0x5
 582 02a9 5E       		.byte	0x5e
 583 02aa CE000000 		.4byte	0xce
 584 02ae 48       		.byte	0x48
 585 02af 07       		.uleb128 0x7
 586 02b0 2B020000 		.4byte	.LASF58
 587 02b4 05       		.byte	0x5
 588 02b5 5F       		.byte	0x5f
 589 02b6 CE000000 		.4byte	0xce
 590 02ba 4C       		.byte	0x4c
 591 02bb 07       		.uleb128 0x7
 592 02bc 090A0000 		.4byte	.LASF59
 593 02c0 05       		.byte	0x5
 594 02c1 60       		.byte	0x60
 595 02c2 A2000000 		.4byte	0xa2
 596 02c6 50       		.byte	0x50
ARM GAS  C:\Users\bogurad\AppData\Local\Temp\ccZUqOTK.s 			page 13


 597 02c7 07       		.uleb128 0x7
 598 02c8 45010000 		.4byte	.LASF60
 599 02cc 05       		.byte	0x5
 600 02cd 61       		.byte	0x61
 601 02ce A2000000 		.4byte	0xa2
 602 02d2 51       		.byte	0x51
 603 02d3 07       		.uleb128 0x7
 604 02d4 48090000 		.4byte	.LASF61
 605 02d8 05       		.byte	0x5
 606 02d9 62       		.byte	0x62
 607 02da A2000000 		.4byte	0xa2
 608 02de 52       		.byte	0x52
 609 02df 07       		.uleb128 0x7
 610 02e0 46080000 		.4byte	.LASF62
 611 02e4 05       		.byte	0x5
 612 02e5 63       		.byte	0x63
 613 02e6 A2000000 		.4byte	0xa2
 614 02ea 53       		.byte	0x53
 615 02eb 07       		.uleb128 0x7
 616 02ec 9B070000 		.4byte	.LASF63
 617 02f0 05       		.byte	0x5
 618 02f1 64       		.byte	0x64
 619 02f2 A2000000 		.4byte	0xa2
 620 02f6 54       		.byte	0x54
 621 02f7 07       		.uleb128 0x7
 622 02f8 57010000 		.4byte	.LASF64
 623 02fc 05       		.byte	0x5
 624 02fd 65       		.byte	0x65
 625 02fe A2000000 		.4byte	0xa2
 626 0302 55       		.byte	0x55
 627 0303 07       		.uleb128 0x7
 628 0304 57030000 		.4byte	.LASF65
 629 0308 05       		.byte	0x5
 630 0309 66       		.byte	0x66
 631 030a A2000000 		.4byte	0xa2
 632 030e 56       		.byte	0x56
 633 030f 07       		.uleb128 0x7
 634 0310 EB030000 		.4byte	.LASF66
 635 0314 05       		.byte	0x5
 636 0315 67       		.byte	0x67
 637 0316 A2000000 		.4byte	0xa2
 638 031a 57       		.byte	0x57
 639 031b 07       		.uleb128 0x7
 640 031c 1C000000 		.4byte	.LASF67
 641 0320 05       		.byte	0x5
 642 0321 68       		.byte	0x68
 643 0322 A2000000 		.4byte	0xa2
 644 0326 58       		.byte	0x58
 645 0327 07       		.uleb128 0x7
 646 0328 25070000 		.4byte	.LASF68
 647 032c 05       		.byte	0x5
 648 032d 69       		.byte	0x69
 649 032e A2000000 		.4byte	0xa2
 650 0332 59       		.byte	0x59
 651 0333 07       		.uleb128 0x7
 652 0334 F8040000 		.4byte	.LASF69
 653 0338 05       		.byte	0x5
ARM GAS  C:\Users\bogurad\AppData\Local\Temp\ccZUqOTK.s 			page 14


 654 0339 6E       		.byte	0x6e
 655 033a B8000000 		.4byte	0xb8
 656 033e 5A       		.byte	0x5a
 657 033f 07       		.uleb128 0x7
 658 0340 79080000 		.4byte	.LASF70
 659 0344 05       		.byte	0x5
 660 0345 6F       		.byte	0x6f
 661 0346 B8000000 		.4byte	0xb8
 662 034a 5C       		.byte	0x5c
 663 034b 07       		.uleb128 0x7
 664 034c B6000000 		.4byte	.LASF71
 665 0350 05       		.byte	0x5
 666 0351 70       		.byte	0x70
 667 0352 A2000000 		.4byte	0xa2
 668 0356 5E       		.byte	0x5e
 669 0357 07       		.uleb128 0x7
 670 0358 64060000 		.4byte	.LASF72
 671 035c 05       		.byte	0x5
 672 035d 71       		.byte	0x71
 673 035e A2000000 		.4byte	0xa2
 674 0362 5F       		.byte	0x5f
 675 0363 07       		.uleb128 0x7
 676 0364 39050000 		.4byte	.LASF73
 677 0368 05       		.byte	0x5
 678 0369 72       		.byte	0x72
 679 036a A2000000 		.4byte	0xa2
 680 036e 60       		.byte	0x60
 681 036f 07       		.uleb128 0x7
 682 0370 3D060000 		.4byte	.LASF74
 683 0374 05       		.byte	0x5
 684 0375 73       		.byte	0x73
 685 0376 CE000000 		.4byte	0xce
 686 037a 64       		.byte	0x64
 687 037b 07       		.uleb128 0x7
 688 037c EF000000 		.4byte	.LASF75
 689 0380 05       		.byte	0x5
 690 0381 76       		.byte	0x76
 691 0382 B8000000 		.4byte	0xb8
 692 0386 68       		.byte	0x68
 693 0387 07       		.uleb128 0x7
 694 0388 45030000 		.4byte	.LASF76
 695 038c 05       		.byte	0x5
 696 038d 77       		.byte	0x77
 697 038e B8000000 		.4byte	0xb8
 698 0392 6A       		.byte	0x6a
 699 0393 07       		.uleb128 0x7
 700 0394 FF030000 		.4byte	.LASF77
 701 0398 05       		.byte	0x5
 702 0399 78       		.byte	0x78
 703 039a B8000000 		.4byte	0xb8
 704 039e 6C       		.byte	0x6c
 705 039f 07       		.uleb128 0x7
 706 03a0 25040000 		.4byte	.LASF78
 707 03a4 05       		.byte	0x5
 708 03a5 79       		.byte	0x79
 709 03a6 B8000000 		.4byte	0xb8
 710 03aa 6E       		.byte	0x6e
ARM GAS  C:\Users\bogurad\AppData\Local\Temp\ccZUqOTK.s 			page 15


 711 03ab 07       		.uleb128 0x7
 712 03ac 60070000 		.4byte	.LASF79
 713 03b0 05       		.byte	0x5
 714 03b1 7B       		.byte	0x7b
 715 03b2 A2000000 		.4byte	0xa2
 716 03b6 70       		.byte	0x70
 717 03b7 07       		.uleb128 0x7
 718 03b8 8D010000 		.4byte	.LASF80
 719 03bc 05       		.byte	0x5
 720 03bd 7C       		.byte	0x7c
 721 03be A2000000 		.4byte	0xa2
 722 03c2 71       		.byte	0x71
 723 03c3 07       		.uleb128 0x7
 724 03c4 DB090000 		.4byte	.LASF81
 725 03c8 05       		.byte	0x5
 726 03c9 7D       		.byte	0x7d
 727 03ca A2000000 		.4byte	0xa2
 728 03ce 72       		.byte	0x72
 729 03cf 07       		.uleb128 0x7
 730 03d0 14050000 		.4byte	.LASF82
 731 03d4 05       		.byte	0x5
 732 03d5 7E       		.byte	0x7e
 733 03d6 A2000000 		.4byte	0xa2
 734 03da 73       		.byte	0x73
 735 03db 07       		.uleb128 0x7
 736 03dc 91020000 		.4byte	.LASF83
 737 03e0 05       		.byte	0x5
 738 03e1 80       		.byte	0x80
 739 03e2 B8000000 		.4byte	0xb8
 740 03e6 74       		.byte	0x74
 741 03e7 07       		.uleb128 0x7
 742 03e8 1C080000 		.4byte	.LASF84
 743 03ec 05       		.byte	0x5
 744 03ed 81       		.byte	0x81
 745 03ee B8000000 		.4byte	0xb8
 746 03f2 76       		.byte	0x76
 747 03f3 07       		.uleb128 0x7
 748 03f4 9D080000 		.4byte	.LASF85
 749 03f8 05       		.byte	0x5
 750 03f9 82       		.byte	0x82
 751 03fa B8000000 		.4byte	0xb8
 752 03fe 78       		.byte	0x78
 753 03ff 07       		.uleb128 0x7
 754 0400 85000000 		.4byte	.LASF86
 755 0404 05       		.byte	0x5
 756 0405 83       		.byte	0x83
 757 0406 B8000000 		.4byte	0xb8
 758 040a 7A       		.byte	0x7a
 759 040b 07       		.uleb128 0x7
 760 040c 87090000 		.4byte	.LASF87
 761 0410 05       		.byte	0x5
 762 0411 86       		.byte	0x86
 763 0412 A2000000 		.4byte	0xa2
 764 0416 7C       		.byte	0x7c
 765 0417 07       		.uleb128 0x7
 766 0418 CC080000 		.4byte	.LASF88
 767 041c 05       		.byte	0x5
ARM GAS  C:\Users\bogurad\AppData\Local\Temp\ccZUqOTK.s 			page 16


 768 041d 87       		.byte	0x87
 769 041e A2000000 		.4byte	0xa2
 770 0422 7D       		.byte	0x7d
 771 0423 07       		.uleb128 0x7
 772 0424 30000000 		.4byte	.LASF89
 773 0428 05       		.byte	0x5
 774 0429 88       		.byte	0x88
 775 042a A2000000 		.4byte	0xa2
 776 042e 7E       		.byte	0x7e
 777 042f 07       		.uleb128 0x7
 778 0430 A3020000 		.4byte	.LASF90
 779 0434 05       		.byte	0x5
 780 0435 89       		.byte	0x89
 781 0436 A2000000 		.4byte	0xa2
 782 043a 7F       		.byte	0x7f
 783 043b 07       		.uleb128 0x7
 784 043c 0F030000 		.4byte	.LASF91
 785 0440 05       		.byte	0x5
 786 0441 8A       		.byte	0x8a
 787 0442 A2000000 		.4byte	0xa2
 788 0446 80       		.byte	0x80
 789 0447 07       		.uleb128 0x7
 790 0448 A5040000 		.4byte	.LASF92
 791 044c 05       		.byte	0x5
 792 044d 8D       		.byte	0x8d
 793 044e CE000000 		.4byte	0xce
 794 0452 84       		.byte	0x84
 795 0453 07       		.uleb128 0x7
 796 0454 14020000 		.4byte	.LASF93
 797 0458 05       		.byte	0x5
 798 0459 8E       		.byte	0x8e
 799 045a CE000000 		.4byte	0xce
 800 045e 88       		.byte	0x88
 801 045f 07       		.uleb128 0x7
 802 0460 72090000 		.4byte	.LASF94
 803 0464 05       		.byte	0x5
 804 0465 8F       		.byte	0x8f
 805 0466 CE000000 		.4byte	0xce
 806 046a 8C       		.byte	0x8c
 807 046b 07       		.uleb128 0x7
 808 046c DA040000 		.4byte	.LASF95
 809 0470 05       		.byte	0x5
 810 0471 90       		.byte	0x90
 811 0472 CE000000 		.4byte	0xce
 812 0476 90       		.byte	0x90
 813 0477 07       		.uleb128 0x7
 814 0478 F0020000 		.4byte	.LASF96
 815 047c 05       		.byte	0x5
 816 047d 91       		.byte	0x91
 817 047e CE000000 		.4byte	0xce
 818 0482 94       		.byte	0x94
 819 0483 07       		.uleb128 0x7
 820 0484 7C040000 		.4byte	.LASF97
 821 0488 05       		.byte	0x5
 822 0489 92       		.byte	0x92
 823 048a CE000000 		.4byte	0xce
 824 048e 98       		.byte	0x98
ARM GAS  C:\Users\bogurad\AppData\Local\Temp\ccZUqOTK.s 			page 17


 825 048f 07       		.uleb128 0x7
 826 0490 AA090000 		.4byte	.LASF98
 827 0494 05       		.byte	0x5
 828 0495 93       		.byte	0x93
 829 0496 CE000000 		.4byte	0xce
 830 049a 9C       		.byte	0x9c
 831 049b 07       		.uleb128 0x7
 832 049c 14010000 		.4byte	.LASF99
 833 04a0 05       		.byte	0x5
 834 04a1 94       		.byte	0x94
 835 04a2 CE000000 		.4byte	0xce
 836 04a6 A0       		.byte	0xa0
 837 04a7 07       		.uleb128 0x7
 838 04a8 DD010000 		.4byte	.LASF100
 839 04ac 05       		.byte	0x5
 840 04ad 95       		.byte	0x95
 841 04ae B8000000 		.4byte	0xb8
 842 04b2 A4       		.byte	0xa4
 843 04b3 07       		.uleb128 0x7
 844 04b4 BF070000 		.4byte	.LASF101
 845 04b8 05       		.byte	0x5
 846 04b9 96       		.byte	0x96
 847 04ba B8000000 		.4byte	0xb8
 848 04be A6       		.byte	0xa6
 849 04bf 07       		.uleb128 0x7
 850 04c0 58060000 		.4byte	.LASF102
 851 04c4 05       		.byte	0x5
 852 04c5 97       		.byte	0x97
 853 04c6 B8000000 		.4byte	0xb8
 854 04ca A8       		.byte	0xa8
 855 04cb 07       		.uleb128 0x7
 856 04cc 03080000 		.4byte	.LASF103
 857 04d0 05       		.byte	0x5
 858 04d1 98       		.byte	0x98
 859 04d2 B8000000 		.4byte	0xb8
 860 04d6 AA       		.byte	0xaa
 861 04d7 07       		.uleb128 0x7
 862 04d8 0E040000 		.4byte	.LASF104
 863 04dc 05       		.byte	0x5
 864 04dd 99       		.byte	0x99
 865 04de B8000000 		.4byte	0xb8
 866 04e2 AC       		.byte	0xac
 867 04e3 07       		.uleb128 0x7
 868 04e4 2B050000 		.4byte	.LASF105
 869 04e8 05       		.byte	0x5
 870 04e9 9A       		.byte	0x9a
 871 04ea B8000000 		.4byte	0xb8
 872 04ee AE       		.byte	0xae
 873 04ef 07       		.uleb128 0x7
 874 04f0 82080000 		.4byte	.LASF106
 875 04f4 05       		.byte	0x5
 876 04f5 9D       		.byte	0x9d
 877 04f6 B8000000 		.4byte	0xb8
 878 04fa B0       		.byte	0xb0
 879 04fb 07       		.uleb128 0x7
 880 04fc 39070000 		.4byte	.LASF107
 881 0500 05       		.byte	0x5
ARM GAS  C:\Users\bogurad\AppData\Local\Temp\ccZUqOTK.s 			page 18


 882 0501 9E       		.byte	0x9e
 883 0502 CE000000 		.4byte	0xce
 884 0506 B4       		.byte	0xb4
 885 0507 00       		.byte	0
 886 0508 03       		.uleb128 0x3
 887 0509 44040000 		.4byte	.LASF108
 888 050d 05       		.byte	0x5
 889 050e 9F       		.byte	0x9f
 890 050f F7000000 		.4byte	0xf7
 891 0513 02       		.uleb128 0x2
 892 0514 01       		.byte	0x1
 893 0515 08       		.byte	0x8
 894 0516 E0070000 		.4byte	.LASF109
 895 051a 02       		.uleb128 0x2
 896 051b 04       		.byte	0x4
 897 051c 04       		.byte	0x4
 898 051d 37060000 		.4byte	.LASF110
 899 0521 02       		.uleb128 0x2
 900 0522 08       		.byte	0x8
 901 0523 04       		.byte	0x4
 902 0524 76020000 		.4byte	.LASF111
 903 0528 02       		.uleb128 0x2
 904 0529 01       		.byte	0x1
 905 052a 02       		.byte	0x2
 906 052b 09070000 		.4byte	.LASF112
 907 052f 08       		.uleb128 0x8
 908 0530 04       		.byte	0x4
 909 0531 09       		.uleb128 0x9
 910 0532 04       		.byte	0x4
 911 0533 37050000 		.4byte	0x537
 912 0537 0A       		.uleb128 0xa
 913 0538 42050000 		.4byte	0x542
 914 053c 0B       		.uleb128 0xb
 915 053d CE000000 		.4byte	0xce
 916 0541 00       		.byte	0
 917 0542 0C       		.uleb128 0xc
 918 0543 97030000 		.4byte	.LASF113
 919 0547 06       		.byte	0x6
 920 0548 D901     		.2byte	0x1d9
 921 054a 31050000 		.4byte	0x531
 922 054e 0D       		.uleb128 0xd
 923 054f F1090000 		.4byte	.LASF156
 924 0553 38       		.byte	0x38
 925 0554 06       		.byte	0x6
 926 0555 7502     		.2byte	0x275
 927 0557 12060000 		.4byte	0x612
 928 055b 0E       		.uleb128 0xe
 929 055c C0090000 		.4byte	.LASF114
 930 0560 06       		.byte	0x6
 931 0561 7802     		.2byte	0x278
 932 0563 E0000000 		.4byte	0xe0
 933 0567 00       		.byte	0
 934 0568 0E       		.uleb128 0xe
 935 0569 55050000 		.4byte	.LASF115
 936 056d 06       		.byte	0x6
 937 056e 7902     		.2byte	0x279
 938 0570 E0000000 		.4byte	0xe0
ARM GAS  C:\Users\bogurad\AppData\Local\Temp\ccZUqOTK.s 			page 19


 939 0574 04       		.byte	0x4
 940 0575 0E       		.uleb128 0xe
 941 0576 FF000000 		.4byte	.LASF116
 942 057a 06       		.byte	0x6
 943 057b 7B02     		.2byte	0x27b
 944 057d 2F050000 		.4byte	0x52f
 945 0581 08       		.byte	0x8
 946 0582 0E       		.uleb128 0xe
 947 0583 58080000 		.4byte	.LASF117
 948 0587 06       		.byte	0x6
 949 0588 7C02     		.2byte	0x27c
 950 058a CE000000 		.4byte	0xce
 951 058e 0C       		.byte	0xc
 952 058f 0E       		.uleb128 0xe
 953 0590 60040000 		.4byte	.LASF118
 954 0594 06       		.byte	0x6
 955 0595 7D02     		.2byte	0x27d
 956 0597 E0000000 		.4byte	0xe0
 957 059b 10       		.byte	0x10
 958 059c 0E       		.uleb128 0xe
 959 059d 9C090000 		.4byte	.LASF119
 960 05a1 06       		.byte	0x6
 961 05a2 7E02     		.2byte	0x27e
 962 05a4 E0000000 		.4byte	0xe0
 963 05a8 14       		.byte	0x14
 964 05a9 0E       		.uleb128 0xe
 965 05aa E5080000 		.4byte	.LASF120
 966 05ae 06       		.byte	0x6
 967 05af 8002     		.2byte	0x280
 968 05b1 2F050000 		.4byte	0x52f
 969 05b5 18       		.byte	0x18
 970 05b6 0E       		.uleb128 0xe
 971 05b7 12000000 		.4byte	.LASF121
 972 05bb 06       		.byte	0x6
 973 05bc 8102     		.2byte	0x281
 974 05be CE000000 		.4byte	0xce
 975 05c2 1C       		.byte	0x1c
 976 05c3 0E       		.uleb128 0xe
 977 05c4 E7020000 		.4byte	.LASF122
 978 05c8 06       		.byte	0x6
 979 05c9 8202     		.2byte	0x282
 980 05cb E0000000 		.4byte	0xe0
 981 05cf 20       		.byte	0x20
 982 05d0 0E       		.uleb128 0xe
 983 05d1 3E040000 		.4byte	.LASF123
 984 05d5 06       		.byte	0x6
 985 05d6 8402     		.2byte	0x284
 986 05d8 2F050000 		.4byte	0x52f
 987 05dc 24       		.byte	0x24
 988 05dd 0E       		.uleb128 0xe
 989 05de 05030000 		.4byte	.LASF124
 990 05e2 06       		.byte	0x6
 991 05e3 8502     		.2byte	0x285
 992 05e5 CE000000 		.4byte	0xce
 993 05e9 28       		.byte	0x28
 994 05ea 0E       		.uleb128 0xe
 995 05eb 7A060000 		.4byte	.LASF125
ARM GAS  C:\Users\bogurad\AppData\Local\Temp\ccZUqOTK.s 			page 20


 996 05ef 06       		.byte	0x6
 997 05f0 8602     		.2byte	0x286
 998 05f2 E0000000 		.4byte	0xe0
 999 05f6 2C       		.byte	0x2c
 1000 05f7 0E       		.uleb128 0xe
 1001 05f8 1C040000 		.4byte	.LASF126
 1002 05fc 06       		.byte	0x6
 1003 05fd 8B02     		.2byte	0x28b
 1004 05ff 42050000 		.4byte	0x542
 1005 0603 30       		.byte	0x30
 1006 0604 0E       		.uleb128 0xe
 1007 0605 DD080000 		.4byte	.LASF127
 1008 0609 06       		.byte	0x6
 1009 060a 8E02     		.2byte	0x28e
 1010 060c CE000000 		.4byte	0xce
 1011 0610 34       		.byte	0x34
 1012 0611 00       		.byte	0
 1013 0612 0C       		.uleb128 0xc
 1014 0613 F4080000 		.4byte	.LASF128
 1015 0617 06       		.byte	0x6
 1016 0618 9102     		.2byte	0x291
 1017 061a 4E050000 		.4byte	0x54e
 1018 061e 03       		.uleb128 0x3
 1019 061f 51020000 		.4byte	.LASF129
 1020 0623 07       		.byte	0x7
 1021 0624 3F       		.byte	0x3f
 1022 0625 CE000000 		.4byte	0xce
 1023 0629 03       		.uleb128 0x3
 1024 062a 2A010000 		.4byte	.LASF130
 1025 062e 08       		.byte	0x8
 1026 062f 2E       		.byte	0x2e
 1027 0630 2F050000 		.4byte	0x52f
 1028 0634 03       		.uleb128 0x3
 1029 0635 E5070000 		.4byte	.LASF131
 1030 0639 09       		.byte	0x9
 1031 063a 25       		.byte	0x25
 1032 063b 29060000 		.4byte	0x629
 1033 063f 09       		.uleb128 0x9
 1034 0640 04       		.byte	0x4
 1035 0641 3E000000 		.4byte	0x3e
 1036 0645 0F       		.uleb128 0xf
 1037 0646 01       		.byte	0x1
 1038 0647 3E000000 		.4byte	0x3e
 1039 064b 0C       		.byte	0xc
 1040 064c 0A       		.byte	0xa
 1041 064d 64060000 		.4byte	0x664
 1042 0651 10       		.uleb128 0x10
 1043 0652 A2010000 		.4byte	.LASF132
 1044 0656 02       		.byte	0x2
 1045 0657 10       		.uleb128 0x10
 1046 0658 92040000 		.4byte	.LASF133
 1047 065c 03       		.byte	0x3
 1048 065d 10       		.uleb128 0x10
 1049 065e 1A0A0000 		.4byte	.LASF134
 1050 0662 04       		.byte	0x4
 1051 0663 00       		.byte	0
 1052 0664 11       		.uleb128 0x11
ARM GAS  C:\Users\bogurad\AppData\Local\Temp\ccZUqOTK.s 			page 21


 1053 0665 7D020000 		.4byte	.LASF157
 1054 0669 01       		.byte	0x1
 1055 066a 1E       		.byte	0x1e
 1056 066b 00000000 		.4byte	.LFB485
 1057 066f E0000000 		.4byte	.LFE485-.LFB485
 1058 0673 01       		.uleb128 0x1
 1059 0674 9C       		.byte	0x9c
 1060 0675 2C080000 		.4byte	0x82c
 1061 0679 12       		.uleb128 0x12
 1062 067a 61726700 		.ascii	"arg\000"
 1063 067e 01       		.byte	0x1
 1064 067f 1E       		.byte	0x1e
 1065 0680 2F050000 		.4byte	0x52f
 1066 0684 00000000 		.4byte	.LLST0
 1067 0688 13       		.uleb128 0x13
 1068 0689 9A000000 		.4byte	.LASF135
 1069 068d 01       		.byte	0x1
 1070 068e 2D       		.byte	0x2d
 1071 068f 2C080000 		.4byte	0x82c
 1072 0693 21000000 		.4byte	.LLST1
 1073 0697 13       		.uleb128 0x13
 1074 0698 4D070000 		.4byte	.LASF136
 1075 069c 01       		.byte	0x1
 1076 069d 2E       		.byte	0x2e
 1077 069e 2C080000 		.4byte	0x82c
 1078 06a2 3F000000 		.4byte	.LLST2
 1079 06a6 13       		.uleb128 0x13
 1080 06a7 A3000000 		.4byte	.LASF137
 1081 06ab 01       		.byte	0x1
 1082 06ac 2F       		.byte	0x2f
 1083 06ad 2C080000 		.4byte	0x82c
 1084 06b1 5D000000 		.4byte	.LLST3
 1085 06b5 13       		.uleb128 0x13
 1086 06b6 6D020000 		.4byte	.LASF138
 1087 06ba 01       		.byte	0x1
 1088 06bb 30       		.byte	0x30
 1089 06bc 2C080000 		.4byte	0x82c
 1090 06c0 7B000000 		.4byte	.LLST4
 1091 06c4 14       		.uleb128 0x14
 1092 06c5 10000000 		.4byte	.LVL2
 1093 06c9 AE080000 		.4byte	0x8ae
 1094 06cd D8060000 		.4byte	0x6d8
 1095 06d1 15       		.uleb128 0x15
 1096 06d2 01       		.uleb128 0x1
 1097 06d3 51       		.byte	0x51
 1098 06d4 02       		.uleb128 0x2
 1099 06d5 09       		.byte	0x9
 1100 06d6 FF       		.byte	0xff
 1101 06d7 00       		.byte	0
 1102 06d8 14       		.uleb128 0x14
 1103 06d9 16000000 		.4byte	.LVL3
 1104 06dd BA080000 		.4byte	0x8ba
 1105 06e1 EF060000 		.4byte	0x6ef
 1106 06e5 15       		.uleb128 0x15
 1107 06e6 01       		.uleb128 0x1
 1108 06e7 50       		.byte	0x50
 1109 06e8 05       		.uleb128 0x5
ARM GAS  C:\Users\bogurad\AppData\Local\Temp\ccZUqOTK.s 			page 22


 1110 06e9 03       		.byte	0x3
 1111 06ea 00000000 		.4byte	.LC0
 1112 06ee 00       		.byte	0
 1113 06ef 14       		.uleb128 0x14
 1114 06f0 1C000000 		.4byte	.LVL4
 1115 06f4 C9080000 		.4byte	0x8c9
 1116 06f8 02070000 		.4byte	0x702
 1117 06fc 15       		.uleb128 0x15
 1118 06fd 01       		.uleb128 0x1
 1119 06fe 50       		.byte	0x50
 1120 06ff 01       		.uleb128 0x1
 1121 0700 34       		.byte	0x34
 1122 0701 00       		.byte	0
 1123 0702 14       		.uleb128 0x14
 1124 0703 24000000 		.4byte	.LVL5
 1125 0707 BA080000 		.4byte	0x8ba
 1126 070b 19070000 		.4byte	0x719
 1127 070f 15       		.uleb128 0x15
 1128 0710 01       		.uleb128 0x1
 1129 0711 50       		.byte	0x50
 1130 0712 05       		.uleb128 0x5
 1131 0713 03       		.byte	0x3
 1132 0714 24000000 		.4byte	.LC1
 1133 0718 00       		.byte	0
 1134 0719 16       		.uleb128 0x16
 1135 071a 28000000 		.4byte	.LVL6
 1136 071e D4080000 		.4byte	0x8d4
 1137 0722 16       		.uleb128 0x16
 1138 0723 2E000000 		.4byte	.LVL8
 1139 0727 DF080000 		.4byte	0x8df
 1140 072b 16       		.uleb128 0x16
 1141 072c 34000000 		.4byte	.LVL10
 1142 0730 EA080000 		.4byte	0x8ea
 1143 0734 16       		.uleb128 0x16
 1144 0735 3A000000 		.4byte	.LVL12
 1145 0739 F5080000 		.4byte	0x8f5
 1146 073d 14       		.uleb128 0x14
 1147 073e 44000000 		.4byte	.LVL15
 1148 0742 00090000 		.4byte	0x900
 1149 0746 56070000 		.4byte	0x756
 1150 074a 15       		.uleb128 0x15
 1151 074b 01       		.uleb128 0x1
 1152 074c 50       		.byte	0x50
 1153 074d 02       		.uleb128 0x2
 1154 074e 74       		.byte	0x74
 1155 074f 00       		.sleb128 0
 1156 0750 15       		.uleb128 0x15
 1157 0751 01       		.uleb128 0x1
 1158 0752 51       		.byte	0x51
 1159 0753 01       		.uleb128 0x1
 1160 0754 31       		.byte	0x31
 1161 0755 00       		.byte	0
 1162 0756 14       		.uleb128 0x14
 1163 0757 52000000 		.4byte	.LVL17
 1164 075b 00090000 		.4byte	0x900
 1165 075f 6F070000 		.4byte	0x76f
 1166 0763 15       		.uleb128 0x15
ARM GAS  C:\Users\bogurad\AppData\Local\Temp\ccZUqOTK.s 			page 23


 1167 0764 01       		.uleb128 0x1
 1168 0765 50       		.byte	0x50
 1169 0766 02       		.uleb128 0x2
 1170 0767 76       		.byte	0x76
 1171 0768 00       		.sleb128 0
 1172 0769 15       		.uleb128 0x15
 1173 076a 01       		.uleb128 0x1
 1174 076b 51       		.byte	0x51
 1175 076c 01       		.uleb128 0x1
 1176 076d 31       		.byte	0x31
 1177 076e 00       		.byte	0
 1178 076f 14       		.uleb128 0x14
 1179 0770 5E000000 		.4byte	.LVL19
 1180 0774 00090000 		.4byte	0x900
 1181 0778 88070000 		.4byte	0x788
 1182 077c 15       		.uleb128 0x15
 1183 077d 01       		.uleb128 0x1
 1184 077e 50       		.byte	0x50
 1185 077f 02       		.uleb128 0x2
 1186 0780 75       		.byte	0x75
 1187 0781 00       		.sleb128 0
 1188 0782 15       		.uleb128 0x15
 1189 0783 01       		.uleb128 0x1
 1190 0784 51       		.byte	0x51
 1191 0785 01       		.uleb128 0x1
 1192 0786 31       		.byte	0x31
 1193 0787 00       		.byte	0
 1194 0788 14       		.uleb128 0x14
 1195 0789 6A000000 		.4byte	.LVL21
 1196 078d 00090000 		.4byte	0x900
 1197 0791 A1070000 		.4byte	0x7a1
 1198 0795 15       		.uleb128 0x15
 1199 0796 01       		.uleb128 0x1
 1200 0797 50       		.byte	0x50
 1201 0798 02       		.uleb128 0x2
 1202 0799 78       		.byte	0x78
 1203 079a 00       		.sleb128 0
 1204 079b 15       		.uleb128 0x15
 1205 079c 01       		.uleb128 0x1
 1206 079d 51       		.byte	0x51
 1207 079e 01       		.uleb128 0x1
 1208 079f 31       		.byte	0x31
 1209 07a0 00       		.byte	0
 1210 07a1 14       		.uleb128 0x14
 1211 07a2 7A000000 		.4byte	.LVL22
 1212 07a6 BA080000 		.4byte	0x8ba
 1213 07aa B8070000 		.4byte	0x7b8
 1214 07ae 15       		.uleb128 0x15
 1215 07af 01       		.uleb128 0x1
 1216 07b0 50       		.byte	0x50
 1217 07b1 05       		.uleb128 0x5
 1218 07b2 03       		.byte	0x3
 1219 07b3 38000000 		.4byte	.LC2
 1220 07b7 00       		.byte	0
 1221 07b8 14       		.uleb128 0x14
 1222 07b9 82000000 		.4byte	.LVL23
 1223 07bd BA080000 		.4byte	0x8ba
ARM GAS  C:\Users\bogurad\AppData\Local\Temp\ccZUqOTK.s 			page 24


 1224 07c1 CF070000 		.4byte	0x7cf
 1225 07c5 15       		.uleb128 0x15
 1226 07c6 01       		.uleb128 0x1
 1227 07c7 50       		.byte	0x50
 1228 07c8 05       		.uleb128 0x5
 1229 07c9 03       		.byte	0x3
 1230 07ca 54000000 		.4byte	.LC3
 1231 07ce 00       		.byte	0
 1232 07cf 16       		.uleb128 0x16
 1233 07d0 8C000000 		.4byte	.LVL24
 1234 07d4 0B090000 		.4byte	0x90b
 1235 07d8 14       		.uleb128 0x14
 1236 07d9 94000000 		.4byte	.LVL25
 1237 07dd BA080000 		.4byte	0x8ba
 1238 07e1 EF070000 		.4byte	0x7ef
 1239 07e5 15       		.uleb128 0x15
 1240 07e6 01       		.uleb128 0x1
 1241 07e7 50       		.byte	0x50
 1242 07e8 05       		.uleb128 0x5
 1243 07e9 03       		.byte	0x3
 1244 07ea 70000000 		.4byte	.LC4
 1245 07ee 00       		.byte	0
 1246 07ef 16       		.uleb128 0x16
 1247 07f0 A0000000 		.4byte	.LVL26
 1248 07f4 16090000 		.4byte	0x916
 1249 07f8 14       		.uleb128 0x14
 1250 07f9 A8000000 		.4byte	.LVL27
 1251 07fd BA080000 		.4byte	0x8ba
 1252 0801 0F080000 		.4byte	0x80f
 1253 0805 15       		.uleb128 0x15
 1254 0806 01       		.uleb128 0x1
 1255 0807 50       		.byte	0x50
 1256 0808 05       		.uleb128 0x5
 1257 0809 03       		.byte	0x3
 1258 080a 8C000000 		.4byte	.LC5
 1259 080e 00       		.byte	0
 1260 080f 16       		.uleb128 0x16
 1261 0810 B4000000 		.4byte	.LVL28
 1262 0814 21090000 		.4byte	0x921
 1263 0818 17       		.uleb128 0x17
 1264 0819 BC000000 		.4byte	.LVL29
 1265 081d BA080000 		.4byte	0x8ba
 1266 0821 15       		.uleb128 0x15
 1267 0822 01       		.uleb128 0x1
 1268 0823 50       		.byte	0x50
 1269 0824 05       		.uleb128 0x5
 1270 0825 03       		.byte	0x3
 1271 0826 8C000000 		.4byte	.LC5
 1272 082a 00       		.byte	0
 1273 082b 00       		.byte	0
 1274 082c 18       		.uleb128 0x18
 1275 082d E5000000 		.4byte	0xe5
 1276 0831 19       		.uleb128 0x19
 1277 0832 38010000 		.4byte	.LASF139
 1278 0836 0A       		.byte	0xa
 1279 0837 F907     		.2byte	0x7f9
 1280 0839 3D080000 		.4byte	0x83d
ARM GAS  C:\Users\bogurad\AppData\Local\Temp\ccZUqOTK.s 			page 25


 1281 083d 05       		.uleb128 0x5
 1282 083e C3000000 		.4byte	0xc3
 1283 0842 1A       		.uleb128 0x1a
 1284 0843 4E060000 		.4byte	.LASF140
 1285 0847 05       		.byte	0x5
 1286 0848 A7       		.byte	0xa7
 1287 0849 4D080000 		.4byte	0x84d
 1288 084d 09       		.uleb128 0x9
 1289 084e 04       		.byte	0x4
 1290 084f 53080000 		.4byte	0x853
 1291 0853 18       		.uleb128 0x18
 1292 0854 08050000 		.4byte	0x508
 1293 0858 1A       		.uleb128 0x1a
 1294 0859 B6030000 		.4byte	.LASF141
 1295 085d 0B       		.byte	0xb
 1296 085e 87       		.byte	0x87
 1297 085f 12060000 		.4byte	0x612
 1298 0863 1B       		.uleb128 0x1b
 1299 0864 736B00   		.ascii	"sk\000"
 1300 0867 01       		.byte	0x1
 1301 0868 15       		.byte	0x15
 1302 0869 3F060000 		.4byte	0x63f
 1303 086d 05       		.uleb128 0x5
 1304 086e 03       		.byte	0x3
 1305 086f 00000000 		.4byte	sk
 1306 0873 1B       		.uleb128 0x1b
 1307 0874 706B00   		.ascii	"pk\000"
 1308 0877 01       		.byte	0x1
 1309 0878 16       		.byte	0x16
 1310 0879 3F060000 		.4byte	0x63f
 1311 087d 05       		.uleb128 0x5
 1312 087e 03       		.byte	0x3
 1313 087f 00000000 		.4byte	pk
 1314 0883 1B       		.uleb128 0x1b
 1315 0884 637400   		.ascii	"ct\000"
 1316 0887 01       		.byte	0x1
 1317 0888 17       		.byte	0x17
 1318 0889 3F060000 		.4byte	0x63f
 1319 088d 05       		.uleb128 0x5
 1320 088e 03       		.byte	0x3
 1321 088f 00000000 		.4byte	ct
 1322 0893 1B       		.uleb128 0x1b
 1323 0894 737300   		.ascii	"ss\000"
 1324 0897 01       		.byte	0x1
 1325 0898 18       		.byte	0x18
 1326 0899 3F060000 		.4byte	0x63f
 1327 089d 05       		.uleb128 0x5
 1328 089e 03       		.byte	0x3
 1329 089f 00000000 		.4byte	ss
 1330 08a3 1A       		.uleb128 0x1a
 1331 08a4 DC000000 		.4byte	.LASF142
 1332 08a8 01       		.byte	0x1
 1333 08a9 1B       		.byte	0x1b
 1334 08aa 34060000 		.4byte	0x634
 1335 08ae 1C       		.uleb128 0x1c
 1336 08af CE030000 		.4byte	.LASF143
 1337 08b3 CE030000 		.4byte	.LASF143
ARM GAS  C:\Users\bogurad\AppData\Local\Temp\ccZUqOTK.s 			page 26


 1338 08b7 08       		.byte	0x8
 1339 08b8 8805     		.2byte	0x588
 1340 08ba 1D       		.uleb128 0x1d
 1341 08bb C9040000 		.4byte	.LASF158
 1342 08bf 39020000 		.4byte	.LASF159
 1343 08c3 0E       		.byte	0xe
 1344 08c4 00       		.byte	0
 1345 08c5 C9040000 		.4byte	.LASF158
 1346 08c9 1E       		.uleb128 0x1e
 1347 08ca 09010000 		.4byte	.LASF144
 1348 08ce 09010000 		.4byte	.LASF144
 1349 08d2 0C       		.byte	0xc
 1350 08d3 15       		.byte	0x15
 1351 08d4 1E       		.uleb128 0x1e
 1352 08d5 B2080000 		.4byte	.LASF145
 1353 08d9 B2080000 		.4byte	.LASF145
 1354 08dd 0C       		.byte	0xc
 1355 08de 17       		.byte	0x17
 1356 08df 1E       		.uleb128 0x1e
 1357 08e0 2E090000 		.4byte	.LASF146
 1358 08e4 2E090000 		.4byte	.LASF146
 1359 08e8 0C       		.byte	0xc
 1360 08e9 16       		.byte	0x16
 1361 08ea 1E       		.uleb128 0x1e
 1362 08eb 7D030000 		.4byte	.LASF147
 1363 08ef 7D030000 		.4byte	.LASF147
 1364 08f3 0C       		.byte	0xc
 1365 08f4 18       		.byte	0x18
 1366 08f5 1E       		.uleb128 0x1e
 1367 08f6 B5010000 		.4byte	.LASF148
 1368 08fa B5010000 		.4byte	.LASF148
 1369 08fe 0C       		.byte	0xc
 1370 08ff 19       		.byte	0x19
 1371 0900 1E       		.uleb128 0x1e
 1372 0901 74070000 		.4byte	.LASF149
 1373 0905 74070000 		.4byte	.LASF149
 1374 0909 0D       		.byte	0xd
 1375 090a 56       		.byte	0x56
 1376 090b 1E       		.uleb128 0x1e
 1377 090c 6E040000 		.4byte	.LASF150
 1378 0910 6E040000 		.4byte	.LASF150
 1379 0914 0C       		.byte	0xc
 1380 0915 1A       		.byte	0x1a
 1381 0916 1E       		.uleb128 0x1e
 1382 0917 89070000 		.4byte	.LASF151
 1383 091b 89070000 		.4byte	.LASF151
 1384 091f 0C       		.byte	0xc
 1385 0920 1B       		.byte	0x1b
 1386 0921 1E       		.uleb128 0x1e
 1387 0922 60090000 		.4byte	.LASF152
 1388 0926 60090000 		.4byte	.LASF152
 1389 092a 0C       		.byte	0xc
 1390 092b 1C       		.byte	0x1c
 1391 092c 00       		.byte	0
 1392              		.section	.debug_abbrev,"",%progbits
 1393              	.Ldebug_abbrev0:
 1394 0000 01       		.uleb128 0x1
ARM GAS  C:\Users\bogurad\AppData\Local\Temp\ccZUqOTK.s 			page 27


 1395 0001 11       		.uleb128 0x11
 1396 0002 01       		.byte	0x1
 1397 0003 25       		.uleb128 0x25
 1398 0004 0E       		.uleb128 0xe
 1399 0005 13       		.uleb128 0x13
 1400 0006 0B       		.uleb128 0xb
 1401 0007 03       		.uleb128 0x3
 1402 0008 0E       		.uleb128 0xe
 1403 0009 1B       		.uleb128 0x1b
 1404 000a 0E       		.uleb128 0xe
 1405 000b 55       		.uleb128 0x55
 1406 000c 17       		.uleb128 0x17
 1407 000d 11       		.uleb128 0x11
 1408 000e 01       		.uleb128 0x1
 1409 000f 10       		.uleb128 0x10
 1410 0010 17       		.uleb128 0x17
 1411 0011 00       		.byte	0
 1412 0012 00       		.byte	0
 1413 0013 02       		.uleb128 0x2
 1414 0014 24       		.uleb128 0x24
 1415 0015 00       		.byte	0
 1416 0016 0B       		.uleb128 0xb
 1417 0017 0B       		.uleb128 0xb
 1418 0018 3E       		.uleb128 0x3e
 1419 0019 0B       		.uleb128 0xb
 1420 001a 03       		.uleb128 0x3
 1421 001b 0E       		.uleb128 0xe
 1422 001c 00       		.byte	0
 1423 001d 00       		.byte	0
 1424 001e 03       		.uleb128 0x3
 1425 001f 16       		.uleb128 0x16
 1426 0020 00       		.byte	0
 1427 0021 03       		.uleb128 0x3
 1428 0022 0E       		.uleb128 0xe
 1429 0023 3A       		.uleb128 0x3a
 1430 0024 0B       		.uleb128 0xb
 1431 0025 3B       		.uleb128 0x3b
 1432 0026 0B       		.uleb128 0xb
 1433 0027 49       		.uleb128 0x49
 1434 0028 13       		.uleb128 0x13
 1435 0029 00       		.byte	0
 1436 002a 00       		.byte	0
 1437 002b 04       		.uleb128 0x4
 1438 002c 24       		.uleb128 0x24
 1439 002d 00       		.byte	0
 1440 002e 0B       		.uleb128 0xb
 1441 002f 0B       		.uleb128 0xb
 1442 0030 3E       		.uleb128 0x3e
 1443 0031 0B       		.uleb128 0xb
 1444 0032 03       		.uleb128 0x3
 1445 0033 08       		.uleb128 0x8
 1446 0034 00       		.byte	0
 1447 0035 00       		.byte	0
 1448 0036 05       		.uleb128 0x5
 1449 0037 35       		.uleb128 0x35
 1450 0038 00       		.byte	0
 1451 0039 49       		.uleb128 0x49
ARM GAS  C:\Users\bogurad\AppData\Local\Temp\ccZUqOTK.s 			page 28


 1452 003a 13       		.uleb128 0x13
 1453 003b 00       		.byte	0
 1454 003c 00       		.byte	0
 1455 003d 06       		.uleb128 0x6
 1456 003e 13       		.uleb128 0x13
 1457 003f 01       		.byte	0x1
 1458 0040 0B       		.uleb128 0xb
 1459 0041 0B       		.uleb128 0xb
 1460 0042 3A       		.uleb128 0x3a
 1461 0043 0B       		.uleb128 0xb
 1462 0044 3B       		.uleb128 0x3b
 1463 0045 0B       		.uleb128 0xb
 1464 0046 01       		.uleb128 0x1
 1465 0047 13       		.uleb128 0x13
 1466 0048 00       		.byte	0
 1467 0049 00       		.byte	0
 1468 004a 07       		.uleb128 0x7
 1469 004b 0D       		.uleb128 0xd
 1470 004c 00       		.byte	0
 1471 004d 03       		.uleb128 0x3
 1472 004e 0E       		.uleb128 0xe
 1473 004f 3A       		.uleb128 0x3a
 1474 0050 0B       		.uleb128 0xb
 1475 0051 3B       		.uleb128 0x3b
 1476 0052 0B       		.uleb128 0xb
 1477 0053 49       		.uleb128 0x49
 1478 0054 13       		.uleb128 0x13
 1479 0055 38       		.uleb128 0x38
 1480 0056 0B       		.uleb128 0xb
 1481 0057 00       		.byte	0
 1482 0058 00       		.byte	0
 1483 0059 08       		.uleb128 0x8
 1484 005a 0F       		.uleb128 0xf
 1485 005b 00       		.byte	0
 1486 005c 0B       		.uleb128 0xb
 1487 005d 0B       		.uleb128 0xb
 1488 005e 00       		.byte	0
 1489 005f 00       		.byte	0
 1490 0060 09       		.uleb128 0x9
 1491 0061 0F       		.uleb128 0xf
 1492 0062 00       		.byte	0
 1493 0063 0B       		.uleb128 0xb
 1494 0064 0B       		.uleb128 0xb
 1495 0065 49       		.uleb128 0x49
 1496 0066 13       		.uleb128 0x13
 1497 0067 00       		.byte	0
 1498 0068 00       		.byte	0
 1499 0069 0A       		.uleb128 0xa
 1500 006a 15       		.uleb128 0x15
 1501 006b 01       		.byte	0x1
 1502 006c 27       		.uleb128 0x27
 1503 006d 19       		.uleb128 0x19
 1504 006e 01       		.uleb128 0x1
 1505 006f 13       		.uleb128 0x13
 1506 0070 00       		.byte	0
 1507 0071 00       		.byte	0
 1508 0072 0B       		.uleb128 0xb
ARM GAS  C:\Users\bogurad\AppData\Local\Temp\ccZUqOTK.s 			page 29


 1509 0073 05       		.uleb128 0x5
 1510 0074 00       		.byte	0
 1511 0075 49       		.uleb128 0x49
 1512 0076 13       		.uleb128 0x13
 1513 0077 00       		.byte	0
 1514 0078 00       		.byte	0
 1515 0079 0C       		.uleb128 0xc
 1516 007a 16       		.uleb128 0x16
 1517 007b 00       		.byte	0
 1518 007c 03       		.uleb128 0x3
 1519 007d 0E       		.uleb128 0xe
 1520 007e 3A       		.uleb128 0x3a
 1521 007f 0B       		.uleb128 0xb
 1522 0080 3B       		.uleb128 0x3b
 1523 0081 05       		.uleb128 0x5
 1524 0082 49       		.uleb128 0x49
 1525 0083 13       		.uleb128 0x13
 1526 0084 00       		.byte	0
 1527 0085 00       		.byte	0
 1528 0086 0D       		.uleb128 0xd
 1529 0087 13       		.uleb128 0x13
 1530 0088 01       		.byte	0x1
 1531 0089 03       		.uleb128 0x3
 1532 008a 0E       		.uleb128 0xe
 1533 008b 0B       		.uleb128 0xb
 1534 008c 0B       		.uleb128 0xb
 1535 008d 3A       		.uleb128 0x3a
 1536 008e 0B       		.uleb128 0xb
 1537 008f 3B       		.uleb128 0x3b
 1538 0090 05       		.uleb128 0x5
 1539 0091 01       		.uleb128 0x1
 1540 0092 13       		.uleb128 0x13
 1541 0093 00       		.byte	0
 1542 0094 00       		.byte	0
 1543 0095 0E       		.uleb128 0xe
 1544 0096 0D       		.uleb128 0xd
 1545 0097 00       		.byte	0
 1546 0098 03       		.uleb128 0x3
 1547 0099 0E       		.uleb128 0xe
 1548 009a 3A       		.uleb128 0x3a
 1549 009b 0B       		.uleb128 0xb
 1550 009c 3B       		.uleb128 0x3b
 1551 009d 05       		.uleb128 0x5
 1552 009e 49       		.uleb128 0x49
 1553 009f 13       		.uleb128 0x13
 1554 00a0 38       		.uleb128 0x38
 1555 00a1 0B       		.uleb128 0xb
 1556 00a2 00       		.byte	0
 1557 00a3 00       		.byte	0
 1558 00a4 0F       		.uleb128 0xf
 1559 00a5 04       		.uleb128 0x4
 1560 00a6 01       		.byte	0x1
 1561 00a7 0B       		.uleb128 0xb
 1562 00a8 0B       		.uleb128 0xb
 1563 00a9 49       		.uleb128 0x49
 1564 00aa 13       		.uleb128 0x13
 1565 00ab 3A       		.uleb128 0x3a
ARM GAS  C:\Users\bogurad\AppData\Local\Temp\ccZUqOTK.s 			page 30


 1566 00ac 0B       		.uleb128 0xb
 1567 00ad 3B       		.uleb128 0x3b
 1568 00ae 0B       		.uleb128 0xb
 1569 00af 01       		.uleb128 0x1
 1570 00b0 13       		.uleb128 0x13
 1571 00b1 00       		.byte	0
 1572 00b2 00       		.byte	0
 1573 00b3 10       		.uleb128 0x10
 1574 00b4 28       		.uleb128 0x28
 1575 00b5 00       		.byte	0
 1576 00b6 03       		.uleb128 0x3
 1577 00b7 0E       		.uleb128 0xe
 1578 00b8 1C       		.uleb128 0x1c
 1579 00b9 0B       		.uleb128 0xb
 1580 00ba 00       		.byte	0
 1581 00bb 00       		.byte	0
 1582 00bc 11       		.uleb128 0x11
 1583 00bd 2E       		.uleb128 0x2e
 1584 00be 01       		.byte	0x1
 1585 00bf 3F       		.uleb128 0x3f
 1586 00c0 19       		.uleb128 0x19
 1587 00c1 03       		.uleb128 0x3
 1588 00c2 0E       		.uleb128 0xe
 1589 00c3 3A       		.uleb128 0x3a
 1590 00c4 0B       		.uleb128 0xb
 1591 00c5 3B       		.uleb128 0x3b
 1592 00c6 0B       		.uleb128 0xb
 1593 00c7 27       		.uleb128 0x27
 1594 00c8 19       		.uleb128 0x19
 1595 00c9 8701     		.uleb128 0x87
 1596 00cb 19       		.uleb128 0x19
 1597 00cc 11       		.uleb128 0x11
 1598 00cd 01       		.uleb128 0x1
 1599 00ce 12       		.uleb128 0x12
 1600 00cf 06       		.uleb128 0x6
 1601 00d0 40       		.uleb128 0x40
 1602 00d1 18       		.uleb128 0x18
 1603 00d2 9742     		.uleb128 0x2117
 1604 00d4 19       		.uleb128 0x19
 1605 00d5 01       		.uleb128 0x1
 1606 00d6 13       		.uleb128 0x13
 1607 00d7 00       		.byte	0
 1608 00d8 00       		.byte	0
 1609 00d9 12       		.uleb128 0x12
 1610 00da 05       		.uleb128 0x5
 1611 00db 00       		.byte	0
 1612 00dc 03       		.uleb128 0x3
 1613 00dd 08       		.uleb128 0x8
 1614 00de 3A       		.uleb128 0x3a
 1615 00df 0B       		.uleb128 0xb
 1616 00e0 3B       		.uleb128 0x3b
 1617 00e1 0B       		.uleb128 0xb
 1618 00e2 49       		.uleb128 0x49
 1619 00e3 13       		.uleb128 0x13
 1620 00e4 02       		.uleb128 0x2
 1621 00e5 17       		.uleb128 0x17
 1622 00e6 00       		.byte	0
ARM GAS  C:\Users\bogurad\AppData\Local\Temp\ccZUqOTK.s 			page 31


 1623 00e7 00       		.byte	0
 1624 00e8 13       		.uleb128 0x13
 1625 00e9 34       		.uleb128 0x34
 1626 00ea 00       		.byte	0
 1627 00eb 03       		.uleb128 0x3
 1628 00ec 0E       		.uleb128 0xe
 1629 00ed 3A       		.uleb128 0x3a
 1630 00ee 0B       		.uleb128 0xb
 1631 00ef 3B       		.uleb128 0x3b
 1632 00f0 0B       		.uleb128 0xb
 1633 00f1 49       		.uleb128 0x49
 1634 00f2 13       		.uleb128 0x13
 1635 00f3 02       		.uleb128 0x2
 1636 00f4 17       		.uleb128 0x17
 1637 00f5 00       		.byte	0
 1638 00f6 00       		.byte	0
 1639 00f7 14       		.uleb128 0x14
 1640 00f8 898201   		.uleb128 0x4109
 1641 00fb 01       		.byte	0x1
 1642 00fc 11       		.uleb128 0x11
 1643 00fd 01       		.uleb128 0x1
 1644 00fe 31       		.uleb128 0x31
 1645 00ff 13       		.uleb128 0x13
 1646 0100 01       		.uleb128 0x1
 1647 0101 13       		.uleb128 0x13
 1648 0102 00       		.byte	0
 1649 0103 00       		.byte	0
 1650 0104 15       		.uleb128 0x15
 1651 0105 8A8201   		.uleb128 0x410a
 1652 0108 00       		.byte	0
 1653 0109 02       		.uleb128 0x2
 1654 010a 18       		.uleb128 0x18
 1655 010b 9142     		.uleb128 0x2111
 1656 010d 18       		.uleb128 0x18
 1657 010e 00       		.byte	0
 1658 010f 00       		.byte	0
 1659 0110 16       		.uleb128 0x16
 1660 0111 898201   		.uleb128 0x4109
 1661 0114 00       		.byte	0
 1662 0115 11       		.uleb128 0x11
 1663 0116 01       		.uleb128 0x1
 1664 0117 31       		.uleb128 0x31
 1665 0118 13       		.uleb128 0x13
 1666 0119 00       		.byte	0
 1667 011a 00       		.byte	0
 1668 011b 17       		.uleb128 0x17
 1669 011c 898201   		.uleb128 0x4109
 1670 011f 01       		.byte	0x1
 1671 0120 11       		.uleb128 0x11
 1672 0121 01       		.uleb128 0x1
 1673 0122 31       		.uleb128 0x31
 1674 0123 13       		.uleb128 0x13
 1675 0124 00       		.byte	0
 1676 0125 00       		.byte	0
 1677 0126 18       		.uleb128 0x18
 1678 0127 26       		.uleb128 0x26
 1679 0128 00       		.byte	0
ARM GAS  C:\Users\bogurad\AppData\Local\Temp\ccZUqOTK.s 			page 32


 1680 0129 49       		.uleb128 0x49
 1681 012a 13       		.uleb128 0x13
 1682 012b 00       		.byte	0
 1683 012c 00       		.byte	0
 1684 012d 19       		.uleb128 0x19
 1685 012e 34       		.uleb128 0x34
 1686 012f 00       		.byte	0
 1687 0130 03       		.uleb128 0x3
 1688 0131 0E       		.uleb128 0xe
 1689 0132 3A       		.uleb128 0x3a
 1690 0133 0B       		.uleb128 0xb
 1691 0134 3B       		.uleb128 0x3b
 1692 0135 05       		.uleb128 0x5
 1693 0136 49       		.uleb128 0x49
 1694 0137 13       		.uleb128 0x13
 1695 0138 3F       		.uleb128 0x3f
 1696 0139 19       		.uleb128 0x19
 1697 013a 3C       		.uleb128 0x3c
 1698 013b 19       		.uleb128 0x19
 1699 013c 00       		.byte	0
 1700 013d 00       		.byte	0
 1701 013e 1A       		.uleb128 0x1a
 1702 013f 34       		.uleb128 0x34
 1703 0140 00       		.byte	0
 1704 0141 03       		.uleb128 0x3
 1705 0142 0E       		.uleb128 0xe
 1706 0143 3A       		.uleb128 0x3a
 1707 0144 0B       		.uleb128 0xb
 1708 0145 3B       		.uleb128 0x3b
 1709 0146 0B       		.uleb128 0xb
 1710 0147 49       		.uleb128 0x49
 1711 0148 13       		.uleb128 0x13
 1712 0149 3F       		.uleb128 0x3f
 1713 014a 19       		.uleb128 0x19
 1714 014b 3C       		.uleb128 0x3c
 1715 014c 19       		.uleb128 0x19
 1716 014d 00       		.byte	0
 1717 014e 00       		.byte	0
 1718 014f 1B       		.uleb128 0x1b
 1719 0150 34       		.uleb128 0x34
 1720 0151 00       		.byte	0
 1721 0152 03       		.uleb128 0x3
 1722 0153 08       		.uleb128 0x8
 1723 0154 3A       		.uleb128 0x3a
 1724 0155 0B       		.uleb128 0xb
 1725 0156 3B       		.uleb128 0x3b
 1726 0157 0B       		.uleb128 0xb
 1727 0158 49       		.uleb128 0x49
 1728 0159 13       		.uleb128 0x13
 1729 015a 3F       		.uleb128 0x3f
 1730 015b 19       		.uleb128 0x19
 1731 015c 02       		.uleb128 0x2
 1732 015d 18       		.uleb128 0x18
 1733 015e 00       		.byte	0
 1734 015f 00       		.byte	0
 1735 0160 1C       		.uleb128 0x1c
 1736 0161 2E       		.uleb128 0x2e
ARM GAS  C:\Users\bogurad\AppData\Local\Temp\ccZUqOTK.s 			page 33


 1737 0162 00       		.byte	0
 1738 0163 3F       		.uleb128 0x3f
 1739 0164 19       		.uleb128 0x19
 1740 0165 3C       		.uleb128 0x3c
 1741 0166 19       		.uleb128 0x19
 1742 0167 6E       		.uleb128 0x6e
 1743 0168 0E       		.uleb128 0xe
 1744 0169 03       		.uleb128 0x3
 1745 016a 0E       		.uleb128 0xe
 1746 016b 3A       		.uleb128 0x3a
 1747 016c 0B       		.uleb128 0xb
 1748 016d 3B       		.uleb128 0x3b
 1749 016e 05       		.uleb128 0x5
 1750 016f 00       		.byte	0
 1751 0170 00       		.byte	0
 1752 0171 1D       		.uleb128 0x1d
 1753 0172 2E       		.uleb128 0x2e
 1754 0173 00       		.byte	0
 1755 0174 3F       		.uleb128 0x3f
 1756 0175 19       		.uleb128 0x19
 1757 0176 3C       		.uleb128 0x3c
 1758 0177 19       		.uleb128 0x19
 1759 0178 6E       		.uleb128 0x6e
 1760 0179 0E       		.uleb128 0xe
 1761 017a 03       		.uleb128 0x3
 1762 017b 0E       		.uleb128 0xe
 1763 017c 3A       		.uleb128 0x3a
 1764 017d 0B       		.uleb128 0xb
 1765 017e 3B       		.uleb128 0x3b
 1766 017f 0B       		.uleb128 0xb
 1767 0180 6E       		.uleb128 0x6e
 1768 0181 0E       		.uleb128 0xe
 1769 0182 00       		.byte	0
 1770 0183 00       		.byte	0
 1771 0184 1E       		.uleb128 0x1e
 1772 0185 2E       		.uleb128 0x2e
 1773 0186 00       		.byte	0
 1774 0187 3F       		.uleb128 0x3f
 1775 0188 19       		.uleb128 0x19
 1776 0189 3C       		.uleb128 0x3c
 1777 018a 19       		.uleb128 0x19
 1778 018b 6E       		.uleb128 0x6e
 1779 018c 0E       		.uleb128 0xe
 1780 018d 03       		.uleb128 0x3
 1781 018e 0E       		.uleb128 0xe
 1782 018f 3A       		.uleb128 0x3a
 1783 0190 0B       		.uleb128 0xb
 1784 0191 3B       		.uleb128 0x3b
 1785 0192 0B       		.uleb128 0xb
 1786 0193 00       		.byte	0
 1787 0194 00       		.byte	0
 1788 0195 00       		.byte	0
 1789              		.section	.debug_loc,"",%progbits
 1790              	.Ldebug_loc0:
 1791              	.LLST0:
 1792 0000 00000000 		.4byte	.LVL0
 1793 0004 0C000000 		.4byte	.LVL1
ARM GAS  C:\Users\bogurad\AppData\Local\Temp\ccZUqOTK.s 			page 34


 1794 0008 0100     		.2byte	0x1
 1795 000a 50       		.byte	0x50
 1796 000b 0C000000 		.4byte	.LVL1
 1797 000f E0000000 		.4byte	.LFE485
 1798 0013 0400     		.2byte	0x4
 1799 0015 F3       		.byte	0xf3
 1800 0016 01       		.uleb128 0x1
 1801 0017 50       		.byte	0x50
 1802 0018 9F       		.byte	0x9f
 1803 0019 00000000 		.4byte	0
 1804 001d 00000000 		.4byte	0
 1805              	.LLST1:
 1806 0021 2A000000 		.4byte	.LVL7
 1807 0025 2D000000 		.4byte	.LVL8-1
 1808 0029 0100     		.2byte	0x1
 1809 002b 50       		.byte	0x50
 1810 002c 2D000000 		.4byte	.LVL8-1
 1811 0030 48000000 		.4byte	.LVL16
 1812 0034 0100     		.2byte	0x1
 1813 0036 54       		.byte	0x54
 1814 0037 00000000 		.4byte	0
 1815 003b 00000000 		.4byte	0
 1816              	.LLST2:
 1817 003f 30000000 		.4byte	.LVL9
 1818 0043 33000000 		.4byte	.LVL10-1
 1819 0047 0100     		.2byte	0x1
 1820 0049 50       		.byte	0x50
 1821 004a 33000000 		.4byte	.LVL10-1
 1822 004e 54000000 		.4byte	.LVL18
 1823 0052 0100     		.2byte	0x1
 1824 0054 56       		.byte	0x56
 1825 0055 00000000 		.4byte	0
 1826 0059 00000000 		.4byte	0
 1827              	.LLST3:
 1828 005d 36000000 		.4byte	.LVL11
 1829 0061 39000000 		.4byte	.LVL12-1
 1830 0065 0100     		.2byte	0x1
 1831 0067 50       		.byte	0x50
 1832 0068 39000000 		.4byte	.LVL12-1
 1833 006c 60000000 		.4byte	.LVL20
 1834 0070 0100     		.2byte	0x1
 1835 0072 55       		.byte	0x55
 1836 0073 00000000 		.4byte	0
 1837 0077 00000000 		.4byte	0
 1838              	.LLST4:
 1839 007b 3C000000 		.4byte	.LVL13
 1840 007f 40000000 		.4byte	.LVL14
 1841 0083 0100     		.2byte	0x1
 1842 0085 50       		.byte	0x50
 1843 0086 40000000 		.4byte	.LVL14
 1844 008a E0000000 		.4byte	.LFE485
 1845 008e 0100     		.2byte	0x1
 1846 0090 58       		.byte	0x58
 1847 0091 00000000 		.4byte	0
 1848 0095 00000000 		.4byte	0
 1849              		.section	.debug_aranges,"",%progbits
 1850 0000 1C000000 		.4byte	0x1c
ARM GAS  C:\Users\bogurad\AppData\Local\Temp\ccZUqOTK.s 			page 35


 1851 0004 0200     		.2byte	0x2
 1852 0006 00000000 		.4byte	.Ldebug_info0
 1853 000a 04       		.byte	0x4
 1854 000b 00       		.byte	0
 1855 000c 0000     		.2byte	0
 1856 000e 0000     		.2byte	0
 1857 0010 00000000 		.4byte	.LFB485
 1858 0014 E0000000 		.4byte	.LFE485-.LFB485
 1859 0018 00000000 		.4byte	0
 1860 001c 00000000 		.4byte	0
 1861              		.section	.debug_ranges,"",%progbits
 1862              	.Ldebug_ranges0:
 1863 0000 00000000 		.4byte	.LFB485
 1864 0004 E0000000 		.4byte	.LFE485
 1865 0008 00000000 		.4byte	0
 1866 000c 00000000 		.4byte	0
 1867              		.section	.debug_line,"",%progbits
 1868              	.Ldebug_line0:
 1869 0000 11040000 		.section	.debug_str,"MS",%progbits,1
 1869      0200C503 
 1869      00000201 
 1869      FB0E0D00 
 1869      01010101 
 1870              	.LASF57:
 1871 0000 70726F74 		.ascii	"protBusMasterMask\000"
 1871      4275734D 
 1871      61737465 
 1871      724D6173 
 1871      6B00
 1872              	.LASF121:
 1873 0012 72784275 		.ascii	"rxBufSize\000"
 1873      6653697A 
 1873      6500
 1874              	.LASF67:
 1875 001c 666C6173 		.ascii	"flashCtlMainWs3Freq\000"
 1875      6843746C 
 1875      4D61696E 
 1875      57733346 
 1875      72657100 
 1876              	.LASF89:
 1877 0030 6770696F 		.ascii	"gpioPrtCfgInOffset\000"
 1877      50727443 
 1877      6667496E 
 1877      4F666673 
 1877      657400
 1878              	.LASF20:
 1879 0043 73697A65 		.ascii	"size_t\000"
 1879      5F7400
 1880              	.LASF33:
 1881 004a 63727970 		.ascii	"cryptoVersion\000"
 1881      746F5665 
 1881      7273696F 
 1881      6E00
 1882              	.LASF51:
 1883 0058 70657269 		.ascii	"periClockNr\000"
 1883      436C6F63 
 1883      6B4E7200 
ARM GAS  C:\Users\bogurad\AppData\Local\Temp\ccZUqOTK.s 			page 36


 1884              	.LASF29:
 1885 0064 70617373 		.ascii	"passBase\000"
 1885      42617365 
 1885      00
 1886              	.LASF42:
 1887 006d 63707573 		.ascii	"cpussIpcIrqNr\000"
 1887      73497063 
 1887      4972714E 
 1887      7200
 1888              	.LASF3:
 1889 007b 5F5F7569 		.ascii	"__uint8_t\000"
 1889      6E74385F 
 1889      7400
 1890              	.LASF86:
 1891 0085 70657269 		.ascii	"periDiv24_5CtlOffset\000"
 1891      44697632 
 1891      345F3543 
 1891      746C4F66 
 1891      66736574 
 1892              	.LASF135:
 1893 009a 42595445 		.ascii	"BYTES_SK\000"
 1893      535F534B 
 1893      00
 1894              	.LASF137:
 1895 00a3 42595445 		.ascii	"BYTES_CT\000"
 1895      535F4354 
 1895      00
 1896              	.LASF22:
 1897 00ac 63707573 		.ascii	"cpussBase\000"
 1897      73426173 
 1897      6500
 1898              	.LASF71:
 1899 00b6 64774368 		.ascii	"dwChCtlPrioPos\000"
 1899      43746C50 
 1899      72696F50 
 1899      6F7300
 1900              	.LASF12:
 1901 00c5 6C6F6E67 		.ascii	"long long unsigned int\000"
 1901      206C6F6E 
 1901      6720756E 
 1901      7369676E 
 1901      65642069 
 1902              	.LASF142:
 1903 00dc 75617274 		.ascii	"uartReadySemaphore\000"
 1903      52656164 
 1903      7953656D 
 1903      6170686F 
 1903      726500
 1904              	.LASF75:
 1905 00ef 70657269 		.ascii	"periTrCmdOffset\000"
 1905      5472436D 
 1905      644F6666 
 1905      73657400 
 1906              	.LASF116:
 1907 00ff 72785269 		.ascii	"rxRingBuf\000"
 1907      6E674275 
 1907      6600
ARM GAS  C:\Users\bogurad\AppData\Local\Temp\ccZUqOTK.s 			page 37


 1908              	.LASF144:
 1909 0109 6B796265 		.ascii	"kyber_init\000"
 1909      725F696E 
 1909      697400
 1910              	.LASF99:
 1911 0114 63707573 		.ascii	"cpussSysTickCtlOffset\000"
 1911      73537973 
 1911      5469636B 
 1911      43746C4F 
 1911      66667365 
 1912              	.LASF130:
 1913 012a 51756575 		.ascii	"QueueHandle_t\000"
 1913      6548616E 
 1913      646C655F 
 1913      7400
 1914              	.LASF139:
 1915 0138 49544D5F 		.ascii	"ITM_RxBuffer\000"
 1915      52784275 
 1915      66666572 
 1915      00
 1916              	.LASF60:
 1917 0145 666C6173 		.ascii	"flashPipeRequired\000"
 1917      68506970 
 1917      65526571 
 1917      75697265 
 1917      6400
 1918              	.LASF64:
 1919 0157 666C6173 		.ascii	"flashCtlMainWs0Freq\000"
 1919      6843746C 
 1919      4D61696E 
 1919      57733046 
 1919      72657100 
 1920              	.LASF15:
 1921 016b 696E7431 		.ascii	"int16_t\000"
 1921      365F7400 
 1922              	.LASF11:
 1923 0173 6C6F6E67 		.ascii	"long long int\000"
 1923      206C6F6E 
 1923      6720696E 
 1923      7400
 1924              	.LASF1:
 1925 0181 7369676E 		.ascii	"signed char\000"
 1925      65642063 
 1925      68617200 
 1926              	.LASF80:
 1927 018d 70657269 		.ascii	"periDivCmdTypeSelPos\000"
 1927      44697643 
 1927      6D645479 
 1927      70655365 
 1927      6C506F73 
 1928              	.LASF132:
 1929 01a2 4B594245 		.ascii	"KYBER_SECURITY_512\000"
 1929      525F5345 
 1929      43555249 
 1929      54595F35 
 1929      313200
 1930              	.LASF148:
ARM GAS  C:\Users\bogurad\AppData\Local\Temp\ccZUqOTK.s 			page 38


 1931 01b5 6B796265 		.ascii	"kyber_get_shared_secret_size\000"
 1931      725F6765 
 1931      745F7368 
 1931      61726564 
 1931      5F736563 
 1932              	.LASF38:
 1933 01d2 69706356 		.ascii	"ipcVersion\000"
 1933      65727369 
 1933      6F6E00
 1934              	.LASF100:
 1935 01dd 63707573 		.ascii	"cpussCm0NmiCtlOffset\000"
 1935      73436D30 
 1935      4E6D6943 
 1935      746C4F66 
 1935      66736574 
 1936              	.LASF48:
 1937 01f2 73727373 		.ascii	"srssNumClkpath\000"
 1937      4E756D43 
 1937      6C6B7061 
 1937      746800
 1938              	.LASF27:
 1939 0201 6873696F 		.ascii	"hsiomBase\000"
 1939      6D426173 
 1939      6500
 1940              	.LASF8:
 1941 020b 6C6F6E67 		.ascii	"long int\000"
 1941      20696E74 
 1941      00
 1942              	.LASF93:
 1943 0214 63707573 		.ascii	"cpussCm4ClockCtlOffset\000"
 1943      73436D34 
 1943      436C6F63 
 1943      6B43746C 
 1943      4F666673 
 1944              	.LASF58:
 1945 022b 63727970 		.ascii	"cryptoMemSize\000"
 1945      746F4D65 
 1945      6D53697A 
 1945      6500
 1946              	.LASF159:
 1947 0239 5F5F6275 		.ascii	"__builtin_puts\000"
 1947      696C7469 
 1947      6E5F7075 
 1947      747300
 1948              	.LASF24:
 1949 0248 70657269 		.ascii	"periBase\000"
 1949      42617365 
 1949      00
 1950              	.LASF129:
 1951 0251 5469636B 		.ascii	"TickType_t\000"
 1951      54797065 
 1951      5F7400
 1952              	.LASF56:
 1953 025c 73797350 		.ascii	"sysPmSimoPresent\000"
 1953      6D53696D 
 1953      6F507265 
 1953      73656E74 
ARM GAS  C:\Users\bogurad\AppData\Local\Temp\ccZUqOTK.s 			page 39


 1953      00
 1954              	.LASF138:
 1955 026d 42595445 		.ascii	"BYTES_SS\000"
 1955      535F5353 
 1955      00
 1956              	.LASF111:
 1957 0276 646F7562 		.ascii	"double\000"
 1957      6C6500
 1958              	.LASF157:
 1959 027d 6D61696E 		.ascii	"mainTask\000"
 1959      5461736B 
 1959      00
 1960              	.LASF49:
 1961 0286 73727373 		.ascii	"srssNumPll\000"
 1961      4E756D50 
 1961      6C6C00
 1962              	.LASF83:
 1963 0291 70657269 		.ascii	"periDiv8CtlOffset\000"
 1963      44697638 
 1963      43746C4F 
 1963      66667365 
 1963      7400
 1964              	.LASF90:
 1965 02a3 6770696F 		.ascii	"gpioPrtCfgOutOffset\000"
 1965      50727443 
 1965      66674F75 
 1965      744F6666 
 1965      73657400 
 1966              	.LASF23:
 1967 02b7 666C6173 		.ascii	"flashcBase\000"
 1967      68634261 
 1967      736500
 1968              	.LASF9:
 1969 02c2 5F5F7569 		.ascii	"__uint32_t\000"
 1969      6E743332 
 1969      5F7400
 1970              	.LASF53:
 1971 02cd 70617373 		.ascii	"passSarChannels\000"
 1971      53617243 
 1971      68616E6E 
 1971      656C7300 
 1972              	.LASF4:
 1973 02dd 5F5F696E 		.ascii	"__int16_t\000"
 1973      7431365F 
 1973      7400
 1974              	.LASF122:
 1975 02e7 72784275 		.ascii	"rxBufIdx\000"
 1975      66496478 
 1975      00
 1976              	.LASF96:
 1977 02f0 63707573 		.ascii	"cpussCm4PwrCtlOffset\000"
 1977      73436D34 
 1977      50777243 
 1977      746C4F66 
 1977      66736574 
 1978              	.LASF124:
 1979 0305 74784275 		.ascii	"txBufSize\000"
ARM GAS  C:\Users\bogurad\AppData\Local\Temp\ccZUqOTK.s 			page 40


 1979      6653697A 
 1979      6500
 1980              	.LASF91:
 1981 030f 6770696F 		.ascii	"gpioPrtCfgSioOffset\000"
 1981      50727443 
 1981      66675369 
 1981      6F4F6666 
 1981      73657400 
 1982              	.LASF43:
 1983 0323 63707573 		.ascii	"cpussDwChNr\000"
 1983      73447743 
 1983      684E7200 
 1984              	.LASF13:
 1985 032f 756E7369 		.ascii	"unsigned int\000"
 1985      676E6564 
 1985      20696E74 
 1985      00
 1986              	.LASF16:
 1987 033c 75696E74 		.ascii	"uint16_t\000"
 1987      31365F74 
 1987      00
 1988              	.LASF76:
 1989 0345 70657269 		.ascii	"periTrCmdGrSelMsk\000"
 1989      5472436D 
 1989      64477253 
 1989      656C4D73 
 1989      6B00
 1990              	.LASF65:
 1991 0357 666C6173 		.ascii	"flashCtlMainWs1Freq\000"
 1991      6843746C 
 1991      4D61696E 
 1991      57733146 
 1991      72657100 
 1992              	.LASF10:
 1993 036b 6C6F6E67 		.ascii	"long unsigned int\000"
 1993      20756E73 
 1993      69676E65 
 1993      6420696E 
 1993      7400
 1994              	.LASF147:
 1995 037d 6B796265 		.ascii	"kyber_get_ciphertext_size\000"
 1995      725F6765 
 1995      745F6369 
 1995      70686572 
 1995      74657874 
 1996              	.LASF113:
 1997 0397 63795F63 		.ascii	"cy_cb_scb_uart_handle_events_t\000"
 1997      625F7363 
 1997      625F7561 
 1997      72745F68 
 1997      616E646C 
 1998              	.LASF141:
 1999 03b6 55415254 		.ascii	"UART_context\000"
 1999      5F636F6E 
 1999      74657874 
 1999      00
 2000              	.LASF41:
ARM GAS  C:\Users\bogurad\AppData\Local\Temp\ccZUqOTK.s 			page 41


 2001 03c3 63707573 		.ascii	"cpussIpcNr\000"
 2001      73497063 
 2001      4E7200
 2002              	.LASF143:
 2003 03ce 78517565 		.ascii	"xQueueSemaphoreTake\000"
 2003      75655365 
 2003      6D617068 
 2003      6F726554 
 2003      616B6500 
 2004              	.LASF28:
 2005 03e2 6770696F 		.ascii	"gpioBase\000"
 2005      42617365 
 2005      00
 2006              	.LASF66:
 2007 03eb 666C6173 		.ascii	"flashCtlMainWs2Freq\000"
 2007      6843746C 
 2007      4D61696E 
 2007      57733246 
 2007      72657100 
 2008              	.LASF77:
 2009 03ff 70657269 		.ascii	"periTrGrOffset\000"
 2009      54724772 
 2009      4F666673 
 2009      657400
 2010              	.LASF104:
 2011 040e 63707573 		.ascii	"cpussRam1Ctl0\000"
 2011      7352616D 
 2011      3143746C 
 2011      3000
 2012              	.LASF126:
 2013 041c 63624576 		.ascii	"cbEvents\000"
 2013      656E7473 
 2013      00
 2014              	.LASF78:
 2015 0425 70657269 		.ascii	"periTrGrSize\000"
 2015      54724772 
 2015      53697A65 
 2015      00
 2016              	.LASF36:
 2017 0432 6770696F 		.ascii	"gpioVersion\000"
 2017      56657273 
 2017      696F6E00 
 2018              	.LASF123:
 2019 043e 74784275 		.ascii	"txBuf\000"
 2019      6600
 2020              	.LASF108:
 2021 0444 63795F73 		.ascii	"cy_stc_device_t\000"
 2021      74635F64 
 2021      65766963 
 2021      655F7400 
 2022              	.LASF54:
 2023 0454 65704D6F 		.ascii	"epMonitorNr\000"
 2023      6E69746F 
 2023      724E7200 
 2024              	.LASF118:
 2025 0460 72785269 		.ascii	"rxRingBufHead\000"
 2025      6E674275 
ARM GAS  C:\Users\bogurad\AppData\Local\Temp\ccZUqOTK.s 			page 42


 2025      66486561 
 2025      6400
 2026              	.LASF150:
 2027 046e 6B796265 		.ascii	"kyber_keypair\000"
 2027      725F6B65 
 2027      79706169 
 2027      7200
 2028              	.LASF97:
 2029 047c 63707573 		.ascii	"cpussTrimRamCtlOffset\000"
 2029      73547269 
 2029      6D52616D 
 2029      43746C4F 
 2029      66667365 
 2030              	.LASF133:
 2031 0492 4B594245 		.ascii	"KYBER_SECURITY_768\000"
 2031      525F5345 
 2031      43555249 
 2031      54595F37 
 2031      363800
 2032              	.LASF92:
 2033 04a5 63707573 		.ascii	"cpussCm0ClockCtlOffset\000"
 2033      73436D30 
 2033      436C6F63 
 2033      6B43746C 
 2033      4F666673 
 2034              	.LASF32:
 2035 04bc 63707573 		.ascii	"cpussVersion\000"
 2035      73566572 
 2035      73696F6E 
 2035      00
 2036              	.LASF158:
 2037 04c9 70757473 		.ascii	"puts\000"
 2037      00
 2038              	.LASF39:
 2039 04ce 70657269 		.ascii	"periVersion\000"
 2039      56657273 
 2039      696F6E00 
 2040              	.LASF95:
 2041 04da 63707573 		.ascii	"cpussCm0StatusOffset\000"
 2041      73436D30 
 2041      53746174 
 2041      75734F66 
 2041      66736574 
 2042              	.LASF19:
 2043 04ef 73697A65 		.ascii	"sizetype\000"
 2043      74797065 
 2043      00
 2044              	.LASF69:
 2045 04f8 64774368 		.ascii	"dwChOffset\000"
 2045      4F666673 
 2045      657400
 2046              	.LASF44:
 2047 0503 63707573 		.ascii	"cpussFlashPaSize\000"
 2047      73466C61 
 2047      73685061 
 2047      53697A65 
 2047      00
ARM GAS  C:\Users\bogurad\AppData\Local\Temp\ccZUqOTK.s 			page 43


 2048              	.LASF82:
 2049 0514 70657269 		.ascii	"periDivCmdPaTypeSelPos\000"
 2049      44697643 
 2049      6D645061 
 2049      54797065 
 2049      53656C50 
 2050              	.LASF105:
 2051 052b 63707573 		.ascii	"cpussRam2Ctl0\000"
 2051      7352616D 
 2051      3243746C 
 2051      3000
 2052              	.LASF73:
 2053 0539 64775374 		.ascii	"dwStatusChIdxPos\000"
 2053      61747573 
 2053      43684964 
 2053      78506F73 
 2053      00
 2054              	.LASF55:
 2055 054a 75646250 		.ascii	"udbPresent\000"
 2055      72657365 
 2055      6E7400
 2056              	.LASF115:
 2057 0555 72785374 		.ascii	"rxStatus\000"
 2057      61747573 
 2057      00
 2058              	.LASF35:
 2059 055e 666C6173 		.ascii	"flashcVersion\000"
 2059      68635665 
 2059      7273696F 
 2059      6E00
 2060              	.LASF31:
 2061 056c 63727970 		.ascii	"cryptoBase\000"
 2061      746F4261 
 2061      736500
 2062              	.LASF52:
 2063 0577 736D6966 		.ascii	"smifDeviceNr\000"
 2063      44657669 
 2063      63654E72 
 2063      00
 2064              	.LASF153:
 2065 0584 474E5520 		.ascii	"GNU C11 5.4.1 20160609 (release) [ARM/embedded-5-br"
 2065      43313120 
 2065      352E342E 
 2065      31203230 
 2065      31363036 
 2066 05b7 616E6368 		.ascii	"anch revision 237715] -mcpu=cortex-m4 -mfloat-abi=s"
 2066      20726576 
 2066      6973696F 
 2066      6E203233 
 2066      37373135 
 2067 05ea 6F667466 		.ascii	"oftfp -mfpu=fpv4-sp-d16 -mthumb -g -Og -ffunction-s"
 2067      70202D6D 
 2067      6670753D 
 2067      66707634 
 2067      2D73702D 
 2068 061d 65637469 		.ascii	"ections -ffat-lto-objects\000"
 2068      6F6E7320 
ARM GAS  C:\Users\bogurad\AppData\Local\Temp\ccZUqOTK.s 			page 44


 2068      2D666661 
 2068      742D6C74 
 2068      6F2D6F62 
 2069              	.LASF110:
 2070 0637 666C6F61 		.ascii	"float\000"
 2070      7400
 2071              	.LASF74:
 2072 063d 64775374 		.ascii	"dwStatusChIdxMsk\000"
 2072      61747573 
 2072      43684964 
 2072      784D736B 
 2072      00
 2073              	.LASF140:
 2074 064e 63795F64 		.ascii	"cy_device\000"
 2074      65766963 
 2074      6500
 2075              	.LASF102:
 2076 0658 63707573 		.ascii	"cpussRomCtl\000"
 2076      73526F6D 
 2076      43746C00 
 2077              	.LASF72:
 2078 0664 64774368 		.ascii	"dwChCtlPreemptablePos\000"
 2078      43746C50 
 2078      7265656D 
 2078      70746162 
 2078      6C65506F 
 2079              	.LASF125:
 2080 067a 74784C65 		.ascii	"txLeftToTransmit\000"
 2080      6674546F 
 2080      5472616E 
 2080      736D6974 
 2080      00
 2081              	.LASF155:
 2082 068b 433A5C55 		.ascii	"C:\\Users\\bogurad\\Desktop\\Proyectos gitHub\\TFG2"
 2082      73657273 
 2082      5C626F67 
 2082      75726164 
 2082      5C446573 
 2083 06b9 5C436F64 		.ascii	"\\Codigo\\Algoritmos postcuanticos\\PSOC\\Workspace"
 2083      69676F5C 
 2083      416C676F 
 2083      7269746D 
 2083      6F732070 
 2084 06e8 5C4B5942 		.ascii	"\\KYBER\\Kyber\\Kyber.cydsn\000"
 2084      45525C4B 
 2084      79626572 
 2084      5C4B7962 
 2084      65722E63 
 2085              	.LASF25:
 2086 0701 75646242 		.ascii	"udbBase\000"
 2086      61736500 
 2087              	.LASF112:
 2088 0709 5F426F6F 		.ascii	"_Bool\000"
 2088      6C00
 2089              	.LASF17:
 2090 070f 696E7433 		.ascii	"int32_t\000"
 2090      325F7400 
ARM GAS  C:\Users\bogurad\AppData\Local\Temp\ccZUqOTK.s 			page 45


 2091              	.LASF2:
 2092 0717 756E7369 		.ascii	"unsigned char\000"
 2092      676E6564 
 2092      20636861 
 2092      7200
 2093              	.LASF68:
 2094 0725 666C6173 		.ascii	"flashCtlMainWs4Freq\000"
 2094      6843746C 
 2094      4D61696E 
 2094      57733446 
 2094      72657100 
 2095              	.LASF107:
 2096 0739 6970634C 		.ascii	"ipcLockStatusOffset\000"
 2096      6F636B53 
 2096      74617475 
 2096      734F6666 
 2096      73657400 
 2097              	.LASF136:
 2098 074d 42595445 		.ascii	"BYTES_PK\000"
 2098      535F504B 
 2098      00
 2099              	.LASF0:
 2100 0756 73686F72 		.ascii	"short int\000"
 2100      7420696E 
 2100      7400
 2101              	.LASF79:
 2102 0760 70657269 		.ascii	"periDivCmdDivSelMsk\000"
 2102      44697643 
 2102      6D644469 
 2102      7653656C 
 2102      4D736B00 
 2103              	.LASF149:
 2104 0774 63616C6C 		.ascii	"calloc\000"
 2104      6F6300
 2105              	.LASF50:
 2106 077b 73727373 		.ascii	"srssNumHfroot\000"
 2106      4E756D48 
 2106      66726F6F 
 2106      7400
 2107              	.LASF151:
 2108 0789 6B796265 		.ascii	"kyber_encapsulate\000"
 2108      725F656E 
 2108      63617073 
 2108      756C6174 
 2108      6500
 2109              	.LASF63:
 2110 079b 666C6173 		.ascii	"flashEraseDelay\000"
 2110      68457261 
 2110      73654465 
 2110      6C617900 
 2111              	.LASF46:
 2112 07ab 63707573 		.ascii	"cpussFmIrq\000"
 2112      73466D49 
 2112      727100
 2113              	.LASF18:
 2114 07b6 75696E74 		.ascii	"uint32_t\000"
 2114      33325F74 
ARM GAS  C:\Users\bogurad\AppData\Local\Temp\ccZUqOTK.s 			page 46


 2114      00
 2115              	.LASF101:
 2116 07bf 63707573 		.ascii	"cpussCm4NmiCtlOffset\000"
 2116      73436D34 
 2116      4E6D6943 
 2116      746C4F66 
 2116      66736574 
 2117              	.LASF21:
 2118 07d4 6C6F6E67 		.ascii	"long double\000"
 2118      20646F75 
 2118      626C6500 
 2119              	.LASF109:
 2120 07e0 63686172 		.ascii	"char\000"
 2120      00
 2121              	.LASF131:
 2122 07e5 53656D61 		.ascii	"SemaphoreHandle_t\000"
 2122      70686F72 
 2122      6548616E 
 2122      646C655F 
 2122      7400
 2123              	.LASF40:
 2124 07f7 70726F74 		.ascii	"protVersion\000"
 2124      56657273 
 2124      696F6E00 
 2125              	.LASF103:
 2126 0803 63707573 		.ascii	"cpussRam0Ctl0\000"
 2126      7352616D 
 2126      3043746C 
 2126      3000
 2127              	.LASF5:
 2128 0811 5F5F7569 		.ascii	"__uint16_t\000"
 2128      6E743136 
 2128      5F7400
 2129              	.LASF84:
 2130 081c 70657269 		.ascii	"periDiv16CtlOffset\000"
 2130      44697631 
 2130      3643746C 
 2130      4F666673 
 2130      657400
 2131              	.LASF7:
 2132 082f 5F5F696E 		.ascii	"__int32_t\000"
 2132      7433325F 
 2132      7400
 2133              	.LASF37:
 2134 0839 6873696F 		.ascii	"hsiomVersion\000"
 2134      6D566572 
 2134      73696F6E 
 2134      00
 2135              	.LASF62:
 2136 0846 666C6173 		.ascii	"flashProgramDelay\000"
 2136      6850726F 
 2136      6772616D 
 2136      44656C61 
 2136      7900
 2137              	.LASF117:
 2138 0858 72785269 		.ascii	"rxRingBufSize\000"
 2138      6E674275 
ARM GAS  C:\Users\bogurad\AppData\Local\Temp\ccZUqOTK.s 			page 47


 2138      6653697A 
 2138      6500
 2139              	.LASF6:
 2140 0866 73686F72 		.ascii	"short unsigned int\000"
 2140      7420756E 
 2140      7369676E 
 2140      65642069 
 2140      6E7400
 2141              	.LASF70:
 2142 0879 64774368 		.ascii	"dwChSize\000"
 2142      53697A65 
 2142      00
 2143              	.LASF106:
 2144 0882 69706353 		.ascii	"ipcStructSize\000"
 2144      74727563 
 2144      7453697A 
 2144      6500
 2145              	.LASF45:
 2146 0890 63707573 		.ascii	"cpussIpc0Irq\000"
 2146      73497063 
 2146      30497271 
 2146      00
 2147              	.LASF85:
 2148 089d 70657269 		.ascii	"periDiv16_5CtlOffset\000"
 2148      44697631 
 2148      365F3543 
 2148      746C4F66 
 2148      66736574 
 2149              	.LASF145:
 2150 08b2 6B796265 		.ascii	"kyber_get_secret_key_size\000"
 2150      725F6765 
 2150      745F7365 
 2150      63726574 
 2150      5F6B6579 
 2151              	.LASF88:
 2152 08cc 6770696F 		.ascii	"gpioPrtCfgOffset\000"
 2152      50727443 
 2152      66674F66 
 2152      66736574 
 2152      00
 2153              	.LASF127:
 2154 08dd 696E6974 		.ascii	"initKey\000"
 2154      4B657900 
 2155              	.LASF120:
 2156 08e5 72784275 		.ascii	"rxBuf\000"
 2156      6600
 2157              	.LASF26:
 2158 08eb 70726F74 		.ascii	"protBase\000"
 2158      42617365 
 2158      00
 2159              	.LASF128:
 2160 08f4 63795F73 		.ascii	"cy_stc_scb_uart_context_t\000"
 2160      74635F73 
 2160      63625F75 
 2160      6172745F 
 2160      636F6E74 
 2161              	.LASF154:
ARM GAS  C:\Users\bogurad\AppData\Local\Temp\ccZUqOTK.s 			page 48


 2162 090e 6D61696E 		.ascii	"mainTask.c\000"
 2162      5461736B 
 2162      2E6300
 2163              	.LASF47:
 2164 0919 63707573 		.ascii	"cpussNotConnectedIrq\000"
 2164      734E6F74 
 2164      436F6E6E 
 2164      65637465 
 2164      64497271 
 2165              	.LASF146:
 2166 092e 6B796265 		.ascii	"kyber_get_public_key_size\000"
 2166      725F6765 
 2166      745F7075 
 2166      626C6963 
 2166      5F6B6579 
 2167              	.LASF61:
 2168 0948 666C6173 		.ascii	"flashWriteDelay\000"
 2168      68577269 
 2168      74654465 
 2168      6C617900 
 2169              	.LASF14:
 2170 0958 75696E74 		.ascii	"uint8_t\000"
 2170      385F7400 
 2171              	.LASF152:
 2172 0960 6B796265 		.ascii	"kyber_decapsulate\000"
 2172      725F6465 
 2172      63617073 
 2172      756C6174 
 2172      6500
 2173              	.LASF94:
 2174 0972 63707573 		.ascii	"cpussCm4StatusOffset\000"
 2174      73436D34 
 2174      53746174 
 2174      75734F66 
 2174      66736574 
 2175              	.LASF87:
 2176 0987 6770696F 		.ascii	"gpioPrtIntrCfgOffset\000"
 2176      50727449 
 2176      6E747243 
 2176      66674F66 
 2176      66736574 
 2177              	.LASF119:
 2178 099c 72785269 		.ascii	"rxRingBufTail\000"
 2178      6E674275 
 2178      66546169 
 2178      6C00
 2179              	.LASF98:
 2180 09aa 63707573 		.ascii	"cpussTrimRomCtlOffset\000"
 2180      73547269 
 2180      6D526F6D 
 2180      43746C4F 
 2180      66667365 
 2181              	.LASF114:
 2182 09c0 74785374 		.ascii	"txStatus\000"
 2182      61747573 
 2182      00
 2183              	.LASF34:
ARM GAS  C:\Users\bogurad\AppData\Local\Temp\ccZUqOTK.s 			page 49


 2184 09c9 64775665 		.ascii	"dwVersion\000"
 2184      7273696F 
 2184      6E00
 2185              	.LASF30:
 2186 09d3 69706342 		.ascii	"ipcBase\000"
 2186      61736500 
 2187              	.LASF81:
 2188 09db 70657269 		.ascii	"periDivCmdPaDivSelPos\000"
 2188      44697643 
 2188      6D645061 
 2188      44697653 
 2188      656C506F 
 2189              	.LASF156:
 2190 09f1 63795F73 		.ascii	"cy_stc_scb_uart_context\000"
 2190      74635F73 
 2190      63625F75 
 2190      6172745F 
 2190      636F6E74 
 2191              	.LASF59:
 2192 0a09 666C6173 		.ascii	"flashRwwRequired\000"
 2192      68527777 
 2192      52657175 
 2192      69726564 
 2192      00
 2193              	.LASF134:
 2194 0a1a 4B594245 		.ascii	"KYBER_SECURITY_1024\000"
 2194      525F5345 
 2194      43555249 
 2194      54595F31 
 2194      30323400 
 2195              		.ident	"GCC: (GNU Tools for ARM Embedded Processors) 5.4.1 20160609 (release) [ARM/embedded-5-bran
