ARM GAS  C:\Users\bogurad\AppData\Local\Temp\cc6TN3JM.s 			page 1


   1              		.syntax unified
   2              		.cpu cortex-m4
   3              		.eabi_attribute 27, 1
   4              		.fpu fpv4-sp-d16
   5              		.eabi_attribute 20, 1
   6              		.eabi_attribute 21, 1
   7              		.eabi_attribute 23, 3
   8              		.eabi_attribute 24, 1
   9              		.eabi_attribute 25, 1
  10              		.eabi_attribute 26, 1
  11              		.eabi_attribute 30, 1
  12              		.eabi_attribute 34, 1
  13              		.eabi_attribute 18, 4
  14              		.thumb
  15              		.syntax unified
  16              		.file	"main_cm4.c"
  17              		.text
  18              	.Ltext0:
  19              		.cfi_sections	.debug_frame
  20              		.section	.text.main,"ax",%progbits
  21              		.align	2
  22              		.global	main
  23              		.thumb
  24              		.thumb_func
  25              		.type	main, %function
  26              	main:
  27              	.LFB485:
  28              		.file 1 "main_cm4.c"
   1:main_cm4.c    **** /* ========================================
   2:main_cm4.c    ****  *
   3:main_cm4.c    ****  * Copyright YOUR COMPANY, THE YEAR
   4:main_cm4.c    ****  * All Rights Reserved
   5:main_cm4.c    ****  * UNPUBLISHED, LICENSED SOFTWARE.
   6:main_cm4.c    ****  *
   7:main_cm4.c    ****  * CONFIDENTIAL AND PROPRIETARY INFORMATION
   8:main_cm4.c    ****  * WHICH IS THE PROPERTY OF your company.
   9:main_cm4.c    ****  *
  10:main_cm4.c    ****  * ========================================
  11:main_cm4.c    **** */
  12:main_cm4.c    **** #include "project.h"
  13:main_cm4.c    **** #include "FreeRTOS.h"
  14:main_cm4.c    **** #include "FreeRTOSConfig.h"
  15:main_cm4.c    **** #include "task.h"
  16:main_cm4.c    **** #include "timers.h"
  17:main_cm4.c    **** #include <stdio.h>
  18:main_cm4.c    **** #include "../Serial/uartTask.h"
  19:main_cm4.c    **** #include "mainTask.h"
  20:main_cm4.c    **** 
  21:main_cm4.c    **** 
  22:main_cm4.c    **** 
  23:main_cm4.c    **** volatile uint8_t UART_READY=0;
  24:main_cm4.c    **** 
  25:main_cm4.c    **** 
  26:main_cm4.c    **** int main(void)
  27:main_cm4.c    **** {
  29              		.loc 1 27 0
  30              		.cfi_startproc
ARM GAS  C:\Users\bogurad\AppData\Local\Temp\cc6TN3JM.s 			page 2


  31              		@ Volatile: function does not return.
  32              		@ args = 0, pretend = 0, frame = 0
  33              		@ frame_needed = 0, uses_anonymous_args = 0
  34 0000 00B5     		push	{lr}
  35              		.cfi_def_cfa_offset 4
  36              		.cfi_offset 14, -4
  37 0002 83B0     		sub	sp, sp, #12
  38              		.cfi_def_cfa_offset 16
  39              	.LBB4:
  40              	.LBB5:
  41              		.file 2 "Generated_Source\\PSoC6\\pdl\\cmsis/include/cmsis_gcc.h"
   1:Generated_Source\PSoC6\pdl\cmsis/include/cmsis_gcc.h **** /**************************************************************************//**
   2:Generated_Source\PSoC6\pdl\cmsis/include/cmsis_gcc.h ****  * @file     cmsis_gcc.h
   3:Generated_Source\PSoC6\pdl\cmsis/include/cmsis_gcc.h ****  * @brief    CMSIS compiler GCC header file
   4:Generated_Source\PSoC6\pdl\cmsis/include/cmsis_gcc.h ****  * @version  V5.0.3
   5:Generated_Source\PSoC6\pdl\cmsis/include/cmsis_gcc.h ****  * @date     16. January 2018
   6:Generated_Source\PSoC6\pdl\cmsis/include/cmsis_gcc.h ****  ******************************************************************************/
   7:Generated_Source\PSoC6\pdl\cmsis/include/cmsis_gcc.h **** /*
   8:Generated_Source\PSoC6\pdl\cmsis/include/cmsis_gcc.h ****  * Copyright (c) 2009-2017 ARM Limited. All rights reserved.
   9:Generated_Source\PSoC6\pdl\cmsis/include/cmsis_gcc.h ****  *
  10:Generated_Source\PSoC6\pdl\cmsis/include/cmsis_gcc.h ****  * SPDX-License-Identifier: Apache-2.0
  11:Generated_Source\PSoC6\pdl\cmsis/include/cmsis_gcc.h ****  *
  12:Generated_Source\PSoC6\pdl\cmsis/include/cmsis_gcc.h ****  * Licensed under the Apache License, Version 2.0 (the License); you may
  13:Generated_Source\PSoC6\pdl\cmsis/include/cmsis_gcc.h ****  * not use this file except in compliance with the License.
  14:Generated_Source\PSoC6\pdl\cmsis/include/cmsis_gcc.h ****  * You may obtain a copy of the License at
  15:Generated_Source\PSoC6\pdl\cmsis/include/cmsis_gcc.h ****  *
  16:Generated_Source\PSoC6\pdl\cmsis/include/cmsis_gcc.h ****  * www.apache.org/licenses/LICENSE-2.0
  17:Generated_Source\PSoC6\pdl\cmsis/include/cmsis_gcc.h ****  *
  18:Generated_Source\PSoC6\pdl\cmsis/include/cmsis_gcc.h ****  * Unless required by applicable law or agreed to in writing, software
  19:Generated_Source\PSoC6\pdl\cmsis/include/cmsis_gcc.h ****  * distributed under the License is distributed on an AS IS BASIS, WITHOUT
  20:Generated_Source\PSoC6\pdl\cmsis/include/cmsis_gcc.h ****  * WARRANTIES OR CONDITIONS OF ANY KIND, either express or implied.
  21:Generated_Source\PSoC6\pdl\cmsis/include/cmsis_gcc.h ****  * See the License for the specific language governing permissions and
  22:Generated_Source\PSoC6\pdl\cmsis/include/cmsis_gcc.h ****  * limitations under the License.
  23:Generated_Source\PSoC6\pdl\cmsis/include/cmsis_gcc.h ****  */
  24:Generated_Source\PSoC6\pdl\cmsis/include/cmsis_gcc.h **** 
  25:Generated_Source\PSoC6\pdl\cmsis/include/cmsis_gcc.h **** #ifndef __CMSIS_GCC_H
  26:Generated_Source\PSoC6\pdl\cmsis/include/cmsis_gcc.h **** #define __CMSIS_GCC_H
  27:Generated_Source\PSoC6\pdl\cmsis/include/cmsis_gcc.h **** 
  28:Generated_Source\PSoC6\pdl\cmsis/include/cmsis_gcc.h **** /* ignore some GCC warnings */
  29:Generated_Source\PSoC6\pdl\cmsis/include/cmsis_gcc.h **** #pragma GCC diagnostic push
  30:Generated_Source\PSoC6\pdl\cmsis/include/cmsis_gcc.h **** #pragma GCC diagnostic ignored "-Wsign-conversion"
  31:Generated_Source\PSoC6\pdl\cmsis/include/cmsis_gcc.h **** #pragma GCC diagnostic ignored "-Wconversion"
  32:Generated_Source\PSoC6\pdl\cmsis/include/cmsis_gcc.h **** #pragma GCC diagnostic ignored "-Wunused-parameter"
  33:Generated_Source\PSoC6\pdl\cmsis/include/cmsis_gcc.h **** 
  34:Generated_Source\PSoC6\pdl\cmsis/include/cmsis_gcc.h **** /* Fallback for __has_builtin */
  35:Generated_Source\PSoC6\pdl\cmsis/include/cmsis_gcc.h **** #ifndef __has_builtin
  36:Generated_Source\PSoC6\pdl\cmsis/include/cmsis_gcc.h ****   #define __has_builtin(x) (0)
  37:Generated_Source\PSoC6\pdl\cmsis/include/cmsis_gcc.h **** #endif
  38:Generated_Source\PSoC6\pdl\cmsis/include/cmsis_gcc.h **** 
  39:Generated_Source\PSoC6\pdl\cmsis/include/cmsis_gcc.h **** /* CMSIS compiler specific defines */
  40:Generated_Source\PSoC6\pdl\cmsis/include/cmsis_gcc.h **** #ifndef   __ASM
  41:Generated_Source\PSoC6\pdl\cmsis/include/cmsis_gcc.h ****   #define __ASM                                  __asm
  42:Generated_Source\PSoC6\pdl\cmsis/include/cmsis_gcc.h **** #endif
  43:Generated_Source\PSoC6\pdl\cmsis/include/cmsis_gcc.h **** #ifndef   __INLINE
  44:Generated_Source\PSoC6\pdl\cmsis/include/cmsis_gcc.h ****   #define __INLINE                               inline
  45:Generated_Source\PSoC6\pdl\cmsis/include/cmsis_gcc.h **** #endif
  46:Generated_Source\PSoC6\pdl\cmsis/include/cmsis_gcc.h **** #ifndef   __STATIC_INLINE
ARM GAS  C:\Users\bogurad\AppData\Local\Temp\cc6TN3JM.s 			page 3


  47:Generated_Source\PSoC6\pdl\cmsis/include/cmsis_gcc.h ****   #define __STATIC_INLINE                        static inline
  48:Generated_Source\PSoC6\pdl\cmsis/include/cmsis_gcc.h **** #endif
  49:Generated_Source\PSoC6\pdl\cmsis/include/cmsis_gcc.h **** #ifndef   __STATIC_FORCEINLINE                 
  50:Generated_Source\PSoC6\pdl\cmsis/include/cmsis_gcc.h ****   #define __STATIC_FORCEINLINE                   __attribute__((always_inline)) static inline
  51:Generated_Source\PSoC6\pdl\cmsis/include/cmsis_gcc.h **** #endif                                           
  52:Generated_Source\PSoC6\pdl\cmsis/include/cmsis_gcc.h **** #ifndef   __NO_RETURN
  53:Generated_Source\PSoC6\pdl\cmsis/include/cmsis_gcc.h ****   #define __NO_RETURN                            __attribute__((__noreturn__))
  54:Generated_Source\PSoC6\pdl\cmsis/include/cmsis_gcc.h **** #endif
  55:Generated_Source\PSoC6\pdl\cmsis/include/cmsis_gcc.h **** #ifndef   __USED
  56:Generated_Source\PSoC6\pdl\cmsis/include/cmsis_gcc.h ****   #define __USED                                 __attribute__((used))
  57:Generated_Source\PSoC6\pdl\cmsis/include/cmsis_gcc.h **** #endif
  58:Generated_Source\PSoC6\pdl\cmsis/include/cmsis_gcc.h **** #ifndef   __WEAK
  59:Generated_Source\PSoC6\pdl\cmsis/include/cmsis_gcc.h ****   #define __WEAK                                 __attribute__((weak))
  60:Generated_Source\PSoC6\pdl\cmsis/include/cmsis_gcc.h **** #endif
  61:Generated_Source\PSoC6\pdl\cmsis/include/cmsis_gcc.h **** #ifndef   __PACKED
  62:Generated_Source\PSoC6\pdl\cmsis/include/cmsis_gcc.h ****   #define __PACKED                               __attribute__((packed, aligned(1)))
  63:Generated_Source\PSoC6\pdl\cmsis/include/cmsis_gcc.h **** #endif
  64:Generated_Source\PSoC6\pdl\cmsis/include/cmsis_gcc.h **** #ifndef   __PACKED_STRUCT
  65:Generated_Source\PSoC6\pdl\cmsis/include/cmsis_gcc.h ****   #define __PACKED_STRUCT                        struct __attribute__((packed, aligned(1)))
  66:Generated_Source\PSoC6\pdl\cmsis/include/cmsis_gcc.h **** #endif
  67:Generated_Source\PSoC6\pdl\cmsis/include/cmsis_gcc.h **** #ifndef   __PACKED_UNION
  68:Generated_Source\PSoC6\pdl\cmsis/include/cmsis_gcc.h ****   #define __PACKED_UNION                         union __attribute__((packed, aligned(1)))
  69:Generated_Source\PSoC6\pdl\cmsis/include/cmsis_gcc.h **** #endif
  70:Generated_Source\PSoC6\pdl\cmsis/include/cmsis_gcc.h **** #ifndef   __UNALIGNED_UINT32        /* deprecated */
  71:Generated_Source\PSoC6\pdl\cmsis/include/cmsis_gcc.h ****   #pragma GCC diagnostic push
  72:Generated_Source\PSoC6\pdl\cmsis/include/cmsis_gcc.h ****   #pragma GCC diagnostic ignored "-Wpacked"
  73:Generated_Source\PSoC6\pdl\cmsis/include/cmsis_gcc.h ****   #pragma GCC diagnostic ignored "-Wattributes"
  74:Generated_Source\PSoC6\pdl\cmsis/include/cmsis_gcc.h ****   struct __attribute__((packed)) T_UINT32 { uint32_t v; };
  75:Generated_Source\PSoC6\pdl\cmsis/include/cmsis_gcc.h ****   #pragma GCC diagnostic pop
  76:Generated_Source\PSoC6\pdl\cmsis/include/cmsis_gcc.h ****   #define __UNALIGNED_UINT32(x)                  (((struct T_UINT32 *)(x))->v)
  77:Generated_Source\PSoC6\pdl\cmsis/include/cmsis_gcc.h **** #endif
  78:Generated_Source\PSoC6\pdl\cmsis/include/cmsis_gcc.h **** #ifndef   __UNALIGNED_UINT16_WRITE
  79:Generated_Source\PSoC6\pdl\cmsis/include/cmsis_gcc.h ****   #pragma GCC diagnostic push
  80:Generated_Source\PSoC6\pdl\cmsis/include/cmsis_gcc.h ****   #pragma GCC diagnostic ignored "-Wpacked"
  81:Generated_Source\PSoC6\pdl\cmsis/include/cmsis_gcc.h ****   #pragma GCC diagnostic ignored "-Wattributes"
  82:Generated_Source\PSoC6\pdl\cmsis/include/cmsis_gcc.h ****   __PACKED_STRUCT T_UINT16_WRITE { uint16_t v; };
  83:Generated_Source\PSoC6\pdl\cmsis/include/cmsis_gcc.h ****   #pragma GCC diagnostic pop
  84:Generated_Source\PSoC6\pdl\cmsis/include/cmsis_gcc.h ****   #define __UNALIGNED_UINT16_WRITE(addr, val)    (void)((((struct T_UINT16_WRITE *)(void *)(addr))-
  85:Generated_Source\PSoC6\pdl\cmsis/include/cmsis_gcc.h **** #endif
  86:Generated_Source\PSoC6\pdl\cmsis/include/cmsis_gcc.h **** #ifndef   __UNALIGNED_UINT16_READ
  87:Generated_Source\PSoC6\pdl\cmsis/include/cmsis_gcc.h ****   #pragma GCC diagnostic push
  88:Generated_Source\PSoC6\pdl\cmsis/include/cmsis_gcc.h ****   #pragma GCC diagnostic ignored "-Wpacked"
  89:Generated_Source\PSoC6\pdl\cmsis/include/cmsis_gcc.h ****   #pragma GCC diagnostic ignored "-Wattributes"
  90:Generated_Source\PSoC6\pdl\cmsis/include/cmsis_gcc.h ****   __PACKED_STRUCT T_UINT16_READ { uint16_t v; };
  91:Generated_Source\PSoC6\pdl\cmsis/include/cmsis_gcc.h ****   #pragma GCC diagnostic pop
  92:Generated_Source\PSoC6\pdl\cmsis/include/cmsis_gcc.h ****   #define __UNALIGNED_UINT16_READ(addr)          (((const struct T_UINT16_READ *)(const void *)(add
  93:Generated_Source\PSoC6\pdl\cmsis/include/cmsis_gcc.h **** #endif
  94:Generated_Source\PSoC6\pdl\cmsis/include/cmsis_gcc.h **** #ifndef   __UNALIGNED_UINT32_WRITE
  95:Generated_Source\PSoC6\pdl\cmsis/include/cmsis_gcc.h ****   #pragma GCC diagnostic push
  96:Generated_Source\PSoC6\pdl\cmsis/include/cmsis_gcc.h ****   #pragma GCC diagnostic ignored "-Wpacked"
  97:Generated_Source\PSoC6\pdl\cmsis/include/cmsis_gcc.h ****   #pragma GCC diagnostic ignored "-Wattributes"
  98:Generated_Source\PSoC6\pdl\cmsis/include/cmsis_gcc.h ****   __PACKED_STRUCT T_UINT32_WRITE { uint32_t v; };
  99:Generated_Source\PSoC6\pdl\cmsis/include/cmsis_gcc.h ****   #pragma GCC diagnostic pop
 100:Generated_Source\PSoC6\pdl\cmsis/include/cmsis_gcc.h ****   #define __UNALIGNED_UINT32_WRITE(addr, val)    (void)((((struct T_UINT32_WRITE *)(void *)(addr))-
 101:Generated_Source\PSoC6\pdl\cmsis/include/cmsis_gcc.h **** #endif
 102:Generated_Source\PSoC6\pdl\cmsis/include/cmsis_gcc.h **** #ifndef   __UNALIGNED_UINT32_READ
 103:Generated_Source\PSoC6\pdl\cmsis/include/cmsis_gcc.h ****   #pragma GCC diagnostic push
ARM GAS  C:\Users\bogurad\AppData\Local\Temp\cc6TN3JM.s 			page 4


 104:Generated_Source\PSoC6\pdl\cmsis/include/cmsis_gcc.h ****   #pragma GCC diagnostic ignored "-Wpacked"
 105:Generated_Source\PSoC6\pdl\cmsis/include/cmsis_gcc.h ****   #pragma GCC diagnostic ignored "-Wattributes"
 106:Generated_Source\PSoC6\pdl\cmsis/include/cmsis_gcc.h ****   __PACKED_STRUCT T_UINT32_READ { uint32_t v; };
 107:Generated_Source\PSoC6\pdl\cmsis/include/cmsis_gcc.h ****   #pragma GCC diagnostic pop
 108:Generated_Source\PSoC6\pdl\cmsis/include/cmsis_gcc.h ****   #define __UNALIGNED_UINT32_READ(addr)          (((const struct T_UINT32_READ *)(const void *)(add
 109:Generated_Source\PSoC6\pdl\cmsis/include/cmsis_gcc.h **** #endif
 110:Generated_Source\PSoC6\pdl\cmsis/include/cmsis_gcc.h **** #ifndef   __ALIGNED
 111:Generated_Source\PSoC6\pdl\cmsis/include/cmsis_gcc.h ****   #define __ALIGNED(x)                           __attribute__((aligned(x)))
 112:Generated_Source\PSoC6\pdl\cmsis/include/cmsis_gcc.h **** #endif
 113:Generated_Source\PSoC6\pdl\cmsis/include/cmsis_gcc.h **** #ifndef   __RESTRICT
 114:Generated_Source\PSoC6\pdl\cmsis/include/cmsis_gcc.h ****   #define __RESTRICT                             __restrict
 115:Generated_Source\PSoC6\pdl\cmsis/include/cmsis_gcc.h **** #endif
 116:Generated_Source\PSoC6\pdl\cmsis/include/cmsis_gcc.h **** 
 117:Generated_Source\PSoC6\pdl\cmsis/include/cmsis_gcc.h **** 
 118:Generated_Source\PSoC6\pdl\cmsis/include/cmsis_gcc.h **** /* ###########################  Core Function Access  ########################### */
 119:Generated_Source\PSoC6\pdl\cmsis/include/cmsis_gcc.h **** /** \ingroup  CMSIS_Core_FunctionInterface
 120:Generated_Source\PSoC6\pdl\cmsis/include/cmsis_gcc.h ****     \defgroup CMSIS_Core_RegAccFunctions CMSIS Core Register Access Functions
 121:Generated_Source\PSoC6\pdl\cmsis/include/cmsis_gcc.h ****   @{
 122:Generated_Source\PSoC6\pdl\cmsis/include/cmsis_gcc.h ****  */
 123:Generated_Source\PSoC6\pdl\cmsis/include/cmsis_gcc.h **** 
 124:Generated_Source\PSoC6\pdl\cmsis/include/cmsis_gcc.h **** /**
 125:Generated_Source\PSoC6\pdl\cmsis/include/cmsis_gcc.h ****   \brief   Enable IRQ Interrupts
 126:Generated_Source\PSoC6\pdl\cmsis/include/cmsis_gcc.h ****   \details Enables IRQ interrupts by clearing the I-bit in the CPSR.
 127:Generated_Source\PSoC6\pdl\cmsis/include/cmsis_gcc.h ****            Can only be executed in Privileged modes.
 128:Generated_Source\PSoC6\pdl\cmsis/include/cmsis_gcc.h ****  */
 129:Generated_Source\PSoC6\pdl\cmsis/include/cmsis_gcc.h **** __STATIC_FORCEINLINE void __enable_irq(void)
 130:Generated_Source\PSoC6\pdl\cmsis/include/cmsis_gcc.h **** {
 131:Generated_Source\PSoC6\pdl\cmsis/include/cmsis_gcc.h ****   __ASM volatile ("cpsie i" : : : "memory");
  42              		.loc 2 131 0
  43              		.syntax unified
  44              	@ 131 "Generated_Source\PSoC6\pdl\cmsis/include/cmsis_gcc.h" 1
  45 0004 62B6     		cpsie i
  46              	@ 0 "" 2
  47              		.thumb
  48              		.syntax unified
  49              	.LBE5:
  50              	.LBE4:
  28:main_cm4.c    ****     __enable_irq(); /* Enable global interrupts. */
  29:main_cm4.c    ****     
  30:main_cm4.c    ****     /* Create RTOS tasks and start the scheduler */
  31:main_cm4.c    ****     xTaskCreate(uartTask, "UART Task", 400, 0, 2, 0);
  51              		.loc 1 31 0
  52 0006 0024     		movs	r4, #0
  53 0008 0194     		str	r4, [sp, #4]
  54 000a 0223     		movs	r3, #2
  55 000c 0093     		str	r3, [sp]
  56 000e 2346     		mov	r3, r4
  57 0010 4FF4C872 		mov	r2, #400
  58 0014 0849     		ldr	r1, .L4
  59 0016 0948     		ldr	r0, .L4+4
  60 0018 FFF7FEFF 		bl	xTaskCreate
  61              	.LVL0:
  32:main_cm4.c    ****     xTaskCreate(mainTask, "Main Task", 8192, 0, 1, 0);
  62              		.loc 1 32 0
  63 001c 0194     		str	r4, [sp, #4]
  64 001e 0123     		movs	r3, #1
  65 0020 0093     		str	r3, [sp]
ARM GAS  C:\Users\bogurad\AppData\Local\Temp\cc6TN3JM.s 			page 5


  66 0022 2346     		mov	r3, r4
  67 0024 4FF40052 		mov	r2, #8192
  68 0028 0549     		ldr	r1, .L4+8
  69 002a 0648     		ldr	r0, .L4+12
  70 002c FFF7FEFF 		bl	xTaskCreate
  71              	.LVL1:
  33:main_cm4.c    ****     vTaskStartScheduler();
  72              		.loc 1 33 0
  73 0030 FFF7FEFF 		bl	vTaskStartScheduler
  74              	.LVL2:
  75              	.L2:
  76 0034 FEE7     		b	.L2
  77              	.L5:
  78 0036 00BF     		.align	2
  79              	.L4:
  80 0038 00000000 		.word	.LC0
  81 003c 00000000 		.word	uartTask
  82 0040 0C000000 		.word	.LC1
  83 0044 00000000 		.word	mainTask
  84              		.cfi_endproc
  85              	.LFE485:
  86              		.size	main, .-main
  87              		.global	UART_READY
  88              		.section	.rodata.str1.4,"aMS",%progbits,1
  89              		.align	2
  90              	.LC0:
  91 0000 55415254 		.ascii	"UART Task\000"
  91      20546173 
  91      6B00
  92 000a 0000     		.space	2
  93              	.LC1:
  94 000c 4D61696E 		.ascii	"Main Task\000"
  94      20546173 
  94      6B00
  95              		.bss
  96              		.type	UART_READY, %object
  97              		.size	UART_READY, 1
  98              	UART_READY:
  99 0000 00       		.space	1
 100              		.text
 101              	.Letext0:
 102              		.file 3 "c:\\program files (x86)\\cypress\\psoc creator\\4.4\\psoc creator\\import\\gnu\\arm\\5.4.
 103              		.file 4 "c:\\program files (x86)\\cypress\\psoc creator\\4.4\\psoc creator\\import\\gnu\\arm\\5.4.
 104              		.file 5 "Generated_Source\\PSoC6\\pdl\\drivers/peripheral/device/cy_device.h"
 105              		.file 6 "Generated_Source\\PSoC6\\pdl\\drivers/peripheral/scb/cy_scb_uart.h"
 106              		.file 7 "Generated_Source\\PSoC6\\pdl\\cmsis/include/core_cm4.h"
 107              		.file 8 "Generated_Source\\PSoC6/UART.h"
 108              		.file 9 "Generated_Source\\PSoC6\\pdl\\rtos/FreeRTOS/10.0.1/Source/include/task.h"
 109              		.section	.debug_info,"",%progbits
 110              	.Ldebug_info0:
 111 0000 0C070000 		.4byte	0x70c
 112 0004 0400     		.2byte	0x4
 113 0006 00000000 		.4byte	.Ldebug_abbrev0
 114 000a 04       		.byte	0x4
 115 000b 01       		.uleb128 0x1
 116 000c 09050000 		.4byte	.LASF134
 117 0010 0C       		.byte	0xc
ARM GAS  C:\Users\bogurad\AppData\Local\Temp\cc6TN3JM.s 			page 6


 118 0011 CC080000 		.4byte	.LASF135
 119 0015 10060000 		.4byte	.LASF136
 120 0019 00000000 		.4byte	.Ldebug_ranges0+0
 121 001d 00000000 		.4byte	0
 122 0021 00000000 		.4byte	.Ldebug_line0
 123 0025 02       		.uleb128 0x2
 124 0026 02       		.byte	0x2
 125 0027 05       		.byte	0x5
 126 0028 BE060000 		.4byte	.LASF0
 127 002c 02       		.uleb128 0x2
 128 002d 01       		.byte	0x1
 129 002e 06       		.byte	0x6
 130 002f 73010000 		.4byte	.LASF1
 131 0033 03       		.uleb128 0x3
 132 0034 94000000 		.4byte	.LASF3
 133 0038 03       		.byte	0x3
 134 0039 1D       		.byte	0x1d
 135 003a 3E000000 		.4byte	0x3e
 136 003e 02       		.uleb128 0x2
 137 003f 01       		.byte	0x1
 138 0040 08       		.byte	0x8
 139 0041 9C060000 		.4byte	.LASF2
 140 0045 03       		.uleb128 0x3
 141 0046 9E020000 		.4byte	.LASF4
 142 004a 03       		.byte	0x3
 143 004b 29       		.byte	0x29
 144 004c 25000000 		.4byte	0x25
 145 0050 03       		.uleb128 0x3
 146 0051 43070000 		.4byte	.LASF5
 147 0055 03       		.byte	0x3
 148 0056 2B       		.byte	0x2b
 149 0057 5B000000 		.4byte	0x5b
 150 005b 02       		.uleb128 0x2
 151 005c 02       		.byte	0x2
 152 005d 07       		.byte	0x7
 153 005e 98070000 		.4byte	.LASF6
 154 0062 03       		.uleb128 0x3
 155 0063 61070000 		.4byte	.LASF7
 156 0067 03       		.byte	0x3
 157 0068 3F       		.byte	0x3f
 158 0069 6D000000 		.4byte	0x6d
 159 006d 02       		.uleb128 0x2
 160 006e 04       		.byte	0x4
 161 006f 05       		.byte	0x5
 162 0070 D6010000 		.4byte	.LASF8
 163 0074 03       		.uleb128 0x3
 164 0075 6F020000 		.4byte	.LASF9
 165 0079 03       		.byte	0x3
 166 007a 41       		.byte	0x41
 167 007b 7F000000 		.4byte	0x7f
 168 007f 02       		.uleb128 0x2
 169 0080 04       		.byte	0x4
 170 0081 07       		.byte	0x7
 171 0082 37030000 		.4byte	.LASF10
 172 0086 02       		.uleb128 0x2
 173 0087 08       		.byte	0x8
 174 0088 05       		.byte	0x5
ARM GAS  C:\Users\bogurad\AppData\Local\Temp\cc6TN3JM.s 			page 7


 175 0089 65010000 		.4byte	.LASF11
 176 008d 02       		.uleb128 0x2
 177 008e 08       		.byte	0x8
 178 008f 07       		.byte	0x7
 179 0090 E3000000 		.4byte	.LASF12
 180 0094 04       		.uleb128 0x4
 181 0095 04       		.byte	0x4
 182 0096 05       		.byte	0x5
 183 0097 696E7400 		.ascii	"int\000"
 184 009b 02       		.uleb128 0x2
 185 009c 04       		.byte	0x4
 186 009d 07       		.byte	0x7
 187 009e FB020000 		.4byte	.LASF13
 188 00a2 03       		.uleb128 0x3
 189 00a3 2D080000 		.4byte	.LASF14
 190 00a7 04       		.byte	0x4
 191 00a8 18       		.byte	0x18
 192 00a9 33000000 		.4byte	0x33
 193 00ad 03       		.uleb128 0x3
 194 00ae 5D010000 		.4byte	.LASF15
 195 00b2 04       		.byte	0x4
 196 00b3 20       		.byte	0x20
 197 00b4 45000000 		.4byte	0x45
 198 00b8 03       		.uleb128 0x3
 199 00b9 08030000 		.4byte	.LASF16
 200 00bd 04       		.byte	0x4
 201 00be 24       		.byte	0x24
 202 00bf 50000000 		.4byte	0x50
 203 00c3 03       		.uleb128 0x3
 204 00c4 94060000 		.4byte	.LASF17
 205 00c8 04       		.byte	0x4
 206 00c9 2C       		.byte	0x2c
 207 00ca 62000000 		.4byte	0x62
 208 00ce 03       		.uleb128 0x3
 209 00cf FA060000 		.4byte	.LASF18
 210 00d3 04       		.byte	0x4
 211 00d4 30       		.byte	0x30
 212 00d5 74000000 		.4byte	0x74
 213 00d9 02       		.uleb128 0x2
 214 00da 04       		.byte	0x4
 215 00db 07       		.byte	0x7
 216 00dc 67040000 		.4byte	.LASF19
 217 00e0 05       		.uleb128 0x5
 218 00e1 CE000000 		.4byte	0xce
 219 00e5 05       		.uleb128 0x5
 220 00e6 A2000000 		.4byte	0xa2
 221 00ea 02       		.uleb128 0x2
 222 00eb 08       		.byte	0x8
 223 00ec 04       		.byte	0x4
 224 00ed 18070000 		.4byte	.LASF20
 225 00f1 06       		.uleb128 0x6
 226 00f2 B8       		.byte	0xb8
 227 00f3 05       		.byte	0x5
 228 00f4 34       		.byte	0x34
 229 00f5 02050000 		.4byte	0x502
 230 00f9 07       		.uleb128 0x7
 231 00fa CA000000 		.4byte	.LASF21
ARM GAS  C:\Users\bogurad\AppData\Local\Temp\cc6TN3JM.s 			page 8


 232 00fe 05       		.byte	0x5
 233 00ff 37       		.byte	0x37
 234 0100 CE000000 		.4byte	0xce
 235 0104 00       		.byte	0
 236 0105 07       		.uleb128 0x7
 237 0106 64020000 		.4byte	.LASF22
 238 010a 05       		.byte	0x5
 239 010b 38       		.byte	0x38
 240 010c CE000000 		.4byte	0xce
 241 0110 04       		.byte	0x4
 242 0111 07       		.uleb128 0x7
 243 0112 ED010000 		.4byte	.LASF23
 244 0116 05       		.byte	0x5
 245 0117 39       		.byte	0x39
 246 0118 CE000000 		.4byte	0xce
 247 011c 08       		.byte	0x8
 248 011d 07       		.uleb128 0x7
 249 011e 86060000 		.4byte	.LASF24
 250 0122 05       		.byte	0x5
 251 0123 3A       		.byte	0x3a
 252 0124 CE000000 		.4byte	0xce
 253 0128 0C       		.byte	0xc
 254 0129 07       		.uleb128 0x7
 255 012a 94010000 		.4byte	.LASF25
 256 012e 05       		.byte	0x5
 257 012f 3B       		.byte	0x3b
 258 0130 CE000000 		.4byte	0xce
 259 0134 10       		.byte	0x10
 260 0135 07       		.uleb128 0x7
 261 0136 CC010000 		.4byte	.LASF26
 262 013a 05       		.byte	0x5
 263 013b 3C       		.byte	0x3c
 264 013c CE000000 		.4byte	0xce
 265 0140 14       		.byte	0x14
 266 0141 07       		.uleb128 0x7
 267 0142 80030000 		.4byte	.LASF27
 268 0146 05       		.byte	0x5
 269 0147 3D       		.byte	0x3d
 270 0148 CE000000 		.4byte	0xce
 271 014c 18       		.byte	0x18
 272 014d 07       		.uleb128 0x7
 273 014e 7D000000 		.4byte	.LASF28
 274 0152 05       		.byte	0x5
 275 0153 3E       		.byte	0x3e
 276 0154 CE000000 		.4byte	0xce
 277 0158 1C       		.byte	0x1c
 278 0159 07       		.uleb128 0x7
 279 015a 96080000 		.4byte	.LASF29
 280 015e 05       		.byte	0x5
 281 015f 3F       		.byte	0x3f
 282 0160 CE000000 		.4byte	0xce
 283 0164 20       		.byte	0x20
 284 0165 07       		.uleb128 0x7
 285 0166 E4040000 		.4byte	.LASF30
 286 016a 05       		.byte	0x5
 287 016b 40       		.byte	0x40
 288 016c CE000000 		.4byte	0xce
ARM GAS  C:\Users\bogurad\AppData\Local\Temp\cc6TN3JM.s 			page 9


 289 0170 24       		.byte	0x24
 290 0171 07       		.uleb128 0x7
 291 0172 39040000 		.4byte	.LASF31
 292 0176 05       		.byte	0x5
 293 0177 43       		.byte	0x43
 294 0178 A2000000 		.4byte	0xa2
 295 017c 28       		.byte	0x28
 296 017d 07       		.uleb128 0x7
 297 017e 63000000 		.4byte	.LASF32
 298 0182 05       		.byte	0x5
 299 0183 44       		.byte	0x44
 300 0184 A2000000 		.4byte	0xa2
 301 0188 29       		.byte	0x29
 302 0189 07       		.uleb128 0x7
 303 018a 8C080000 		.4byte	.LASF33
 304 018e 05       		.byte	0x5
 305 018f 45       		.byte	0x45
 306 0190 A2000000 		.4byte	0xa2
 307 0194 2A       		.byte	0x2a
 308 0195 07       		.uleb128 0x7
 309 0196 D6040000 		.4byte	.LASF34
 310 019a 05       		.byte	0x5
 311 019b 46       		.byte	0x46
 312 019c A2000000 		.4byte	0xa2
 313 01a0 2B       		.byte	0x2b
 314 01a1 07       		.uleb128 0x7
 315 01a2 D0030000 		.4byte	.LASF35
 316 01a6 05       		.byte	0x5
 317 01a7 47       		.byte	0x47
 318 01a8 A2000000 		.4byte	0xa2
 319 01ac 2C       		.byte	0x2c
 320 01ad 07       		.uleb128 0x7
 321 01ae 6B070000 		.4byte	.LASF36
 322 01b2 05       		.byte	0x5
 323 01b3 48       		.byte	0x48
 324 01b4 A2000000 		.4byte	0xa2
 325 01b8 2D       		.byte	0x2d
 326 01b9 07       		.uleb128 0x7
 327 01ba 9D010000 		.4byte	.LASF37
 328 01be 05       		.byte	0x5
 329 01bf 49       		.byte	0x49
 330 01c0 A2000000 		.4byte	0xa2
 331 01c4 2E       		.byte	0x2e
 332 01c5 07       		.uleb128 0x7
 333 01c6 46040000 		.4byte	.LASF38
 334 01ca 05       		.byte	0x5
 335 01cb 4A       		.byte	0x4a
 336 01cc A2000000 		.4byte	0xa2
 337 01d0 2F       		.byte	0x2f
 338 01d1 07       		.uleb128 0x7
 339 01d2 29070000 		.4byte	.LASF39
 340 01d6 05       		.byte	0x5
 341 01d7 4B       		.byte	0x4b
 342 01d8 A2000000 		.4byte	0xa2
 343 01dc 30       		.byte	0x30
 344 01dd 07       		.uleb128 0x7
 345 01de 75030000 		.4byte	.LASF40
ARM GAS  C:\Users\bogurad\AppData\Local\Temp\cc6TN3JM.s 			page 10


 346 01e2 05       		.byte	0x5
 347 01e3 4E       		.byte	0x4e
 348 01e4 A2000000 		.4byte	0xa2
 349 01e8 31       		.byte	0x31
 350 01e9 07       		.uleb128 0x7
 351 01ea 86000000 		.4byte	.LASF41
 352 01ee 05       		.byte	0x5
 353 01ef 4F       		.byte	0x4f
 354 01f0 A2000000 		.4byte	0xa2
 355 01f4 32       		.byte	0x32
 356 01f5 07       		.uleb128 0x7
 357 01f6 EF020000 		.4byte	.LASF42
 358 01fa 05       		.byte	0x5
 359 01fb 50       		.byte	0x50
 360 01fc A2000000 		.4byte	0xa2
 361 0200 33       		.byte	0x33
 362 0201 07       		.uleb128 0x7
 363 0202 7B040000 		.4byte	.LASF43
 364 0206 05       		.byte	0x5
 365 0207 51       		.byte	0x51
 366 0208 A2000000 		.4byte	0xa2
 367 020c 34       		.byte	0x34
 368 020d 07       		.uleb128 0x7
 369 020e C2070000 		.4byte	.LASF44
 370 0212 05       		.byte	0x5
 371 0213 52       		.byte	0x52
 372 0214 AD000000 		.4byte	0xad
 373 0218 36       		.byte	0x36
 374 0219 07       		.uleb128 0x7
 375 021a 07020000 		.4byte	.LASF45
 376 021e 05       		.byte	0x5
 377 021f 53       		.byte	0x53
 378 0220 AD000000 		.4byte	0xad
 379 0224 38       		.byte	0x38
 380 0225 07       		.uleb128 0x7
 381 0226 08080000 		.4byte	.LASF46
 382 022a 05       		.byte	0x5
 383 022b 54       		.byte	0x54
 384 022c AD000000 		.4byte	0xad
 385 0230 3A       		.byte	0x3a
 386 0231 07       		.uleb128 0x7
 387 0232 BD010000 		.4byte	.LASF47
 388 0236 05       		.byte	0x5
 389 0237 55       		.byte	0x55
 390 0238 A2000000 		.4byte	0xa2
 391 023c 3C       		.byte	0x3c
 392 023d 07       		.uleb128 0x7
 393 023e 2E020000 		.4byte	.LASF48
 394 0242 05       		.byte	0x5
 395 0243 56       		.byte	0x56
 396 0244 A2000000 		.4byte	0xa2
 397 0248 3D       		.byte	0x3d
 398 0249 07       		.uleb128 0x7
 399 024a DC060000 		.4byte	.LASF49
 400 024e 05       		.byte	0x5
 401 024f 57       		.byte	0x57
 402 0250 A2000000 		.4byte	0xa2
ARM GAS  C:\Users\bogurad\AppData\Local\Temp\cc6TN3JM.s 			page 11


 403 0254 3E       		.byte	0x3e
 404 0255 07       		.uleb128 0x7
 405 0256 71000000 		.4byte	.LASF50
 406 025a 05       		.byte	0x5
 407 025b 58       		.byte	0x58
 408 025c A2000000 		.4byte	0xa2
 409 0260 3F       		.byte	0x3f
 410 0261 07       		.uleb128 0x7
 411 0262 EF040000 		.4byte	.LASF51
 412 0266 05       		.byte	0x5
 413 0267 59       		.byte	0x59
 414 0268 A2000000 		.4byte	0xa2
 415 026c 40       		.byte	0x40
 416 026d 07       		.uleb128 0x7
 417 026e 7A020000 		.4byte	.LASF52
 418 0272 05       		.byte	0x5
 419 0273 5A       		.byte	0x5a
 420 0274 A2000000 		.4byte	0xa2
 421 0278 41       		.byte	0x41
 422 0279 07       		.uleb128 0x7
 423 027a F2030000 		.4byte	.LASF53
 424 027e 05       		.byte	0x5
 425 027f 5B       		.byte	0x5b
 426 0280 A2000000 		.4byte	0xa2
 427 0284 42       		.byte	0x42
 428 0285 07       		.uleb128 0x7
 429 0286 C2040000 		.4byte	.LASF54
 430 028a 05       		.byte	0x5
 431 028b 5C       		.byte	0x5c
 432 028c A2000000 		.4byte	0xa2
 433 0290 43       		.byte	0x43
 434 0291 07       		.uleb128 0x7
 435 0292 F6010000 		.4byte	.LASF55
 436 0296 05       		.byte	0x5
 437 0297 5D       		.byte	0x5d
 438 0298 A2000000 		.4byte	0xa2
 439 029c 44       		.byte	0x44
 440 029d 07       		.uleb128 0x7
 441 029e 00000000 		.4byte	.LASF56
 442 02a2 05       		.byte	0x5
 443 02a3 5E       		.byte	0x5e
 444 02a4 CE000000 		.4byte	0xce
 445 02a8 48       		.byte	0x48
 446 02a9 07       		.uleb128 0x7
 447 02aa DF010000 		.4byte	.LASF57
 448 02ae 05       		.byte	0x5
 449 02af 5F       		.byte	0x5f
 450 02b0 CE000000 		.4byte	0xce
 451 02b4 4C       		.byte	0x4c
 452 02b5 07       		.uleb128 0x7
 453 02b6 D7080000 		.4byte	.LASF58
 454 02ba 05       		.byte	0x5
 455 02bb 60       		.byte	0x60
 456 02bc A2000000 		.4byte	0xa2
 457 02c0 50       		.byte	0x50
 458 02c1 07       		.uleb128 0x7
 459 02c2 37010000 		.4byte	.LASF59
ARM GAS  C:\Users\bogurad\AppData\Local\Temp\cc6TN3JM.s 			page 12


 460 02c6 05       		.byte	0x5
 461 02c7 61       		.byte	0x61
 462 02c8 A2000000 		.4byte	0xa2
 463 02cc 51       		.byte	0x51
 464 02cd 07       		.uleb128 0x7
 465 02ce 1D080000 		.4byte	.LASF60
 466 02d2 05       		.byte	0x5
 467 02d3 62       		.byte	0x62
 468 02d4 A2000000 		.4byte	0xa2
 469 02d8 52       		.byte	0x52
 470 02d9 07       		.uleb128 0x7
 471 02da 78070000 		.4byte	.LASF61
 472 02de 05       		.byte	0x5
 473 02df 63       		.byte	0x63
 474 02e0 A2000000 		.4byte	0xa2
 475 02e4 53       		.byte	0x53
 476 02e5 07       		.uleb128 0x7
 477 02e6 EA060000 		.4byte	.LASF62
 478 02ea 05       		.byte	0x5
 479 02eb 64       		.byte	0x64
 480 02ec A2000000 		.4byte	0xa2
 481 02f0 54       		.byte	0x54
 482 02f1 07       		.uleb128 0x7
 483 02f2 49010000 		.4byte	.LASF63
 484 02f6 05       		.byte	0x5
 485 02f7 65       		.byte	0x65
 486 02f8 A2000000 		.4byte	0xa2
 487 02fc 55       		.byte	0x55
 488 02fd 07       		.uleb128 0x7
 489 02fe 23030000 		.4byte	.LASF64
 490 0302 05       		.byte	0x5
 491 0303 66       		.byte	0x66
 492 0304 A2000000 		.4byte	0xa2
 493 0308 56       		.byte	0x56
 494 0309 07       		.uleb128 0x7
 495 030a 89030000 		.4byte	.LASF65
 496 030e 05       		.byte	0x5
 497 030f 67       		.byte	0x67
 498 0310 A2000000 		.4byte	0xa2
 499 0314 57       		.byte	0x57
 500 0315 07       		.uleb128 0x7
 501 0316 1C000000 		.4byte	.LASF66
 502 031a 05       		.byte	0x5
 503 031b 68       		.byte	0x68
 504 031c A2000000 		.4byte	0xa2
 505 0320 58       		.byte	0x58
 506 0321 07       		.uleb128 0x7
 507 0322 AA060000 		.4byte	.LASF67
 508 0326 05       		.byte	0x5
 509 0327 69       		.byte	0x69
 510 0328 A2000000 		.4byte	0xa2
 511 032c 59       		.byte	0x59
 512 032d 07       		.uleb128 0x7
 513 032e 70040000 		.4byte	.LASF68
 514 0332 05       		.byte	0x5
 515 0333 6E       		.byte	0x6e
 516 0334 B8000000 		.4byte	0xb8
ARM GAS  C:\Users\bogurad\AppData\Local\Temp\cc6TN3JM.s 			page 13


 517 0338 5A       		.byte	0x5a
 518 0339 07       		.uleb128 0x7
 519 033a AB070000 		.4byte	.LASF69
 520 033e 05       		.byte	0x5
 521 033f 6F       		.byte	0x6f
 522 0340 B8000000 		.4byte	0xb8
 523 0344 5C       		.byte	0x5c
 524 0345 07       		.uleb128 0x7
 525 0346 D4000000 		.4byte	.LASF70
 526 034a 05       		.byte	0x5
 527 034b 70       		.byte	0x70
 528 034c A2000000 		.4byte	0xa2
 529 0350 5E       		.byte	0x5e
 530 0351 07       		.uleb128 0x7
 531 0352 E9050000 		.4byte	.LASF71
 532 0356 05       		.byte	0x5
 533 0357 71       		.byte	0x71
 534 0358 A2000000 		.4byte	0xa2
 535 035c 5F       		.byte	0x5f
 536 035d 07       		.uleb128 0x7
 537 035e B1040000 		.4byte	.LASF72
 538 0362 05       		.byte	0x5
 539 0363 72       		.byte	0x72
 540 0364 A2000000 		.4byte	0xa2
 541 0368 60       		.byte	0x60
 542 0369 07       		.uleb128 0x7
 543 036a C2050000 		.4byte	.LASF73
 544 036e 05       		.byte	0x5
 545 036f 73       		.byte	0x73
 546 0370 CE000000 		.4byte	0xce
 547 0374 64       		.byte	0x64
 548 0375 07       		.uleb128 0x7
 549 0376 FA000000 		.4byte	.LASF74
 550 037a 05       		.byte	0x5
 551 037b 76       		.byte	0x76
 552 037c B8000000 		.4byte	0xb8
 553 0380 68       		.byte	0x68
 554 0381 07       		.uleb128 0x7
 555 0382 11030000 		.4byte	.LASF75
 556 0386 05       		.byte	0x5
 557 0387 77       		.byte	0x77
 558 0388 B8000000 		.4byte	0xb8
 559 038c 6A       		.byte	0x6a
 560 038d 07       		.uleb128 0x7
 561 038e 9D030000 		.4byte	.LASF76
 562 0392 05       		.byte	0x5
 563 0393 78       		.byte	0x78
 564 0394 B8000000 		.4byte	0xb8
 565 0398 6C       		.byte	0x6c
 566 0399 07       		.uleb128 0x7
 567 039a C3030000 		.4byte	.LASF77
 568 039e 05       		.byte	0x5
 569 039f 79       		.byte	0x79
 570 03a0 B8000000 		.4byte	0xb8
 571 03a4 6E       		.byte	0x6e
 572 03a5 07       		.uleb128 0x7
 573 03a6 C8060000 		.4byte	.LASF78
ARM GAS  C:\Users\bogurad\AppData\Local\Temp\cc6TN3JM.s 			page 14


 574 03aa 05       		.byte	0x5
 575 03ab 7B       		.byte	0x7b
 576 03ac A2000000 		.4byte	0xa2
 577 03b0 70       		.byte	0x70
 578 03b1 07       		.uleb128 0x7
 579 03b2 7F010000 		.4byte	.LASF79
 580 03b6 05       		.byte	0x5
 581 03b7 7C       		.byte	0x7c
 582 03b8 A2000000 		.4byte	0xa2
 583 03bc 71       		.byte	0x71
 584 03bd 07       		.uleb128 0x7
 585 03be 9E080000 		.4byte	.LASF80
 586 03c2 05       		.byte	0x5
 587 03c3 7D       		.byte	0x7d
 588 03c4 A2000000 		.4byte	0xa2
 589 03c8 72       		.byte	0x72
 590 03c9 07       		.uleb128 0x7
 591 03ca 8C040000 		.4byte	.LASF81
 592 03ce 05       		.byte	0x5
 593 03cf 7E       		.byte	0x7e
 594 03d0 A2000000 		.4byte	0xa2
 595 03d4 73       		.byte	0x73
 596 03d5 07       		.uleb128 0x7
 597 03d6 3E020000 		.4byte	.LASF82
 598 03da 05       		.byte	0x5
 599 03db 80       		.byte	0x80
 600 03dc B8000000 		.4byte	0xb8
 601 03e0 74       		.byte	0x74
 602 03e1 07       		.uleb128 0x7
 603 03e2 4E070000 		.4byte	.LASF83
 604 03e6 05       		.byte	0x5
 605 03e7 81       		.byte	0x81
 606 03e8 B8000000 		.4byte	0xb8
 607 03ec 76       		.byte	0x76
 608 03ed 07       		.uleb128 0x7
 609 03ee 19020000 		.4byte	.LASF84
 610 03f2 05       		.byte	0x5
 611 03f3 82       		.byte	0x82
 612 03f4 B8000000 		.4byte	0xb8
 613 03f8 78       		.byte	0x78
 614 03f9 07       		.uleb128 0x7
 615 03fa 9E000000 		.4byte	.LASF85
 616 03fe 05       		.byte	0x5
 617 03ff 83       		.byte	0x83
 618 0400 B8000000 		.4byte	0xb8
 619 0404 7A       		.byte	0x7a
 620 0405 07       		.uleb128 0x7
 621 0406 4A080000 		.4byte	.LASF86
 622 040a 05       		.byte	0x5
 623 040b 86       		.byte	0x86
 624 040c A2000000 		.4byte	0xa2
 625 0410 7C       		.byte	0x7c
 626 0411 07       		.uleb128 0x7
 627 0412 CF070000 		.4byte	.LASF87
 628 0416 05       		.byte	0x5
 629 0417 87       		.byte	0x87
 630 0418 A2000000 		.4byte	0xa2
ARM GAS  C:\Users\bogurad\AppData\Local\Temp\cc6TN3JM.s 			page 15


 631 041c 7D       		.byte	0x7d
 632 041d 07       		.uleb128 0x7
 633 041e 30000000 		.4byte	.LASF88
 634 0422 05       		.byte	0x5
 635 0423 88       		.byte	0x88
 636 0424 A2000000 		.4byte	0xa2
 637 0428 7E       		.byte	0x7e
 638 0429 07       		.uleb128 0x7
 639 042a 50020000 		.4byte	.LASF89
 640 042e 05       		.byte	0x5
 641 042f 89       		.byte	0x89
 642 0430 A2000000 		.4byte	0xa2
 643 0434 7F       		.byte	0x7f
 644 0435 07       		.uleb128 0x7
 645 0436 DB020000 		.4byte	.LASF90
 646 043a 05       		.byte	0x5
 647 043b 8A       		.byte	0x8a
 648 043c A2000000 		.4byte	0xa2
 649 0440 80       		.byte	0x80
 650 0441 07       		.uleb128 0x7
 651 0442 22040000 		.4byte	.LASF91
 652 0446 05       		.byte	0x5
 653 0447 8D       		.byte	0x8d
 654 0448 CE000000 		.4byte	0xce
 655 044c 84       		.byte	0x84
 656 044d 07       		.uleb128 0x7
 657 044e B3000000 		.4byte	.LASF92
 658 0452 05       		.byte	0x5
 659 0453 8E       		.byte	0x8e
 660 0454 CE000000 		.4byte	0xce
 661 0458 88       		.byte	0x88
 662 0459 07       		.uleb128 0x7
 663 045a 35080000 		.4byte	.LASF93
 664 045e 05       		.byte	0x5
 665 045f 8F       		.byte	0x8f
 666 0460 CE000000 		.4byte	0xce
 667 0464 8C       		.byte	0x8c
 668 0465 07       		.uleb128 0x7
 669 0466 52040000 		.4byte	.LASF94
 670 046a 05       		.byte	0x5
 671 046b 90       		.byte	0x90
 672 046c CE000000 		.4byte	0xce
 673 0470 90       		.byte	0x90
 674 0471 07       		.uleb128 0x7
 675 0472 B1020000 		.4byte	.LASF95
 676 0476 05       		.byte	0x5
 677 0477 91       		.byte	0x91
 678 0478 CE000000 		.4byte	0xce
 679 047c 94       		.byte	0x94
 680 047d 07       		.uleb128 0x7
 681 047e 0C040000 		.4byte	.LASF96
 682 0482 05       		.byte	0x5
 683 0483 92       		.byte	0x92
 684 0484 CE000000 		.4byte	0xce
 685 0488 98       		.byte	0x98
 686 0489 07       		.uleb128 0x7
 687 048a 6D080000 		.4byte	.LASF97
ARM GAS  C:\Users\bogurad\AppData\Local\Temp\cc6TN3JM.s 			page 16


 688 048e 05       		.byte	0x5
 689 048f 93       		.byte	0x93
 690 0490 CE000000 		.4byte	0xce
 691 0494 9C       		.byte	0x9c
 692 0495 07       		.uleb128 0x7
 693 0496 14010000 		.4byte	.LASF98
 694 049a 05       		.byte	0x5
 695 049b 94       		.byte	0x94
 696 049c CE000000 		.4byte	0xce
 697 04a0 A0       		.byte	0xa0
 698 04a1 07       		.uleb128 0x7
 699 04a2 A8010000 		.4byte	.LASF99
 700 04a6 05       		.byte	0x5
 701 04a7 95       		.byte	0x95
 702 04a8 B8000000 		.4byte	0xb8
 703 04ac A4       		.byte	0xa4
 704 04ad 07       		.uleb128 0x7
 705 04ae 03070000 		.4byte	.LASF100
 706 04b2 05       		.byte	0x5
 707 04b3 96       		.byte	0x96
 708 04b4 B8000000 		.4byte	0xb8
 709 04b8 A6       		.byte	0xa6
 710 04b9 07       		.uleb128 0x7
 711 04ba DD050000 		.4byte	.LASF101
 712 04be 05       		.byte	0x5
 713 04bf 97       		.byte	0x97
 714 04c0 B8000000 		.4byte	0xb8
 715 04c4 A8       		.byte	0xa8
 716 04c5 07       		.uleb128 0x7
 717 04c6 35070000 		.4byte	.LASF102
 718 04ca 05       		.byte	0x5
 719 04cb 98       		.byte	0x98
 720 04cc B8000000 		.4byte	0xb8
 721 04d0 AA       		.byte	0xaa
 722 04d1 07       		.uleb128 0x7
 723 04d2 AC030000 		.4byte	.LASF103
 724 04d6 05       		.byte	0x5
 725 04d7 99       		.byte	0x99
 726 04d8 B8000000 		.4byte	0xb8
 727 04dc AC       		.byte	0xac
 728 04dd 07       		.uleb128 0x7
 729 04de A3040000 		.4byte	.LASF104
 730 04e2 05       		.byte	0x5
 731 04e3 9A       		.byte	0x9a
 732 04e4 B8000000 		.4byte	0xb8
 733 04e8 AE       		.byte	0xae
 734 04e9 07       		.uleb128 0x7
 735 04ea B4070000 		.4byte	.LASF105
 736 04ee 05       		.byte	0x5
 737 04ef 9D       		.byte	0x9d
 738 04f0 B8000000 		.4byte	0xb8
 739 04f4 B0       		.byte	0xb0
 740 04f5 07       		.uleb128 0x7
 741 04f6 4F000000 		.4byte	.LASF106
 742 04fa 05       		.byte	0x5
 743 04fb 9E       		.byte	0x9e
 744 04fc CE000000 		.4byte	0xce
ARM GAS  C:\Users\bogurad\AppData\Local\Temp\cc6TN3JM.s 			page 17


 745 0500 B4       		.byte	0xb4
 746 0501 00       		.byte	0
 747 0502 03       		.uleb128 0x3
 748 0503 E2030000 		.4byte	.LASF107
 749 0507 05       		.byte	0x5
 750 0508 9F       		.byte	0x9f
 751 0509 F1000000 		.4byte	0xf1
 752 050d 02       		.uleb128 0x2
 753 050e 01       		.byte	0x1
 754 050f 08       		.byte	0x8
 755 0510 24070000 		.4byte	.LASF108
 756 0514 02       		.uleb128 0x2
 757 0515 04       		.byte	0x4
 758 0516 04       		.byte	0x4
 759 0517 BC050000 		.4byte	.LASF109
 760 051b 02       		.uleb128 0x2
 761 051c 08       		.byte	0x8
 762 051d 04       		.byte	0x4
 763 051e 12020000 		.4byte	.LASF110
 764 0522 02       		.uleb128 0x2
 765 0523 01       		.byte	0x1
 766 0524 02       		.byte	0x2
 767 0525 8E060000 		.4byte	.LASF111
 768 0529 08       		.uleb128 0x8
 769 052a 04       		.byte	0x4
 770 052b 09       		.uleb128 0x9
 771 052c 04       		.byte	0x4
 772 052d 31050000 		.4byte	0x531
 773 0531 0A       		.uleb128 0xa
 774 0532 3C050000 		.4byte	0x53c
 775 0536 0B       		.uleb128 0xb
 776 0537 CE000000 		.4byte	0xce
 777 053b 00       		.byte	0
 778 053c 0C       		.uleb128 0xc
 779 053d 49030000 		.4byte	.LASF112
 780 0541 06       		.byte	0x6
 781 0542 D901     		.2byte	0x1d9
 782 0544 2B050000 		.4byte	0x52b
 783 0548 0D       		.uleb128 0xd
 784 0549 B4080000 		.4byte	.LASF137
 785 054d 38       		.byte	0x38
 786 054e 06       		.byte	0x6
 787 054f 7502     		.2byte	0x275
 788 0551 0C060000 		.4byte	0x60c
 789 0555 0E       		.uleb128 0xe
 790 0556 83080000 		.4byte	.LASF113
 791 055a 06       		.byte	0x6
 792 055b 7802     		.2byte	0x278
 793 055d E0000000 		.4byte	0xe0
 794 0561 00       		.byte	0
 795 0562 0E       		.uleb128 0xe
 796 0563 CD040000 		.4byte	.LASF114
 797 0567 06       		.byte	0x6
 798 0568 7902     		.2byte	0x279
 799 056a E0000000 		.4byte	0xe0
 800 056e 04       		.byte	0x4
 801 056f 0E       		.uleb128 0xe
ARM GAS  C:\Users\bogurad\AppData\Local\Temp\cc6TN3JM.s 			page 18


 802 0570 0A010000 		.4byte	.LASF115
 803 0574 06       		.byte	0x6
 804 0575 7B02     		.2byte	0x27b
 805 0577 29050000 		.4byte	0x529
 806 057b 08       		.byte	0x8
 807 057c 0E       		.uleb128 0xe
 808 057d 8A070000 		.4byte	.LASF116
 809 0581 06       		.byte	0x6
 810 0582 7C02     		.2byte	0x27c
 811 0584 CE000000 		.4byte	0xce
 812 0588 0C       		.byte	0xc
 813 0589 0E       		.uleb128 0xe
 814 058a FE030000 		.4byte	.LASF117
 815 058e 06       		.byte	0x6
 816 058f 7D02     		.2byte	0x27d
 817 0591 E0000000 		.4byte	0xe0
 818 0595 10       		.byte	0x10
 819 0596 0E       		.uleb128 0xe
 820 0597 5F080000 		.4byte	.LASF118
 821 059b 06       		.byte	0x6
 822 059c 7E02     		.2byte	0x27e
 823 059e E0000000 		.4byte	0xe0
 824 05a2 14       		.byte	0x14
 825 05a3 0E       		.uleb128 0xe
 826 05a4 E8070000 		.4byte	.LASF119
 827 05a8 06       		.byte	0x6
 828 05a9 8002     		.2byte	0x280
 829 05ab 29050000 		.4byte	0x529
 830 05af 18       		.byte	0x18
 831 05b0 0E       		.uleb128 0xe
 832 05b1 12000000 		.4byte	.LASF120
 833 05b5 06       		.byte	0x6
 834 05b6 8102     		.2byte	0x281
 835 05b8 CE000000 		.4byte	0xce
 836 05bc 1C       		.byte	0x1c
 837 05bd 0E       		.uleb128 0xe
 838 05be A8020000 		.4byte	.LASF121
 839 05c2 06       		.byte	0x6
 840 05c3 8202     		.2byte	0x282
 841 05c5 E0000000 		.4byte	0xe0
 842 05c9 20       		.byte	0x20
 843 05ca 0E       		.uleb128 0xe
 844 05cb DC030000 		.4byte	.LASF122
 845 05cf 06       		.byte	0x6
 846 05d0 8402     		.2byte	0x284
 847 05d2 29050000 		.4byte	0x529
 848 05d6 24       		.byte	0x24
 849 05d7 0E       		.uleb128 0xe
 850 05d8 C6020000 		.4byte	.LASF123
 851 05dc 06       		.byte	0x6
 852 05dd 8502     		.2byte	0x285
 853 05df CE000000 		.4byte	0xce
 854 05e3 28       		.byte	0x28
 855 05e4 0E       		.uleb128 0xe
 856 05e5 FF050000 		.4byte	.LASF124
 857 05e9 06       		.byte	0x6
 858 05ea 8602     		.2byte	0x286
ARM GAS  C:\Users\bogurad\AppData\Local\Temp\cc6TN3JM.s 			page 19


 859 05ec E0000000 		.4byte	0xe0
 860 05f0 2C       		.byte	0x2c
 861 05f1 0E       		.uleb128 0xe
 862 05f2 BA030000 		.4byte	.LASF125
 863 05f6 06       		.byte	0x6
 864 05f7 8B02     		.2byte	0x28b
 865 05f9 3C050000 		.4byte	0x53c
 866 05fd 30       		.byte	0x30
 867 05fe 0E       		.uleb128 0xe
 868 05ff E0070000 		.4byte	.LASF126
 869 0603 06       		.byte	0x6
 870 0604 8E02     		.2byte	0x28e
 871 0606 CE000000 		.4byte	0xce
 872 060a 34       		.byte	0x34
 873 060b 00       		.byte	0
 874 060c 0C       		.uleb128 0xc
 875 060d EE070000 		.4byte	.LASF127
 876 0611 06       		.byte	0x6
 877 0612 9102     		.2byte	0x291
 878 0614 48050000 		.4byte	0x548
 879 0618 0F       		.uleb128 0xf
 880 0619 FC040000 		.4byte	.LASF138
 881 061d 02       		.byte	0x2
 882 061e 81       		.byte	0x81
 883 061f 03       		.byte	0x3
 884 0620 10       		.uleb128 0x10
 885 0621 39020000 		.4byte	.LASF139
 886 0625 01       		.byte	0x1
 887 0626 1A       		.byte	0x1a
 888 0627 94000000 		.4byte	0x94
 889 062b 00000000 		.4byte	.LFB485
 890 062f 48000000 		.4byte	.LFE485-.LFB485
 891 0633 01       		.uleb128 0x1
 892 0634 9C       		.byte	0x9c
 893 0635 B4060000 		.4byte	0x6b4
 894 0639 11       		.uleb128 0x11
 895 063a 18060000 		.4byte	0x618
 896 063e 04000000 		.4byte	.LBB4
 897 0642 02000000 		.4byte	.LBE4-.LBB4
 898 0646 01       		.byte	0x1
 899 0647 1C       		.byte	0x1c
 900 0648 12       		.uleb128 0x12
 901 0649 1C000000 		.4byte	.LVL0
 902 064d F7060000 		.4byte	0x6f7
 903 0651 79060000 		.4byte	0x679
 904 0655 13       		.uleb128 0x13
 905 0656 01       		.uleb128 0x1
 906 0657 51       		.byte	0x51
 907 0658 05       		.uleb128 0x5
 908 0659 03       		.byte	0x3
 909 065a 00000000 		.4byte	.LC0
 910 065e 13       		.uleb128 0x13
 911 065f 01       		.uleb128 0x1
 912 0660 52       		.byte	0x52
 913 0661 03       		.uleb128 0x3
 914 0662 0A       		.byte	0xa
 915 0663 9001     		.2byte	0x190
ARM GAS  C:\Users\bogurad\AppData\Local\Temp\cc6TN3JM.s 			page 20


 916 0665 13       		.uleb128 0x13
 917 0666 01       		.uleb128 0x1
 918 0667 53       		.byte	0x53
 919 0668 02       		.uleb128 0x2
 920 0669 74       		.byte	0x74
 921 066a 00       		.sleb128 0
 922 066b 13       		.uleb128 0x13
 923 066c 02       		.uleb128 0x2
 924 066d 7D       		.byte	0x7d
 925 066e 00       		.sleb128 0
 926 066f 01       		.uleb128 0x1
 927 0670 32       		.byte	0x32
 928 0671 13       		.uleb128 0x13
 929 0672 02       		.uleb128 0x2
 930 0673 7D       		.byte	0x7d
 931 0674 04       		.sleb128 4
 932 0675 02       		.uleb128 0x2
 933 0676 74       		.byte	0x74
 934 0677 00       		.sleb128 0
 935 0678 00       		.byte	0
 936 0679 12       		.uleb128 0x12
 937 067a 30000000 		.4byte	.LVL1
 938 067e F7060000 		.4byte	0x6f7
 939 0682 AA060000 		.4byte	0x6aa
 940 0686 13       		.uleb128 0x13
 941 0687 01       		.uleb128 0x1
 942 0688 51       		.byte	0x51
 943 0689 05       		.uleb128 0x5
 944 068a 03       		.byte	0x3
 945 068b 0C000000 		.4byte	.LC1
 946 068f 13       		.uleb128 0x13
 947 0690 01       		.uleb128 0x1
 948 0691 52       		.byte	0x52
 949 0692 03       		.uleb128 0x3
 950 0693 0A       		.byte	0xa
 951 0694 0020     		.2byte	0x2000
 952 0696 13       		.uleb128 0x13
 953 0697 01       		.uleb128 0x1
 954 0698 53       		.byte	0x53
 955 0699 02       		.uleb128 0x2
 956 069a 74       		.byte	0x74
 957 069b 00       		.sleb128 0
 958 069c 13       		.uleb128 0x13
 959 069d 02       		.uleb128 0x2
 960 069e 7D       		.byte	0x7d
 961 069f 00       		.sleb128 0
 962 06a0 01       		.uleb128 0x1
 963 06a1 31       		.byte	0x31
 964 06a2 13       		.uleb128 0x13
 965 06a3 02       		.uleb128 0x2
 966 06a4 7D       		.byte	0x7d
 967 06a5 04       		.sleb128 4
 968 06a6 02       		.uleb128 0x2
 969 06a7 74       		.byte	0x74
 970 06a8 00       		.sleb128 0
 971 06a9 00       		.byte	0
 972 06aa 14       		.uleb128 0x14
ARM GAS  C:\Users\bogurad\AppData\Local\Temp\cc6TN3JM.s 			page 21


 973 06ab 34000000 		.4byte	.LVL2
 974 06af 03070000 		.4byte	0x703
 975 06b3 00       		.byte	0
 976 06b4 15       		.uleb128 0x15
 977 06b5 2A010000 		.4byte	.LASF128
 978 06b9 07       		.byte	0x7
 979 06ba F907     		.2byte	0x7f9
 980 06bc C0060000 		.4byte	0x6c0
 981 06c0 05       		.uleb128 0x5
 982 06c1 C3000000 		.4byte	0xc3
 983 06c5 16       		.uleb128 0x16
 984 06c6 D3050000 		.4byte	.LASF129
 985 06ca 05       		.byte	0x5
 986 06cb A7       		.byte	0xa7
 987 06cc D0060000 		.4byte	0x6d0
 988 06d0 09       		.uleb128 0x9
 989 06d1 04       		.byte	0x4
 990 06d2 D6060000 		.4byte	0x6d6
 991 06d6 17       		.uleb128 0x17
 992 06d7 02050000 		.4byte	0x502
 993 06db 16       		.uleb128 0x16
 994 06dc 68030000 		.4byte	.LASF130
 995 06e0 08       		.byte	0x8
 996 06e1 87       		.byte	0x87
 997 06e2 0C060000 		.4byte	0x60c
 998 06e6 18       		.uleb128 0x18
 999 06e7 D0020000 		.4byte	.LASF131
 1000 06eb 01       		.byte	0x1
 1001 06ec 17       		.byte	0x17
 1002 06ed E5000000 		.4byte	0xe5
 1003 06f1 05       		.uleb128 0x5
 1004 06f2 03       		.byte	0x3
 1005 06f3 00000000 		.4byte	UART_READY
 1006 06f7 19       		.uleb128 0x19
 1007 06f8 43000000 		.4byte	.LASF132
 1008 06fc 43000000 		.4byte	.LASF132
 1009 0700 09       		.byte	0x9
 1010 0701 4101     		.2byte	0x141
 1011 0703 19       		.uleb128 0x19
 1012 0704 8A020000 		.4byte	.LASF133
 1013 0708 8A020000 		.4byte	.LASF133
 1014 070c 09       		.byte	0x9
 1015 070d 8E04     		.2byte	0x48e
 1016 070f 00       		.byte	0
 1017              		.section	.debug_abbrev,"",%progbits
 1018              	.Ldebug_abbrev0:
 1019 0000 01       		.uleb128 0x1
 1020 0001 11       		.uleb128 0x11
 1021 0002 01       		.byte	0x1
 1022 0003 25       		.uleb128 0x25
 1023 0004 0E       		.uleb128 0xe
 1024 0005 13       		.uleb128 0x13
 1025 0006 0B       		.uleb128 0xb
 1026 0007 03       		.uleb128 0x3
 1027 0008 0E       		.uleb128 0xe
 1028 0009 1B       		.uleb128 0x1b
 1029 000a 0E       		.uleb128 0xe
ARM GAS  C:\Users\bogurad\AppData\Local\Temp\cc6TN3JM.s 			page 22


 1030 000b 55       		.uleb128 0x55
 1031 000c 17       		.uleb128 0x17
 1032 000d 11       		.uleb128 0x11
 1033 000e 01       		.uleb128 0x1
 1034 000f 10       		.uleb128 0x10
 1035 0010 17       		.uleb128 0x17
 1036 0011 00       		.byte	0
 1037 0012 00       		.byte	0
 1038 0013 02       		.uleb128 0x2
 1039 0014 24       		.uleb128 0x24
 1040 0015 00       		.byte	0
 1041 0016 0B       		.uleb128 0xb
 1042 0017 0B       		.uleb128 0xb
 1043 0018 3E       		.uleb128 0x3e
 1044 0019 0B       		.uleb128 0xb
 1045 001a 03       		.uleb128 0x3
 1046 001b 0E       		.uleb128 0xe
 1047 001c 00       		.byte	0
 1048 001d 00       		.byte	0
 1049 001e 03       		.uleb128 0x3
 1050 001f 16       		.uleb128 0x16
 1051 0020 00       		.byte	0
 1052 0021 03       		.uleb128 0x3
 1053 0022 0E       		.uleb128 0xe
 1054 0023 3A       		.uleb128 0x3a
 1055 0024 0B       		.uleb128 0xb
 1056 0025 3B       		.uleb128 0x3b
 1057 0026 0B       		.uleb128 0xb
 1058 0027 49       		.uleb128 0x49
 1059 0028 13       		.uleb128 0x13
 1060 0029 00       		.byte	0
 1061 002a 00       		.byte	0
 1062 002b 04       		.uleb128 0x4
 1063 002c 24       		.uleb128 0x24
 1064 002d 00       		.byte	0
 1065 002e 0B       		.uleb128 0xb
 1066 002f 0B       		.uleb128 0xb
 1067 0030 3E       		.uleb128 0x3e
 1068 0031 0B       		.uleb128 0xb
 1069 0032 03       		.uleb128 0x3
 1070 0033 08       		.uleb128 0x8
 1071 0034 00       		.byte	0
 1072 0035 00       		.byte	0
 1073 0036 05       		.uleb128 0x5
 1074 0037 35       		.uleb128 0x35
 1075 0038 00       		.byte	0
 1076 0039 49       		.uleb128 0x49
 1077 003a 13       		.uleb128 0x13
 1078 003b 00       		.byte	0
 1079 003c 00       		.byte	0
 1080 003d 06       		.uleb128 0x6
 1081 003e 13       		.uleb128 0x13
 1082 003f 01       		.byte	0x1
 1083 0040 0B       		.uleb128 0xb
 1084 0041 0B       		.uleb128 0xb
 1085 0042 3A       		.uleb128 0x3a
 1086 0043 0B       		.uleb128 0xb
ARM GAS  C:\Users\bogurad\AppData\Local\Temp\cc6TN3JM.s 			page 23


 1087 0044 3B       		.uleb128 0x3b
 1088 0045 0B       		.uleb128 0xb
 1089 0046 01       		.uleb128 0x1
 1090 0047 13       		.uleb128 0x13
 1091 0048 00       		.byte	0
 1092 0049 00       		.byte	0
 1093 004a 07       		.uleb128 0x7
 1094 004b 0D       		.uleb128 0xd
 1095 004c 00       		.byte	0
 1096 004d 03       		.uleb128 0x3
 1097 004e 0E       		.uleb128 0xe
 1098 004f 3A       		.uleb128 0x3a
 1099 0050 0B       		.uleb128 0xb
 1100 0051 3B       		.uleb128 0x3b
 1101 0052 0B       		.uleb128 0xb
 1102 0053 49       		.uleb128 0x49
 1103 0054 13       		.uleb128 0x13
 1104 0055 38       		.uleb128 0x38
 1105 0056 0B       		.uleb128 0xb
 1106 0057 00       		.byte	0
 1107 0058 00       		.byte	0
 1108 0059 08       		.uleb128 0x8
 1109 005a 0F       		.uleb128 0xf
 1110 005b 00       		.byte	0
 1111 005c 0B       		.uleb128 0xb
 1112 005d 0B       		.uleb128 0xb
 1113 005e 00       		.byte	0
 1114 005f 00       		.byte	0
 1115 0060 09       		.uleb128 0x9
 1116 0061 0F       		.uleb128 0xf
 1117 0062 00       		.byte	0
 1118 0063 0B       		.uleb128 0xb
 1119 0064 0B       		.uleb128 0xb
 1120 0065 49       		.uleb128 0x49
 1121 0066 13       		.uleb128 0x13
 1122 0067 00       		.byte	0
 1123 0068 00       		.byte	0
 1124 0069 0A       		.uleb128 0xa
 1125 006a 15       		.uleb128 0x15
 1126 006b 01       		.byte	0x1
 1127 006c 27       		.uleb128 0x27
 1128 006d 19       		.uleb128 0x19
 1129 006e 01       		.uleb128 0x1
 1130 006f 13       		.uleb128 0x13
 1131 0070 00       		.byte	0
 1132 0071 00       		.byte	0
 1133 0072 0B       		.uleb128 0xb
 1134 0073 05       		.uleb128 0x5
 1135 0074 00       		.byte	0
 1136 0075 49       		.uleb128 0x49
 1137 0076 13       		.uleb128 0x13
 1138 0077 00       		.byte	0
 1139 0078 00       		.byte	0
 1140 0079 0C       		.uleb128 0xc
 1141 007a 16       		.uleb128 0x16
 1142 007b 00       		.byte	0
 1143 007c 03       		.uleb128 0x3
ARM GAS  C:\Users\bogurad\AppData\Local\Temp\cc6TN3JM.s 			page 24


 1144 007d 0E       		.uleb128 0xe
 1145 007e 3A       		.uleb128 0x3a
 1146 007f 0B       		.uleb128 0xb
 1147 0080 3B       		.uleb128 0x3b
 1148 0081 05       		.uleb128 0x5
 1149 0082 49       		.uleb128 0x49
 1150 0083 13       		.uleb128 0x13
 1151 0084 00       		.byte	0
 1152 0085 00       		.byte	0
 1153 0086 0D       		.uleb128 0xd
 1154 0087 13       		.uleb128 0x13
 1155 0088 01       		.byte	0x1
 1156 0089 03       		.uleb128 0x3
 1157 008a 0E       		.uleb128 0xe
 1158 008b 0B       		.uleb128 0xb
 1159 008c 0B       		.uleb128 0xb
 1160 008d 3A       		.uleb128 0x3a
 1161 008e 0B       		.uleb128 0xb
 1162 008f 3B       		.uleb128 0x3b
 1163 0090 05       		.uleb128 0x5
 1164 0091 01       		.uleb128 0x1
 1165 0092 13       		.uleb128 0x13
 1166 0093 00       		.byte	0
 1167 0094 00       		.byte	0
 1168 0095 0E       		.uleb128 0xe
 1169 0096 0D       		.uleb128 0xd
 1170 0097 00       		.byte	0
 1171 0098 03       		.uleb128 0x3
 1172 0099 0E       		.uleb128 0xe
 1173 009a 3A       		.uleb128 0x3a
 1174 009b 0B       		.uleb128 0xb
 1175 009c 3B       		.uleb128 0x3b
 1176 009d 05       		.uleb128 0x5
 1177 009e 49       		.uleb128 0x49
 1178 009f 13       		.uleb128 0x13
 1179 00a0 38       		.uleb128 0x38
 1180 00a1 0B       		.uleb128 0xb
 1181 00a2 00       		.byte	0
 1182 00a3 00       		.byte	0
 1183 00a4 0F       		.uleb128 0xf
 1184 00a5 2E       		.uleb128 0x2e
 1185 00a6 00       		.byte	0
 1186 00a7 03       		.uleb128 0x3
 1187 00a8 0E       		.uleb128 0xe
 1188 00a9 3A       		.uleb128 0x3a
 1189 00aa 0B       		.uleb128 0xb
 1190 00ab 3B       		.uleb128 0x3b
 1191 00ac 0B       		.uleb128 0xb
 1192 00ad 27       		.uleb128 0x27
 1193 00ae 19       		.uleb128 0x19
 1194 00af 20       		.uleb128 0x20
 1195 00b0 0B       		.uleb128 0xb
 1196 00b1 00       		.byte	0
 1197 00b2 00       		.byte	0
 1198 00b3 10       		.uleb128 0x10
 1199 00b4 2E       		.uleb128 0x2e
 1200 00b5 01       		.byte	0x1
ARM GAS  C:\Users\bogurad\AppData\Local\Temp\cc6TN3JM.s 			page 25


 1201 00b6 3F       		.uleb128 0x3f
 1202 00b7 19       		.uleb128 0x19
 1203 00b8 03       		.uleb128 0x3
 1204 00b9 0E       		.uleb128 0xe
 1205 00ba 3A       		.uleb128 0x3a
 1206 00bb 0B       		.uleb128 0xb
 1207 00bc 3B       		.uleb128 0x3b
 1208 00bd 0B       		.uleb128 0xb
 1209 00be 27       		.uleb128 0x27
 1210 00bf 19       		.uleb128 0x19
 1211 00c0 49       		.uleb128 0x49
 1212 00c1 13       		.uleb128 0x13
 1213 00c2 8701     		.uleb128 0x87
 1214 00c4 19       		.uleb128 0x19
 1215 00c5 11       		.uleb128 0x11
 1216 00c6 01       		.uleb128 0x1
 1217 00c7 12       		.uleb128 0x12
 1218 00c8 06       		.uleb128 0x6
 1219 00c9 40       		.uleb128 0x40
 1220 00ca 18       		.uleb128 0x18
 1221 00cb 9742     		.uleb128 0x2117
 1222 00cd 19       		.uleb128 0x19
 1223 00ce 01       		.uleb128 0x1
 1224 00cf 13       		.uleb128 0x13
 1225 00d0 00       		.byte	0
 1226 00d1 00       		.byte	0
 1227 00d2 11       		.uleb128 0x11
 1228 00d3 1D       		.uleb128 0x1d
 1229 00d4 00       		.byte	0
 1230 00d5 31       		.uleb128 0x31
 1231 00d6 13       		.uleb128 0x13
 1232 00d7 11       		.uleb128 0x11
 1233 00d8 01       		.uleb128 0x1
 1234 00d9 12       		.uleb128 0x12
 1235 00da 06       		.uleb128 0x6
 1236 00db 58       		.uleb128 0x58
 1237 00dc 0B       		.uleb128 0xb
 1238 00dd 59       		.uleb128 0x59
 1239 00de 0B       		.uleb128 0xb
 1240 00df 00       		.byte	0
 1241 00e0 00       		.byte	0
 1242 00e1 12       		.uleb128 0x12
 1243 00e2 898201   		.uleb128 0x4109
 1244 00e5 01       		.byte	0x1
 1245 00e6 11       		.uleb128 0x11
 1246 00e7 01       		.uleb128 0x1
 1247 00e8 31       		.uleb128 0x31
 1248 00e9 13       		.uleb128 0x13
 1249 00ea 01       		.uleb128 0x1
 1250 00eb 13       		.uleb128 0x13
 1251 00ec 00       		.byte	0
 1252 00ed 00       		.byte	0
 1253 00ee 13       		.uleb128 0x13
 1254 00ef 8A8201   		.uleb128 0x410a
 1255 00f2 00       		.byte	0
 1256 00f3 02       		.uleb128 0x2
 1257 00f4 18       		.uleb128 0x18
ARM GAS  C:\Users\bogurad\AppData\Local\Temp\cc6TN3JM.s 			page 26


 1258 00f5 9142     		.uleb128 0x2111
 1259 00f7 18       		.uleb128 0x18
 1260 00f8 00       		.byte	0
 1261 00f9 00       		.byte	0
 1262 00fa 14       		.uleb128 0x14
 1263 00fb 898201   		.uleb128 0x4109
 1264 00fe 00       		.byte	0
 1265 00ff 11       		.uleb128 0x11
 1266 0100 01       		.uleb128 0x1
 1267 0101 31       		.uleb128 0x31
 1268 0102 13       		.uleb128 0x13
 1269 0103 00       		.byte	0
 1270 0104 00       		.byte	0
 1271 0105 15       		.uleb128 0x15
 1272 0106 34       		.uleb128 0x34
 1273 0107 00       		.byte	0
 1274 0108 03       		.uleb128 0x3
 1275 0109 0E       		.uleb128 0xe
 1276 010a 3A       		.uleb128 0x3a
 1277 010b 0B       		.uleb128 0xb
 1278 010c 3B       		.uleb128 0x3b
 1279 010d 05       		.uleb128 0x5
 1280 010e 49       		.uleb128 0x49
 1281 010f 13       		.uleb128 0x13
 1282 0110 3F       		.uleb128 0x3f
 1283 0111 19       		.uleb128 0x19
 1284 0112 3C       		.uleb128 0x3c
 1285 0113 19       		.uleb128 0x19
 1286 0114 00       		.byte	0
 1287 0115 00       		.byte	0
 1288 0116 16       		.uleb128 0x16
 1289 0117 34       		.uleb128 0x34
 1290 0118 00       		.byte	0
 1291 0119 03       		.uleb128 0x3
 1292 011a 0E       		.uleb128 0xe
 1293 011b 3A       		.uleb128 0x3a
 1294 011c 0B       		.uleb128 0xb
 1295 011d 3B       		.uleb128 0x3b
 1296 011e 0B       		.uleb128 0xb
 1297 011f 49       		.uleb128 0x49
 1298 0120 13       		.uleb128 0x13
 1299 0121 3F       		.uleb128 0x3f
 1300 0122 19       		.uleb128 0x19
 1301 0123 3C       		.uleb128 0x3c
 1302 0124 19       		.uleb128 0x19
 1303 0125 00       		.byte	0
 1304 0126 00       		.byte	0
 1305 0127 17       		.uleb128 0x17
 1306 0128 26       		.uleb128 0x26
 1307 0129 00       		.byte	0
 1308 012a 49       		.uleb128 0x49
 1309 012b 13       		.uleb128 0x13
 1310 012c 00       		.byte	0
 1311 012d 00       		.byte	0
 1312 012e 18       		.uleb128 0x18
 1313 012f 34       		.uleb128 0x34
 1314 0130 00       		.byte	0
ARM GAS  C:\Users\bogurad\AppData\Local\Temp\cc6TN3JM.s 			page 27


 1315 0131 03       		.uleb128 0x3
 1316 0132 0E       		.uleb128 0xe
 1317 0133 3A       		.uleb128 0x3a
 1318 0134 0B       		.uleb128 0xb
 1319 0135 3B       		.uleb128 0x3b
 1320 0136 0B       		.uleb128 0xb
 1321 0137 49       		.uleb128 0x49
 1322 0138 13       		.uleb128 0x13
 1323 0139 3F       		.uleb128 0x3f
 1324 013a 19       		.uleb128 0x19
 1325 013b 02       		.uleb128 0x2
 1326 013c 18       		.uleb128 0x18
 1327 013d 00       		.byte	0
 1328 013e 00       		.byte	0
 1329 013f 19       		.uleb128 0x19
 1330 0140 2E       		.uleb128 0x2e
 1331 0141 00       		.byte	0
 1332 0142 3F       		.uleb128 0x3f
 1333 0143 19       		.uleb128 0x19
 1334 0144 3C       		.uleb128 0x3c
 1335 0145 19       		.uleb128 0x19
 1336 0146 6E       		.uleb128 0x6e
 1337 0147 0E       		.uleb128 0xe
 1338 0148 03       		.uleb128 0x3
 1339 0149 0E       		.uleb128 0xe
 1340 014a 3A       		.uleb128 0x3a
 1341 014b 0B       		.uleb128 0xb
 1342 014c 3B       		.uleb128 0x3b
 1343 014d 05       		.uleb128 0x5
 1344 014e 00       		.byte	0
 1345 014f 00       		.byte	0
 1346 0150 00       		.byte	0
 1347              		.section	.debug_aranges,"",%progbits
 1348 0000 1C000000 		.4byte	0x1c
 1349 0004 0200     		.2byte	0x2
 1350 0006 00000000 		.4byte	.Ldebug_info0
 1351 000a 04       		.byte	0x4
 1352 000b 00       		.byte	0
 1353 000c 0000     		.2byte	0
 1354 000e 0000     		.2byte	0
 1355 0010 00000000 		.4byte	.LFB485
 1356 0014 48000000 		.4byte	.LFE485-.LFB485
 1357 0018 00000000 		.4byte	0
 1358 001c 00000000 		.4byte	0
 1359              		.section	.debug_ranges,"",%progbits
 1360              	.Ldebug_ranges0:
 1361 0000 00000000 		.4byte	.LFB485
 1362 0004 48000000 		.4byte	.LFE485
 1363 0008 00000000 		.4byte	0
 1364 000c 00000000 		.4byte	0
 1365              		.section	.debug_line,"",%progbits
 1366              	.Ldebug_line0:
 1367 0000 78020000 		.section	.debug_str,"MS",%progbits,1
 1367      02005502 
 1367      00000201 
 1367      FB0E0D00 
 1367      01010101 
ARM GAS  C:\Users\bogurad\AppData\Local\Temp\cc6TN3JM.s 			page 28


 1368              	.LASF56:
 1369 0000 70726F74 		.ascii	"protBusMasterMask\000"
 1369      4275734D 
 1369      61737465 
 1369      724D6173 
 1369      6B00
 1370              	.LASF120:
 1371 0012 72784275 		.ascii	"rxBufSize\000"
 1371      6653697A 
 1371      6500
 1372              	.LASF66:
 1373 001c 666C6173 		.ascii	"flashCtlMainWs3Freq\000"
 1373      6843746C 
 1373      4D61696E 
 1373      57733346 
 1373      72657100 
 1374              	.LASF88:
 1375 0030 6770696F 		.ascii	"gpioPrtCfgInOffset\000"
 1375      50727443 
 1375      6667496E 
 1375      4F666673 
 1375      657400
 1376              	.LASF132:
 1377 0043 78546173 		.ascii	"xTaskCreate\000"
 1377      6B437265 
 1377      61746500 
 1378              	.LASF106:
 1379 004f 6970634C 		.ascii	"ipcLockStatusOffset\000"
 1379      6F636B53 
 1379      74617475 
 1379      734F6666 
 1379      73657400 
 1380              	.LASF32:
 1381 0063 63727970 		.ascii	"cryptoVersion\000"
 1381      746F5665 
 1381      7273696F 
 1381      6E00
 1382              	.LASF50:
 1383 0071 70657269 		.ascii	"periClockNr\000"
 1383      436C6F63 
 1383      6B4E7200 
 1384              	.LASF28:
 1385 007d 70617373 		.ascii	"passBase\000"
 1385      42617365 
 1385      00
 1386              	.LASF41:
 1387 0086 63707573 		.ascii	"cpussIpcIrqNr\000"
 1387      73497063 
 1387      4972714E 
 1387      7200
 1388              	.LASF3:
 1389 0094 5F5F7569 		.ascii	"__uint8_t\000"
 1389      6E74385F 
 1389      7400
 1390              	.LASF85:
 1391 009e 70657269 		.ascii	"periDiv24_5CtlOffset\000"
 1391      44697632 
ARM GAS  C:\Users\bogurad\AppData\Local\Temp\cc6TN3JM.s 			page 29


 1391      345F3543 
 1391      746C4F66 
 1391      66736574 
 1392              	.LASF92:
 1393 00b3 63707573 		.ascii	"cpussCm4ClockCtlOffset\000"
 1393      73436D34 
 1393      436C6F63 
 1393      6B43746C 
 1393      4F666673 
 1394              	.LASF21:
 1395 00ca 63707573 		.ascii	"cpussBase\000"
 1395      73426173 
 1395      6500
 1396              	.LASF70:
 1397 00d4 64774368 		.ascii	"dwChCtlPrioPos\000"
 1397      43746C50 
 1397      72696F50 
 1397      6F7300
 1398              	.LASF12:
 1399 00e3 6C6F6E67 		.ascii	"long long unsigned int\000"
 1399      206C6F6E 
 1399      6720756E 
 1399      7369676E 
 1399      65642069 
 1400              	.LASF74:
 1401 00fa 70657269 		.ascii	"periTrCmdOffset\000"
 1401      5472436D 
 1401      644F6666 
 1401      73657400 
 1402              	.LASF115:
 1403 010a 72785269 		.ascii	"rxRingBuf\000"
 1403      6E674275 
 1403      6600
 1404              	.LASF98:
 1405 0114 63707573 		.ascii	"cpussSysTickCtlOffset\000"
 1405      73537973 
 1405      5469636B 
 1405      43746C4F 
 1405      66667365 
 1406              	.LASF128:
 1407 012a 49544D5F 		.ascii	"ITM_RxBuffer\000"
 1407      52784275 
 1407      66666572 
 1407      00
 1408              	.LASF59:
 1409 0137 666C6173 		.ascii	"flashPipeRequired\000"
 1409      68506970 
 1409      65526571 
 1409      75697265 
 1409      6400
 1410              	.LASF63:
 1411 0149 666C6173 		.ascii	"flashCtlMainWs0Freq\000"
 1411      6843746C 
 1411      4D61696E 
 1411      57733046 
 1411      72657100 
 1412              	.LASF15:
ARM GAS  C:\Users\bogurad\AppData\Local\Temp\cc6TN3JM.s 			page 30


 1413 015d 696E7431 		.ascii	"int16_t\000"
 1413      365F7400 
 1414              	.LASF11:
 1415 0165 6C6F6E67 		.ascii	"long long int\000"
 1415      206C6F6E 
 1415      6720696E 
 1415      7400
 1416              	.LASF1:
 1417 0173 7369676E 		.ascii	"signed char\000"
 1417      65642063 
 1417      68617200 
 1418              	.LASF79:
 1419 017f 70657269 		.ascii	"periDivCmdTypeSelPos\000"
 1419      44697643 
 1419      6D645479 
 1419      70655365 
 1419      6C506F73 
 1420              	.LASF25:
 1421 0194 70726F74 		.ascii	"protBase\000"
 1421      42617365 
 1421      00
 1422              	.LASF37:
 1423 019d 69706356 		.ascii	"ipcVersion\000"
 1423      65727369 
 1423      6F6E00
 1424              	.LASF99:
 1425 01a8 63707573 		.ascii	"cpussCm0NmiCtlOffset\000"
 1425      73436D30 
 1425      4E6D6943 
 1425      746C4F66 
 1425      66736574 
 1426              	.LASF47:
 1427 01bd 73727373 		.ascii	"srssNumClkpath\000"
 1427      4E756D43 
 1427      6C6B7061 
 1427      746800
 1428              	.LASF26:
 1429 01cc 6873696F 		.ascii	"hsiomBase\000"
 1429      6D426173 
 1429      6500
 1430              	.LASF8:
 1431 01d6 6C6F6E67 		.ascii	"long int\000"
 1431      20696E74 
 1431      00
 1432              	.LASF57:
 1433 01df 63727970 		.ascii	"cryptoMemSize\000"
 1433      746F4D65 
 1433      6D53697A 
 1433      6500
 1434              	.LASF23:
 1435 01ed 70657269 		.ascii	"periBase\000"
 1435      42617365 
 1435      00
 1436              	.LASF55:
 1437 01f6 73797350 		.ascii	"sysPmSimoPresent\000"
 1437      6D53696D 
 1437      6F507265 
ARM GAS  C:\Users\bogurad\AppData\Local\Temp\cc6TN3JM.s 			page 31


 1437      73656E74 
 1437      00
 1438              	.LASF45:
 1439 0207 63707573 		.ascii	"cpussFmIrq\000"
 1439      73466D49 
 1439      727100
 1440              	.LASF110:
 1441 0212 646F7562 		.ascii	"double\000"
 1441      6C6500
 1442              	.LASF84:
 1443 0219 70657269 		.ascii	"periDiv16_5CtlOffset\000"
 1443      44697631 
 1443      365F3543 
 1443      746C4F66 
 1443      66736574 
 1444              	.LASF48:
 1445 022e 73727373 		.ascii	"srssNumPll\000"
 1445      4E756D50 
 1445      6C6C00
 1446              	.LASF139:
 1447 0239 6D61696E 		.ascii	"main\000"
 1447      00
 1448              	.LASF82:
 1449 023e 70657269 		.ascii	"periDiv8CtlOffset\000"
 1449      44697638 
 1449      43746C4F 
 1449      66667365 
 1449      7400
 1450              	.LASF89:
 1451 0250 6770696F 		.ascii	"gpioPrtCfgOutOffset\000"
 1451      50727443 
 1451      66674F75 
 1451      744F6666 
 1451      73657400 
 1452              	.LASF22:
 1453 0264 666C6173 		.ascii	"flashcBase\000"
 1453      68634261 
 1453      736500
 1454              	.LASF9:
 1455 026f 5F5F7569 		.ascii	"__uint32_t\000"
 1455      6E743332 
 1455      5F7400
 1456              	.LASF52:
 1457 027a 70617373 		.ascii	"passSarChannels\000"
 1457      53617243 
 1457      68616E6E 
 1457      656C7300 
 1458              	.LASF133:
 1459 028a 76546173 		.ascii	"vTaskStartScheduler\000"
 1459      6B537461 
 1459      72745363 
 1459      68656475 
 1459      6C657200 
 1460              	.LASF4:
 1461 029e 5F5F696E 		.ascii	"__int16_t\000"
 1461      7431365F 
 1461      7400
ARM GAS  C:\Users\bogurad\AppData\Local\Temp\cc6TN3JM.s 			page 32


 1462              	.LASF121:
 1463 02a8 72784275 		.ascii	"rxBufIdx\000"
 1463      66496478 
 1463      00
 1464              	.LASF95:
 1465 02b1 63707573 		.ascii	"cpussCm4PwrCtlOffset\000"
 1465      73436D34 
 1465      50777243 
 1465      746C4F66 
 1465      66736574 
 1466              	.LASF123:
 1467 02c6 74784275 		.ascii	"txBufSize\000"
 1467      6653697A 
 1467      6500
 1468              	.LASF131:
 1469 02d0 55415254 		.ascii	"UART_READY\000"
 1469      5F524541 
 1469      445900
 1470              	.LASF90:
 1471 02db 6770696F 		.ascii	"gpioPrtCfgSioOffset\000"
 1471      50727443 
 1471      66675369 
 1471      6F4F6666 
 1471      73657400 
 1472              	.LASF42:
 1473 02ef 63707573 		.ascii	"cpussDwChNr\000"
 1473      73447743 
 1473      684E7200 
 1474              	.LASF13:
 1475 02fb 756E7369 		.ascii	"unsigned int\000"
 1475      676E6564 
 1475      20696E74 
 1475      00
 1476              	.LASF16:
 1477 0308 75696E74 		.ascii	"uint16_t\000"
 1477      31365F74 
 1477      00
 1478              	.LASF75:
 1479 0311 70657269 		.ascii	"periTrCmdGrSelMsk\000"
 1479      5472436D 
 1479      64477253 
 1479      656C4D73 
 1479      6B00
 1480              	.LASF64:
 1481 0323 666C6173 		.ascii	"flashCtlMainWs1Freq\000"
 1481      6843746C 
 1481      4D61696E 
 1481      57733146 
 1481      72657100 
 1482              	.LASF10:
 1483 0337 6C6F6E67 		.ascii	"long unsigned int\000"
 1483      20756E73 
 1483      69676E65 
 1483      6420696E 
 1483      7400
 1484              	.LASF112:
 1485 0349 63795F63 		.ascii	"cy_cb_scb_uart_handle_events_t\000"
ARM GAS  C:\Users\bogurad\AppData\Local\Temp\cc6TN3JM.s 			page 33


 1485      625F7363 
 1485      625F7561 
 1485      72745F68 
 1485      616E646C 
 1486              	.LASF130:
 1487 0368 55415254 		.ascii	"UART_context\000"
 1487      5F636F6E 
 1487      74657874 
 1487      00
 1488              	.LASF40:
 1489 0375 63707573 		.ascii	"cpussIpcNr\000"
 1489      73497063 
 1489      4E7200
 1490              	.LASF27:
 1491 0380 6770696F 		.ascii	"gpioBase\000"
 1491      42617365 
 1491      00
 1492              	.LASF65:
 1493 0389 666C6173 		.ascii	"flashCtlMainWs2Freq\000"
 1493      6843746C 
 1493      4D61696E 
 1493      57733246 
 1493      72657100 
 1494              	.LASF76:
 1495 039d 70657269 		.ascii	"periTrGrOffset\000"
 1495      54724772 
 1495      4F666673 
 1495      657400
 1496              	.LASF103:
 1497 03ac 63707573 		.ascii	"cpussRam1Ctl0\000"
 1497      7352616D 
 1497      3143746C 
 1497      3000
 1498              	.LASF125:
 1499 03ba 63624576 		.ascii	"cbEvents\000"
 1499      656E7473 
 1499      00
 1500              	.LASF77:
 1501 03c3 70657269 		.ascii	"periTrGrSize\000"
 1501      54724772 
 1501      53697A65 
 1501      00
 1502              	.LASF35:
 1503 03d0 6770696F 		.ascii	"gpioVersion\000"
 1503      56657273 
 1503      696F6E00 
 1504              	.LASF122:
 1505 03dc 74784275 		.ascii	"txBuf\000"
 1505      6600
 1506              	.LASF107:
 1507 03e2 63795F73 		.ascii	"cy_stc_device_t\000"
 1507      74635F64 
 1507      65766963 
 1507      655F7400 
 1508              	.LASF53:
 1509 03f2 65704D6F 		.ascii	"epMonitorNr\000"
 1509      6E69746F 
ARM GAS  C:\Users\bogurad\AppData\Local\Temp\cc6TN3JM.s 			page 34


 1509      724E7200 
 1510              	.LASF117:
 1511 03fe 72785269 		.ascii	"rxRingBufHead\000"
 1511      6E674275 
 1511      66486561 
 1511      6400
 1512              	.LASF96:
 1513 040c 63707573 		.ascii	"cpussTrimRamCtlOffset\000"
 1513      73547269 
 1513      6D52616D 
 1513      43746C4F 
 1513      66667365 
 1514              	.LASF91:
 1515 0422 63707573 		.ascii	"cpussCm0ClockCtlOffset\000"
 1515      73436D30 
 1515      436C6F63 
 1515      6B43746C 
 1515      4F666673 
 1516              	.LASF31:
 1517 0439 63707573 		.ascii	"cpussVersion\000"
 1517      73566572 
 1517      73696F6E 
 1517      00
 1518              	.LASF38:
 1519 0446 70657269 		.ascii	"periVersion\000"
 1519      56657273 
 1519      696F6E00 
 1520              	.LASF94:
 1521 0452 63707573 		.ascii	"cpussCm0StatusOffset\000"
 1521      73436D30 
 1521      53746174 
 1521      75734F66 
 1521      66736574 
 1522              	.LASF19:
 1523 0467 73697A65 		.ascii	"sizetype\000"
 1523      74797065 
 1523      00
 1524              	.LASF68:
 1525 0470 64774368 		.ascii	"dwChOffset\000"
 1525      4F666673 
 1525      657400
 1526              	.LASF43:
 1527 047b 63707573 		.ascii	"cpussFlashPaSize\000"
 1527      73466C61 
 1527      73685061 
 1527      53697A65 
 1527      00
 1528              	.LASF81:
 1529 048c 70657269 		.ascii	"periDivCmdPaTypeSelPos\000"
 1529      44697643 
 1529      6D645061 
 1529      54797065 
 1529      53656C50 
 1530              	.LASF104:
 1531 04a3 63707573 		.ascii	"cpussRam2Ctl0\000"
 1531      7352616D 
 1531      3243746C 
ARM GAS  C:\Users\bogurad\AppData\Local\Temp\cc6TN3JM.s 			page 35


 1531      3000
 1532              	.LASF72:
 1533 04b1 64775374 		.ascii	"dwStatusChIdxPos\000"
 1533      61747573 
 1533      43684964 
 1533      78506F73 
 1533      00
 1534              	.LASF54:
 1535 04c2 75646250 		.ascii	"udbPresent\000"
 1535      72657365 
 1535      6E7400
 1536              	.LASF114:
 1537 04cd 72785374 		.ascii	"rxStatus\000"
 1537      61747573 
 1537      00
 1538              	.LASF34:
 1539 04d6 666C6173 		.ascii	"flashcVersion\000"
 1539      68635665 
 1539      7273696F 
 1539      6E00
 1540              	.LASF30:
 1541 04e4 63727970 		.ascii	"cryptoBase\000"
 1541      746F4261 
 1541      736500
 1542              	.LASF51:
 1543 04ef 736D6966 		.ascii	"smifDeviceNr\000"
 1543      44657669 
 1543      63654E72 
 1543      00
 1544              	.LASF138:
 1545 04fc 5F5F656E 		.ascii	"__enable_irq\000"
 1545      61626C65 
 1545      5F697271 
 1545      00
 1546              	.LASF134:
 1547 0509 474E5520 		.ascii	"GNU C11 5.4.1 20160609 (release) [ARM/embedded-5-br"
 1547      43313120 
 1547      352E342E 
 1547      31203230 
 1547      31363036 
 1548 053c 616E6368 		.ascii	"anch revision 237715] -mcpu=cortex-m4 -mfloat-abi=s"
 1548      20726576 
 1548      6973696F 
 1548      6E203233 
 1548      37373135 
 1549 056f 6F667466 		.ascii	"oftfp -mfpu=fpv4-sp-d16 -mthumb -g -Og -ffunction-s"
 1549      70202D6D 
 1549      6670753D 
 1549      66707634 
 1549      2D73702D 
 1550 05a2 65637469 		.ascii	"ections -ffat-lto-objects\000"
 1550      6F6E7320 
 1550      2D666661 
 1550      742D6C74 
 1550      6F2D6F62 
 1551              	.LASF109:
 1552 05bc 666C6F61 		.ascii	"float\000"
ARM GAS  C:\Users\bogurad\AppData\Local\Temp\cc6TN3JM.s 			page 36


 1552      7400
 1553              	.LASF73:
 1554 05c2 64775374 		.ascii	"dwStatusChIdxMsk\000"
 1554      61747573 
 1554      43684964 
 1554      784D736B 
 1554      00
 1555              	.LASF129:
 1556 05d3 63795F64 		.ascii	"cy_device\000"
 1556      65766963 
 1556      6500
 1557              	.LASF101:
 1558 05dd 63707573 		.ascii	"cpussRomCtl\000"
 1558      73526F6D 
 1558      43746C00 
 1559              	.LASF71:
 1560 05e9 64774368 		.ascii	"dwChCtlPreemptablePos\000"
 1560      43746C50 
 1560      7265656D 
 1560      70746162 
 1560      6C65506F 
 1561              	.LASF124:
 1562 05ff 74784C65 		.ascii	"txLeftToTransmit\000"
 1562      6674546F 
 1562      5472616E 
 1562      736D6974 
 1562      00
 1563              	.LASF136:
 1564 0610 433A5C55 		.ascii	"C:\\Users\\bogurad\\Desktop\\Proyectos gitHub\\TFG2"
 1564      73657273 
 1564      5C626F67 
 1564      75726164 
 1564      5C446573 
 1565 063e 5C436F64 		.ascii	"\\Codigo\\Algoritmos postcuanticos\\PSOC\\Workspace"
 1565      69676F5C 
 1565      416C676F 
 1565      7269746D 
 1565      6F732070 
 1566 066d 5C4B5942 		.ascii	"\\KYBER\\Kyber\\Kyber.cydsn\000"
 1566      45525C4B 
 1566      79626572 
 1566      5C4B7962 
 1566      65722E63 
 1567              	.LASF24:
 1568 0686 75646242 		.ascii	"udbBase\000"
 1568      61736500 
 1569              	.LASF111:
 1570 068e 5F426F6F 		.ascii	"_Bool\000"
 1570      6C00
 1571              	.LASF17:
 1572 0694 696E7433 		.ascii	"int32_t\000"
 1572      325F7400 
 1573              	.LASF2:
 1574 069c 756E7369 		.ascii	"unsigned char\000"
 1574      676E6564 
 1574      20636861 
 1574      7200
ARM GAS  C:\Users\bogurad\AppData\Local\Temp\cc6TN3JM.s 			page 37


 1575              	.LASF67:
 1576 06aa 666C6173 		.ascii	"flashCtlMainWs4Freq\000"
 1576      6843746C 
 1576      4D61696E 
 1576      57733446 
 1576      72657100 
 1577              	.LASF0:
 1578 06be 73686F72 		.ascii	"short int\000"
 1578      7420696E 
 1578      7400
 1579              	.LASF78:
 1580 06c8 70657269 		.ascii	"periDivCmdDivSelMsk\000"
 1580      44697643 
 1580      6D644469 
 1580      7653656C 
 1580      4D736B00 
 1581              	.LASF49:
 1582 06dc 73727373 		.ascii	"srssNumHfroot\000"
 1582      4E756D48 
 1582      66726F6F 
 1582      7400
 1583              	.LASF62:
 1584 06ea 666C6173 		.ascii	"flashEraseDelay\000"
 1584      68457261 
 1584      73654465 
 1584      6C617900 
 1585              	.LASF18:
 1586 06fa 75696E74 		.ascii	"uint32_t\000"
 1586      33325F74 
 1586      00
 1587              	.LASF100:
 1588 0703 63707573 		.ascii	"cpussCm4NmiCtlOffset\000"
 1588      73436D34 
 1588      4E6D6943 
 1588      746C4F66 
 1588      66736574 
 1589              	.LASF20:
 1590 0718 6C6F6E67 		.ascii	"long double\000"
 1590      20646F75 
 1590      626C6500 
 1591              	.LASF108:
 1592 0724 63686172 		.ascii	"char\000"
 1592      00
 1593              	.LASF39:
 1594 0729 70726F74 		.ascii	"protVersion\000"
 1594      56657273 
 1594      696F6E00 
 1595              	.LASF102:
 1596 0735 63707573 		.ascii	"cpussRam0Ctl0\000"
 1596      7352616D 
 1596      3043746C 
 1596      3000
 1597              	.LASF5:
 1598 0743 5F5F7569 		.ascii	"__uint16_t\000"
 1598      6E743136 
 1598      5F7400
 1599              	.LASF83:
ARM GAS  C:\Users\bogurad\AppData\Local\Temp\cc6TN3JM.s 			page 38


 1600 074e 70657269 		.ascii	"periDiv16CtlOffset\000"
 1600      44697631 
 1600      3643746C 
 1600      4F666673 
 1600      657400
 1601              	.LASF7:
 1602 0761 5F5F696E 		.ascii	"__int32_t\000"
 1602      7433325F 
 1602      7400
 1603              	.LASF36:
 1604 076b 6873696F 		.ascii	"hsiomVersion\000"
 1604      6D566572 
 1604      73696F6E 
 1604      00
 1605              	.LASF61:
 1606 0778 666C6173 		.ascii	"flashProgramDelay\000"
 1606      6850726F 
 1606      6772616D 
 1606      44656C61 
 1606      7900
 1607              	.LASF116:
 1608 078a 72785269 		.ascii	"rxRingBufSize\000"
 1608      6E674275 
 1608      6653697A 
 1608      6500
 1609              	.LASF6:
 1610 0798 73686F72 		.ascii	"short unsigned int\000"
 1610      7420756E 
 1610      7369676E 
 1610      65642069 
 1610      6E7400
 1611              	.LASF69:
 1612 07ab 64774368 		.ascii	"dwChSize\000"
 1612      53697A65 
 1612      00
 1613              	.LASF105:
 1614 07b4 69706353 		.ascii	"ipcStructSize\000"
 1614      74727563 
 1614      7453697A 
 1614      6500
 1615              	.LASF44:
 1616 07c2 63707573 		.ascii	"cpussIpc0Irq\000"
 1616      73497063 
 1616      30497271 
 1616      00
 1617              	.LASF87:
 1618 07cf 6770696F 		.ascii	"gpioPrtCfgOffset\000"
 1618      50727443 
 1618      66674F66 
 1618      66736574 
 1618      00
 1619              	.LASF126:
 1620 07e0 696E6974 		.ascii	"initKey\000"
 1620      4B657900 
 1621              	.LASF119:
 1622 07e8 72784275 		.ascii	"rxBuf\000"
 1622      6600
ARM GAS  C:\Users\bogurad\AppData\Local\Temp\cc6TN3JM.s 			page 39


 1623              	.LASF127:
 1624 07ee 63795F73 		.ascii	"cy_stc_scb_uart_context_t\000"
 1624      74635F73 
 1624      63625F75 
 1624      6172745F 
 1624      636F6E74 
 1625              	.LASF46:
 1626 0808 63707573 		.ascii	"cpussNotConnectedIrq\000"
 1626      734E6F74 
 1626      436F6E6E 
 1626      65637465 
 1626      64497271 
 1627              	.LASF60:
 1628 081d 666C6173 		.ascii	"flashWriteDelay\000"
 1628      68577269 
 1628      74654465 
 1628      6C617900 
 1629              	.LASF14:
 1630 082d 75696E74 		.ascii	"uint8_t\000"
 1630      385F7400 
 1631              	.LASF93:
 1632 0835 63707573 		.ascii	"cpussCm4StatusOffset\000"
 1632      73436D34 
 1632      53746174 
 1632      75734F66 
 1632      66736574 
 1633              	.LASF86:
 1634 084a 6770696F 		.ascii	"gpioPrtIntrCfgOffset\000"
 1634      50727449 
 1634      6E747243 
 1634      66674F66 
 1634      66736574 
 1635              	.LASF118:
 1636 085f 72785269 		.ascii	"rxRingBufTail\000"
 1636      6E674275 
 1636      66546169 
 1636      6C00
 1637              	.LASF97:
 1638 086d 63707573 		.ascii	"cpussTrimRomCtlOffset\000"
 1638      73547269 
 1638      6D526F6D 
 1638      43746C4F 
 1638      66667365 
 1639              	.LASF113:
 1640 0883 74785374 		.ascii	"txStatus\000"
 1640      61747573 
 1640      00
 1641              	.LASF33:
 1642 088c 64775665 		.ascii	"dwVersion\000"
 1642      7273696F 
 1642      6E00
 1643              	.LASF29:
 1644 0896 69706342 		.ascii	"ipcBase\000"
 1644      61736500 
 1645              	.LASF80:
 1646 089e 70657269 		.ascii	"periDivCmdPaDivSelPos\000"
 1646      44697643 
ARM GAS  C:\Users\bogurad\AppData\Local\Temp\cc6TN3JM.s 			page 40


 1646      6D645061 
 1646      44697653 
 1646      656C506F 
 1647              	.LASF137:
 1648 08b4 63795F73 		.ascii	"cy_stc_scb_uart_context\000"
 1648      74635F73 
 1648      63625F75 
 1648      6172745F 
 1648      636F6E74 
 1649              	.LASF135:
 1650 08cc 6D61696E 		.ascii	"main_cm4.c\000"
 1650      5F636D34 
 1650      2E6300
 1651              	.LASF58:
 1652 08d7 666C6173 		.ascii	"flashRwwRequired\000"
 1652      68527777 
 1652      52657175 
 1652      69726564 
 1652      00
 1653              		.ident	"GCC: (GNU Tools for ARM Embedded Processors) 5.4.1 20160609 (release) [ARM/embedded-5-bran
