ARM GAS  C:\Users\bogur\AppData\Local\Temp\ccBQzny8.s 			page 1


   1              		.syntax unified
   2              		.cpu cortex-m4
   3              		.eabi_attribute 27, 1
   4              		.fpu fpv4-sp-d16
   5              		.eabi_attribute 20, 1
   6              		.eabi_attribute 21, 1
   7              		.eabi_attribute 23, 3
   8              		.eabi_attribute 24, 1
   9              		.eabi_attribute 25, 1
  10              		.eabi_attribute 26, 1
  11              		.eabi_attribute 30, 1
  12              		.eabi_attribute 34, 1
  13              		.eabi_attribute 18, 4
  14              		.thumb
  15              		.syntax unified
  16              		.file	"symmetric-aes.c"
  17              		.text
  18              	.Ltext0:
  19              		.cfi_sections	.debug_frame
  20              		.section	.text.kyber_aes256xof_absorb,"ax",%progbits
  21              		.align	2
  22              		.global	kyber_aes256xof_absorb
  23              		.thumb
  24              		.thumb_func
  25              		.type	kyber_aes256xof_absorb, %function
  26              	kyber_aes256xof_absorb:
  27              	.LFB0:
  28              		.file 1 "..\\symmetric-aes.c"
   1:..\symmetric-aes.c **** #include <stddef.h>
   2:..\symmetric-aes.c **** #include <stdint.h>
   3:..\symmetric-aes.c **** #include "params.h"
   4:..\symmetric-aes.c **** #include "aes256ctr.h"
   5:..\symmetric-aes.c **** #include "symmetric.h"
   6:..\symmetric-aes.c **** 
   7:..\symmetric-aes.c **** void kyber_aes256xof_absorb(aes256ctr_ctx *state,
   8:..\symmetric-aes.c ****                             const uint8_t seed[KYBER_SYMBYTES],
   9:..\symmetric-aes.c ****                             uint8_t x, uint8_t y)
  10:..\symmetric-aes.c **** {
  29              		.loc 1 10 0
  30              		.cfi_startproc
  31              		@ args = 0, pretend = 0, frame = 16
  32              		@ frame_needed = 0, uses_anonymous_args = 0
  33              	.LVL0:
  34 0000 10B5     		push	{r4, lr}
  35              		.cfi_def_cfa_offset 8
  36              		.cfi_offset 4, -8
  37              		.cfi_offset 14, -4
  38 0002 84B0     		sub	sp, sp, #16
  39              		.cfi_def_cfa_offset 24
  11:..\symmetric-aes.c **** #if KYBER_SYMBYTES != 32
  12:..\symmetric-aes.c **** #error "Kyber-90s only supports KYBER_SYMBYTES = 32!"
  13:..\symmetric-aes.c **** #endif
  14:..\symmetric-aes.c **** 
  15:..\symmetric-aes.c ****   uint8_t expnonce[12] = {0};
  40              		.loc 1 15 0
  41 0004 0024     		movs	r4, #0
  42 0006 0194     		str	r4, [sp, #4]
ARM GAS  C:\Users\bogur\AppData\Local\Temp\ccBQzny8.s 			page 2


  43 0008 0294     		str	r4, [sp, #8]
  44 000a 0394     		str	r4, [sp, #12]
  16:..\symmetric-aes.c ****   expnonce[0] = x;
  45              		.loc 1 16 0
  46 000c 8DF80420 		strb	r2, [sp, #4]
  17:..\symmetric-aes.c ****   expnonce[1] = y;
  47              		.loc 1 17 0
  48 0010 8DF80530 		strb	r3, [sp, #5]
  18:..\symmetric-aes.c ****   aes256ctr_init(state, seed, expnonce);
  49              		.loc 1 18 0
  50 0014 01AA     		add	r2, sp, #4
  51              	.LVL1:
  52 0016 FFF7FEFF 		bl	pqcrystals_aes256ctr_ref_init
  53              	.LVL2:
  19:..\symmetric-aes.c **** }
  54              		.loc 1 19 0
  55 001a 04B0     		add	sp, sp, #16
  56              		.cfi_def_cfa_offset 8
  57              		@ sp needed
  58 001c 10BD     		pop	{r4, pc}
  59              		.cfi_endproc
  60              	.LFE0:
  61              		.size	kyber_aes256xof_absorb, .-kyber_aes256xof_absorb
  62 001e 00BF     		.section	.text.kyber_aes256ctr_prf,"ax",%progbits
  63              		.align	2
  64              		.global	kyber_aes256ctr_prf
  65              		.thumb
  66              		.thumb_func
  67              		.type	kyber_aes256ctr_prf, %function
  68              	kyber_aes256ctr_prf:
  69              	.LFB1:
  20:..\symmetric-aes.c **** 
  21:..\symmetric-aes.c **** void kyber_aes256ctr_prf(uint8_t *out,
  22:..\symmetric-aes.c ****                          size_t outlen,
  23:..\symmetric-aes.c ****                          const uint8_t key[32],
  24:..\symmetric-aes.c ****                          uint8_t nonce)
  25:..\symmetric-aes.c **** {
  70              		.loc 1 25 0
  71              		.cfi_startproc
  72              		@ args = 0, pretend = 0, frame = 16
  73              		@ frame_needed = 0, uses_anonymous_args = 0
  74              	.LVL3:
  75 0000 10B5     		push	{r4, lr}
  76              		.cfi_def_cfa_offset 8
  77              		.cfi_offset 4, -8
  78              		.cfi_offset 14, -4
  79 0002 84B0     		sub	sp, sp, #16
  80              		.cfi_def_cfa_offset 24
  26:..\symmetric-aes.c ****   uint8_t expnonce[12] = {0};
  81              		.loc 1 26 0
  82 0004 0024     		movs	r4, #0
  83 0006 0194     		str	r4, [sp, #4]
  84 0008 0294     		str	r4, [sp, #8]
  85 000a 0394     		str	r4, [sp, #12]
  27:..\symmetric-aes.c ****   expnonce[0] = nonce;
  86              		.loc 1 27 0
  87 000c 8DF80430 		strb	r3, [sp, #4]
ARM GAS  C:\Users\bogur\AppData\Local\Temp\ccBQzny8.s 			page 3


  28:..\symmetric-aes.c ****   aes256ctr_prf(out, outlen, key, expnonce);
  88              		.loc 1 28 0
  89 0010 01AB     		add	r3, sp, #4
  90              	.LVL4:
  91 0012 FFF7FEFF 		bl	pqcrystals_aes256ctr_ref_prf
  92              	.LVL5:
  29:..\symmetric-aes.c **** }
  93              		.loc 1 29 0
  94 0016 04B0     		add	sp, sp, #16
  95              		.cfi_def_cfa_offset 8
  96              		@ sp needed
  97 0018 10BD     		pop	{r4, pc}
  98              		.cfi_endproc
  99              	.LFE1:
 100              		.size	kyber_aes256ctr_prf, .-kyber_aes256ctr_prf
 101 001a 00BF     		.text
 102              	.Letext0:
 103              		.file 2 "c:\\program files (x86)\\cypress\\psoc creator\\4.4\\psoc creator\\import\\gnu\\arm\\5.4.
 104              		.file 3 "c:\\program files (x86)\\cypress\\psoc creator\\4.4\\psoc creator\\import\\gnu\\arm\\5.4.
 105              		.file 4 "c:\\program files (x86)\\cypress\\psoc creator\\4.4\\psoc creator\\import\\gnu\\arm\\5.4.
 106              		.file 5 "..\\aes256ctr.h"
 107              		.section	.debug_info,"",%progbits
 108              	.Ldebug_info0:
 109 0000 4D020000 		.4byte	0x24d
 110 0004 0400     		.2byte	0x4
 111 0006 00000000 		.4byte	.Ldebug_abbrev0
 112 000a 04       		.byte	0x4
 113 000b 01       		.uleb128 0x1
 114 000c DE000000 		.4byte	.LASF29
 115 0010 0C       		.byte	0xc
 116 0011 E1010000 		.4byte	.LASF30
 117 0015 F4010000 		.4byte	.LASF31
 118 0019 00000000 		.4byte	.Ldebug_ranges0+0
 119 001d 00000000 		.4byte	0
 120 0021 00000000 		.4byte	.Ldebug_line0
 121 0025 02       		.uleb128 0x2
 122 0026 04       		.byte	0x4
 123 0027 05       		.byte	0x5
 124 0028 696E7400 		.ascii	"int\000"
 125 002c 03       		.uleb128 0x3
 126 002d 0A000000 		.4byte	.LASF4
 127 0031 02       		.byte	0x2
 128 0032 D8       		.byte	0xd8
 129 0033 37000000 		.4byte	0x37
 130 0037 04       		.uleb128 0x4
 131 0038 04       		.byte	0x4
 132 0039 07       		.byte	0x7
 133 003a B2000000 		.4byte	.LASF0
 134 003e 04       		.uleb128 0x4
 135 003f 08       		.byte	0x8
 136 0040 05       		.byte	0x5
 137 0041 9A010000 		.4byte	.LASF1
 138 0045 04       		.uleb128 0x4
 139 0046 08       		.byte	0x8
 140 0047 04       		.byte	0x4
 141 0048 72020000 		.4byte	.LASF2
 142 004c 04       		.uleb128 0x4
ARM GAS  C:\Users\bogur\AppData\Local\Temp\ccBQzny8.s 			page 4


 143 004d 01       		.byte	0x1
 144 004e 06       		.byte	0x6
 145 004f 7E020000 		.4byte	.LASF3
 146 0053 03       		.uleb128 0x3
 147 0054 00000000 		.4byte	.LASF5
 148 0058 03       		.byte	0x3
 149 0059 1D       		.byte	0x1d
 150 005a 5E000000 		.4byte	0x5e
 151 005e 04       		.uleb128 0x4
 152 005f 01       		.byte	0x1
 153 0060 08       		.byte	0x8
 154 0061 39000000 		.4byte	.LASF6
 155 0065 04       		.uleb128 0x4
 156 0066 02       		.byte	0x2
 157 0067 05       		.byte	0x5
 158 0068 CC010000 		.4byte	.LASF7
 159 006c 04       		.uleb128 0x4
 160 006d 02       		.byte	0x2
 161 006e 07       		.byte	0x7
 162 006f 77000000 		.4byte	.LASF8
 163 0073 04       		.uleb128 0x4
 164 0074 04       		.byte	0x4
 165 0075 05       		.byte	0x5
 166 0076 69020000 		.4byte	.LASF9
 167 007a 03       		.uleb128 0x3
 168 007b 90000000 		.4byte	.LASF10
 169 007f 03       		.byte	0x3
 170 0080 41       		.byte	0x41
 171 0081 85000000 		.4byte	0x85
 172 0085 04       		.uleb128 0x4
 173 0086 04       		.byte	0x4
 174 0087 07       		.byte	0x7
 175 0088 65000000 		.4byte	.LASF11
 176 008c 03       		.uleb128 0x3
 177 008d D6010000 		.4byte	.LASF12
 178 0091 03       		.byte	0x3
 179 0092 5B       		.byte	0x5b
 180 0093 97000000 		.4byte	0x97
 181 0097 04       		.uleb128 0x4
 182 0098 08       		.byte	0x8
 183 0099 07       		.byte	0x7
 184 009a BF000000 		.4byte	.LASF13
 185 009e 03       		.uleb128 0x3
 186 009f D6000000 		.4byte	.LASF14
 187 00a3 04       		.byte	0x4
 188 00a4 18       		.byte	0x18
 189 00a5 53000000 		.4byte	0x53
 190 00a9 03       		.uleb128 0x3
 191 00aa 60020000 		.4byte	.LASF15
 192 00ae 04       		.byte	0x4
 193 00af 30       		.byte	0x30
 194 00b0 7A000000 		.4byte	0x7a
 195 00b4 03       		.uleb128 0x3
 196 00b5 2B000000 		.4byte	.LASF16
 197 00b9 04       		.byte	0x4
 198 00ba 3C       		.byte	0x3c
 199 00bb 8C000000 		.4byte	0x8c
ARM GAS  C:\Users\bogur\AppData\Local\Temp\ccBQzny8.s 			page 5


 200 00bf 05       		.uleb128 0x5
 201 00c0 0004     		.2byte	0x400
 202 00c2 05       		.byte	0x5
 203 00c3 0B       		.byte	0xb
 204 00c4 E2000000 		.4byte	0xe2
 205 00c8 06       		.uleb128 0x6
 206 00c9 98020000 		.4byte	.LASF17
 207 00cd 05       		.byte	0x5
 208 00ce 0C       		.byte	0xc
 209 00cf E2000000 		.4byte	0xe2
 210 00d3 00       		.byte	0
 211 00d4 07       		.uleb128 0x7
 212 00d5 69767700 		.ascii	"ivw\000"
 213 00d9 05       		.byte	0x5
 214 00da 0D       		.byte	0xd
 215 00db F9000000 		.4byte	0xf9
 216 00df C003     		.2byte	0x3c0
 217 00e1 00       		.byte	0
 218 00e2 08       		.uleb128 0x8
 219 00e3 B4000000 		.4byte	0xb4
 220 00e7 F2000000 		.4byte	0xf2
 221 00eb 09       		.uleb128 0x9
 222 00ec F2000000 		.4byte	0xf2
 223 00f0 77       		.byte	0x77
 224 00f1 00       		.byte	0
 225 00f2 04       		.uleb128 0x4
 226 00f3 04       		.byte	0x4
 227 00f4 07       		.byte	0x7
 228 00f5 91010000 		.4byte	.LASF18
 229 00f9 08       		.uleb128 0x8
 230 00fa A9000000 		.4byte	0xa9
 231 00fe 09010000 		.4byte	0x109
 232 0102 09       		.uleb128 0x9
 233 0103 F2000000 		.4byte	0xf2
 234 0107 0F       		.byte	0xf
 235 0108 00       		.byte	0
 236 0109 03       		.uleb128 0x3
 237 010a 8A020000 		.4byte	.LASF19
 238 010e 05       		.byte	0x5
 239 010f 0E       		.byte	0xe
 240 0110 BF000000 		.4byte	0xbf
 241 0114 0A       		.uleb128 0xa
 242 0115 9B000000 		.4byte	.LASF22
 243 0119 01       		.byte	0x1
 244 011a 07       		.byte	0x7
 245 011b 00000000 		.4byte	.LFB0
 246 011f 1E000000 		.4byte	.LFE0-.LFB0
 247 0123 01       		.uleb128 0x1
 248 0124 9C       		.byte	0x9c
 249 0125 8E010000 		.4byte	0x18e
 250 0129 0B       		.uleb128 0xb
 251 012a 11000000 		.4byte	.LASF20
 252 012e 01       		.byte	0x1
 253 012f 07       		.byte	0x7
 254 0130 8E010000 		.4byte	0x18e
 255 0134 00000000 		.4byte	.LLST0
 256 0138 0B       		.uleb128 0xb
ARM GAS  C:\Users\bogur\AppData\Local\Temp\ccBQzny8.s 			page 6


 257 0139 34000000 		.4byte	.LASF21
 258 013d 01       		.byte	0x1
 259 013e 08       		.byte	0x8
 260 013f 94010000 		.4byte	0x194
 261 0143 21000000 		.4byte	.LLST1
 262 0147 0C       		.uleb128 0xc
 263 0148 7800     		.ascii	"x\000"
 264 014a 01       		.byte	0x1
 265 014b 09       		.byte	0x9
 266 014c 9E000000 		.4byte	0x9e
 267 0150 42000000 		.4byte	.LLST2
 268 0154 0C       		.uleb128 0xc
 269 0155 7900     		.ascii	"y\000"
 270 0157 01       		.byte	0x1
 271 0158 09       		.byte	0x9
 272 0159 9E000000 		.4byte	0x9e
 273 015d 6F000000 		.4byte	.LLST3
 274 0161 0D       		.uleb128 0xd
 275 0162 9F020000 		.4byte	.LASF26
 276 0166 01       		.byte	0x1
 277 0167 0F       		.byte	0xf
 278 0168 9F010000 		.4byte	0x19f
 279 016c 02       		.uleb128 0x2
 280 016d 91       		.byte	0x91
 281 016e 6C       		.sleb128 -20
 282 016f 0E       		.uleb128 0xe
 283 0170 1A000000 		.4byte	.LVL2
 284 0174 3A020000 		.4byte	0x23a
 285 0178 0F       		.uleb128 0xf
 286 0179 01       		.uleb128 0x1
 287 017a 50       		.byte	0x50
 288 017b 03       		.uleb128 0x3
 289 017c F3       		.byte	0xf3
 290 017d 01       		.uleb128 0x1
 291 017e 50       		.byte	0x50
 292 017f 0F       		.uleb128 0xf
 293 0180 01       		.uleb128 0x1
 294 0181 51       		.byte	0x51
 295 0182 03       		.uleb128 0x3
 296 0183 F3       		.byte	0xf3
 297 0184 01       		.uleb128 0x1
 298 0185 51       		.byte	0x51
 299 0186 0F       		.uleb128 0xf
 300 0187 01       		.uleb128 0x1
 301 0188 52       		.byte	0x52
 302 0189 02       		.uleb128 0x2
 303 018a 91       		.byte	0x91
 304 018b 6C       		.sleb128 -20
 305 018c 00       		.byte	0
 306 018d 00       		.byte	0
 307 018e 10       		.uleb128 0x10
 308 018f 04       		.byte	0x4
 309 0190 09010000 		.4byte	0x109
 310 0194 10       		.uleb128 0x10
 311 0195 04       		.byte	0x4
 312 0196 9A010000 		.4byte	0x19a
 313 019a 11       		.uleb128 0x11
ARM GAS  C:\Users\bogur\AppData\Local\Temp\ccBQzny8.s 			page 7


 314 019b 9E000000 		.4byte	0x9e
 315 019f 08       		.uleb128 0x8
 316 01a0 9E000000 		.4byte	0x9e
 317 01a4 AF010000 		.4byte	0x1af
 318 01a8 09       		.uleb128 0x9
 319 01a9 F2000000 		.4byte	0xf2
 320 01ad 0B       		.byte	0xb
 321 01ae 00       		.byte	0
 322 01af 0A       		.uleb128 0xa
 323 01b0 17000000 		.4byte	.LASF23
 324 01b4 01       		.byte	0x1
 325 01b5 15       		.byte	0x15
 326 01b6 00000000 		.4byte	.LFB1
 327 01ba 1A000000 		.4byte	.LFE1-.LFB1
 328 01be 01       		.uleb128 0x1
 329 01bf 9C       		.byte	0x9c
 330 01c0 34020000 		.4byte	0x234
 331 01c4 0C       		.uleb128 0xc
 332 01c5 6F757400 		.ascii	"out\000"
 333 01c9 01       		.byte	0x1
 334 01ca 15       		.byte	0x15
 335 01cb 34020000 		.4byte	0x234
 336 01cf 90000000 		.4byte	.LLST4
 337 01d3 0B       		.uleb128 0xb
 338 01d4 C5010000 		.4byte	.LASF24
 339 01d8 01       		.byte	0x1
 340 01d9 16       		.byte	0x16
 341 01da 2C000000 		.4byte	0x2c
 342 01de B1000000 		.4byte	.LLST5
 343 01e2 0C       		.uleb128 0xc
 344 01e3 6B657900 		.ascii	"key\000"
 345 01e7 01       		.byte	0x1
 346 01e8 17       		.byte	0x17
 347 01e9 94010000 		.4byte	0x194
 348 01ed D2000000 		.4byte	.LLST6
 349 01f1 0B       		.uleb128 0xb
 350 01f2 8A000000 		.4byte	.LASF25
 351 01f6 01       		.byte	0x1
 352 01f7 18       		.byte	0x18
 353 01f8 9E000000 		.4byte	0x9e
 354 01fc F3000000 		.4byte	.LLST7
 355 0200 0D       		.uleb128 0xd
 356 0201 9F020000 		.4byte	.LASF26
 357 0205 01       		.byte	0x1
 358 0206 1A       		.byte	0x1a
 359 0207 9F010000 		.4byte	0x19f
 360 020b 02       		.uleb128 0x2
 361 020c 91       		.byte	0x91
 362 020d 6C       		.sleb128 -20
 363 020e 0E       		.uleb128 0xe
 364 020f 16000000 		.4byte	.LVL5
 365 0213 45020000 		.4byte	0x245
 366 0217 0F       		.uleb128 0xf
 367 0218 01       		.uleb128 0x1
 368 0219 50       		.byte	0x50
 369 021a 03       		.uleb128 0x3
 370 021b F3       		.byte	0xf3
ARM GAS  C:\Users\bogur\AppData\Local\Temp\ccBQzny8.s 			page 8


 371 021c 01       		.uleb128 0x1
 372 021d 50       		.byte	0x50
 373 021e 0F       		.uleb128 0xf
 374 021f 01       		.uleb128 0x1
 375 0220 51       		.byte	0x51
 376 0221 03       		.uleb128 0x3
 377 0222 F3       		.byte	0xf3
 378 0223 01       		.uleb128 0x1
 379 0224 51       		.byte	0x51
 380 0225 0F       		.uleb128 0xf
 381 0226 01       		.uleb128 0x1
 382 0227 52       		.byte	0x52
 383 0228 03       		.uleb128 0x3
 384 0229 F3       		.byte	0xf3
 385 022a 01       		.uleb128 0x1
 386 022b 52       		.byte	0x52
 387 022c 0F       		.uleb128 0xf
 388 022d 01       		.uleb128 0x1
 389 022e 53       		.byte	0x53
 390 022f 02       		.uleb128 0x2
 391 0230 91       		.byte	0x91
 392 0231 6C       		.sleb128 -20
 393 0232 00       		.byte	0
 394 0233 00       		.byte	0
 395 0234 10       		.uleb128 0x10
 396 0235 04       		.byte	0x4
 397 0236 9E000000 		.4byte	0x9e
 398 023a 12       		.uleb128 0x12
 399 023b 47000000 		.4byte	.LASF27
 400 023f 47000000 		.4byte	.LASF27
 401 0243 05       		.byte	0x5
 402 0244 17       		.byte	0x17
 403 0245 12       		.uleb128 0x12
 404 0246 A8010000 		.4byte	.LASF28
 405 024a A8010000 		.4byte	.LASF28
 406 024e 05       		.byte	0x5
 407 024f 11       		.byte	0x11
 408 0250 00       		.byte	0
 409              		.section	.debug_abbrev,"",%progbits
 410              	.Ldebug_abbrev0:
 411 0000 01       		.uleb128 0x1
 412 0001 11       		.uleb128 0x11
 413 0002 01       		.byte	0x1
 414 0003 25       		.uleb128 0x25
 415 0004 0E       		.uleb128 0xe
 416 0005 13       		.uleb128 0x13
 417 0006 0B       		.uleb128 0xb
 418 0007 03       		.uleb128 0x3
 419 0008 0E       		.uleb128 0xe
 420 0009 1B       		.uleb128 0x1b
 421 000a 0E       		.uleb128 0xe
 422 000b 55       		.uleb128 0x55
 423 000c 17       		.uleb128 0x17
 424 000d 11       		.uleb128 0x11
 425 000e 01       		.uleb128 0x1
 426 000f 10       		.uleb128 0x10
 427 0010 17       		.uleb128 0x17
ARM GAS  C:\Users\bogur\AppData\Local\Temp\ccBQzny8.s 			page 9


 428 0011 00       		.byte	0
 429 0012 00       		.byte	0
 430 0013 02       		.uleb128 0x2
 431 0014 24       		.uleb128 0x24
 432 0015 00       		.byte	0
 433 0016 0B       		.uleb128 0xb
 434 0017 0B       		.uleb128 0xb
 435 0018 3E       		.uleb128 0x3e
 436 0019 0B       		.uleb128 0xb
 437 001a 03       		.uleb128 0x3
 438 001b 08       		.uleb128 0x8
 439 001c 00       		.byte	0
 440 001d 00       		.byte	0
 441 001e 03       		.uleb128 0x3
 442 001f 16       		.uleb128 0x16
 443 0020 00       		.byte	0
 444 0021 03       		.uleb128 0x3
 445 0022 0E       		.uleb128 0xe
 446 0023 3A       		.uleb128 0x3a
 447 0024 0B       		.uleb128 0xb
 448 0025 3B       		.uleb128 0x3b
 449 0026 0B       		.uleb128 0xb
 450 0027 49       		.uleb128 0x49
 451 0028 13       		.uleb128 0x13
 452 0029 00       		.byte	0
 453 002a 00       		.byte	0
 454 002b 04       		.uleb128 0x4
 455 002c 24       		.uleb128 0x24
 456 002d 00       		.byte	0
 457 002e 0B       		.uleb128 0xb
 458 002f 0B       		.uleb128 0xb
 459 0030 3E       		.uleb128 0x3e
 460 0031 0B       		.uleb128 0xb
 461 0032 03       		.uleb128 0x3
 462 0033 0E       		.uleb128 0xe
 463 0034 00       		.byte	0
 464 0035 00       		.byte	0
 465 0036 05       		.uleb128 0x5
 466 0037 13       		.uleb128 0x13
 467 0038 01       		.byte	0x1
 468 0039 0B       		.uleb128 0xb
 469 003a 05       		.uleb128 0x5
 470 003b 3A       		.uleb128 0x3a
 471 003c 0B       		.uleb128 0xb
 472 003d 3B       		.uleb128 0x3b
 473 003e 0B       		.uleb128 0xb
 474 003f 01       		.uleb128 0x1
 475 0040 13       		.uleb128 0x13
 476 0041 00       		.byte	0
 477 0042 00       		.byte	0
 478 0043 06       		.uleb128 0x6
 479 0044 0D       		.uleb128 0xd
 480 0045 00       		.byte	0
 481 0046 03       		.uleb128 0x3
 482 0047 0E       		.uleb128 0xe
 483 0048 3A       		.uleb128 0x3a
 484 0049 0B       		.uleb128 0xb
ARM GAS  C:\Users\bogur\AppData\Local\Temp\ccBQzny8.s 			page 10


 485 004a 3B       		.uleb128 0x3b
 486 004b 0B       		.uleb128 0xb
 487 004c 49       		.uleb128 0x49
 488 004d 13       		.uleb128 0x13
 489 004e 38       		.uleb128 0x38
 490 004f 0B       		.uleb128 0xb
 491 0050 00       		.byte	0
 492 0051 00       		.byte	0
 493 0052 07       		.uleb128 0x7
 494 0053 0D       		.uleb128 0xd
 495 0054 00       		.byte	0
 496 0055 03       		.uleb128 0x3
 497 0056 08       		.uleb128 0x8
 498 0057 3A       		.uleb128 0x3a
 499 0058 0B       		.uleb128 0xb
 500 0059 3B       		.uleb128 0x3b
 501 005a 0B       		.uleb128 0xb
 502 005b 49       		.uleb128 0x49
 503 005c 13       		.uleb128 0x13
 504 005d 38       		.uleb128 0x38
 505 005e 05       		.uleb128 0x5
 506 005f 00       		.byte	0
 507 0060 00       		.byte	0
 508 0061 08       		.uleb128 0x8
 509 0062 01       		.uleb128 0x1
 510 0063 01       		.byte	0x1
 511 0064 49       		.uleb128 0x49
 512 0065 13       		.uleb128 0x13
 513 0066 01       		.uleb128 0x1
 514 0067 13       		.uleb128 0x13
 515 0068 00       		.byte	0
 516 0069 00       		.byte	0
 517 006a 09       		.uleb128 0x9
 518 006b 21       		.uleb128 0x21
 519 006c 00       		.byte	0
 520 006d 49       		.uleb128 0x49
 521 006e 13       		.uleb128 0x13
 522 006f 2F       		.uleb128 0x2f
 523 0070 0B       		.uleb128 0xb
 524 0071 00       		.byte	0
 525 0072 00       		.byte	0
 526 0073 0A       		.uleb128 0xa
 527 0074 2E       		.uleb128 0x2e
 528 0075 01       		.byte	0x1
 529 0076 3F       		.uleb128 0x3f
 530 0077 19       		.uleb128 0x19
 531 0078 03       		.uleb128 0x3
 532 0079 0E       		.uleb128 0xe
 533 007a 3A       		.uleb128 0x3a
 534 007b 0B       		.uleb128 0xb
 535 007c 3B       		.uleb128 0x3b
 536 007d 0B       		.uleb128 0xb
 537 007e 27       		.uleb128 0x27
 538 007f 19       		.uleb128 0x19
 539 0080 11       		.uleb128 0x11
 540 0081 01       		.uleb128 0x1
 541 0082 12       		.uleb128 0x12
ARM GAS  C:\Users\bogur\AppData\Local\Temp\ccBQzny8.s 			page 11


 542 0083 06       		.uleb128 0x6
 543 0084 40       		.uleb128 0x40
 544 0085 18       		.uleb128 0x18
 545 0086 9742     		.uleb128 0x2117
 546 0088 19       		.uleb128 0x19
 547 0089 01       		.uleb128 0x1
 548 008a 13       		.uleb128 0x13
 549 008b 00       		.byte	0
 550 008c 00       		.byte	0
 551 008d 0B       		.uleb128 0xb
 552 008e 05       		.uleb128 0x5
 553 008f 00       		.byte	0
 554 0090 03       		.uleb128 0x3
 555 0091 0E       		.uleb128 0xe
 556 0092 3A       		.uleb128 0x3a
 557 0093 0B       		.uleb128 0xb
 558 0094 3B       		.uleb128 0x3b
 559 0095 0B       		.uleb128 0xb
 560 0096 49       		.uleb128 0x49
 561 0097 13       		.uleb128 0x13
 562 0098 02       		.uleb128 0x2
 563 0099 17       		.uleb128 0x17
 564 009a 00       		.byte	0
 565 009b 00       		.byte	0
 566 009c 0C       		.uleb128 0xc
 567 009d 05       		.uleb128 0x5
 568 009e 00       		.byte	0
 569 009f 03       		.uleb128 0x3
 570 00a0 08       		.uleb128 0x8
 571 00a1 3A       		.uleb128 0x3a
 572 00a2 0B       		.uleb128 0xb
 573 00a3 3B       		.uleb128 0x3b
 574 00a4 0B       		.uleb128 0xb
 575 00a5 49       		.uleb128 0x49
 576 00a6 13       		.uleb128 0x13
 577 00a7 02       		.uleb128 0x2
 578 00a8 17       		.uleb128 0x17
 579 00a9 00       		.byte	0
 580 00aa 00       		.byte	0
 581 00ab 0D       		.uleb128 0xd
 582 00ac 34       		.uleb128 0x34
 583 00ad 00       		.byte	0
 584 00ae 03       		.uleb128 0x3
 585 00af 0E       		.uleb128 0xe
 586 00b0 3A       		.uleb128 0x3a
 587 00b1 0B       		.uleb128 0xb
 588 00b2 3B       		.uleb128 0x3b
 589 00b3 0B       		.uleb128 0xb
 590 00b4 49       		.uleb128 0x49
 591 00b5 13       		.uleb128 0x13
 592 00b6 02       		.uleb128 0x2
 593 00b7 18       		.uleb128 0x18
 594 00b8 00       		.byte	0
 595 00b9 00       		.byte	0
 596 00ba 0E       		.uleb128 0xe
 597 00bb 898201   		.uleb128 0x4109
 598 00be 01       		.byte	0x1
ARM GAS  C:\Users\bogur\AppData\Local\Temp\ccBQzny8.s 			page 12


 599 00bf 11       		.uleb128 0x11
 600 00c0 01       		.uleb128 0x1
 601 00c1 31       		.uleb128 0x31
 602 00c2 13       		.uleb128 0x13
 603 00c3 00       		.byte	0
 604 00c4 00       		.byte	0
 605 00c5 0F       		.uleb128 0xf
 606 00c6 8A8201   		.uleb128 0x410a
 607 00c9 00       		.byte	0
 608 00ca 02       		.uleb128 0x2
 609 00cb 18       		.uleb128 0x18
 610 00cc 9142     		.uleb128 0x2111
 611 00ce 18       		.uleb128 0x18
 612 00cf 00       		.byte	0
 613 00d0 00       		.byte	0
 614 00d1 10       		.uleb128 0x10
 615 00d2 0F       		.uleb128 0xf
 616 00d3 00       		.byte	0
 617 00d4 0B       		.uleb128 0xb
 618 00d5 0B       		.uleb128 0xb
 619 00d6 49       		.uleb128 0x49
 620 00d7 13       		.uleb128 0x13
 621 00d8 00       		.byte	0
 622 00d9 00       		.byte	0
 623 00da 11       		.uleb128 0x11
 624 00db 26       		.uleb128 0x26
 625 00dc 00       		.byte	0
 626 00dd 49       		.uleb128 0x49
 627 00de 13       		.uleb128 0x13
 628 00df 00       		.byte	0
 629 00e0 00       		.byte	0
 630 00e1 12       		.uleb128 0x12
 631 00e2 2E       		.uleb128 0x2e
 632 00e3 00       		.byte	0
 633 00e4 3F       		.uleb128 0x3f
 634 00e5 19       		.uleb128 0x19
 635 00e6 3C       		.uleb128 0x3c
 636 00e7 19       		.uleb128 0x19
 637 00e8 6E       		.uleb128 0x6e
 638 00e9 0E       		.uleb128 0xe
 639 00ea 03       		.uleb128 0x3
 640 00eb 0E       		.uleb128 0xe
 641 00ec 3A       		.uleb128 0x3a
 642 00ed 0B       		.uleb128 0xb
 643 00ee 3B       		.uleb128 0x3b
 644 00ef 0B       		.uleb128 0xb
 645 00f0 00       		.byte	0
 646 00f1 00       		.byte	0
 647 00f2 00       		.byte	0
 648              		.section	.debug_loc,"",%progbits
 649              	.Ldebug_loc0:
 650              	.LLST0:
 651 0000 00000000 		.4byte	.LVL0
 652 0004 19000000 		.4byte	.LVL2-1
 653 0008 0100     		.2byte	0x1
 654 000a 50       		.byte	0x50
 655 000b 19000000 		.4byte	.LVL2-1
ARM GAS  C:\Users\bogur\AppData\Local\Temp\ccBQzny8.s 			page 13


 656 000f 1E000000 		.4byte	.LFE0
 657 0013 0400     		.2byte	0x4
 658 0015 F3       		.byte	0xf3
 659 0016 01       		.uleb128 0x1
 660 0017 50       		.byte	0x50
 661 0018 9F       		.byte	0x9f
 662 0019 00000000 		.4byte	0
 663 001d 00000000 		.4byte	0
 664              	.LLST1:
 665 0021 00000000 		.4byte	.LVL0
 666 0025 19000000 		.4byte	.LVL2-1
 667 0029 0100     		.2byte	0x1
 668 002b 51       		.byte	0x51
 669 002c 19000000 		.4byte	.LVL2-1
 670 0030 1E000000 		.4byte	.LFE0
 671 0034 0400     		.2byte	0x4
 672 0036 F3       		.byte	0xf3
 673 0037 01       		.uleb128 0x1
 674 0038 51       		.byte	0x51
 675 0039 9F       		.byte	0x9f
 676 003a 00000000 		.4byte	0
 677 003e 00000000 		.4byte	0
 678              	.LLST2:
 679 0042 00000000 		.4byte	.LVL0
 680 0046 16000000 		.4byte	.LVL1
 681 004a 0100     		.2byte	0x1
 682 004c 52       		.byte	0x52
 683 004d 16000000 		.4byte	.LVL1
 684 0051 19000000 		.4byte	.LVL2-1
 685 0055 0200     		.2byte	0x2
 686 0057 72       		.byte	0x72
 687 0058 00       		.sleb128 0
 688 0059 19000000 		.4byte	.LVL2-1
 689 005d 1E000000 		.4byte	.LFE0
 690 0061 0400     		.2byte	0x4
 691 0063 F3       		.byte	0xf3
 692 0064 01       		.uleb128 0x1
 693 0065 52       		.byte	0x52
 694 0066 9F       		.byte	0x9f
 695 0067 00000000 		.4byte	0
 696 006b 00000000 		.4byte	0
 697              	.LLST3:
 698 006f 00000000 		.4byte	.LVL0
 699 0073 19000000 		.4byte	.LVL2-1
 700 0077 0100     		.2byte	0x1
 701 0079 53       		.byte	0x53
 702 007a 19000000 		.4byte	.LVL2-1
 703 007e 1E000000 		.4byte	.LFE0
 704 0082 0400     		.2byte	0x4
 705 0084 F3       		.byte	0xf3
 706 0085 01       		.uleb128 0x1
 707 0086 53       		.byte	0x53
 708 0087 9F       		.byte	0x9f
 709 0088 00000000 		.4byte	0
 710 008c 00000000 		.4byte	0
 711              	.LLST4:
 712 0090 00000000 		.4byte	.LVL3
ARM GAS  C:\Users\bogur\AppData\Local\Temp\ccBQzny8.s 			page 14


 713 0094 15000000 		.4byte	.LVL5-1
 714 0098 0100     		.2byte	0x1
 715 009a 50       		.byte	0x50
 716 009b 15000000 		.4byte	.LVL5-1
 717 009f 1A000000 		.4byte	.LFE1
 718 00a3 0400     		.2byte	0x4
 719 00a5 F3       		.byte	0xf3
 720 00a6 01       		.uleb128 0x1
 721 00a7 50       		.byte	0x50
 722 00a8 9F       		.byte	0x9f
 723 00a9 00000000 		.4byte	0
 724 00ad 00000000 		.4byte	0
 725              	.LLST5:
 726 00b1 00000000 		.4byte	.LVL3
 727 00b5 15000000 		.4byte	.LVL5-1
 728 00b9 0100     		.2byte	0x1
 729 00bb 51       		.byte	0x51
 730 00bc 15000000 		.4byte	.LVL5-1
 731 00c0 1A000000 		.4byte	.LFE1
 732 00c4 0400     		.2byte	0x4
 733 00c6 F3       		.byte	0xf3
 734 00c7 01       		.uleb128 0x1
 735 00c8 51       		.byte	0x51
 736 00c9 9F       		.byte	0x9f
 737 00ca 00000000 		.4byte	0
 738 00ce 00000000 		.4byte	0
 739              	.LLST6:
 740 00d2 00000000 		.4byte	.LVL3
 741 00d6 15000000 		.4byte	.LVL5-1
 742 00da 0100     		.2byte	0x1
 743 00dc 52       		.byte	0x52
 744 00dd 15000000 		.4byte	.LVL5-1
 745 00e1 1A000000 		.4byte	.LFE1
 746 00e5 0400     		.2byte	0x4
 747 00e7 F3       		.byte	0xf3
 748 00e8 01       		.uleb128 0x1
 749 00e9 52       		.byte	0x52
 750 00ea 9F       		.byte	0x9f
 751 00eb 00000000 		.4byte	0
 752 00ef 00000000 		.4byte	0
 753              	.LLST7:
 754 00f3 00000000 		.4byte	.LVL3
 755 00f7 12000000 		.4byte	.LVL4
 756 00fb 0100     		.2byte	0x1
 757 00fd 53       		.byte	0x53
 758 00fe 12000000 		.4byte	.LVL4
 759 0102 15000000 		.4byte	.LVL5-1
 760 0106 0200     		.2byte	0x2
 761 0108 73       		.byte	0x73
 762 0109 00       		.sleb128 0
 763 010a 15000000 		.4byte	.LVL5-1
 764 010e 1A000000 		.4byte	.LFE1
 765 0112 0400     		.2byte	0x4
 766 0114 F3       		.byte	0xf3
 767 0115 01       		.uleb128 0x1
 768 0116 53       		.byte	0x53
 769 0117 9F       		.byte	0x9f
ARM GAS  C:\Users\bogur\AppData\Local\Temp\ccBQzny8.s 			page 15


 770 0118 00000000 		.4byte	0
 771 011c 00000000 		.4byte	0
 772              		.section	.debug_aranges,"",%progbits
 773 0000 24000000 		.4byte	0x24
 774 0004 0200     		.2byte	0x2
 775 0006 00000000 		.4byte	.Ldebug_info0
 776 000a 04       		.byte	0x4
 777 000b 00       		.byte	0
 778 000c 0000     		.2byte	0
 779 000e 0000     		.2byte	0
 780 0010 00000000 		.4byte	.LFB0
 781 0014 1E000000 		.4byte	.LFE0-.LFB0
 782 0018 00000000 		.4byte	.LFB1
 783 001c 1A000000 		.4byte	.LFE1-.LFB1
 784 0020 00000000 		.4byte	0
 785 0024 00000000 		.4byte	0
 786              		.section	.debug_ranges,"",%progbits
 787              	.Ldebug_ranges0:
 788 0000 00000000 		.4byte	.LFB0
 789 0004 1E000000 		.4byte	.LFE0
 790 0008 00000000 		.4byte	.LFB1
 791 000c 1A000000 		.4byte	.LFE1
 792 0010 00000000 		.4byte	0
 793 0014 00000000 		.4byte	0
 794              		.section	.debug_line,"",%progbits
 795              	.Ldebug_line0:
 796 0000 E7010000 		.section	.debug_str,"MS",%progbits,1
 796      0200BA01 
 796      00000201 
 796      FB0E0D00 
 796      01010101 
 797              	.LASF5:
 798 0000 5F5F7569 		.ascii	"__uint8_t\000"
 798      6E74385F 
 798      7400
 799              	.LASF4:
 800 000a 73697A65 		.ascii	"size_t\000"
 800      5F7400
 801              	.LASF20:
 802 0011 73746174 		.ascii	"state\000"
 802      6500
 803              	.LASF23:
 804 0017 6B796265 		.ascii	"kyber_aes256ctr_prf\000"
 804      725F6165 
 804      73323536 
 804      6374725F 
 804      70726600 
 805              	.LASF16:
 806 002b 75696E74 		.ascii	"uint64_t\000"
 806      36345F74 
 806      00
 807              	.LASF21:
 808 0034 73656564 		.ascii	"seed\000"
 808      00
 809              	.LASF6:
 810 0039 756E7369 		.ascii	"unsigned char\000"
 810      676E6564 
ARM GAS  C:\Users\bogur\AppData\Local\Temp\ccBQzny8.s 			page 16


 810      20636861 
 810      7200
 811              	.LASF27:
 812 0047 70716372 		.ascii	"pqcrystals_aes256ctr_ref_init\000"
 812      79737461 
 812      6C735F61 
 812      65733235 
 812      36637472 
 813              	.LASF11:
 814 0065 6C6F6E67 		.ascii	"long unsigned int\000"
 814      20756E73 
 814      69676E65 
 814      6420696E 
 814      7400
 815              	.LASF8:
 816 0077 73686F72 		.ascii	"short unsigned int\000"
 816      7420756E 
 816      7369676E 
 816      65642069 
 816      6E7400
 817              	.LASF25:
 818 008a 6E6F6E63 		.ascii	"nonce\000"
 818      6500
 819              	.LASF10:
 820 0090 5F5F7569 		.ascii	"__uint32_t\000"
 820      6E743332 
 820      5F7400
 821              	.LASF22:
 822 009b 6B796265 		.ascii	"kyber_aes256xof_absorb\000"
 822      725F6165 
 822      73323536 
 822      786F665F 
 822      6162736F 
 823              	.LASF0:
 824 00b2 756E7369 		.ascii	"unsigned int\000"
 824      676E6564 
 824      20696E74 
 824      00
 825              	.LASF13:
 826 00bf 6C6F6E67 		.ascii	"long long unsigned int\000"
 826      206C6F6E 
 826      6720756E 
 826      7369676E 
 826      65642069 
 827              	.LASF14:
 828 00d6 75696E74 		.ascii	"uint8_t\000"
 828      385F7400 
 829              	.LASF29:
 830 00de 474E5520 		.ascii	"GNU C11 5.4.1 20160609 (release) [ARM/embedded-5-br"
 830      43313120 
 830      352E342E 
 830      31203230 
 830      31363036 
 831 0111 616E6368 		.ascii	"anch revision 237715] -mcpu=cortex-m4 -mfloat-abi=s"
 831      20726576 
 831      6973696F 
 831      6E203233 
ARM GAS  C:\Users\bogur\AppData\Local\Temp\ccBQzny8.s 			page 17


 831      37373135 
 832 0144 6F667466 		.ascii	"oftfp -mfpu=fpv4-sp-d16 -mthumb -g -Og -ffunction-s"
 832      70202D6D 
 832      6670753D 
 832      66707634 
 832      2D73702D 
 833 0177 65637469 		.ascii	"ections -ffat-lto-objects\000"
 833      6F6E7320 
 833      2D666661 
 833      742D6C74 
 833      6F2D6F62 
 834              	.LASF18:
 835 0191 73697A65 		.ascii	"sizetype\000"
 835      74797065 
 835      00
 836              	.LASF1:
 837 019a 6C6F6E67 		.ascii	"long long int\000"
 837      206C6F6E 
 837      6720696E 
 837      7400
 838              	.LASF28:
 839 01a8 70716372 		.ascii	"pqcrystals_aes256ctr_ref_prf\000"
 839      79737461 
 839      6C735F61 
 839      65733235 
 839      36637472 
 840              	.LASF24:
 841 01c5 6F75746C 		.ascii	"outlen\000"
 841      656E00
 842              	.LASF7:
 843 01cc 73686F72 		.ascii	"short int\000"
 843      7420696E 
 843      7400
 844              	.LASF12:
 845 01d6 5F5F7569 		.ascii	"__uint64_t\000"
 845      6E743634 
 845      5F7400
 846              	.LASF30:
 847 01e1 2E2E5C73 		.ascii	"..\\symmetric-aes.c\000"
 847      796D6D65 
 847      74726963 
 847      2D616573 
 847      2E6300
 848              	.LASF31:
 849 01f4 433A5C55 		.ascii	"C:\\Users\\bogur\\Documents\\GitHub\\TFG2\\Codigo\\"
 849      73657273 
 849      5C626F67 
 849      75725C44 
 849      6F63756D 
 850 0220 416C676F 		.ascii	"Algoritmos postcuanticos\\PSOC\\Workspace\\KYBER\\K"
 850      7269746D 
 850      6F732070 
 850      6F737463 
 850      75616E74 
 851 024f 79626572 		.ascii	"yber\\Kyber.cydsn\000"
 851      5C4B7962 
 851      65722E63 
ARM GAS  C:\Users\bogur\AppData\Local\Temp\ccBQzny8.s 			page 18


 851      7964736E 
 851      00
 852              	.LASF15:
 853 0260 75696E74 		.ascii	"uint32_t\000"
 853      33325F74 
 853      00
 854              	.LASF9:
 855 0269 6C6F6E67 		.ascii	"long int\000"
 855      20696E74 
 855      00
 856              	.LASF2:
 857 0272 6C6F6E67 		.ascii	"long double\000"
 857      20646F75 
 857      626C6500 
 858              	.LASF3:
 859 027e 7369676E 		.ascii	"signed char\000"
 859      65642063 
 859      68617200 
 860              	.LASF19:
 861 028a 61657332 		.ascii	"aes256ctr_ctx\000"
 861      35366374 
 861      725F6374 
 861      7800
 862              	.LASF17:
 863 0298 736B5F65 		.ascii	"sk_exp\000"
 863      787000
 864              	.LASF26:
 865 029f 6578706E 		.ascii	"expnonce\000"
 865      6F6E6365 
 865      00
 866              		.ident	"GCC: (GNU Tools for ARM Embedded Processors) 5.4.1 20160609 (release) [ARM/embedded-5-bran
