ARM GAS  C:\Users\bogurad\AppData\Local\Temp\cc9bo784.s 			page 1


   1              		.syntax unified
   2              		.cpu cortex-m4
   3              		.eabi_attribute 27, 1
   4              		.fpu fpv4-sp-d16
   5              		.eabi_attribute 20, 1
   6              		.eabi_attribute 21, 1
   7              		.eabi_attribute 23, 3
   8              		.eabi_attribute 24, 1
   9              		.eabi_attribute 25, 1
  10              		.eabi_attribute 26, 1
  11              		.eabi_attribute 30, 1
  12              		.eabi_attribute 34, 1
  13              		.eabi_attribute 18, 4
  14              		.thumb
  15              		.syntax unified
  16              		.file	"verify.c"
  17              		.text
  18              	.Ltext0:
  19              		.cfi_sections	.debug_frame
  20              		.section	.text.pqcrystals_kyber1024_ref_verify,"ax",%progbits
  21              		.align	2
  22              		.global	pqcrystals_kyber1024_ref_verify
  23              		.thumb
  24              		.thumb_func
  25              		.type	pqcrystals_kyber1024_ref_verify, %function
  26              	pqcrystals_kyber1024_ref_verify:
  27              	.LFB0:
  28              		.file 1 "..\\verify.c"
   1:..\verify.c   **** #include <stddef.h>
   2:..\verify.c   **** #include <stdint.h>
   3:..\verify.c   **** #include "verify.h"
   4:..\verify.c   **** 
   5:..\verify.c   **** /*************************************************
   6:..\verify.c   **** * Name:        verify
   7:..\verify.c   **** *
   8:..\verify.c   **** * Description: Compare two arrays for equality in constant time.
   9:..\verify.c   **** *
  10:..\verify.c   **** * Arguments:   const uint8_t *a: pointer to first byte array
  11:..\verify.c   **** *              const uint8_t *b: pointer to second byte array
  12:..\verify.c   **** *              size_t len:       length of the byte arrays
  13:..\verify.c   **** *
  14:..\verify.c   **** * Returns 0 if the byte arrays are equal, 1 otherwise
  15:..\verify.c   **** **************************************************/
  16:..\verify.c   **** int verify(const uint8_t *a, const uint8_t *b, size_t len)
  17:..\verify.c   **** {
  29              		.loc 1 17 0
  30              		.cfi_startproc
  31              		@ args = 0, pretend = 0, frame = 0
  32              		@ frame_needed = 0, uses_anonymous_args = 0
  33              		@ link register save eliminated.
  34              	.LVL0:
  35 0000 70B4     		push	{r4, r5, r6}
  36              		.cfi_def_cfa_offset 12
  37              		.cfi_offset 4, -12
  38              		.cfi_offset 5, -8
  39              		.cfi_offset 6, -4
  40              	.LVL1:
ARM GAS  C:\Users\bogurad\AppData\Local\Temp\cc9bo784.s 			page 2


  18:..\verify.c   ****   size_t i;
  19:..\verify.c   ****   uint8_t r = 0;
  41              		.loc 1 19 0
  42 0002 0025     		movs	r5, #0
  20:..\verify.c   **** 
  21:..\verify.c   ****   for(i=0;i<len;i++)
  43              		.loc 1 21 0
  44 0004 2B46     		mov	r3, r5
  45 0006 04E0     		b	.L2
  46              	.LVL2:
  47              	.L3:
  22:..\verify.c   ****     r |= a[i] ^ b[i];
  48              		.loc 1 22 0 discriminator 3
  49 0008 C65C     		ldrb	r6, [r0, r3]	@ zero_extendqisi2
  50 000a CC5C     		ldrb	r4, [r1, r3]	@ zero_extendqisi2
  51 000c 7440     		eors	r4, r4, r6
  52 000e 2543     		orrs	r5, r5, r4
  53              	.LVL3:
  21:..\verify.c   ****     r |= a[i] ^ b[i];
  54              		.loc 1 21 0 discriminator 3
  55 0010 0133     		adds	r3, r3, #1
  56              	.LVL4:
  57              	.L2:
  21:..\verify.c   ****     r |= a[i] ^ b[i];
  58              		.loc 1 21 0 is_stmt 0 discriminator 1
  59 0012 9342     		cmp	r3, r2
  60 0014 F8D3     		bcc	.L3
  23:..\verify.c   **** 
  24:..\verify.c   ****   return (-(uint64_t)r) >> 63;
  61              		.loc 1 24 0 is_stmt 1
  62 0016 EAB2     		uxtb	r2, r5
  63              	.LVL5:
  64 0018 0023     		movs	r3, #0
  65              	.LVL6:
  66 001a 5242     		rsbs	r2, r2, #0
  67 001c 63EB4303 		sbc	r3, r3, r3, lsl #1
  25:..\verify.c   **** }
  68              		.loc 1 25 0
  69 0020 D80F     		lsrs	r0, r3, #31
  70              	.LVL7:
  71 0022 70BC     		pop	{r4, r5, r6}
  72              		.cfi_restore 6
  73              		.cfi_restore 5
  74              		.cfi_restore 4
  75              		.cfi_def_cfa_offset 0
  76              	.LVL8:
  77 0024 7047     		bx	lr
  78              		.cfi_endproc
  79              	.LFE0:
  80              		.size	pqcrystals_kyber1024_ref_verify, .-pqcrystals_kyber1024_ref_verify
  81 0026 00BF     		.section	.text.pqcrystals_kyber1024_ref_cmov,"ax",%progbits
  82              		.align	2
  83              		.global	pqcrystals_kyber1024_ref_cmov
  84              		.thumb
  85              		.thumb_func
  86              		.type	pqcrystals_kyber1024_ref_cmov, %function
  87              	pqcrystals_kyber1024_ref_cmov:
ARM GAS  C:\Users\bogurad\AppData\Local\Temp\cc9bo784.s 			page 3


  88              	.LFB1:
  26:..\verify.c   **** 
  27:..\verify.c   **** /*************************************************
  28:..\verify.c   **** * Name:        cmov
  29:..\verify.c   **** *
  30:..\verify.c   **** * Description: Copy len bytes from x to r if b is 1;
  31:..\verify.c   **** *              don't modify x if b is 0. Requires b to be in {0,1};
  32:..\verify.c   **** *              assumes two's complement representation of negative integers.
  33:..\verify.c   **** *              Runs in constant time.
  34:..\verify.c   **** *
  35:..\verify.c   **** * Arguments:   uint8_t *r:       pointer to output byte array
  36:..\verify.c   **** *              const uint8_t *x: pointer to input byte array
  37:..\verify.c   **** *              size_t len:       Amount of bytes to be copied
  38:..\verify.c   **** *              uint8_t b:        Condition bit; has to be in {0,1}
  39:..\verify.c   **** **************************************************/
  40:..\verify.c   **** void cmov(uint8_t *r, const uint8_t *x, size_t len, uint8_t b)
  41:..\verify.c   **** {
  89              		.loc 1 41 0
  90              		.cfi_startproc
  91              		@ args = 0, pretend = 0, frame = 0
  92              		@ frame_needed = 0, uses_anonymous_args = 0
  93              		@ link register save eliminated.
  94              	.LVL9:
  95 0000 70B4     		push	{r4, r5, r6}
  96              		.cfi_def_cfa_offset 12
  97              		.cfi_offset 4, -12
  98              		.cfi_offset 5, -8
  99              		.cfi_offset 6, -4
  42:..\verify.c   ****   size_t i;
  43:..\verify.c   **** 
  44:..\verify.c   ****   b = -b;
 100              		.loc 1 44 0
 101 0002 5B42     		negs	r3, r3
 102              	.LVL10:
 103 0004 DBB2     		uxtb	r3, r3
 104              	.LVL11:
  45:..\verify.c   ****   for(i=0;i<len;i++)
 105              		.loc 1 45 0
 106 0006 0025     		movs	r5, #0
 107 0008 06E0     		b	.L6
 108              	.LVL12:
 109              	.L7:
  46:..\verify.c   ****     r[i] ^= b & (r[i] ^ x[i]);
 110              		.loc 1 46 0 discriminator 3
 111 000a 465D     		ldrb	r6, [r0, r5]	@ zero_extendqisi2
 112 000c 4C5D     		ldrb	r4, [r1, r5]	@ zero_extendqisi2
 113 000e 7440     		eors	r4, r4, r6
 114 0010 1C40     		ands	r4, r4, r3
 115 0012 7440     		eors	r4, r4, r6
 116 0014 4455     		strb	r4, [r0, r5]
  45:..\verify.c   ****   for(i=0;i<len;i++)
 117              		.loc 1 45 0 discriminator 3
 118 0016 0135     		adds	r5, r5, #1
 119              	.LVL13:
 120              	.L6:
  45:..\verify.c   ****   for(i=0;i<len;i++)
 121              		.loc 1 45 0 is_stmt 0 discriminator 1
ARM GAS  C:\Users\bogurad\AppData\Local\Temp\cc9bo784.s 			page 4


 122 0018 9542     		cmp	r5, r2
 123 001a F6D3     		bcc	.L7
  47:..\verify.c   **** }
 124              		.loc 1 47 0 is_stmt 1
 125 001c 70BC     		pop	{r4, r5, r6}
 126              		.cfi_restore 6
 127              		.cfi_restore 5
 128              		.cfi_restore 4
 129              		.cfi_def_cfa_offset 0
 130              	.LVL14:
 131 001e 7047     		bx	lr
 132              		.cfi_endproc
 133              	.LFE1:
 134              		.size	pqcrystals_kyber1024_ref_cmov, .-pqcrystals_kyber1024_ref_cmov
 135              		.text
 136              	.Letext0:
 137              		.file 2 "c:\\program files (x86)\\cypress\\psoc creator\\4.4\\psoc creator\\import\\gnu\\arm\\5.4.
 138              		.file 3 "c:\\program files (x86)\\cypress\\psoc creator\\4.4\\psoc creator\\import\\gnu\\arm\\5.4.
 139              		.file 4 "c:\\program files (x86)\\cypress\\psoc creator\\4.4\\psoc creator\\import\\gnu\\arm\\5.4.
 140              		.section	.debug_info,"",%progbits
 141              	.Ldebug_info0:
 142 0000 65010000 		.4byte	0x165
 143 0004 0400     		.2byte	0x4
 144 0006 00000000 		.4byte	.Ldebug_abbrev0
 145 000a 04       		.byte	0x4
 146 000b 01       		.uleb128 0x1
 147 000c FB000000 		.4byte	.LASF15
 148 0010 0C       		.byte	0xc
 149 0011 11000000 		.4byte	.LASF16
 150 0015 26000000 		.4byte	.LASF17
 151 0019 00000000 		.4byte	.Ldebug_ranges0+0
 152 001d 00000000 		.4byte	0
 153 0021 00000000 		.4byte	.Ldebug_line0
 154 0025 02       		.uleb128 0x2
 155 0026 04       		.byte	0x4
 156 0027 05       		.byte	0x5
 157 0028 696E7400 		.ascii	"int\000"
 158 002c 03       		.uleb128 0x3
 159 002d 0A000000 		.4byte	.LASF4
 160 0031 02       		.byte	0x2
 161 0032 D8       		.byte	0xd8
 162 0033 37000000 		.4byte	0x37
 163 0037 04       		.uleb128 0x4
 164 0038 04       		.byte	0x4
 165 0039 07       		.byte	0x7
 166 003a CF000000 		.4byte	.LASF0
 167 003e 04       		.uleb128 0x4
 168 003f 08       		.byte	0x8
 169 0040 05       		.byte	0x5
 170 0041 CC010000 		.4byte	.LASF1
 171 0045 04       		.uleb128 0x4
 172 0046 08       		.byte	0x8
 173 0047 04       		.byte	0x4
 174 0048 F8010000 		.4byte	.LASF2
 175 004c 04       		.uleb128 0x4
 176 004d 01       		.byte	0x1
 177 004e 06       		.byte	0x6
ARM GAS  C:\Users\bogurad\AppData\Local\Temp\cc9bo784.s 			page 5


 178 004f 04020000 		.4byte	.LASF3
 179 0053 03       		.uleb128 0x3
 180 0054 00000000 		.4byte	.LASF5
 181 0058 03       		.byte	0x3
 182 0059 1D       		.byte	0x1d
 183 005a 5E000000 		.4byte	0x5e
 184 005e 04       		.uleb128 0x4
 185 005f 01       		.byte	0x1
 186 0060 08       		.byte	0x8
 187 0061 9C000000 		.4byte	.LASF6
 188 0065 04       		.uleb128 0x4
 189 0066 02       		.byte	0x2
 190 0067 05       		.byte	0x5
 191 0068 DA010000 		.4byte	.LASF7
 192 006c 04       		.uleb128 0x4
 193 006d 02       		.byte	0x2
 194 006e 07       		.byte	0x7
 195 006f BC000000 		.4byte	.LASF8
 196 0073 04       		.uleb128 0x4
 197 0074 04       		.byte	0x4
 198 0075 05       		.byte	0x5
 199 0076 EF010000 		.4byte	.LASF9
 200 007a 04       		.uleb128 0x4
 201 007b 04       		.byte	0x4
 202 007c 07       		.byte	0x7
 203 007d AA000000 		.4byte	.LASF10
 204 0081 03       		.uleb128 0x3
 205 0082 E4010000 		.4byte	.LASF11
 206 0086 03       		.byte	0x3
 207 0087 5B       		.byte	0x5b
 208 0088 8C000000 		.4byte	0x8c
 209 008c 04       		.uleb128 0x4
 210 008d 08       		.byte	0x8
 211 008e 07       		.byte	0x7
 212 008f DC000000 		.4byte	.LASF12
 213 0093 03       		.uleb128 0x3
 214 0094 F3000000 		.4byte	.LASF13
 215 0098 04       		.byte	0x4
 216 0099 18       		.byte	0x18
 217 009a 53000000 		.4byte	0x53
 218 009e 03       		.uleb128 0x3
 219 009f 1D000000 		.4byte	.LASF14
 220 00a3 04       		.byte	0x4
 221 00a4 3C       		.byte	0x3c
 222 00a5 81000000 		.4byte	0x81
 223 00a9 05       		.uleb128 0x5
 224 00aa 10020000 		.4byte	.LASF18
 225 00ae 01       		.byte	0x1
 226 00af 10       		.byte	0x10
 227 00b0 25000000 		.4byte	0x25
 228 00b4 00000000 		.4byte	.LFB0
 229 00b8 26000000 		.4byte	.LFE0-.LFB0
 230 00bc 01       		.uleb128 0x1
 231 00bd 9C       		.byte	0x9c
 232 00be 04010000 		.4byte	0x104
 233 00c2 06       		.uleb128 0x6
 234 00c3 6100     		.ascii	"a\000"
ARM GAS  C:\Users\bogurad\AppData\Local\Temp\cc9bo784.s 			page 6


 235 00c5 01       		.byte	0x1
 236 00c6 10       		.byte	0x10
 237 00c7 04010000 		.4byte	0x104
 238 00cb 00000000 		.4byte	.LLST0
 239 00cf 07       		.uleb128 0x7
 240 00d0 6200     		.ascii	"b\000"
 241 00d2 01       		.byte	0x1
 242 00d3 10       		.byte	0x10
 243 00d4 04010000 		.4byte	0x104
 244 00d8 01       		.uleb128 0x1
 245 00d9 51       		.byte	0x51
 246 00da 06       		.uleb128 0x6
 247 00db 6C656E00 		.ascii	"len\000"
 248 00df 01       		.byte	0x1
 249 00e0 10       		.byte	0x10
 250 00e1 2C000000 		.4byte	0x2c
 251 00e5 21000000 		.4byte	.LLST1
 252 00e9 08       		.uleb128 0x8
 253 00ea 6900     		.ascii	"i\000"
 254 00ec 01       		.byte	0x1
 255 00ed 12       		.byte	0x12
 256 00ee 2C000000 		.4byte	0x2c
 257 00f2 42000000 		.4byte	.LLST2
 258 00f6 08       		.uleb128 0x8
 259 00f7 7200     		.ascii	"r\000"
 260 00f9 01       		.byte	0x1
 261 00fa 13       		.byte	0x13
 262 00fb 93000000 		.4byte	0x93
 263 00ff 61000000 		.4byte	.LLST3
 264 0103 00       		.byte	0
 265 0104 09       		.uleb128 0x9
 266 0105 04       		.byte	0x4
 267 0106 0A010000 		.4byte	0x10a
 268 010a 0A       		.uleb128 0xa
 269 010b 93000000 		.4byte	0x93
 270 010f 0B       		.uleb128 0xb
 271 0110 AE010000 		.4byte	.LASF19
 272 0114 01       		.byte	0x1
 273 0115 28       		.byte	0x28
 274 0116 00000000 		.4byte	.LFB1
 275 011a 20000000 		.4byte	.LFE1-.LFB1
 276 011e 01       		.uleb128 0x1
 277 011f 9C       		.byte	0x9c
 278 0120 62010000 		.4byte	0x162
 279 0124 07       		.uleb128 0x7
 280 0125 7200     		.ascii	"r\000"
 281 0127 01       		.byte	0x1
 282 0128 28       		.byte	0x28
 283 0129 62010000 		.4byte	0x162
 284 012d 01       		.uleb128 0x1
 285 012e 50       		.byte	0x50
 286 012f 07       		.uleb128 0x7
 287 0130 7800     		.ascii	"x\000"
 288 0132 01       		.byte	0x1
 289 0133 28       		.byte	0x28
 290 0134 04010000 		.4byte	0x104
 291 0138 01       		.uleb128 0x1
ARM GAS  C:\Users\bogurad\AppData\Local\Temp\cc9bo784.s 			page 7


 292 0139 51       		.byte	0x51
 293 013a 07       		.uleb128 0x7
 294 013b 6C656E00 		.ascii	"len\000"
 295 013f 01       		.byte	0x1
 296 0140 28       		.byte	0x28
 297 0141 2C000000 		.4byte	0x2c
 298 0145 01       		.uleb128 0x1
 299 0146 52       		.byte	0x52
 300 0147 06       		.uleb128 0x6
 301 0148 6200     		.ascii	"b\000"
 302 014a 01       		.byte	0x1
 303 014b 28       		.byte	0x28
 304 014c 93000000 		.4byte	0x93
 305 0150 80000000 		.4byte	.LLST4
 306 0154 08       		.uleb128 0x8
 307 0155 6900     		.ascii	"i\000"
 308 0157 01       		.byte	0x1
 309 0158 2A       		.byte	0x2a
 310 0159 2C000000 		.4byte	0x2c
 311 015d AC000000 		.4byte	.LLST5
 312 0161 00       		.byte	0
 313 0162 09       		.uleb128 0x9
 314 0163 04       		.byte	0x4
 315 0164 93000000 		.4byte	0x93
 316 0168 00       		.byte	0
 317              		.section	.debug_abbrev,"",%progbits
 318              	.Ldebug_abbrev0:
 319 0000 01       		.uleb128 0x1
 320 0001 11       		.uleb128 0x11
 321 0002 01       		.byte	0x1
 322 0003 25       		.uleb128 0x25
 323 0004 0E       		.uleb128 0xe
 324 0005 13       		.uleb128 0x13
 325 0006 0B       		.uleb128 0xb
 326 0007 03       		.uleb128 0x3
 327 0008 0E       		.uleb128 0xe
 328 0009 1B       		.uleb128 0x1b
 329 000a 0E       		.uleb128 0xe
 330 000b 55       		.uleb128 0x55
 331 000c 17       		.uleb128 0x17
 332 000d 11       		.uleb128 0x11
 333 000e 01       		.uleb128 0x1
 334 000f 10       		.uleb128 0x10
 335 0010 17       		.uleb128 0x17
 336 0011 00       		.byte	0
 337 0012 00       		.byte	0
 338 0013 02       		.uleb128 0x2
 339 0014 24       		.uleb128 0x24
 340 0015 00       		.byte	0
 341 0016 0B       		.uleb128 0xb
 342 0017 0B       		.uleb128 0xb
 343 0018 3E       		.uleb128 0x3e
 344 0019 0B       		.uleb128 0xb
 345 001a 03       		.uleb128 0x3
 346 001b 08       		.uleb128 0x8
 347 001c 00       		.byte	0
 348 001d 00       		.byte	0
ARM GAS  C:\Users\bogurad\AppData\Local\Temp\cc9bo784.s 			page 8


 349 001e 03       		.uleb128 0x3
 350 001f 16       		.uleb128 0x16
 351 0020 00       		.byte	0
 352 0021 03       		.uleb128 0x3
 353 0022 0E       		.uleb128 0xe
 354 0023 3A       		.uleb128 0x3a
 355 0024 0B       		.uleb128 0xb
 356 0025 3B       		.uleb128 0x3b
 357 0026 0B       		.uleb128 0xb
 358 0027 49       		.uleb128 0x49
 359 0028 13       		.uleb128 0x13
 360 0029 00       		.byte	0
 361 002a 00       		.byte	0
 362 002b 04       		.uleb128 0x4
 363 002c 24       		.uleb128 0x24
 364 002d 00       		.byte	0
 365 002e 0B       		.uleb128 0xb
 366 002f 0B       		.uleb128 0xb
 367 0030 3E       		.uleb128 0x3e
 368 0031 0B       		.uleb128 0xb
 369 0032 03       		.uleb128 0x3
 370 0033 0E       		.uleb128 0xe
 371 0034 00       		.byte	0
 372 0035 00       		.byte	0
 373 0036 05       		.uleb128 0x5
 374 0037 2E       		.uleb128 0x2e
 375 0038 01       		.byte	0x1
 376 0039 3F       		.uleb128 0x3f
 377 003a 19       		.uleb128 0x19
 378 003b 03       		.uleb128 0x3
 379 003c 0E       		.uleb128 0xe
 380 003d 3A       		.uleb128 0x3a
 381 003e 0B       		.uleb128 0xb
 382 003f 3B       		.uleb128 0x3b
 383 0040 0B       		.uleb128 0xb
 384 0041 27       		.uleb128 0x27
 385 0042 19       		.uleb128 0x19
 386 0043 49       		.uleb128 0x49
 387 0044 13       		.uleb128 0x13
 388 0045 11       		.uleb128 0x11
 389 0046 01       		.uleb128 0x1
 390 0047 12       		.uleb128 0x12
 391 0048 06       		.uleb128 0x6
 392 0049 40       		.uleb128 0x40
 393 004a 18       		.uleb128 0x18
 394 004b 9742     		.uleb128 0x2117
 395 004d 19       		.uleb128 0x19
 396 004e 01       		.uleb128 0x1
 397 004f 13       		.uleb128 0x13
 398 0050 00       		.byte	0
 399 0051 00       		.byte	0
 400 0052 06       		.uleb128 0x6
 401 0053 05       		.uleb128 0x5
 402 0054 00       		.byte	0
 403 0055 03       		.uleb128 0x3
 404 0056 08       		.uleb128 0x8
 405 0057 3A       		.uleb128 0x3a
ARM GAS  C:\Users\bogurad\AppData\Local\Temp\cc9bo784.s 			page 9


 406 0058 0B       		.uleb128 0xb
 407 0059 3B       		.uleb128 0x3b
 408 005a 0B       		.uleb128 0xb
 409 005b 49       		.uleb128 0x49
 410 005c 13       		.uleb128 0x13
 411 005d 02       		.uleb128 0x2
 412 005e 17       		.uleb128 0x17
 413 005f 00       		.byte	0
 414 0060 00       		.byte	0
 415 0061 07       		.uleb128 0x7
 416 0062 05       		.uleb128 0x5
 417 0063 00       		.byte	0
 418 0064 03       		.uleb128 0x3
 419 0065 08       		.uleb128 0x8
 420 0066 3A       		.uleb128 0x3a
 421 0067 0B       		.uleb128 0xb
 422 0068 3B       		.uleb128 0x3b
 423 0069 0B       		.uleb128 0xb
 424 006a 49       		.uleb128 0x49
 425 006b 13       		.uleb128 0x13
 426 006c 02       		.uleb128 0x2
 427 006d 18       		.uleb128 0x18
 428 006e 00       		.byte	0
 429 006f 00       		.byte	0
 430 0070 08       		.uleb128 0x8
 431 0071 34       		.uleb128 0x34
 432 0072 00       		.byte	0
 433 0073 03       		.uleb128 0x3
 434 0074 08       		.uleb128 0x8
 435 0075 3A       		.uleb128 0x3a
 436 0076 0B       		.uleb128 0xb
 437 0077 3B       		.uleb128 0x3b
 438 0078 0B       		.uleb128 0xb
 439 0079 49       		.uleb128 0x49
 440 007a 13       		.uleb128 0x13
 441 007b 02       		.uleb128 0x2
 442 007c 17       		.uleb128 0x17
 443 007d 00       		.byte	0
 444 007e 00       		.byte	0
 445 007f 09       		.uleb128 0x9
 446 0080 0F       		.uleb128 0xf
 447 0081 00       		.byte	0
 448 0082 0B       		.uleb128 0xb
 449 0083 0B       		.uleb128 0xb
 450 0084 49       		.uleb128 0x49
 451 0085 13       		.uleb128 0x13
 452 0086 00       		.byte	0
 453 0087 00       		.byte	0
 454 0088 0A       		.uleb128 0xa
 455 0089 26       		.uleb128 0x26
 456 008a 00       		.byte	0
 457 008b 49       		.uleb128 0x49
 458 008c 13       		.uleb128 0x13
 459 008d 00       		.byte	0
 460 008e 00       		.byte	0
 461 008f 0B       		.uleb128 0xb
 462 0090 2E       		.uleb128 0x2e
ARM GAS  C:\Users\bogurad\AppData\Local\Temp\cc9bo784.s 			page 10


 463 0091 01       		.byte	0x1
 464 0092 3F       		.uleb128 0x3f
 465 0093 19       		.uleb128 0x19
 466 0094 03       		.uleb128 0x3
 467 0095 0E       		.uleb128 0xe
 468 0096 3A       		.uleb128 0x3a
 469 0097 0B       		.uleb128 0xb
 470 0098 3B       		.uleb128 0x3b
 471 0099 0B       		.uleb128 0xb
 472 009a 27       		.uleb128 0x27
 473 009b 19       		.uleb128 0x19
 474 009c 11       		.uleb128 0x11
 475 009d 01       		.uleb128 0x1
 476 009e 12       		.uleb128 0x12
 477 009f 06       		.uleb128 0x6
 478 00a0 40       		.uleb128 0x40
 479 00a1 18       		.uleb128 0x18
 480 00a2 9742     		.uleb128 0x2117
 481 00a4 19       		.uleb128 0x19
 482 00a5 01       		.uleb128 0x1
 483 00a6 13       		.uleb128 0x13
 484 00a7 00       		.byte	0
 485 00a8 00       		.byte	0
 486 00a9 00       		.byte	0
 487              		.section	.debug_loc,"",%progbits
 488              	.Ldebug_loc0:
 489              	.LLST0:
 490 0000 00000000 		.4byte	.LVL0
 491 0004 22000000 		.4byte	.LVL7
 492 0008 0100     		.2byte	0x1
 493 000a 50       		.byte	0x50
 494 000b 22000000 		.4byte	.LVL7
 495 000f 26000000 		.4byte	.LFE0
 496 0013 0400     		.2byte	0x4
 497 0015 F3       		.byte	0xf3
 498 0016 01       		.uleb128 0x1
 499 0017 50       		.byte	0x50
 500 0018 9F       		.byte	0x9f
 501 0019 00000000 		.4byte	0
 502 001d 00000000 		.4byte	0
 503              	.LLST1:
 504 0021 00000000 		.4byte	.LVL0
 505 0025 18000000 		.4byte	.LVL5
 506 0029 0100     		.2byte	0x1
 507 002b 52       		.byte	0x52
 508 002c 18000000 		.4byte	.LVL5
 509 0030 26000000 		.4byte	.LFE0
 510 0034 0400     		.2byte	0x4
 511 0036 F3       		.byte	0xf3
 512 0037 01       		.uleb128 0x1
 513 0038 52       		.byte	0x52
 514 0039 9F       		.byte	0x9f
 515 003a 00000000 		.4byte	0
 516 003e 00000000 		.4byte	0
 517              	.LLST2:
 518 0042 02000000 		.4byte	.LVL1
 519 0046 08000000 		.4byte	.LVL2
ARM GAS  C:\Users\bogurad\AppData\Local\Temp\cc9bo784.s 			page 11


 520 004a 0200     		.2byte	0x2
 521 004c 30       		.byte	0x30
 522 004d 9F       		.byte	0x9f
 523 004e 08000000 		.4byte	.LVL2
 524 0052 1A000000 		.4byte	.LVL6
 525 0056 0100     		.2byte	0x1
 526 0058 53       		.byte	0x53
 527 0059 00000000 		.4byte	0
 528 005d 00000000 		.4byte	0
 529              	.LLST3:
 530 0061 02000000 		.4byte	.LVL1
 531 0065 08000000 		.4byte	.LVL2
 532 0069 0200     		.2byte	0x2
 533 006b 30       		.byte	0x30
 534 006c 9F       		.byte	0x9f
 535 006d 08000000 		.4byte	.LVL2
 536 0071 24000000 		.4byte	.LVL8
 537 0075 0100     		.2byte	0x1
 538 0077 55       		.byte	0x55
 539 0078 00000000 		.4byte	0
 540 007c 00000000 		.4byte	0
 541              	.LLST4:
 542 0080 00000000 		.4byte	.LVL9
 543 0084 04000000 		.4byte	.LVL10
 544 0088 0100     		.2byte	0x1
 545 008a 53       		.byte	0x53
 546 008b 04000000 		.4byte	.LVL10
 547 008f 06000000 		.4byte	.LVL11
 548 0093 0400     		.2byte	0x4
 549 0095 F3       		.byte	0xf3
 550 0096 01       		.uleb128 0x1
 551 0097 53       		.byte	0x53
 552 0098 9F       		.byte	0x9f
 553 0099 06000000 		.4byte	.LVL11
 554 009d 20000000 		.4byte	.LFE1
 555 00a1 0100     		.2byte	0x1
 556 00a3 53       		.byte	0x53
 557 00a4 00000000 		.4byte	0
 558 00a8 00000000 		.4byte	0
 559              	.LLST5:
 560 00ac 06000000 		.4byte	.LVL11
 561 00b0 0A000000 		.4byte	.LVL12
 562 00b4 0200     		.2byte	0x2
 563 00b6 30       		.byte	0x30
 564 00b7 9F       		.byte	0x9f
 565 00b8 0A000000 		.4byte	.LVL12
 566 00bc 1E000000 		.4byte	.LVL14
 567 00c0 0100     		.2byte	0x1
 568 00c2 55       		.byte	0x55
 569 00c3 00000000 		.4byte	0
 570 00c7 00000000 		.4byte	0
 571              		.section	.debug_aranges,"",%progbits
 572 0000 24000000 		.4byte	0x24
 573 0004 0200     		.2byte	0x2
 574 0006 00000000 		.4byte	.Ldebug_info0
 575 000a 04       		.byte	0x4
 576 000b 00       		.byte	0
ARM GAS  C:\Users\bogurad\AppData\Local\Temp\cc9bo784.s 			page 12


 577 000c 0000     		.2byte	0
 578 000e 0000     		.2byte	0
 579 0010 00000000 		.4byte	.LFB0
 580 0014 26000000 		.4byte	.LFE0-.LFB0
 581 0018 00000000 		.4byte	.LFB1
 582 001c 20000000 		.4byte	.LFE1-.LFB1
 583 0020 00000000 		.4byte	0
 584 0024 00000000 		.4byte	0
 585              		.section	.debug_ranges,"",%progbits
 586              	.Ldebug_ranges0:
 587 0000 00000000 		.4byte	.LFB0
 588 0004 26000000 		.4byte	.LFE0
 589 0008 00000000 		.4byte	.LFB1
 590 000c 20000000 		.4byte	.LFE1
 591 0010 00000000 		.4byte	0
 592 0014 00000000 		.4byte	0
 593              		.section	.debug_line,"",%progbits
 594              	.Ldebug_line0:
 595 0000 EE010000 		.section	.debug_str,"MS",%progbits,1
 595      0200A101 
 595      00000201 
 595      FB0E0D00 
 595      01010101 
 596              	.LASF5:
 597 0000 5F5F7569 		.ascii	"__uint8_t\000"
 597      6E74385F 
 597      7400
 598              	.LASF4:
 599 000a 73697A65 		.ascii	"size_t\000"
 599      5F7400
 600              	.LASF16:
 601 0011 2E2E5C76 		.ascii	"..\\verify.c\000"
 601      65726966 
 601      792E6300 
 602              	.LASF14:
 603 001d 75696E74 		.ascii	"uint64_t\000"
 603      36345F74 
 603      00
 604              	.LASF17:
 605 0026 433A5C55 		.ascii	"C:\\Users\\bogurad\\Desktop\\Proyectos gitHub\\TFG2"
 605      73657273 
 605      5C626F67 
 605      75726164 
 605      5C446573 
 606 0054 5C436F64 		.ascii	"\\Codigo\\Algoritmos postcuanticos\\PSOC\\Workspace"
 606      69676F5C 
 606      416C676F 
 606      7269746D 
 606      6F732070 
 607 0083 5C4B5942 		.ascii	"\\KYBER\\Kyber\\Kyber.cydsn\000"
 607      45525C4B 
 607      79626572 
 607      5C4B7962 
 607      65722E63 
 608              	.LASF6:
 609 009c 756E7369 		.ascii	"unsigned char\000"
 609      676E6564 
ARM GAS  C:\Users\bogurad\AppData\Local\Temp\cc9bo784.s 			page 13


 609      20636861 
 609      7200
 610              	.LASF10:
 611 00aa 6C6F6E67 		.ascii	"long unsigned int\000"
 611      20756E73 
 611      69676E65 
 611      6420696E 
 611      7400
 612              	.LASF8:
 613 00bc 73686F72 		.ascii	"short unsigned int\000"
 613      7420756E 
 613      7369676E 
 613      65642069 
 613      6E7400
 614              	.LASF0:
 615 00cf 756E7369 		.ascii	"unsigned int\000"
 615      676E6564 
 615      20696E74 
 615      00
 616              	.LASF12:
 617 00dc 6C6F6E67 		.ascii	"long long unsigned int\000"
 617      206C6F6E 
 617      6720756E 
 617      7369676E 
 617      65642069 
 618              	.LASF13:
 619 00f3 75696E74 		.ascii	"uint8_t\000"
 619      385F7400 
 620              	.LASF15:
 621 00fb 474E5520 		.ascii	"GNU C11 5.4.1 20160609 (release) [ARM/embedded-5-br"
 621      43313120 
 621      352E342E 
 621      31203230 
 621      31363036 
 622 012e 616E6368 		.ascii	"anch revision 237715] -mcpu=cortex-m4 -mfloat-abi=s"
 622      20726576 
 622      6973696F 
 622      6E203233 
 622      37373135 
 623 0161 6F667466 		.ascii	"oftfp -mfpu=fpv4-sp-d16 -mthumb -g -Og -ffunction-s"
 623      70202D6D 
 623      6670753D 
 623      66707634 
 623      2D73702D 
 624 0194 65637469 		.ascii	"ections -ffat-lto-objects\000"
 624      6F6E7320 
 624      2D666661 
 624      742D6C74 
 624      6F2D6F62 
 625              	.LASF19:
 626 01ae 70716372 		.ascii	"pqcrystals_kyber1024_ref_cmov\000"
 626      79737461 
 626      6C735F6B 
 626      79626572 
 626      31303234 
 627              	.LASF1:
 628 01cc 6C6F6E67 		.ascii	"long long int\000"
ARM GAS  C:\Users\bogurad\AppData\Local\Temp\cc9bo784.s 			page 14


 628      206C6F6E 
 628      6720696E 
 628      7400
 629              	.LASF7:
 630 01da 73686F72 		.ascii	"short int\000"
 630      7420696E 
 630      7400
 631              	.LASF11:
 632 01e4 5F5F7569 		.ascii	"__uint64_t\000"
 632      6E743634 
 632      5F7400
 633              	.LASF9:
 634 01ef 6C6F6E67 		.ascii	"long int\000"
 634      20696E74 
 634      00
 635              	.LASF2:
 636 01f8 6C6F6E67 		.ascii	"long double\000"
 636      20646F75 
 636      626C6500 
 637              	.LASF3:
 638 0204 7369676E 		.ascii	"signed char\000"
 638      65642063 
 638      68617200 
 639              	.LASF18:
 640 0210 70716372 		.ascii	"pqcrystals_kyber1024_ref_verify\000"
 640      79737461 
 640      6C735F6B 
 640      79626572 
 640      31303234 
 641              		.ident	"GCC: (GNU Tools for ARM Embedded Processors) 5.4.1 20160609 (release) [ARM/embedded-5-bran
