ARM GAS  C:\Users\bogur\AppData\Local\Temp\ccqL8T1I.s 			page 1


   1              		.syntax unified
   2              		.cpu cortex-m4
   3              		.eabi_attribute 27, 1
   4              		.fpu fpv4-sp-d16
   5              		.eabi_attribute 20, 1
   6              		.eabi_attribute 21, 1
   7              		.eabi_attribute 23, 3
   8              		.eabi_attribute 24, 1
   9              		.eabi_attribute 25, 1
  10              		.eabi_attribute 26, 1
  11              		.eabi_attribute 30, 1
  12              		.eabi_attribute 34, 1
  13              		.eabi_attribute 18, 4
  14              		.thumb
  15              		.syntax unified
  16              		.file	"kem.c"
  17              		.text
  18              	.Ltext0:
  19              		.cfi_sections	.debug_frame
  20              		.section	.text.crypto_kem_keypair,"ax",%progbits
  21              		.align	2
  22              		.global	crypto_kem_keypair
  23              		.thumb
  24              		.thumb_func
  25              		.type	crypto_kem_keypair, %function
  26              	crypto_kem_keypair:
  27              	.LFB1:
  28              		.file 1 "..\\kem.c"
   1:..\kem.c      **** #include "SABER_params.h"
   2:..\kem.c      **** #include <string.h>
   3:..\kem.c      **** #include <stdint.h>
   4:..\kem.c      **** #include <stdio.h>
   5:..\kem.c      **** #include "SABER_indcpa.h"
   6:..\kem.c      **** #include "api.h"
   7:..\kem.c      **** #include "verify.h"
   8:..\kem.c      **** #include "randombytes.h"
   9:..\kem.c      **** #include "fips202.h"
  10:..\kem.c      **** 
  11:..\kem.c      **** 
  12:..\kem.c      **** int crypto_kem_keypair(unsigned char *pk, unsigned char *sk)
  13:..\kem.c      **** {
  29              		.loc 1 13 0
  30              		.cfi_startproc
  31              		@ args = 0, pretend = 0, frame = 0
  32              		@ frame_needed = 0, uses_anonymous_args = 0
  33              	.LVL0:
  34 0000 38B5     		push	{r3, r4, r5, lr}
  35              		.cfi_def_cfa_offset 16
  36              		.cfi_offset 3, -16
  37              		.cfi_offset 4, -12
  38              		.cfi_offset 5, -8
  39              		.cfi_offset 14, -4
  40 0002 0546     		mov	r5, r0
  41 0004 0C46     		mov	r4, r1
  14:..\kem.c      ****   int i;
  15:..\kem.c      **** 
  16:..\kem.c      ****   indcpa_kem_keypair(pk, sk); // sk[0:SABER_INDCPA_SECRETKEYBYTES-1] <-- sk
ARM GAS  C:\Users\bogur\AppData\Local\Temp\ccqL8T1I.s 			page 2


  42              		.loc 1 16 0
  43 0006 FFF7FEFF 		bl	indcpa_kem_keypair
  44              	.LVL1:
  17:..\kem.c      ****   for (i = 0; i < SABER_INDCPA_PUBLICKEYBYTES; i++)
  45              		.loc 1 17 0
  46 000a 0023     		movs	r3, #0
  47 000c 04E0     		b	.L2
  48              	.LVL2:
  49              	.L3:
  18:..\kem.c      ****     sk[i + SABER_INDCPA_SECRETKEYBYTES] = pk[i]; // sk[SABER_INDCPA_SECRETKEYBYTES:SABER_INDCPA_SEC
  50              		.loc 1 18 0 discriminator 3
  51 000e 03F5D062 		add	r2, r3, #1664
  52 0012 E95C     		ldrb	r1, [r5, r3]	@ zero_extendqisi2
  53 0014 A154     		strb	r1, [r4, r2]
  17:..\kem.c      ****   for (i = 0; i < SABER_INDCPA_PUBLICKEYBYTES; i++)
  54              		.loc 1 17 0 discriminator 3
  55 0016 0133     		adds	r3, r3, #1
  56              	.LVL3:
  57              	.L2:
  17:..\kem.c      ****   for (i = 0; i < SABER_INDCPA_PUBLICKEYBYTES; i++)
  58              		.loc 1 17 0 is_stmt 0 discriminator 1
  59 0018 B3F5A46F 		cmp	r3, #1312
  60 001c F7DB     		blt	.L3
  19:..\kem.c      **** 
  20:..\kem.c      ****   sha3_256(sk + SABER_SECRETKEYBYTES - 64, pk, SABER_INDCPA_PUBLICKEYBYTES); // Then hash(pk) is ap
  61              		.loc 1 20 0 is_stmt 1
  62 001e 4FF4A462 		mov	r2, #1312
  63 0022 0023     		movs	r3, #0
  64              	.LVL4:
  65 0024 2946     		mov	r1, r5
  66 0026 04F53A60 		add	r0, r4, #2976
  67 002a FFF7FEFF 		bl	sha3_256
  68              	.LVL5:
  21:..\kem.c      **** 
  22:..\kem.c      ****   randombytes(sk + SABER_SECRETKEYBYTES - SABER_KEYBYTES, SABER_KEYBYTES); // Remaining part of sk 
  69              		.loc 1 22 0
  70 002e 2021     		movs	r1, #32
  71 0030 04F53C60 		add	r0, r4, #3008
  72 0034 FFF7FEFF 		bl	randombytes
  73              	.LVL6:
  23:..\kem.c      ****                                                                            // This is output when c
  24:..\kem.c      ****   return (0);
  25:..\kem.c      **** }
  74              		.loc 1 25 0
  75 0038 0020     		movs	r0, #0
  76 003a 38BD     		pop	{r3, r4, r5, pc}
  77              		.cfi_endproc
  78              	.LFE1:
  79              		.size	crypto_kem_keypair, .-crypto_kem_keypair
  80              		.section	.text.crypto_kem_enc,"ax",%progbits
  81              		.align	2
  82              		.global	crypto_kem_enc
  83              		.thumb
  84              		.thumb_func
  85              		.type	crypto_kem_enc, %function
  86              	crypto_kem_enc:
  87              	.LFB2:
ARM GAS  C:\Users\bogur\AppData\Local\Temp\ccqL8T1I.s 			page 3


  26:..\kem.c      **** 
  27:..\kem.c      **** int crypto_kem_enc(unsigned char *c, unsigned char *k, const unsigned char *pk)
  28:..\kem.c      **** {
  88              		.loc 1 28 0
  89              		.cfi_startproc
  90              		@ args = 0, pretend = 0, frame = 128
  91              		@ frame_needed = 0, uses_anonymous_args = 0
  92              	.LVL7:
  93 0000 70B5     		push	{r4, r5, r6, lr}
  94              		.cfi_def_cfa_offset 16
  95              		.cfi_offset 4, -16
  96              		.cfi_offset 5, -12
  97              		.cfi_offset 6, -8
  98              		.cfi_offset 14, -4
  99 0002 A0B0     		sub	sp, sp, #128
 100              		.cfi_def_cfa_offset 144
 101 0004 0446     		mov	r4, r0
 102 0006 0E46     		mov	r6, r1
 103 0008 1546     		mov	r5, r2
  29:..\kem.c      **** 
  30:..\kem.c      ****   unsigned char kr[64]; // Will contain key, coins
  31:..\kem.c      ****   unsigned char buf[64];
  32:..\kem.c      **** 
  33:..\kem.c      ****   randombytes(buf, 32);
 104              		.loc 1 33 0
 105 000a 2021     		movs	r1, #32
 106              	.LVL8:
 107 000c 6846     		mov	r0, sp
 108              	.LVL9:
 109 000e FFF7FEFF 		bl	randombytes
 110              	.LVL10:
  34:..\kem.c      **** 
  35:..\kem.c      ****   sha3_256(buf, buf, 32); // BUF[0:31] <-- random message (will be used as the key for client) Note
 111              		.loc 1 35 0
 112 0012 2022     		movs	r2, #32
 113 0014 0023     		movs	r3, #0
 114 0016 6946     		mov	r1, sp
 115 0018 6846     		mov	r0, sp
 116 001a FFF7FEFF 		bl	sha3_256
 117              	.LVL11:
  36:..\kem.c      **** 
  37:..\kem.c      ****   sha3_256(buf + 32, pk, SABER_INDCPA_PUBLICKEYBYTES); // BUF[32:63] <-- Hash(public key);  Multita
 118              		.loc 1 37 0
 119 001e 4FF4A462 		mov	r2, #1312
 120 0022 0023     		movs	r3, #0
 121 0024 2946     		mov	r1, r5
 122 0026 08A8     		add	r0, sp, #32
 123 0028 FFF7FEFF 		bl	sha3_256
 124              	.LVL12:
  38:..\kem.c      **** 
  39:..\kem.c      ****   sha3_512(kr, buf, 64);               // kr[0:63] <-- Hash(buf[0:63]);
 125              		.loc 1 39 0
 126 002c 4022     		movs	r2, #64
 127 002e 0023     		movs	r3, #0
 128 0030 6946     		mov	r1, sp
 129 0032 10A8     		add	r0, sp, #64
 130 0034 FFF7FEFF 		bl	sha3_512
ARM GAS  C:\Users\bogur\AppData\Local\Temp\ccqL8T1I.s 			page 4


 131              	.LVL13:
  40:..\kem.c      ****                                        // K^ <-- kr[0:31]
  41:..\kem.c      ****                                        // noiseseed (r) <-- kr[32:63];
  42:..\kem.c      ****   indcpa_kem_enc(buf, kr + 32, pk, c); // buf[0:31] contains message; kr[32:63] contains randomness
 132              		.loc 1 42 0
 133 0038 2346     		mov	r3, r4
 134 003a 2A46     		mov	r2, r5
 135 003c 18A9     		add	r1, sp, #96
 136 003e 6846     		mov	r0, sp
 137 0040 FFF7FEFF 		bl	indcpa_kem_enc
 138              	.LVL14:
  43:..\kem.c      **** 
  44:..\kem.c      ****   sha3_256(kr + 32, c, SABER_BYTES_CCA_DEC);
 139              		.loc 1 44 0
 140 0044 4FF4B862 		mov	r2, #1472
 141 0048 0023     		movs	r3, #0
 142 004a 2146     		mov	r1, r4
 143 004c 18A8     		add	r0, sp, #96
 144 004e FFF7FEFF 		bl	sha3_256
 145              	.LVL15:
  45:..\kem.c      **** 
  46:..\kem.c      ****   sha3_256(k, kr, 64); // hash concatenation of pre-k and h(c) to k
 146              		.loc 1 46 0
 147 0052 4022     		movs	r2, #64
 148 0054 0023     		movs	r3, #0
 149 0056 10A9     		add	r1, sp, #64
 150 0058 3046     		mov	r0, r6
 151 005a FFF7FEFF 		bl	sha3_256
 152              	.LVL16:
  47:..\kem.c      **** 
  48:..\kem.c      ****   return (0);
  49:..\kem.c      **** }
 153              		.loc 1 49 0
 154 005e 0020     		movs	r0, #0
 155 0060 20B0     		add	sp, sp, #128
 156              		.cfi_def_cfa_offset 16
 157              		@ sp needed
 158 0062 70BD     		pop	{r4, r5, r6, pc}
 159              		.cfi_endproc
 160              	.LFE2:
 161              		.size	crypto_kem_enc, .-crypto_kem_enc
 162              		.section	.text.crypto_kem_dec,"ax",%progbits
 163              		.align	2
 164              		.global	crypto_kem_dec
 165              		.thumb
 166              		.thumb_func
 167              		.type	crypto_kem_dec, %function
 168              	crypto_kem_dec:
 169              	.LFB3:
  50:..\kem.c      **** 
  51:..\kem.c      **** int crypto_kem_dec(unsigned char *k, const unsigned char *c, const unsigned char *sk)
  52:..\kem.c      **** {
 170              		.loc 1 52 0
 171              		.cfi_startproc
 172              		@ args = 0, pretend = 0, frame = 1600
 173              		@ frame_needed = 0, uses_anonymous_args = 0
 174              	.LVL17:
ARM GAS  C:\Users\bogur\AppData\Local\Temp\ccqL8T1I.s 			page 5


 175 0000 F0B5     		push	{r4, r5, r6, r7, lr}
 176              		.cfi_def_cfa_offset 20
 177              		.cfi_offset 4, -20
 178              		.cfi_offset 5, -16
 179              		.cfi_offset 6, -12
 180              		.cfi_offset 7, -8
 181              		.cfi_offset 14, -4
 182 0002 ADF2446D 		subw	sp, sp, #1604
 183              		.cfi_def_cfa_offset 1624
 184 0006 0646     		mov	r6, r0
 185 0008 0D46     		mov	r5, r1
 186 000a 1446     		mov	r4, r2
  53:..\kem.c      ****   int i, fail;
  54:..\kem.c      ****   unsigned char cmp[SABER_BYTES_CCA_DEC];
  55:..\kem.c      ****   unsigned char buf[64];
  56:..\kem.c      ****   unsigned char kr[64]; // Will contain key, coins
  57:..\kem.c      ****   const unsigned char *pk = sk + SABER_INDCPA_SECRETKEYBYTES;
 187              		.loc 1 57 0
 188 000c 02F5D067 		add	r7, r2, #1664
 189              	.LVL18:
  58:..\kem.c      **** 
  59:..\kem.c      ****   indcpa_kem_dec(sk, c, buf); // buf[0:31] <-- message
 190              		.loc 1 59 0
 191 0010 10AA     		add	r2, sp, #64
 192              	.LVL19:
 193 0012 2046     		mov	r0, r4
 194              	.LVL20:
 195 0014 FFF7FEFF 		bl	indcpa_kem_dec
 196              	.LVL21:
  60:..\kem.c      **** 
  61:..\kem.c      ****   // Multitarget countermeasure for coins + contributory KEM
  62:..\kem.c      ****   for (i = 0; i < 32; i++) // Save hash by storing h(pk) in sk
 197              		.loc 1 62 0
 198 0018 0023     		movs	r3, #0
 199 001a 07E0     		b	.L8
 200              	.LVL22:
 201              	.L9:
  63:..\kem.c      ****     buf[32 + i] = sk[SABER_SECRETKEYBYTES - 64 + i];
 202              		.loc 1 63 0 discriminator 3
 203 001c 03F12002 		add	r2, r3, #32
 204 0020 03F53A61 		add	r1, r3, #2976
 205 0024 605C     		ldrb	r0, [r4, r1]	@ zero_extendqisi2
 206 0026 10A9     		add	r1, sp, #64
 207 0028 8854     		strb	r0, [r1, r2]
  62:..\kem.c      ****     buf[32 + i] = sk[SABER_SECRETKEYBYTES - 64 + i];
 208              		.loc 1 62 0 discriminator 3
 209 002a 0133     		adds	r3, r3, #1
 210              	.LVL23:
 211              	.L8:
  62:..\kem.c      ****     buf[32 + i] = sk[SABER_SECRETKEYBYTES - 64 + i];
 212              		.loc 1 62 0 is_stmt 0 discriminator 1
 213 002c 1F2B     		cmp	r3, #31
 214 002e F5DD     		ble	.L9
  64:..\kem.c      **** 
  65:..\kem.c      ****   sha3_512(kr, buf, 64);
 215              		.loc 1 65 0 is_stmt 1
 216 0030 4022     		movs	r2, #64
ARM GAS  C:\Users\bogur\AppData\Local\Temp\ccqL8T1I.s 			page 6


 217 0032 0023     		movs	r3, #0
 218              	.LVL24:
 219 0034 10A9     		add	r1, sp, #64
 220 0036 6846     		mov	r0, sp
 221 0038 FFF7FEFF 		bl	sha3_512
 222              	.LVL25:
  66:..\kem.c      **** 
  67:..\kem.c      ****   indcpa_kem_enc(buf, kr + 32, pk, cmp);
 223              		.loc 1 67 0
 224 003c 20AB     		add	r3, sp, #128
 225 003e 3A46     		mov	r2, r7
 226 0040 08A9     		add	r1, sp, #32
 227 0042 10A8     		add	r0, sp, #64
 228 0044 FFF7FEFF 		bl	indcpa_kem_enc
 229              	.LVL26:
  68:..\kem.c      **** 
  69:..\kem.c      ****   fail = verify(c, cmp, SABER_BYTES_CCA_DEC);
 230              		.loc 1 69 0
 231 0048 4FF4B862 		mov	r2, #1472
 232 004c 20A9     		add	r1, sp, #128
 233 004e 2846     		mov	r0, r5
 234 0050 FFF7FEFF 		bl	verify
 235              	.LVL27:
 236 0054 0746     		mov	r7, r0
 237              	.LVL28:
  70:..\kem.c      **** 
  71:..\kem.c      ****   sha3_256(kr + 32, c, SABER_BYTES_CCA_DEC); // overwrite coins in kr with h(c)
 238              		.loc 1 71 0
 239 0056 4FF4B862 		mov	r2, #1472
 240 005a 0023     		movs	r3, #0
 241 005c 2946     		mov	r1, r5
 242 005e 08A8     		add	r0, sp, #32
 243              	.LVL29:
 244 0060 FFF7FEFF 		bl	sha3_256
 245              	.LVL30:
  72:..\kem.c      **** 
  73:..\kem.c      ****   cmov(kr, sk + SABER_SECRETKEYBYTES - SABER_KEYBYTES, SABER_KEYBYTES, fail);
 246              		.loc 1 73 0
 247 0064 FBB2     		uxtb	r3, r7
 248 0066 2022     		movs	r2, #32
 249 0068 04F53C61 		add	r1, r4, #3008
 250 006c 6846     		mov	r0, sp
 251 006e FFF7FEFF 		bl	cmov
 252              	.LVL31:
  74:..\kem.c      **** 
  75:..\kem.c      ****   sha3_256(k, kr, 64); // hash concatenation of pre-k and h(c) to k
 253              		.loc 1 75 0
 254 0072 4022     		movs	r2, #64
 255 0074 0023     		movs	r3, #0
 256 0076 6946     		mov	r1, sp
 257 0078 3046     		mov	r0, r6
 258 007a FFF7FEFF 		bl	sha3_256
 259              	.LVL32:
  76:..\kem.c      **** 
  77:..\kem.c      ****   return (0);
  78:..\kem.c      **** }
 260              		.loc 1 78 0
ARM GAS  C:\Users\bogur\AppData\Local\Temp\ccqL8T1I.s 			page 7


 261 007e 0020     		movs	r0, #0
 262 0080 0DF2446D 		addw	sp, sp, #1604
 263              		.cfi_def_cfa_offset 20
 264              		@ sp needed
 265 0084 F0BD     		pop	{r4, r5, r6, r7, pc}
 266              		.cfi_endproc
 267              	.LFE3:
 268              		.size	crypto_kem_dec, .-crypto_kem_dec
 269 0086 00BF     		.text
 270              	.Letext0:
 271              		.file 2 "..\\SABER_indcpa.h"
 272              		.file 3 "..\\fips202.h"
 273              		.file 4 "..\\randombytes.h"
 274              		.file 5 "..\\verify.h"
 275              		.section	.debug_info,"",%progbits
 276              	.Ldebug_info0:
 277 0000 2D040000 		.4byte	0x42d
 278 0004 0400     		.2byte	0x4
 279 0006 00000000 		.4byte	.Ldebug_abbrev0
 280 000a 04       		.byte	0x4
 281 000b 01       		.uleb128 0x1
 282 000c C0000000 		.4byte	.LASF24
 283 0010 0C       		.byte	0xc
 284 0011 33000000 		.4byte	.LASF25
 285 0015 B1010000 		.4byte	.LASF26
 286 0019 00000000 		.4byte	.Ldebug_ranges0+0
 287 001d 00000000 		.4byte	0
 288 0021 00000000 		.4byte	.Ldebug_line0
 289 0025 02       		.uleb128 0x2
 290 0026 04       		.byte	0x4
 291 0027 05       		.byte	0x5
 292 0028 696E7400 		.ascii	"int\000"
 293 002c 03       		.uleb128 0x3
 294 002d 04       		.byte	0x4
 295 002e 07       		.byte	0x7
 296 002f 81000000 		.4byte	.LASF0
 297 0033 03       		.uleb128 0x3
 298 0034 08       		.byte	0x8
 299 0035 05       		.byte	0x5
 300 0036 8B010000 		.4byte	.LASF1
 301 003a 03       		.uleb128 0x3
 302 003b 08       		.byte	0x8
 303 003c 04       		.byte	0x4
 304 003d 2F020000 		.4byte	.LASF2
 305 0041 03       		.uleb128 0x3
 306 0042 01       		.byte	0x1
 307 0043 06       		.byte	0x6
 308 0044 14000000 		.4byte	.LASF3
 309 0048 03       		.uleb128 0x3
 310 0049 01       		.byte	0x1
 311 004a 08       		.byte	0x8
 312 004b 25000000 		.4byte	.LASF4
 313 004f 03       		.uleb128 0x3
 314 0050 02       		.byte	0x2
 315 0051 05       		.byte	0x5
 316 0052 77000000 		.4byte	.LASF5
 317 0056 03       		.uleb128 0x3
ARM GAS  C:\Users\bogur\AppData\Local\Temp\ccqL8T1I.s 			page 8


 318 0057 02       		.byte	0x2
 319 0058 07       		.byte	0x7
 320 0059 5D000000 		.4byte	.LASF6
 321 005d 03       		.uleb128 0x3
 322 005e 04       		.byte	0x4
 323 005f 05       		.byte	0x5
 324 0060 1D020000 		.4byte	.LASF7
 325 0064 03       		.uleb128 0x3
 326 0065 04       		.byte	0x4
 327 0066 07       		.byte	0x7
 328 0067 4B000000 		.4byte	.LASF8
 329 006b 03       		.uleb128 0x3
 330 006c 08       		.byte	0x8
 331 006d 07       		.byte	0x7
 332 006e 9D000000 		.4byte	.LASF9
 333 0072 03       		.uleb128 0x3
 334 0073 04       		.byte	0x4
 335 0074 07       		.byte	0x7
 336 0075 82010000 		.4byte	.LASF10
 337 0079 03       		.uleb128 0x3
 338 007a 01       		.byte	0x1
 339 007b 08       		.byte	0x8
 340 007c 99010000 		.4byte	.LASF11
 341 0080 04       		.uleb128 0x4
 342 0081 04       		.byte	0x4
 343 0082 48000000 		.4byte	0x48
 344 0086 05       		.uleb128 0x5
 345 0087 3B020000 		.4byte	.LASF12
 346 008b 01       		.byte	0x1
 347 008c 0C       		.byte	0xc
 348 008d 25000000 		.4byte	0x25
 349 0091 00000000 		.4byte	.LFB1
 350 0095 3C000000 		.4byte	.LFE1-.LFB1
 351 0099 01       		.uleb128 0x1
 352 009a 9C       		.byte	0x9c
 353 009b 15010000 		.4byte	0x115
 354 009f 06       		.uleb128 0x6
 355 00a0 706B00   		.ascii	"pk\000"
 356 00a3 01       		.byte	0x1
 357 00a4 0C       		.byte	0xc
 358 00a5 80000000 		.4byte	0x80
 359 00a9 00000000 		.4byte	.LLST0
 360 00ad 06       		.uleb128 0x6
 361 00ae 736B00   		.ascii	"sk\000"
 362 00b1 01       		.byte	0x1
 363 00b2 0C       		.byte	0xc
 364 00b3 80000000 		.4byte	0x80
 365 00b7 1E000000 		.4byte	.LLST1
 366 00bb 07       		.uleb128 0x7
 367 00bc 6900     		.ascii	"i\000"
 368 00be 01       		.byte	0x1
 369 00bf 0E       		.byte	0xe
 370 00c0 25000000 		.4byte	0x25
 371 00c4 3C000000 		.4byte	.LLST2
 372 00c8 08       		.uleb128 0x8
 373 00c9 0A000000 		.4byte	.LVL1
 374 00cd D8030000 		.4byte	0x3d8
ARM GAS  C:\Users\bogur\AppData\Local\Temp\ccqL8T1I.s 			page 9


 375 00d1 E2000000 		.4byte	0xe2
 376 00d5 09       		.uleb128 0x9
 377 00d6 01       		.uleb128 0x1
 378 00d7 50       		.byte	0x50
 379 00d8 02       		.uleb128 0x2
 380 00d9 75       		.byte	0x75
 381 00da 00       		.sleb128 0
 382 00db 09       		.uleb128 0x9
 383 00dc 01       		.uleb128 0x1
 384 00dd 51       		.byte	0x51
 385 00de 02       		.uleb128 0x2
 386 00df 74       		.byte	0x74
 387 00e0 00       		.sleb128 0
 388 00e1 00       		.byte	0
 389 00e2 08       		.uleb128 0x8
 390 00e3 2E000000 		.4byte	.LVL5
 391 00e7 E3030000 		.4byte	0x3e3
 392 00eb FD000000 		.4byte	0xfd
 393 00ef 09       		.uleb128 0x9
 394 00f0 01       		.uleb128 0x1
 395 00f1 50       		.byte	0x50
 396 00f2 03       		.uleb128 0x3
 397 00f3 74       		.byte	0x74
 398 00f4 A017     		.sleb128 2976
 399 00f6 09       		.uleb128 0x9
 400 00f7 01       		.uleb128 0x1
 401 00f8 51       		.byte	0x51
 402 00f9 02       		.uleb128 0x2
 403 00fa 75       		.byte	0x75
 404 00fb 00       		.sleb128 0
 405 00fc 00       		.byte	0
 406 00fd 0A       		.uleb128 0xa
 407 00fe 38000000 		.4byte	.LVL6
 408 0102 EE030000 		.4byte	0x3ee
 409 0106 09       		.uleb128 0x9
 410 0107 01       		.uleb128 0x1
 411 0108 50       		.byte	0x50
 412 0109 03       		.uleb128 0x3
 413 010a 74       		.byte	0x74
 414 010b C017     		.sleb128 3008
 415 010d 09       		.uleb128 0x9
 416 010e 01       		.uleb128 0x1
 417 010f 51       		.byte	0x51
 418 0110 02       		.uleb128 0x2
 419 0111 08       		.byte	0x8
 420 0112 20       		.byte	0x20
 421 0113 00       		.byte	0
 422 0114 00       		.byte	0
 423 0115 05       		.uleb128 0x5
 424 0116 3C000000 		.4byte	.LASF13
 425 011a 01       		.byte	0x1
 426 011b 1B       		.byte	0x1b
 427 011c 25000000 		.4byte	0x25
 428 0120 00000000 		.4byte	.LFB2
 429 0124 64000000 		.4byte	.LFE2-.LFB2
 430 0128 01       		.uleb128 0x1
 431 0129 9C       		.byte	0x9c
ARM GAS  C:\Users\bogur\AppData\Local\Temp\ccqL8T1I.s 			page 10


 432 012a 35020000 		.4byte	0x235
 433 012e 06       		.uleb128 0x6
 434 012f 6300     		.ascii	"c\000"
 435 0131 01       		.byte	0x1
 436 0132 1B       		.byte	0x1b
 437 0133 80000000 		.4byte	0x80
 438 0137 5B000000 		.4byte	.LLST3
 439 013b 06       		.uleb128 0x6
 440 013c 6B00     		.ascii	"k\000"
 441 013e 01       		.byte	0x1
 442 013f 1B       		.byte	0x1b
 443 0140 80000000 		.4byte	0x80
 444 0144 79000000 		.4byte	.LLST4
 445 0148 06       		.uleb128 0x6
 446 0149 706B00   		.ascii	"pk\000"
 447 014c 01       		.byte	0x1
 448 014d 1B       		.byte	0x1b
 449 014e 35020000 		.4byte	0x235
 450 0152 97000000 		.4byte	.LLST5
 451 0156 0B       		.uleb128 0xb
 452 0157 6B7200   		.ascii	"kr\000"
 453 015a 01       		.byte	0x1
 454 015b 1E       		.byte	0x1e
 455 015c 40020000 		.4byte	0x240
 456 0160 03       		.uleb128 0x3
 457 0161 91       		.byte	0x91
 458 0162 B07F     		.sleb128 -80
 459 0164 0B       		.uleb128 0xb
 460 0165 62756600 		.ascii	"buf\000"
 461 0169 01       		.byte	0x1
 462 016a 1F       		.byte	0x1f
 463 016b 40020000 		.4byte	0x240
 464 016f 03       		.uleb128 0x3
 465 0170 91       		.byte	0x91
 466 0171 F07E     		.sleb128 -144
 467 0173 08       		.uleb128 0x8
 468 0174 12000000 		.4byte	.LVL10
 469 0178 EE030000 		.4byte	0x3ee
 470 017c 8D010000 		.4byte	0x18d
 471 0180 09       		.uleb128 0x9
 472 0181 01       		.uleb128 0x1
 473 0182 50       		.byte	0x50
 474 0183 02       		.uleb128 0x2
 475 0184 7D       		.byte	0x7d
 476 0185 00       		.sleb128 0
 477 0186 09       		.uleb128 0x9
 478 0187 01       		.uleb128 0x1
 479 0188 51       		.byte	0x51
 480 0189 02       		.uleb128 0x2
 481 018a 08       		.byte	0x8
 482 018b 20       		.byte	0x20
 483 018c 00       		.byte	0
 484 018d 08       		.uleb128 0x8
 485 018e 1E000000 		.4byte	.LVL11
 486 0192 E3030000 		.4byte	0x3e3
 487 0196 A7010000 		.4byte	0x1a7
 488 019a 09       		.uleb128 0x9
ARM GAS  C:\Users\bogur\AppData\Local\Temp\ccqL8T1I.s 			page 11


 489 019b 01       		.uleb128 0x1
 490 019c 50       		.byte	0x50
 491 019d 02       		.uleb128 0x2
 492 019e 7D       		.byte	0x7d
 493 019f 00       		.sleb128 0
 494 01a0 09       		.uleb128 0x9
 495 01a1 01       		.uleb128 0x1
 496 01a2 51       		.byte	0x51
 497 01a3 02       		.uleb128 0x2
 498 01a4 7D       		.byte	0x7d
 499 01a5 00       		.sleb128 0
 500 01a6 00       		.byte	0
 501 01a7 08       		.uleb128 0x8
 502 01a8 2C000000 		.4byte	.LVL12
 503 01ac E3030000 		.4byte	0x3e3
 504 01b0 C2010000 		.4byte	0x1c2
 505 01b4 09       		.uleb128 0x9
 506 01b5 01       		.uleb128 0x1
 507 01b6 50       		.byte	0x50
 508 01b7 03       		.uleb128 0x3
 509 01b8 91       		.byte	0x91
 510 01b9 907F     		.sleb128 -112
 511 01bb 09       		.uleb128 0x9
 512 01bc 01       		.uleb128 0x1
 513 01bd 51       		.byte	0x51
 514 01be 02       		.uleb128 0x2
 515 01bf 75       		.byte	0x75
 516 01c0 00       		.sleb128 0
 517 01c1 00       		.byte	0
 518 01c2 08       		.uleb128 0x8
 519 01c3 38000000 		.4byte	.LVL13
 520 01c7 F9030000 		.4byte	0x3f9
 521 01cb DD010000 		.4byte	0x1dd
 522 01cf 09       		.uleb128 0x9
 523 01d0 01       		.uleb128 0x1
 524 01d1 50       		.byte	0x50
 525 01d2 03       		.uleb128 0x3
 526 01d3 91       		.byte	0x91
 527 01d4 B07F     		.sleb128 -80
 528 01d6 09       		.uleb128 0x9
 529 01d7 01       		.uleb128 0x1
 530 01d8 51       		.byte	0x51
 531 01d9 02       		.uleb128 0x2
 532 01da 7D       		.byte	0x7d
 533 01db 00       		.sleb128 0
 534 01dc 00       		.byte	0
 535 01dd 08       		.uleb128 0x8
 536 01de 44000000 		.4byte	.LVL14
 537 01e2 04040000 		.4byte	0x404
 538 01e6 03020000 		.4byte	0x203
 539 01ea 09       		.uleb128 0x9
 540 01eb 01       		.uleb128 0x1
 541 01ec 50       		.byte	0x50
 542 01ed 02       		.uleb128 0x2
 543 01ee 7D       		.byte	0x7d
 544 01ef 00       		.sleb128 0
 545 01f0 09       		.uleb128 0x9
ARM GAS  C:\Users\bogur\AppData\Local\Temp\ccqL8T1I.s 			page 12


 546 01f1 01       		.uleb128 0x1
 547 01f2 51       		.byte	0x51
 548 01f3 02       		.uleb128 0x2
 549 01f4 91       		.byte	0x91
 550 01f5 50       		.sleb128 -48
 551 01f6 09       		.uleb128 0x9
 552 01f7 01       		.uleb128 0x1
 553 01f8 52       		.byte	0x52
 554 01f9 02       		.uleb128 0x2
 555 01fa 75       		.byte	0x75
 556 01fb 00       		.sleb128 0
 557 01fc 09       		.uleb128 0x9
 558 01fd 01       		.uleb128 0x1
 559 01fe 53       		.byte	0x53
 560 01ff 02       		.uleb128 0x2
 561 0200 74       		.byte	0x74
 562 0201 00       		.sleb128 0
 563 0202 00       		.byte	0
 564 0203 08       		.uleb128 0x8
 565 0204 52000000 		.4byte	.LVL15
 566 0208 E3030000 		.4byte	0x3e3
 567 020c 1D020000 		.4byte	0x21d
 568 0210 09       		.uleb128 0x9
 569 0211 01       		.uleb128 0x1
 570 0212 50       		.byte	0x50
 571 0213 02       		.uleb128 0x2
 572 0214 91       		.byte	0x91
 573 0215 50       		.sleb128 -48
 574 0216 09       		.uleb128 0x9
 575 0217 01       		.uleb128 0x1
 576 0218 51       		.byte	0x51
 577 0219 02       		.uleb128 0x2
 578 021a 74       		.byte	0x74
 579 021b 00       		.sleb128 0
 580 021c 00       		.byte	0
 581 021d 0A       		.uleb128 0xa
 582 021e 5E000000 		.4byte	.LVL16
 583 0222 E3030000 		.4byte	0x3e3
 584 0226 09       		.uleb128 0x9
 585 0227 01       		.uleb128 0x1
 586 0228 50       		.byte	0x50
 587 0229 02       		.uleb128 0x2
 588 022a 76       		.byte	0x76
 589 022b 00       		.sleb128 0
 590 022c 09       		.uleb128 0x9
 591 022d 01       		.uleb128 0x1
 592 022e 51       		.byte	0x51
 593 022f 03       		.uleb128 0x3
 594 0230 91       		.byte	0x91
 595 0231 B07F     		.sleb128 -80
 596 0233 00       		.byte	0
 597 0234 00       		.byte	0
 598 0235 04       		.uleb128 0x4
 599 0236 04       		.byte	0x4
 600 0237 3B020000 		.4byte	0x23b
 601 023b 0C       		.uleb128 0xc
 602 023c 48000000 		.4byte	0x48
ARM GAS  C:\Users\bogur\AppData\Local\Temp\ccqL8T1I.s 			page 13


 603 0240 0D       		.uleb128 0xd
 604 0241 48000000 		.4byte	0x48
 605 0245 50020000 		.4byte	0x250
 606 0249 0E       		.uleb128 0xe
 607 024a 72000000 		.4byte	0x72
 608 024e 3F       		.byte	0x3f
 609 024f 00       		.byte	0
 610 0250 05       		.uleb128 0x5
 611 0251 05000000 		.4byte	.LASF14
 612 0255 01       		.byte	0x1
 613 0256 33       		.byte	0x33
 614 0257 25000000 		.4byte	0x25
 615 025b 00000000 		.4byte	.LFB3
 616 025f 86000000 		.4byte	.LFE3-.LFB3
 617 0263 01       		.uleb128 0x1
 618 0264 9C       		.byte	0x9c
 619 0265 C7030000 		.4byte	0x3c7
 620 0269 06       		.uleb128 0x6
 621 026a 6B00     		.ascii	"k\000"
 622 026c 01       		.byte	0x1
 623 026d 33       		.byte	0x33
 624 026e 80000000 		.4byte	0x80
 625 0272 B5000000 		.4byte	.LLST6
 626 0276 06       		.uleb128 0x6
 627 0277 6300     		.ascii	"c\000"
 628 0279 01       		.byte	0x1
 629 027a 33       		.byte	0x33
 630 027b 35020000 		.4byte	0x235
 631 027f D3000000 		.4byte	.LLST7
 632 0283 06       		.uleb128 0x6
 633 0284 736B00   		.ascii	"sk\000"
 634 0287 01       		.byte	0x1
 635 0288 33       		.byte	0x33
 636 0289 35020000 		.4byte	0x235
 637 028d F1000000 		.4byte	.LLST8
 638 0291 07       		.uleb128 0x7
 639 0292 6900     		.ascii	"i\000"
 640 0294 01       		.byte	0x1
 641 0295 35       		.byte	0x35
 642 0296 25000000 		.4byte	0x25
 643 029a 0F010000 		.4byte	.LLST9
 644 029e 0F       		.uleb128 0xf
 645 029f 20000000 		.4byte	.LASF15
 646 02a3 01       		.byte	0x1
 647 02a4 35       		.byte	0x35
 648 02a5 25000000 		.4byte	0x25
 649 02a9 2E010000 		.4byte	.LLST10
 650 02ad 0B       		.uleb128 0xb
 651 02ae 636D7000 		.ascii	"cmp\000"
 652 02b2 01       		.byte	0x1
 653 02b3 36       		.byte	0x36
 654 02b4 C7030000 		.4byte	0x3c7
 655 02b8 03       		.uleb128 0x3
 656 02b9 91       		.byte	0x91
 657 02ba A874     		.sleb128 -1496
 658 02bc 0B       		.uleb128 0xb
 659 02bd 62756600 		.ascii	"buf\000"
ARM GAS  C:\Users\bogur\AppData\Local\Temp\ccqL8T1I.s 			page 14


 660 02c1 01       		.byte	0x1
 661 02c2 37       		.byte	0x37
 662 02c3 40020000 		.4byte	0x240
 663 02c7 03       		.uleb128 0x3
 664 02c8 91       		.byte	0x91
 665 02c9 E873     		.sleb128 -1560
 666 02cb 0B       		.uleb128 0xb
 667 02cc 6B7200   		.ascii	"kr\000"
 668 02cf 01       		.byte	0x1
 669 02d0 38       		.byte	0x38
 670 02d1 40020000 		.4byte	0x240
 671 02d5 03       		.uleb128 0x3
 672 02d6 91       		.byte	0x91
 673 02d7 A873     		.sleb128 -1624
 674 02d9 07       		.uleb128 0x7
 675 02da 706B00   		.ascii	"pk\000"
 676 02dd 01       		.byte	0x1
 677 02de 39       		.byte	0x39
 678 02df 35020000 		.4byte	0x235
 679 02e3 4C010000 		.4byte	.LLST11
 680 02e7 08       		.uleb128 0x8
 681 02e8 18000000 		.4byte	.LVL21
 682 02ec 0F040000 		.4byte	0x40f
 683 02f0 08030000 		.4byte	0x308
 684 02f4 09       		.uleb128 0x9
 685 02f5 01       		.uleb128 0x1
 686 02f6 50       		.byte	0x50
 687 02f7 02       		.uleb128 0x2
 688 02f8 74       		.byte	0x74
 689 02f9 00       		.sleb128 0
 690 02fa 09       		.uleb128 0x9
 691 02fb 01       		.uleb128 0x1
 692 02fc 51       		.byte	0x51
 693 02fd 02       		.uleb128 0x2
 694 02fe 75       		.byte	0x75
 695 02ff 00       		.sleb128 0
 696 0300 09       		.uleb128 0x9
 697 0301 01       		.uleb128 0x1
 698 0302 52       		.byte	0x52
 699 0303 03       		.uleb128 0x3
 700 0304 91       		.byte	0x91
 701 0305 E873     		.sleb128 -1560
 702 0307 00       		.byte	0
 703 0308 08       		.uleb128 0x8
 704 0309 3C000000 		.4byte	.LVL25
 705 030d F9030000 		.4byte	0x3f9
 706 0311 23030000 		.4byte	0x323
 707 0315 09       		.uleb128 0x9
 708 0316 01       		.uleb128 0x1
 709 0317 50       		.byte	0x50
 710 0318 02       		.uleb128 0x2
 711 0319 7D       		.byte	0x7d
 712 031a 00       		.sleb128 0
 713 031b 09       		.uleb128 0x9
 714 031c 01       		.uleb128 0x1
 715 031d 51       		.byte	0x51
 716 031e 03       		.uleb128 0x3
ARM GAS  C:\Users\bogur\AppData\Local\Temp\ccqL8T1I.s 			page 15


 717 031f 91       		.byte	0x91
 718 0320 E873     		.sleb128 -1560
 719 0322 00       		.byte	0
 720 0323 08       		.uleb128 0x8
 721 0324 48000000 		.4byte	.LVL26
 722 0328 04040000 		.4byte	0x404
 723 032c 4C030000 		.4byte	0x34c
 724 0330 09       		.uleb128 0x9
 725 0331 01       		.uleb128 0x1
 726 0332 50       		.byte	0x50
 727 0333 03       		.uleb128 0x3
 728 0334 91       		.byte	0x91
 729 0335 E873     		.sleb128 -1560
 730 0337 09       		.uleb128 0x9
 731 0338 01       		.uleb128 0x1
 732 0339 51       		.byte	0x51
 733 033a 03       		.uleb128 0x3
 734 033b 91       		.byte	0x91
 735 033c C873     		.sleb128 -1592
 736 033e 09       		.uleb128 0x9
 737 033f 01       		.uleb128 0x1
 738 0340 52       		.byte	0x52
 739 0341 02       		.uleb128 0x2
 740 0342 77       		.byte	0x77
 741 0343 00       		.sleb128 0
 742 0344 09       		.uleb128 0x9
 743 0345 01       		.uleb128 0x1
 744 0346 53       		.byte	0x53
 745 0347 03       		.uleb128 0x3
 746 0348 91       		.byte	0x91
 747 0349 A874     		.sleb128 -1496
 748 034b 00       		.byte	0
 749 034c 08       		.uleb128 0x8
 750 034d 54000000 		.4byte	.LVL27
 751 0351 1A040000 		.4byte	0x41a
 752 0355 6E030000 		.4byte	0x36e
 753 0359 09       		.uleb128 0x9
 754 035a 01       		.uleb128 0x1
 755 035b 50       		.byte	0x50
 756 035c 02       		.uleb128 0x2
 757 035d 75       		.byte	0x75
 758 035e 00       		.sleb128 0
 759 035f 09       		.uleb128 0x9
 760 0360 01       		.uleb128 0x1
 761 0361 51       		.byte	0x51
 762 0362 03       		.uleb128 0x3
 763 0363 91       		.byte	0x91
 764 0364 A874     		.sleb128 -1496
 765 0366 09       		.uleb128 0x9
 766 0367 01       		.uleb128 0x1
 767 0368 52       		.byte	0x52
 768 0369 03       		.uleb128 0x3
 769 036a 0A       		.byte	0xa
 770 036b C005     		.2byte	0x5c0
 771 036d 00       		.byte	0
 772 036e 08       		.uleb128 0x8
 773 036f 64000000 		.4byte	.LVL30
ARM GAS  C:\Users\bogur\AppData\Local\Temp\ccqL8T1I.s 			page 16


 774 0373 E3030000 		.4byte	0x3e3
 775 0377 89030000 		.4byte	0x389
 776 037b 09       		.uleb128 0x9
 777 037c 01       		.uleb128 0x1
 778 037d 50       		.byte	0x50
 779 037e 03       		.uleb128 0x3
 780 037f 91       		.byte	0x91
 781 0380 C873     		.sleb128 -1592
 782 0382 09       		.uleb128 0x9
 783 0383 01       		.uleb128 0x1
 784 0384 51       		.byte	0x51
 785 0385 02       		.uleb128 0x2
 786 0386 75       		.byte	0x75
 787 0387 00       		.sleb128 0
 788 0388 00       		.byte	0
 789 0389 08       		.uleb128 0x8
 790 038a 72000000 		.4byte	.LVL31
 791 038e 25040000 		.4byte	0x425
 792 0392 B0030000 		.4byte	0x3b0
 793 0396 09       		.uleb128 0x9
 794 0397 01       		.uleb128 0x1
 795 0398 50       		.byte	0x50
 796 0399 02       		.uleb128 0x2
 797 039a 7D       		.byte	0x7d
 798 039b 00       		.sleb128 0
 799 039c 09       		.uleb128 0x9
 800 039d 01       		.uleb128 0x1
 801 039e 51       		.byte	0x51
 802 039f 03       		.uleb128 0x3
 803 03a0 74       		.byte	0x74
 804 03a1 C017     		.sleb128 3008
 805 03a3 09       		.uleb128 0x9
 806 03a4 01       		.uleb128 0x1
 807 03a5 52       		.byte	0x52
 808 03a6 02       		.uleb128 0x2
 809 03a7 08       		.byte	0x8
 810 03a8 20       		.byte	0x20
 811 03a9 09       		.uleb128 0x9
 812 03aa 01       		.uleb128 0x1
 813 03ab 53       		.byte	0x53
 814 03ac 02       		.uleb128 0x2
 815 03ad 77       		.byte	0x77
 816 03ae 00       		.sleb128 0
 817 03af 00       		.byte	0
 818 03b0 0A       		.uleb128 0xa
 819 03b1 7E000000 		.4byte	.LVL32
 820 03b5 E3030000 		.4byte	0x3e3
 821 03b9 09       		.uleb128 0x9
 822 03ba 01       		.uleb128 0x1
 823 03bb 50       		.byte	0x50
 824 03bc 02       		.uleb128 0x2
 825 03bd 76       		.byte	0x76
 826 03be 00       		.sleb128 0
 827 03bf 09       		.uleb128 0x9
 828 03c0 01       		.uleb128 0x1
 829 03c1 51       		.byte	0x51
 830 03c2 02       		.uleb128 0x2
ARM GAS  C:\Users\bogur\AppData\Local\Temp\ccqL8T1I.s 			page 17


 831 03c3 7D       		.byte	0x7d
 832 03c4 00       		.sleb128 0
 833 03c5 00       		.byte	0
 834 03c6 00       		.byte	0
 835 03c7 0D       		.uleb128 0xd
 836 03c8 48000000 		.4byte	0x48
 837 03cc D8030000 		.4byte	0x3d8
 838 03d0 10       		.uleb128 0x10
 839 03d1 72000000 		.4byte	0x72
 840 03d5 BF05     		.2byte	0x5bf
 841 03d7 00       		.byte	0
 842 03d8 11       		.uleb128 0x11
 843 03d9 9E010000 		.4byte	.LASF16
 844 03dd 9E010000 		.4byte	.LASF16
 845 03e1 02       		.byte	0x2
 846 03e2 06       		.byte	0x6
 847 03e3 11       		.uleb128 0x11
 848 03e4 4E020000 		.4byte	.LASF17
 849 03e8 4E020000 		.4byte	.LASF17
 850 03ec 03       		.byte	0x3
 851 03ed 0C       		.byte	0xc
 852 03ee 11       		.uleb128 0x11
 853 03ef B4000000 		.4byte	.LASF18
 854 03f3 B4000000 		.4byte	.LASF18
 855 03f7 04       		.byte	0x4
 856 03f8 07       		.byte	0x7
 857 03f9 11       		.uleb128 0x11
 858 03fa 26020000 		.4byte	.LASF19
 859 03fe 26020000 		.4byte	.LASF19
 860 0402 03       		.byte	0x3
 861 0403 0D       		.byte	0xd
 862 0404 11       		.uleb128 0x11
 863 0405 73010000 		.4byte	.LASF20
 864 0409 73010000 		.4byte	.LASF20
 865 040d 02       		.byte	0x2
 866 040e 07       		.byte	0x7
 867 040f 11       		.uleb128 0x11
 868 0410 8E000000 		.4byte	.LASF21
 869 0414 8E000000 		.4byte	.LASF21
 870 0418 02       		.byte	0x2
 871 0419 08       		.byte	0x8
 872 041a 11       		.uleb128 0x11
 873 041b 70000000 		.4byte	.LASF22
 874 041f 70000000 		.4byte	.LASF22
 875 0423 05       		.byte	0x5
 876 0424 0E       		.byte	0xe
 877 0425 11       		.uleb128 0x11
 878 0426 00000000 		.4byte	.LASF23
 879 042a 00000000 		.4byte	.LASF23
 880 042e 05       		.byte	0x5
 881 042f 11       		.byte	0x11
 882 0430 00       		.byte	0
 883              		.section	.debug_abbrev,"",%progbits
 884              	.Ldebug_abbrev0:
 885 0000 01       		.uleb128 0x1
 886 0001 11       		.uleb128 0x11
 887 0002 01       		.byte	0x1
ARM GAS  C:\Users\bogur\AppData\Local\Temp\ccqL8T1I.s 			page 18


 888 0003 25       		.uleb128 0x25
 889 0004 0E       		.uleb128 0xe
 890 0005 13       		.uleb128 0x13
 891 0006 0B       		.uleb128 0xb
 892 0007 03       		.uleb128 0x3
 893 0008 0E       		.uleb128 0xe
 894 0009 1B       		.uleb128 0x1b
 895 000a 0E       		.uleb128 0xe
 896 000b 55       		.uleb128 0x55
 897 000c 17       		.uleb128 0x17
 898 000d 11       		.uleb128 0x11
 899 000e 01       		.uleb128 0x1
 900 000f 10       		.uleb128 0x10
 901 0010 17       		.uleb128 0x17
 902 0011 00       		.byte	0
 903 0012 00       		.byte	0
 904 0013 02       		.uleb128 0x2
 905 0014 24       		.uleb128 0x24
 906 0015 00       		.byte	0
 907 0016 0B       		.uleb128 0xb
 908 0017 0B       		.uleb128 0xb
 909 0018 3E       		.uleb128 0x3e
 910 0019 0B       		.uleb128 0xb
 911 001a 03       		.uleb128 0x3
 912 001b 08       		.uleb128 0x8
 913 001c 00       		.byte	0
 914 001d 00       		.byte	0
 915 001e 03       		.uleb128 0x3
 916 001f 24       		.uleb128 0x24
 917 0020 00       		.byte	0
 918 0021 0B       		.uleb128 0xb
 919 0022 0B       		.uleb128 0xb
 920 0023 3E       		.uleb128 0x3e
 921 0024 0B       		.uleb128 0xb
 922 0025 03       		.uleb128 0x3
 923 0026 0E       		.uleb128 0xe
 924 0027 00       		.byte	0
 925 0028 00       		.byte	0
 926 0029 04       		.uleb128 0x4
 927 002a 0F       		.uleb128 0xf
 928 002b 00       		.byte	0
 929 002c 0B       		.uleb128 0xb
 930 002d 0B       		.uleb128 0xb
 931 002e 49       		.uleb128 0x49
 932 002f 13       		.uleb128 0x13
 933 0030 00       		.byte	0
 934 0031 00       		.byte	0
 935 0032 05       		.uleb128 0x5
 936 0033 2E       		.uleb128 0x2e
 937 0034 01       		.byte	0x1
 938 0035 3F       		.uleb128 0x3f
 939 0036 19       		.uleb128 0x19
 940 0037 03       		.uleb128 0x3
 941 0038 0E       		.uleb128 0xe
 942 0039 3A       		.uleb128 0x3a
 943 003a 0B       		.uleb128 0xb
 944 003b 3B       		.uleb128 0x3b
ARM GAS  C:\Users\bogur\AppData\Local\Temp\ccqL8T1I.s 			page 19


 945 003c 0B       		.uleb128 0xb
 946 003d 27       		.uleb128 0x27
 947 003e 19       		.uleb128 0x19
 948 003f 49       		.uleb128 0x49
 949 0040 13       		.uleb128 0x13
 950 0041 11       		.uleb128 0x11
 951 0042 01       		.uleb128 0x1
 952 0043 12       		.uleb128 0x12
 953 0044 06       		.uleb128 0x6
 954 0045 40       		.uleb128 0x40
 955 0046 18       		.uleb128 0x18
 956 0047 9742     		.uleb128 0x2117
 957 0049 19       		.uleb128 0x19
 958 004a 01       		.uleb128 0x1
 959 004b 13       		.uleb128 0x13
 960 004c 00       		.byte	0
 961 004d 00       		.byte	0
 962 004e 06       		.uleb128 0x6
 963 004f 05       		.uleb128 0x5
 964 0050 00       		.byte	0
 965 0051 03       		.uleb128 0x3
 966 0052 08       		.uleb128 0x8
 967 0053 3A       		.uleb128 0x3a
 968 0054 0B       		.uleb128 0xb
 969 0055 3B       		.uleb128 0x3b
 970 0056 0B       		.uleb128 0xb
 971 0057 49       		.uleb128 0x49
 972 0058 13       		.uleb128 0x13
 973 0059 02       		.uleb128 0x2
 974 005a 17       		.uleb128 0x17
 975 005b 00       		.byte	0
 976 005c 00       		.byte	0
 977 005d 07       		.uleb128 0x7
 978 005e 34       		.uleb128 0x34
 979 005f 00       		.byte	0
 980 0060 03       		.uleb128 0x3
 981 0061 08       		.uleb128 0x8
 982 0062 3A       		.uleb128 0x3a
 983 0063 0B       		.uleb128 0xb
 984 0064 3B       		.uleb128 0x3b
 985 0065 0B       		.uleb128 0xb
 986 0066 49       		.uleb128 0x49
 987 0067 13       		.uleb128 0x13
 988 0068 02       		.uleb128 0x2
 989 0069 17       		.uleb128 0x17
 990 006a 00       		.byte	0
 991 006b 00       		.byte	0
 992 006c 08       		.uleb128 0x8
 993 006d 898201   		.uleb128 0x4109
 994 0070 01       		.byte	0x1
 995 0071 11       		.uleb128 0x11
 996 0072 01       		.uleb128 0x1
 997 0073 31       		.uleb128 0x31
 998 0074 13       		.uleb128 0x13
 999 0075 01       		.uleb128 0x1
 1000 0076 13       		.uleb128 0x13
 1001 0077 00       		.byte	0
ARM GAS  C:\Users\bogur\AppData\Local\Temp\ccqL8T1I.s 			page 20


 1002 0078 00       		.byte	0
 1003 0079 09       		.uleb128 0x9
 1004 007a 8A8201   		.uleb128 0x410a
 1005 007d 00       		.byte	0
 1006 007e 02       		.uleb128 0x2
 1007 007f 18       		.uleb128 0x18
 1008 0080 9142     		.uleb128 0x2111
 1009 0082 18       		.uleb128 0x18
 1010 0083 00       		.byte	0
 1011 0084 00       		.byte	0
 1012 0085 0A       		.uleb128 0xa
 1013 0086 898201   		.uleb128 0x4109
 1014 0089 01       		.byte	0x1
 1015 008a 11       		.uleb128 0x11
 1016 008b 01       		.uleb128 0x1
 1017 008c 31       		.uleb128 0x31
 1018 008d 13       		.uleb128 0x13
 1019 008e 00       		.byte	0
 1020 008f 00       		.byte	0
 1021 0090 0B       		.uleb128 0xb
 1022 0091 34       		.uleb128 0x34
 1023 0092 00       		.byte	0
 1024 0093 03       		.uleb128 0x3
 1025 0094 08       		.uleb128 0x8
 1026 0095 3A       		.uleb128 0x3a
 1027 0096 0B       		.uleb128 0xb
 1028 0097 3B       		.uleb128 0x3b
 1029 0098 0B       		.uleb128 0xb
 1030 0099 49       		.uleb128 0x49
 1031 009a 13       		.uleb128 0x13
 1032 009b 02       		.uleb128 0x2
 1033 009c 18       		.uleb128 0x18
 1034 009d 00       		.byte	0
 1035 009e 00       		.byte	0
 1036 009f 0C       		.uleb128 0xc
 1037 00a0 26       		.uleb128 0x26
 1038 00a1 00       		.byte	0
 1039 00a2 49       		.uleb128 0x49
 1040 00a3 13       		.uleb128 0x13
 1041 00a4 00       		.byte	0
 1042 00a5 00       		.byte	0
 1043 00a6 0D       		.uleb128 0xd
 1044 00a7 01       		.uleb128 0x1
 1045 00a8 01       		.byte	0x1
 1046 00a9 49       		.uleb128 0x49
 1047 00aa 13       		.uleb128 0x13
 1048 00ab 01       		.uleb128 0x1
 1049 00ac 13       		.uleb128 0x13
 1050 00ad 00       		.byte	0
 1051 00ae 00       		.byte	0
 1052 00af 0E       		.uleb128 0xe
 1053 00b0 21       		.uleb128 0x21
 1054 00b1 00       		.byte	0
 1055 00b2 49       		.uleb128 0x49
 1056 00b3 13       		.uleb128 0x13
 1057 00b4 2F       		.uleb128 0x2f
 1058 00b5 0B       		.uleb128 0xb
ARM GAS  C:\Users\bogur\AppData\Local\Temp\ccqL8T1I.s 			page 21


 1059 00b6 00       		.byte	0
 1060 00b7 00       		.byte	0
 1061 00b8 0F       		.uleb128 0xf
 1062 00b9 34       		.uleb128 0x34
 1063 00ba 00       		.byte	0
 1064 00bb 03       		.uleb128 0x3
 1065 00bc 0E       		.uleb128 0xe
 1066 00bd 3A       		.uleb128 0x3a
 1067 00be 0B       		.uleb128 0xb
 1068 00bf 3B       		.uleb128 0x3b
 1069 00c0 0B       		.uleb128 0xb
 1070 00c1 49       		.uleb128 0x49
 1071 00c2 13       		.uleb128 0x13
 1072 00c3 02       		.uleb128 0x2
 1073 00c4 17       		.uleb128 0x17
 1074 00c5 00       		.byte	0
 1075 00c6 00       		.byte	0
 1076 00c7 10       		.uleb128 0x10
 1077 00c8 21       		.uleb128 0x21
 1078 00c9 00       		.byte	0
 1079 00ca 49       		.uleb128 0x49
 1080 00cb 13       		.uleb128 0x13
 1081 00cc 2F       		.uleb128 0x2f
 1082 00cd 05       		.uleb128 0x5
 1083 00ce 00       		.byte	0
 1084 00cf 00       		.byte	0
 1085 00d0 11       		.uleb128 0x11
 1086 00d1 2E       		.uleb128 0x2e
 1087 00d2 00       		.byte	0
 1088 00d3 3F       		.uleb128 0x3f
 1089 00d4 19       		.uleb128 0x19
 1090 00d5 3C       		.uleb128 0x3c
 1091 00d6 19       		.uleb128 0x19
 1092 00d7 6E       		.uleb128 0x6e
 1093 00d8 0E       		.uleb128 0xe
 1094 00d9 03       		.uleb128 0x3
 1095 00da 0E       		.uleb128 0xe
 1096 00db 3A       		.uleb128 0x3a
 1097 00dc 0B       		.uleb128 0xb
 1098 00dd 3B       		.uleb128 0x3b
 1099 00de 0B       		.uleb128 0xb
 1100 00df 00       		.byte	0
 1101 00e0 00       		.byte	0
 1102 00e1 00       		.byte	0
 1103              		.section	.debug_loc,"",%progbits
 1104              	.Ldebug_loc0:
 1105              	.LLST0:
 1106 0000 00000000 		.4byte	.LVL0
 1107 0004 09000000 		.4byte	.LVL1-1
 1108 0008 0100     		.2byte	0x1
 1109 000a 50       		.byte	0x50
 1110 000b 09000000 		.4byte	.LVL1-1
 1111 000f 3C000000 		.4byte	.LFE1
 1112 0013 0100     		.2byte	0x1
 1113 0015 55       		.byte	0x55
 1114 0016 00000000 		.4byte	0
 1115 001a 00000000 		.4byte	0
ARM GAS  C:\Users\bogur\AppData\Local\Temp\ccqL8T1I.s 			page 22


 1116              	.LLST1:
 1117 001e 00000000 		.4byte	.LVL0
 1118 0022 09000000 		.4byte	.LVL1-1
 1119 0026 0100     		.2byte	0x1
 1120 0028 51       		.byte	0x51
 1121 0029 09000000 		.4byte	.LVL1-1
 1122 002d 3C000000 		.4byte	.LFE1
 1123 0031 0100     		.2byte	0x1
 1124 0033 54       		.byte	0x54
 1125 0034 00000000 		.4byte	0
 1126 0038 00000000 		.4byte	0
 1127              	.LLST2:
 1128 003c 0A000000 		.4byte	.LVL1
 1129 0040 0E000000 		.4byte	.LVL2
 1130 0044 0200     		.2byte	0x2
 1131 0046 30       		.byte	0x30
 1132 0047 9F       		.byte	0x9f
 1133 0048 0E000000 		.4byte	.LVL2
 1134 004c 24000000 		.4byte	.LVL4
 1135 0050 0100     		.2byte	0x1
 1136 0052 53       		.byte	0x53
 1137 0053 00000000 		.4byte	0
 1138 0057 00000000 		.4byte	0
 1139              	.LLST3:
 1140 005b 00000000 		.4byte	.LVL7
 1141 005f 0E000000 		.4byte	.LVL9
 1142 0063 0100     		.2byte	0x1
 1143 0065 50       		.byte	0x50
 1144 0066 0E000000 		.4byte	.LVL9
 1145 006a 64000000 		.4byte	.LFE2
 1146 006e 0100     		.2byte	0x1
 1147 0070 54       		.byte	0x54
 1148 0071 00000000 		.4byte	0
 1149 0075 00000000 		.4byte	0
 1150              	.LLST4:
 1151 0079 00000000 		.4byte	.LVL7
 1152 007d 0C000000 		.4byte	.LVL8
 1153 0081 0100     		.2byte	0x1
 1154 0083 51       		.byte	0x51
 1155 0084 0C000000 		.4byte	.LVL8
 1156 0088 64000000 		.4byte	.LFE2
 1157 008c 0100     		.2byte	0x1
 1158 008e 56       		.byte	0x56
 1159 008f 00000000 		.4byte	0
 1160 0093 00000000 		.4byte	0
 1161              	.LLST5:
 1162 0097 00000000 		.4byte	.LVL7
 1163 009b 11000000 		.4byte	.LVL10-1
 1164 009f 0100     		.2byte	0x1
 1165 00a1 52       		.byte	0x52
 1166 00a2 11000000 		.4byte	.LVL10-1
 1167 00a6 64000000 		.4byte	.LFE2
 1168 00aa 0100     		.2byte	0x1
 1169 00ac 55       		.byte	0x55
 1170 00ad 00000000 		.4byte	0
 1171 00b1 00000000 		.4byte	0
 1172              	.LLST6:
ARM GAS  C:\Users\bogur\AppData\Local\Temp\ccqL8T1I.s 			page 23


 1173 00b5 00000000 		.4byte	.LVL17
 1174 00b9 14000000 		.4byte	.LVL20
 1175 00bd 0100     		.2byte	0x1
 1176 00bf 50       		.byte	0x50
 1177 00c0 14000000 		.4byte	.LVL20
 1178 00c4 86000000 		.4byte	.LFE3
 1179 00c8 0100     		.2byte	0x1
 1180 00ca 56       		.byte	0x56
 1181 00cb 00000000 		.4byte	0
 1182 00cf 00000000 		.4byte	0
 1183              	.LLST7:
 1184 00d3 00000000 		.4byte	.LVL17
 1185 00d7 17000000 		.4byte	.LVL21-1
 1186 00db 0100     		.2byte	0x1
 1187 00dd 51       		.byte	0x51
 1188 00de 17000000 		.4byte	.LVL21-1
 1189 00e2 86000000 		.4byte	.LFE3
 1190 00e6 0100     		.2byte	0x1
 1191 00e8 55       		.byte	0x55
 1192 00e9 00000000 		.4byte	0
 1193 00ed 00000000 		.4byte	0
 1194              	.LLST8:
 1195 00f1 00000000 		.4byte	.LVL17
 1196 00f5 12000000 		.4byte	.LVL19
 1197 00f9 0100     		.2byte	0x1
 1198 00fb 52       		.byte	0x52
 1199 00fc 12000000 		.4byte	.LVL19
 1200 0100 86000000 		.4byte	.LFE3
 1201 0104 0100     		.2byte	0x1
 1202 0106 54       		.byte	0x54
 1203 0107 00000000 		.4byte	0
 1204 010b 00000000 		.4byte	0
 1205              	.LLST9:
 1206 010f 18000000 		.4byte	.LVL21
 1207 0113 1C000000 		.4byte	.LVL22
 1208 0117 0200     		.2byte	0x2
 1209 0119 30       		.byte	0x30
 1210 011a 9F       		.byte	0x9f
 1211 011b 1C000000 		.4byte	.LVL22
 1212 011f 34000000 		.4byte	.LVL24
 1213 0123 0100     		.2byte	0x1
 1214 0125 53       		.byte	0x53
 1215 0126 00000000 		.4byte	0
 1216 012a 00000000 		.4byte	0
 1217              	.LLST10:
 1218 012e 56000000 		.4byte	.LVL28
 1219 0132 60000000 		.4byte	.LVL29
 1220 0136 0100     		.2byte	0x1
 1221 0138 50       		.byte	0x50
 1222 0139 60000000 		.4byte	.LVL29
 1223 013d 86000000 		.4byte	.LFE3
 1224 0141 0100     		.2byte	0x1
 1225 0143 57       		.byte	0x57
 1226 0144 00000000 		.4byte	0
 1227 0148 00000000 		.4byte	0
 1228              	.LLST11:
 1229 014c 10000000 		.4byte	.LVL18
ARM GAS  C:\Users\bogur\AppData\Local\Temp\ccqL8T1I.s 			page 24


 1230 0150 56000000 		.4byte	.LVL28
 1231 0154 0100     		.2byte	0x1
 1232 0156 57       		.byte	0x57
 1233 0157 56000000 		.4byte	.LVL28
 1234 015b 86000000 		.4byte	.LFE3
 1235 015f 0400     		.2byte	0x4
 1236 0161 74       		.byte	0x74
 1237 0162 800D     		.sleb128 1664
 1238 0164 9F       		.byte	0x9f
 1239 0165 00000000 		.4byte	0
 1240 0169 00000000 		.4byte	0
 1241              		.section	.debug_aranges,"",%progbits
 1242 0000 2C000000 		.4byte	0x2c
 1243 0004 0200     		.2byte	0x2
 1244 0006 00000000 		.4byte	.Ldebug_info0
 1245 000a 04       		.byte	0x4
 1246 000b 00       		.byte	0
 1247 000c 0000     		.2byte	0
 1248 000e 0000     		.2byte	0
 1249 0010 00000000 		.4byte	.LFB1
 1250 0014 3C000000 		.4byte	.LFE1-.LFB1
 1251 0018 00000000 		.4byte	.LFB2
 1252 001c 64000000 		.4byte	.LFE2-.LFB2
 1253 0020 00000000 		.4byte	.LFB3
 1254 0024 86000000 		.4byte	.LFE3-.LFB3
 1255 0028 00000000 		.4byte	0
 1256 002c 00000000 		.4byte	0
 1257              		.section	.debug_ranges,"",%progbits
 1258              	.Ldebug_ranges0:
 1259 0000 00000000 		.4byte	.LFB1
 1260 0004 3C000000 		.4byte	.LFE1
 1261 0008 00000000 		.4byte	.LFB2
 1262 000c 64000000 		.4byte	.LFE2
 1263 0010 00000000 		.4byte	.LFB3
 1264 0014 86000000 		.4byte	.LFE3
 1265 0018 00000000 		.4byte	0
 1266 001c 00000000 		.4byte	0
 1267              		.section	.debug_line,"",%progbits
 1268              	.Ldebug_line0:
 1269 0000 D3000000 		.section	.debug_str,"MS",%progbits,1
 1269      02006700 
 1269      00000201 
 1269      FB0E0D00 
 1269      01010101 
 1270              	.LASF23:
 1271 0000 636D6F76 		.ascii	"cmov\000"
 1271      00
 1272              	.LASF14:
 1273 0005 63727970 		.ascii	"crypto_kem_dec\000"
 1273      746F5F6B 
 1273      656D5F64 
 1273      656300
 1274              	.LASF3:
 1275 0014 7369676E 		.ascii	"signed char\000"
 1275      65642063 
 1275      68617200 
 1276              	.LASF15:
ARM GAS  C:\Users\bogur\AppData\Local\Temp\ccqL8T1I.s 			page 25


 1277 0020 6661696C 		.ascii	"fail\000"
 1277      00
 1278              	.LASF4:
 1279 0025 756E7369 		.ascii	"unsigned char\000"
 1279      676E6564 
 1279      20636861 
 1279      7200
 1280              	.LASF25:
 1281 0033 2E2E5C6B 		.ascii	"..\\kem.c\000"
 1281      656D2E63 
 1281      00
 1282              	.LASF13:
 1283 003c 63727970 		.ascii	"crypto_kem_enc\000"
 1283      746F5F6B 
 1283      656D5F65 
 1283      6E6300
 1284              	.LASF8:
 1285 004b 6C6F6E67 		.ascii	"long unsigned int\000"
 1285      20756E73 
 1285      69676E65 
 1285      6420696E 
 1285      7400
 1286              	.LASF6:
 1287 005d 73686F72 		.ascii	"short unsigned int\000"
 1287      7420756E 
 1287      7369676E 
 1287      65642069 
 1287      6E7400
 1288              	.LASF22:
 1289 0070 76657269 		.ascii	"verify\000"
 1289      667900
 1290              	.LASF5:
 1291 0077 73686F72 		.ascii	"short int\000"
 1291      7420696E 
 1291      7400
 1292              	.LASF0:
 1293 0081 756E7369 		.ascii	"unsigned int\000"
 1293      676E6564 
 1293      20696E74 
 1293      00
 1294              	.LASF21:
 1295 008e 696E6463 		.ascii	"indcpa_kem_dec\000"
 1295      70615F6B 
 1295      656D5F64 
 1295      656300
 1296              	.LASF9:
 1297 009d 6C6F6E67 		.ascii	"long long unsigned int\000"
 1297      206C6F6E 
 1297      6720756E 
 1297      7369676E 
 1297      65642069 
 1298              	.LASF18:
 1299 00b4 72616E64 		.ascii	"randombytes\000"
 1299      6F6D6279 
 1299      74657300 
 1300              	.LASF24:
 1301 00c0 474E5520 		.ascii	"GNU C11 5.4.1 20160609 (release) [ARM/embedded-5-br"
ARM GAS  C:\Users\bogur\AppData\Local\Temp\ccqL8T1I.s 			page 26


 1301      43313120 
 1301      352E342E 
 1301      31203230 
 1301      31363036 
 1302 00f3 616E6368 		.ascii	"anch revision 237715] -mcpu=cortex-m4 -mfloat-abi=s"
 1302      20726576 
 1302      6973696F 
 1302      6E203233 
 1302      37373135 
 1303 0126 6F667466 		.ascii	"oftfp -mfpu=fpv4-sp-d16 -mthumb -g -Og -ffunction-s"
 1303      70202D6D 
 1303      6670753D 
 1303      66707634 
 1303      2D73702D 
 1304 0159 65637469 		.ascii	"ections -ffat-lto-objects\000"
 1304      6F6E7320 
 1304      2D666661 
 1304      742D6C74 
 1304      6F2D6F62 
 1305              	.LASF20:
 1306 0173 696E6463 		.ascii	"indcpa_kem_enc\000"
 1306      70615F6B 
 1306      656D5F65 
 1306      6E6300
 1307              	.LASF10:
 1308 0182 73697A65 		.ascii	"sizetype\000"
 1308      74797065 
 1308      00
 1309              	.LASF1:
 1310 018b 6C6F6E67 		.ascii	"long long int\000"
 1310      206C6F6E 
 1310      6720696E 
 1310      7400
 1311              	.LASF11:
 1312 0199 63686172 		.ascii	"char\000"
 1312      00
 1313              	.LASF16:
 1314 019e 696E6463 		.ascii	"indcpa_kem_keypair\000"
 1314      70615F6B 
 1314      656D5F6B 
 1314      65797061 
 1314      697200
 1315              	.LASF26:
 1316 01b1 433A5C55 		.ascii	"C:\\Users\\bogur\\Documents\\GitHub\\TFG2\\Codigo\\"
 1316      73657273 
 1316      5C626F67 
 1316      75725C44 
 1316      6F63756D 
 1317 01dd 416C676F 		.ascii	"Algoritmos postcuanticos\\PSOC\\Workspace\\SABER\\S"
 1317      7269746D 
 1317      6F732070 
 1317      6F737463 
 1317      75616E74 
 1318 020c 61626572 		.ascii	"aber\\Saber.cydsn\000"
 1318      5C536162 
 1318      65722E63 
 1318      7964736E 
ARM GAS  C:\Users\bogur\AppData\Local\Temp\ccqL8T1I.s 			page 27


 1318      00
 1319              	.LASF7:
 1320 021d 6C6F6E67 		.ascii	"long int\000"
 1320      20696E74 
 1320      00
 1321              	.LASF19:
 1322 0226 73686133 		.ascii	"sha3_512\000"
 1322      5F353132 
 1322      00
 1323              	.LASF2:
 1324 022f 6C6F6E67 		.ascii	"long double\000"
 1324      20646F75 
 1324      626C6500 
 1325              	.LASF12:
 1326 023b 63727970 		.ascii	"crypto_kem_keypair\000"
 1326      746F5F6B 
 1326      656D5F6B 
 1326      65797061 
 1326      697200
 1327              	.LASF17:
 1328 024e 73686133 		.ascii	"sha3_256\000"
 1328      5F323536 
 1328      00
 1329              		.ident	"GCC: (GNU Tools for ARM Embedded Processors) 5.4.1 20160609 (release) [ARM/embedded-5-bran
