\BOOKMARK [0][-]{chapter*.1}{\376\377\000R\000e\000s\000u\000m\000e\000n}{}% 1
\BOOKMARK [0][-]{chapter*.3}{\376\377\000A\000b\000s\000t\000r\000a\000c\000t}{}% 2
\BOOKMARK [0][-]{chapter*.5}{\376\377\000\315\000n\000d\000i\000c\000e}{}% 3
\BOOKMARK [0][-]{chapter*.9}{\376\377\000A\000b\000r\000e\000v\000i\000a\000t\000u\000r\000a\000s\000\040\000y\000\040\000s\000i\000g\000l\000a\000s}{}% 4
\BOOKMARK [0][-]{chapter.1}{\376\377\000I\000n\000t\000r\000o\000d\000u\000c\000c\000i\000\363\000n}{}% 5
\BOOKMARK [1][-]{section.1.1}{\376\377\000M\000o\000t\000i\000v\000a\000c\000i\000\363\000n\000\040\000d\000e\000l\000\040\000p\000r\000o\000y\000e\000c\000t\000o}{chapter.1}% 6
\BOOKMARK [1][-]{section.1.2}{\376\377\000O\000b\000j\000e\000t\000i\000v\000o\000s}{chapter.1}% 7
\BOOKMARK [1][-]{section.1.3}{\376\377\000H\000e\000r\000r\000a\000m\000i\000e\000n\000t\000a\000s\000\040\000u\000t\000i\000l\000i\000z\000a\000d\000a\000s}{chapter.1}% 8
\BOOKMARK [2][-]{subsection.1.3.1}{\376\377\000L\000a\000T\000e\000x}{section.1.3}% 9
\BOOKMARK [2][-]{subsection.1.3.2}{\376\377\000C\000\040\000y\000\040\000C\000+\000+}{section.1.3}% 10
\BOOKMARK [2][-]{subsection.1.3.3}{\376\377\000M\000i\000c\000r\000o\000p\000r\000o\000c\000e\000s\000a\000d\000o\000r\000\040\000C\000Y\0008\000C\000P\000R\000O\000T\000O\000-\0000\0006\0003\000-\000B\000L\000E\000\040}{section.1.3}% 11
\BOOKMARK [1][-]{section.1.4}{\376\377\000E\000s\000t\000r\000u\000c\000t\000u\000r\000a\000\040\000d\000e\000l\000\040\000d\000o\000c\000u\000m\000e\000n\000t\000o}{chapter.1}% 12
\BOOKMARK [0][-]{chapter.2}{\376\377\000E\000s\000t\000a\000d\000o\000\040\000d\000e\000l\000\040\000a\000r\000t\000e}{}% 13
\BOOKMARK [1][-]{section.2.1}{\376\377\000I\000n\000t\000r\000o\000d\000u\000c\000c\000i\000\363\000n}{chapter.2}% 14
\BOOKMARK [1][-]{section.2.2}{\376\377\000T\000i\000p\000o\000s\000\040\000d\000e\000\040\000c\000i\000f\000r\000a\000d\000o}{chapter.2}% 15
\BOOKMARK [1][-]{section.2.3}{\376\377\000A\000l\000g\000o\000r\000i\000t\000m\000o\000s\000\040\000d\000e\000\040\000c\000i\000f\000r\000a\000d\000o\000\040\000c\000l\000\341\000s\000i\000c\000o\000s\000.\000\040\000A\000l\000g\000o\000r\000i\000t\000m\000o\000\040\000d\000e\000\040\000S\000h\000o\000r}{chapter.2}% 16
\BOOKMARK [1][-]{section.2.4}{\376\377\000E\000v\000o\000l\000u\000c\000i\000\363\000n\000\040\000d\000e\000\040\000l\000o\000s\000\040\000a\000l\000g\000o\000r\000i\000t\000m\000o\000s\000\040\000p\000o\000s\000t\000c\000u\000\341\000n\000t\000i\000c\000o\000s\000.\000\040\000R\000o\000n\000d\000a\000s\000\040\000d\000e\000\040\000s\000e\000l\000e\000c\000c\000i\000\363\000n\000\040\000d\000e\000l\000\040\000N\000I\000S\000T}{chapter.2}% 17
\BOOKMARK [1][-]{section.2.5}{\376\377\000D\000i\000s\000t\000r\000i\000b\000u\000c\000i\000\363\000n\000\040\000C\000u\000\341\000n\000t\000i\000c\000a\000\040\000d\000e\000\040\000C\000l\000a\000v\000e\000s}{chapter.2}% 18
\BOOKMARK [1][-]{section.2.6}{\376\377\000I\000m\000p\000l\000e\000m\000e\000n\000t\000a\000c\000i\000\363\000n\000\040\000e\000n\000\040\000m\000i\000c\000r\000o\000c\000o\000n\000t\000r\000o\000l\000a\000d\000o\000r\000e\000s\000\040\000C\000o\000r\000t\000e\000x\000-\000M\0004}{chapter.2}% 19
\BOOKMARK [2][-]{subsection.2.6.1}{\376\377\000P\000l\000a\000t\000a\000f\000o\000r\000m\000a\000\040\000d\000e\000\040\000E\000v\000a\000l\000u\000a\000c\000i\000\363\000n\000\040\000C\000o\000m\000\372\000n\000:\000\040\000E\000l\000\040\000f\000r\000a\000m\000e\000w\000o\000r\000k\000\040\000p\000q\000m\0004}{section.2.6}% 20
\BOOKMARK [0][-]{chapter.3}{\376\377\000F\000u\000n\000d\000a\000m\000e\000n\000t\000o\000s\000\040\000g\000e\000n\000e\000r\000a\000l\000e\000s}{}% 21
\BOOKMARK [1][-]{section.3.1}{\376\377\000I\000n\000t\000r\000o\000d\000u\000c\000c\000i\000\363\000n}{chapter.3}% 22
\BOOKMARK [1][-]{section.3.2}{\376\377\000N\000o\000t\000a\000c\000i\000\363\000n\000\040\000b\000\341\000s\000i\000c\000a}{chapter.3}% 23
\BOOKMARK [1][-]{section.3.3}{\376\377\000A\000l\000g\000o\000r\000i\000t\000m\000o\000s\000\040\000d\000e\000\040\000H\000a\000s\000h\000i\000n\000g\000\040}{chapter.3}% 24
\BOOKMARK [2][-]{subsection.3.3.1}{\376\377\000A\000l\000g\000o\000r\000i\000t\000m\000o\000\040\000K\000e\000c\000c\000a\000k\000-\000p}{section.3.3}% 25
\BOOKMARK [3][-]{subsubsection.3.3.1.1}{\376\377\000V\000e\000c\000t\000o\000r\000e\000s\000\040\000d\000e\000\040\000e\000s\000t\000a\000d\000o}{subsection.3.3.1}% 26
\BOOKMARK [3][-]{subsubsection.3.3.1.2}{\376\377\000F\000u\000n\000c\000i\000\363\000n\000\040\000e\000s\000p\000o\000n\000j\000a}{subsection.3.3.1}% 27
\BOOKMARK [3][-]{subsubsection.3.3.1.3}{\376\377\000S\000e\000g\000u\000r\000i\000d\000a\000d}{subsection.3.3.1}% 28
\BOOKMARK [1][-]{section.3.4}{\376\377\000F\000u\000n\000c\000i\000o\000n\000a\000m\000i\000e\000n\000t\000o\000\040\000b\000\341\000s\000i\000c\000o\000\040\000d\000e\000\040\000l\000o\000s\000\040\000a\000l\000g\000o\000r\000i\000t\000m\000o\000s\000\040\000p\000o\000s\000t\000c\000u\000\341\000n\000t\000i\000c\000o\000s}{chapter.3}% 29
\BOOKMARK [2][-]{subsection.3.4.1}{\376\377\000F\000u\000n\000d\000a\000m\000e\000n\000t\000o\000s\000\040\000m\000a\000t\000e\000m\000\341\000t\000i\000c\000o\000s\000\040\000d\000e\000\040\000C\000R\000Y\000S\000T\000A\000L\000S\000-\000K\000y\000b\000e\000r\000\040}{section.3.4}% 30
\BOOKMARK [3][-]{subsubsection.3.4.1.1}{\376\377\000T\000r\000a\000n\000s\000f\000o\000r\000m\000a\000d\000a\000\040\000T\000e\000\363\000r\000i\000c\000a\000\040\000d\000e\000\040\000N\000\372\000m\000e\000r\000o\000s\000\040\000o\000\040\000N\000u\000m\000b\000e\000r\000\040\000T\000h\000e\000o\000r\000e\000t\000i\000c\000\040\000T\000r\000a\000n\000s\000f\000o\000r\000m\000\040\000\050\000N\000T\000T\000\051}{subsection.3.4.1}% 31
\BOOKMARK [3][-]{subsubsection.3.4.1.2}{\376\377\000A\000p\000r\000e\000n\000d\000i\000z\000a\000j\000e\000\040\000C\000o\000n\000\040\000E\000r\000r\000o\000r\000e\000s\000\040\000o\000\040\000L\000e\000a\000r\000n\000i\000n\000g\000\040\000W\000i\000t\000h\000\040\000E\000r\000r\000o\000r\000s\000\040\000\050\000l\000w\000e\000\051}{subsection.3.4.1}% 32
\BOOKMARK [3][-]{subsubsection.3.4.1.3}{\376\377\000l\000w\000e\000\040\000e\000n\000\040\000a\000n\000i\000l\000l\000o\000s}{subsection.3.4.1}% 33
\BOOKMARK [4][-]{section*.10}{\376\377\000A\000p\000l\000i\000c\000a\000c\000i\000\363\000n\000\040\000d\000e\000l\000\040\000r\000l\000w\000e\000\040\000p\000a\000r\000a\000\040\000e\000l\000\040\000i\000n\000t\000e\000r\000c\000a\000m\000b\000i\000o\000\040\000d\000e\000\040\000c\000l\000a\000v\000e\000s\000\040\000p\000\372\000b\000l\000i\000c\000a\000s}{subsubsection.3.4.1.3}% 34
\BOOKMARK [4][-]{section*.11}{\376\377\000U\000s\000o\000\040\000d\000e\000\040\000m\000l\000w\000e\000\040\000e\000n\000\040\000K\000y\000b\000e\000r}{subsubsection.3.4.1.3}% 35
\BOOKMARK [3][-]{subsubsection.3.4.1.4}{\376\377\000P\000a\000r\000\341\000m\000e\000t\000r\000o\000s\000\040\000e\000m\000p\000l\000e\000a\000d\000o\000s\000\040\000e\000n\000\040\000K\000y\000b\000e\000r}{subsection.3.4.1}% 36
\BOOKMARK [2][-]{subsection.3.4.2}{\376\377\000F\000u\000n\000d\000a\000m\000e\000n\000t\000o\000s\000\040\000m\000a\000t\000e\000m\000\341\000t\000i\000c\000o\000s\000\040\000d\000e\000\040\000S\000a\000b\000e\000r}{section.3.4}% 37
\BOOKMARK [3][-]{subsubsection.3.4.2.1}{\376\377\000A\000l\000g\000o\000r\000i\000t\000m\000o\000s\000\040\000d\000e\000\040\000T\000o\000o\000m\000-\000C\000o\000o\000k\000\040\000y\000\040\000K\000a\000r\000a\000t\000s\000u\000b\000a}{subsection.3.4.2}% 38
\BOOKMARK [3][-]{subsubsection.3.4.2.2}{\376\377\000A\000p\000r\000e\000n\000d\000i\000z\000a\000j\000e\000\040\000C\000o\000n\000\040\000R\000e\000d\000o\000n\000d\000e\000o\000\040\000M\000o\000d\000u\000l\000a\000r\000\040\000o\000\040\000M\000o\000d\000u\000l\000a\000r\000\040\000L\000e\000a\000r\000n\000i\000n\000g\000\040\000W\000i\000t\000h\000\040\000R\000o\000u\000n\000d\000i\000n\000g\000\040\000\050\000m\000l\000w\000r\000\051}{subsection.3.4.2}% 39
\BOOKMARK [3][-]{subsubsection.3.4.2.3}{\376\377\000P\000a\000r\000\341\000m\000e\000t\000r\000o\000s\000\040\000e\000m\000p\000l\000e\000a\000d\000o\000s\000\040\000e\000n\000\040\000S\000a\000b\000e\000r}{subsection.3.4.2}% 40
\BOOKMARK [2][-]{subsection.3.4.3}{\376\377\000F\000u\000n\000d\000a\000m\000e\000n\000t\000o\000s\000\040\000m\000a\000t\000e\000m\000\341\000t\000i\000c\000o\000s\000\040\000d\000e\000\040\000H\000a\000m\000m\000i\000n\000g\000\040\000Q\000u\000a\000s\000i\000-\000C\000y\000c\000l\000i\000c\000\040\000\050\000h\000q\000c\000\051}{section.3.4}% 41
\BOOKMARK [3][-]{subsubsection.3.4.3.1}{\376\377\000C\000\363\000d\000i\000g\000o\000s\000\040\000c\000u\000a\000s\000i\000-\000c\000\355\000c\000l\000i\000c\000o\000s\000\040\000y\000\040\000p\000r\000o\000b\000l\000e\000m\000a\000\040\000d\000e\000\040\000d\000e\000c\000o\000d\000i\000f\000i\000c\000a\000c\000i\000\363\000n\000\040\000p\000o\000r\000\040\000s\000\355\000n\000d\000r\000o\000m\000e}{subsection.3.4.3}% 42
\BOOKMARK [3][-]{subsubsection.3.4.3.2}{\376\377\000C\000\363\000d\000i\000g\000o\000s\000\040\000R\000e\000e\000d\000-\000S\000o\000l\000o\000m\000o\000n\000\040\000y\000\040\000R\000e\000e\000d\000-\000M\000u\000l\000l\000e\000r}{subsection.3.4.3}% 43
\BOOKMARK [3][-]{subsubsection.3.4.3.3}{\376\377\000P\000a\000r\000\341\000m\000e\000t\000r\000o\000s\000\040\000e\000m\000p\000l\000e\000a\000d\000o\000s\000\040\000e\000n\000\040\000h\000q\000c}{subsection.3.4.3}% 44
\BOOKMARK [1][-]{section.3.5}{\376\377\000F\000u\000n\000d\000a\000m\000e\000n\000t\000o\000s\000\040\000d\000e\000\040\000s\000e\000g\000u\000r\000i\000d\000a\000d\000\040\000d\000e\000\040\000l\000o\000s\000\040\000a\000l\000g\000o\000r\000i\000t\000m\000o\000s\000\040\000a\000s\000i\000m\000\351\000t\000r\000i\000c\000o\000s}{chapter.3}% 45
\BOOKMARK [2][-]{subsection.3.5.1}{\376\377\000I\000n\000d\000i\000s\000t\000i\000n\000g\000u\000i\000b\000i\000l\000i\000d\000a\000d\000\040\000b\000a\000j\000o\000\040\000a\000t\000a\000q\000u\000e\000\040\000d\000e\000\040\000t\000e\000x\000t\000o\000\040\000c\000i\000f\000r\000a\000d\000o\000\040\000a\000d\000a\000p\000t\000a\000b\000l\000e\000\040\000c\000c\000a\0002}{section.3.5}% 46
\BOOKMARK [2][-]{subsection.3.5.2}{\376\377\000T\000r\000a\000n\000s\000f\000o\000r\000m\000a\000d\000a\000s\000\040\000F\000u\000j\000i\000s\000a\000k\000i\000-\000O\000k\000a\000m\000o\000t\000o\000\040\000t\000f\000o}{section.3.5}% 47
\BOOKMARK [1][-]{section.3.6}{\376\377\000G\000a\000r\000a\000n\000t\000\355\000a\000s\000\040\000d\000e\000\040\000s\000e\000g\000u\000r\000i\000d\000a\000d\000\040\000d\000e\000\040\000l\000o\000s\000\040\000a\000l\000g\000o\000r\000i\000t\000m\000o\000s\000\040\000p\000o\000s\000t\000c\000u\000\341\000n\000t\000i\000c\000o\000s}{chapter.3}% 48
\BOOKMARK [2][-]{subsection.3.6.1}{\376\377\000S\000e\000g\000u\000r\000i\000d\000a\000d\000\040\000e\000s\000p\000e\000r\000a\000d\000a\000\040\000e\000n\000\040\000K\000y\000b\000e\000r}{section.3.6}% 49
\BOOKMARK [2][-]{subsection.3.6.2}{\376\377\000S\000e\000g\000u\000r\000i\000d\000a\000d\000\040\000e\000s\000p\000e\000r\000a\000d\000a\000\040\000e\000n\000\040\000S\000a\000b\000e\000r}{section.3.6}% 50
\BOOKMARK [2][-]{subsection.3.6.3}{\376\377\000S\000e\000g\000u\000r\000i\000d\000a\000d\000\040\000e\000s\000p\000e\000r\000a\000d\000a\000\040\000e\000n\000\040\000h\000q\000c}{section.3.6}% 51
\BOOKMARK [0][-]{chapter.4}{\376\377\000D\000e\000s\000a\000r\000r\000o\000l\000l\000o}{}% 52
\BOOKMARK [1][-]{section.4.1}{\376\377\000A\000d\000a\000p\000t\000a\000c\000i\000\363\000n\000\040\000d\000e\000\040\000P\000r\000i\000m\000i\000t\000i\000v\000a\000s\000\040\000C\000r\000i\000p\000t\000o\000g\000r\000\341\000f\000i\000c\000a\000s}{chapter.4}% 53
\BOOKMARK [2][-]{subsection.4.1.1}{\376\377\000K\000y\000b\000e\000r\000\040\000y\000\040\000S\000a\000b\000e\000r\000:\000\040\000I\000m\000p\000l\000e\000m\000e\000n\000t\000a\000c\000i\000o\000n\000e\000s\000\040\000d\000e\000\040\000R\000e\000f\000e\000r\000e\000n\000c\000i\000a}{section.4.1}% 54
\BOOKMARK [3][-]{subsubsection.4.1.1.1}{\376\377\000E\000s\000t\000r\000u\000c\000t\000u\000r\000a\000\040\000d\000e\000l\000\040\000c\000\363\000d\000i\000g\000o\000\040\000e\000n\000\040\000K\000y\000b\000e\000r}{subsection.4.1.1}% 55
\BOOKMARK [3][-]{subsubsection.4.1.1.2}{\376\377\000E\000s\000t\000r\000u\000c\000t\000u\000r\000a\000\040\000d\000e\000l\000\040\000c\000\363\000d\000i\000g\000o\000\040\000e\000n\000\040\000S\000a\000b\000e\000r}{subsection.4.1.1}% 56
\BOOKMARK [2][-]{subsection.4.1.2}{\376\377\000H\000Q\000C\000:\000\040\000S\000e\000l\000e\000c\000c\000i\000\363\000n\000\040\000d\000e\000\040\000P\000Q\000C\000l\000e\000a\000n}{section.4.1}% 57
\BOOKMARK [3][-]{subsubsection.4.1.2.1}{\376\377\000E\000s\000t\000r\000u\000c\000t\000u\000r\000a\000\040\000d\000e\000l\000\040\000c\000\363\000d\000i\000g\000o\000\040\000e\000n\000\040\000h\000q\000c}{subsection.4.1.2}% 58
\BOOKMARK [1][-]{section.4.2}{\376\377\000U\000n\000i\000f\000i\000c\000a\000c\000i\000\363\000n\000\040\000d\000e\000\040\000I\000n\000t\000e\000r\000f\000a\000c\000e\000s\000\040\000\050\000C\000a\000p\000a\000\040\000W\000r\000a\000p\000p\000e\000r\000\051}{chapter.4}% 59
\BOOKMARK [1][-]{section.4.3}{\376\377\000P\000r\000e\000c\000o\000m\000p\000i\000l\000a\000d\000o\000s\000\040\000y\000\040\000g\000e\000s\000t\000i\000\363\000n\000\040\000d\000e\000\040\000l\000a\000\040\000a\000l\000e\000a\000t\000o\000r\000i\000e\000d\000a\000d\000.}{chapter.4}% 60
\BOOKMARK [1][-]{section.4.4}{\376\377\000A\000r\000q\000u\000i\000t\000e\000c\000t\000u\000r\000a\000\040\000d\000e\000l\000\040\000A\000g\000e\000n\000t\000e\000\040\000C\000r\000i\000p\000t\000o\000g\000r\000\341\000f\000i\000c\000o\000\040\000y\000\040\000d\000e\000\040\000l\000a\000s\000\040\000c\000o\000m\000u\000n\000i\000c\000a\000c\000i\000o\000n\000e\000s\000\040\000\050\000C\000+\000+\000\051}{chapter.4}% 61
\BOOKMARK [2][-]{subsection.4.4.1}{\376\377\000M\000o\000d\000e\000l\000o\000\040\000d\000e\000\040\000c\000o\000m\000u\000n\000i\000c\000a\000c\000i\000o\000n\000e\000s}{section.4.4}% 62
\BOOKMARK [3][-]{subsubsection.4.4.1.1}{\376\377\000C\000l\000a\000s\000e\000\040\000S\000e\000r\000i\000a\000l\000C\000o\000m\000u\000n\000i\000c\000a\000t\000i\000o\000n}{subsection.4.4.1}% 63
\BOOKMARK [3][-]{subsubsection.4.4.1.2}{\376\377\000C\000l\000a\000s\000e\000\040\000C\000i\000r\000c\000u\000l\000a\000r\000B\000u\000f\000f\000e\000r}{subsection.4.4.1}% 64
\BOOKMARK [3][-]{subsubsection.4.4.1.3}{\376\377\000C\000l\000a\000s\000e\000\040\000S\000e\000r\000i\000a\000l\000P\000a\000c\000k\000e\000t\000T\000r\000a\000n\000s\000p\000o\000r\000t}{subsection.4.4.1}% 65
\BOOKMARK [2][-]{subsection.4.4.2}{\376\377\000M\000o\000d\000e\000l\000o\000\040\000c\000r\000i\000p\000t\000o\000g\000r\000\341\000f\000i\000c\000o}{section.4.4}% 66
\BOOKMARK [3][-]{subsubsection.4.4.2.1}{\376\377\000P\000l\000a\000n\000t\000i\000l\000l\000a\000\040\000S\000e\000c\000u\000r\000e\000V\000e\000c\000t\000o\000r}{subsection.4.4.2}% 67
\BOOKMARK [3][-]{subsubsection.4.4.2.2}{\376\377\000C\000l\000a\000s\000e\000\040\000k\000e\000y\000e\000x\000c\000h\000a\000n\000g\000e}{subsection.4.4.2}% 68
\BOOKMARK [3][-]{subsubsection.4.4.2.3}{\376\377\000C\000l\000a\000s\000e\000\040\000K\000E\000M\000P\000r\000o\000t\000o\000c\000o\000l}{subsection.4.4.2}% 69
\BOOKMARK [3][-]{subsubsection.4.4.2.4}{\376\377\000C\000l\000a\000s\000e\000\040\000A\000l\000g\000o\000r\000i\000t\000h\000m\000T\000e\000s\000t\000e\000r}{subsection.4.4.2}% 70
\BOOKMARK [1][-]{section.4.5}{\376\377\000I\000m\000p\000l\000e\000m\000e\000n\000t\000a\000c\000i\000\363\000n\000\040\000d\000e\000\040\000a\000l\000g\000o\000r\000i\000t\000m\000o\000s\000\040\000e\000n\000\040\000e\000l\000\040\000m\000i\000c\000r\000o\000c\000o\000n\000t\000r\000o\000l\000a\000d\000o\000r}{chapter.4}% 71
\BOOKMARK [1][-]{section.4.6}{\376\377\000D\000i\000a\000g\000r\000a\000m\000a\000\040\000d\000e\000\040\000s\000e\000c\000u\000e\000n\000c\000i\000a}{chapter.4}% 72
\BOOKMARK [1][-]{section.4.7}{\376\377\000T\000e\000s\000t\000s\000\040\000d\000e\000\040\000r\000e\000n\000d\000i\000m\000i\000e\000n\000t\000o\000\040\000r\000e\000a\000l\000i\000z\000a\000d\000o\000s}{chapter.4}% 73
\BOOKMARK [2][-]{subsection.4.7.1}{\376\377\000D\000i\000s\000p\000o\000s\000i\000t\000i\000v\000o\000s\000\040\000e\000n\000s\000a\000y\000a\000d\000o\000s}{section.4.7}% 74
\BOOKMARK [2][-]{subsection.4.7.2}{\376\377\000C\000i\000c\000l\000o\000s\000\040\000d\000e\000\040\000C\000P\000U}{section.4.7}% 75
\BOOKMARK [2][-]{subsection.4.7.3}{\376\377\000C\000a\000u\000d\000a\000l\000\040\000d\000e\000\040\000P\000r\000o\000c\000e\000s\000a\000m\000i\000e\000n\000t\000o}{section.4.7}% 76
\BOOKMARK [2][-]{subsection.4.7.4}{\376\377\000U\000s\000o\000\040\000d\000e\000\040\000P\000i\000l\000a}{section.4.7}% 77
\BOOKMARK [2][-]{subsection.4.7.5}{\376\377\000E\000v\000a\000l\000u\000a\000c\000i\000\363\000n\000\040\000d\000e\000\040\000t\000i\000e\000m\000p\000o\000s}{section.4.7}% 78
\BOOKMARK [2][-]{subsection.4.7.6}{\376\377\000E\000v\000a\000l\000u\000a\000c\000i\000\363\000n\000\040\000d\000e\000\040\000l\000a\000\040\000F\000u\000e\000n\000t\000e\000\040\000d\000e\000\040\000A\000l\000e\000a\000t\000o\000r\000i\000e\000d\000a\000d\000\040\000\050\000r\000a\000n\000d\000o\000m\000b\000y\000t\000e\000s\000\051}{section.4.7}% 79
\BOOKMARK [3][-]{subsubsection.4.7.6.1}{\376\377\000E\000n\000s\000a\000y\000o\000s\000\040\000V\000i\000s\000u\000a\000l\000e\000s}{subsection.4.7.6}% 80
\BOOKMARK [3][-]{subsubsection.4.7.6.2}{\376\377\000B\000a\000t\000e\000r\000\355\000a\000s\000\040\000d\000e\000\040\000T\000e\000s\000t\000s\000\040\000E\000s\000t\000a\000d\000\355\000s\000t\000i\000c\000o\000s}{subsection.4.7.6}% 81
\BOOKMARK [0][-]{chapter.5}{\376\377\000R\000e\000s\000u\000l\000t\000a\000d\000o\000s\000\040\000y\000\040\000d\000i\000s\000c\000u\000s\000i\000\363\000n}{}% 82
\BOOKMARK [1][-]{section.5.1}{\376\377\000T\000e\000s\000t\000\040\000d\000e\000\040\000r\000e\000s\000p\000u\000e\000s\000t\000a\000\040\000c\000o\000n\000o\000c\000i\000d\000a}{chapter.5}% 83
\BOOKMARK [2][-]{subsection.5.1.1}{\376\377\000K\000y\000b\000e\000r\000\040\000y\000\040\000S\000a\000b\000e\000r}{section.5.1}% 84
\BOOKMARK [2][-]{subsection.5.1.2}{\376\377\000H\000Q\000C}{section.5.1}% 85
\BOOKMARK [1][-]{section.5.2}{\376\377\000C\000i\000c\000l\000o\000s\000\040\000d\000e\000\040\000C\000P\000U}{chapter.5}% 86
\BOOKMARK [2][-]{subsection.5.2.1}{\376\377\000C\000o\000m\000p\000a\000r\000a\000c\000i\000\363\000n\000\040\000p\000o\000r\000\040\000p\000l\000a\000t\000a\000f\000o\000r\000m\000a}{section.5.2}% 87
\BOOKMARK [2][-]{subsection.5.2.2}{\376\377\000C\000o\000m\000p\000a\000r\000a\000c\000i\000\363\000n\000\040\000p\000o\000r\000\040\000a\000l\000g\000o\000r\000i\000t\000m\000o}{section.5.2}% 88
\BOOKMARK [1][-]{section.5.3}{\376\377\000C\000a\000u\000d\000a\000l\000\040\000d\000e\000\040\000P\000r\000o\000c\000e\000s\000a\000m\000i\000e\000n\000t\000o}{chapter.5}% 89
\BOOKMARK [2][-]{subsection.5.3.1}{\376\377\000C\000o\000m\000p\000a\000r\000a\000c\000i\000\363\000n\000\040\000p\000o\000r\000\040\000p\000l\000a\000t\000a\000f\000o\000r\000m\000a}{section.5.3}% 90
\BOOKMARK [2][-]{subsection.5.3.2}{\376\377\000C\000o\000m\000p\000a\000r\000a\000c\000i\000\363\000n\000\040\000p\000o\000r\000\040\000a\000l\000g\000o\000r\000i\000t\000m\000o}{section.5.3}% 91
\BOOKMARK [1][-]{section.5.4}{\376\377\000U\000s\000o\000\040\000d\000e\000\040\000p\000i\000l\000a}{chapter.5}% 92
\BOOKMARK [2][-]{subsection.5.4.1}{\376\377\000C\000o\000m\000p\000a\000r\000a\000c\000i\000\363\000n\000\040\000p\000o\000r\000\040\000p\000l\000a\000t\000a\000f\000o\000r\000m\000a}{section.5.4}% 93
\BOOKMARK [2][-]{subsection.5.4.2}{\376\377\000C\000o\000m\000p\000a\000r\000a\000c\000i\000\363\000n\000\040\000p\000o\000r\000\040\000a\000l\000g\000o\000r\000i\000t\000m\000o}{section.5.4}% 94
\BOOKMARK [1][-]{section.5.5}{\376\377\000C\000o\000s\000t\000e\000\040\000d\000e\000\040\000c\000o\000m\000u\000n\000i\000c\000a\000c\000i\000\363\000n}{chapter.5}% 95
\BOOKMARK [1][-]{section.5.6}{\376\377\000E\000v\000a\000l\000u\000a\000c\000i\000\363\000n\000\040\000d\000e\000\040\000l\000a\000\040\000A\000l\000e\000a\000t\000o\000r\000i\000e\000d\000a\000d}{chapter.5}% 96
\BOOKMARK [2][-]{subsection.5.6.1}{\376\377\000A\000n\000\341\000l\000i\000s\000i\000s\000\040\000C\000u\000a\000l\000i\000t\000a\000t\000i\000v\000o\000\040\000V\000i\000s\000u\000a\000l}{section.5.6}% 97
\BOOKMARK [2][-]{subsection.5.6.2}{\376\377\000V\000a\000l\000i\000d\000a\000c\000i\000\363\000n\000\040\000E\000s\000t\000a\000d\000\355\000s\000t\000i\000c\000a\000\040\000\050\000B\000a\000t\000e\000r\000\355\000a\000s\000\040\000d\000e\000\040\000T\000e\000s\000t\000\051}{section.5.6}% 98
\BOOKMARK [3][-]{subsubsection.5.6.2.1}{\376\377\000R\000e\000s\000u\000l\000t\000a\000d\000o\000s\000\040\000e\000n\000\040\000W\000i\000n\000d\000o\000w\000s}{subsection.5.6.2}% 99
\BOOKMARK [3][-]{subsubsection.5.6.2.2}{\376\377\000R\000e\000s\000u\000l\000t\000a\000d\000o\000s\000\040\000e\000n\000\040\000P\000S\000O\000C}{subsection.5.6.2}% 100
\BOOKMARK [1][-]{section.5.7}{\376\377\000D\000i\000s\000c\000u\000s\000i\000\363\000n\000\040\000d\000e\000\040\000l\000o\000s\000\040\000r\000e\000s\000u\000l\000t\000a\000d\000o\000s}{chapter.5}% 101
\BOOKMARK [2][-]{subsection.5.7.1}{\376\377\000E\000l\000e\000c\000c\000i\000\363\000n\000\040\000d\000e\000\040\000l\000o\000s\000\040\000a\000l\000g\000o\000r\000i\000t\000m\000o\000s\000\040\000K\000y\000b\000e\000r\000,\000\040\000S\000a\000b\000e\000r\000\040\000y\000\040\000H\000Q\000C}{section.5.7}% 102
\BOOKMARK [2][-]{subsection.5.7.2}{\376\377\000I\000m\000p\000l\000e\000m\000e\000n\000t\000a\000c\000i\000o\000n\000e\000s\000\040\000u\000t\000i\000l\000i\000z\000a\000d\000a\000s}{section.5.7}% 103
\BOOKMARK [2][-]{subsection.5.7.3}{\376\377\000C\000o\000m\000p\000a\000r\000a\000c\000i\000\363\000n\000\040\000d\000e\000\040\000r\000e\000s\000u\000l\000t\000a\000d\000o\000s}{section.5.7}% 104
\BOOKMARK [2][-]{subsection.5.7.4}{\376\377\000A\000n\000\341\000l\000i\000s\000i\000s\000\040\000d\000e\000l\000\040\000c\000u\000e\000l\000l\000o\000\040\000d\000e\000\040\000b\000o\000t\000e\000l\000l\000a\000\040\000e\000n\000\040\000c\000o\000m\000u\000n\000i\000c\000a\000c\000i\000o\000n\000e\000s}{section.5.7}% 105
\BOOKMARK [2][-]{subsection.5.7.5}{\376\377\000E\000v\000a\000l\000u\000a\000c\000i\000\363\000n\000\040\000d\000e\000\040\000l\000a\000\040\000s\000e\000g\000u\000r\000i\000d\000a\000d\000\040\000y\000\040\000l\000a\000\040\000a\000l\000e\000a\000t\000o\000r\000i\000e\000d\000a\000d}{section.5.7}% 106
\BOOKMARK [0][-]{chapter.6}{\376\377\000C\000o\000n\000c\000l\000u\000s\000i\000o\000n\000e\000s}{}% 107
\BOOKMARK [1][-]{section.6.1}{\376\377\000C\000o\000n\000c\000l\000u\000s\000i\000\363\000n}{chapter.6}% 108
\BOOKMARK [1][-]{section.6.2}{\376\377\000D\000e\000s\000a\000r\000r\000o\000l\000l\000o\000s\000\040\000f\000u\000t\000u\000r\000o\000s}{chapter.6}% 109
\BOOKMARK [0][-]{appendix.Alph1}{\376\377\000P\000s\000e\000u\000d\000o\000c\000\363\000d\000i\000g\000o\000\040\000d\000e\000\040\000l\000o\000s\000\040\000a\000l\000g\000o\000r\000i\000t\000m\000o\000s\000\040\000p\000o\000s\000t\000c\000u\000\341\000n\000t\000i\000c\000o\000s}{}% 110
\BOOKMARK [1][-]{section.Alph1.1}{\376\377\000T\000r\000a\000n\000s\000f\000o\000r\000m\000a\000d\000a\000s\000\040\000K\000e\000c\000c\000a\000k\000-\000p}{appendix.Alph1}% 111
\BOOKMARK [1][-]{section.Alph1.2}{\376\377\000A\000l\000g\000o\000r\000i\000t\000m\000o\000s\000\040\000p\000r\000i\000n\000c\000i\000p\000a\000l\000e\000s\000\040\000d\000e\000\040\000K\000y\000b\000e\000r\000\040\000k\000y\000b\000e\000r\000-\000s\000p\000e\000c\000-\0002\0000\0002\0001}{appendix.Alph1}% 112
\BOOKMARK [1][-]{section.Alph1.3}{\376\377\000A\000l\000g\000o\000r\000i\000t\000m\000o\000s\000\040\000p\000r\000i\000n\000c\000i\000p\000a\000l\000e\000s\000\040\000d\000e\000\040\000S\000a\000b\000e\000r\000\040\000s\000a\000b\000e\000r\000-\000s\000p\000e\000c\000-\0002\0000\0002\0000\000\040}{appendix.Alph1}% 113
\BOOKMARK [1][-]{section.Alph1.4}{\376\377\000A\000l\000g\000o\000r\000i\000t\000m\000o\000s\000\040\000p\000r\000i\000n\000c\000i\000p\000a\000l\000e\000s\000\040\000d\000e\000\040\000h\000q\000c\000\040\000h\000q\000c\0002\0000\0002\0005}{appendix.Alph1}% 114
\BOOKMARK [0][-]{appendix.Alph2}{\376\377\000E\000j\000e\000m\000p\000l\000o\000\040\000r\000l\000w\000e}{}% 115
\BOOKMARK [0][-]{appendix.Alph3}{\376\377\000P\000o\000l\000i\000n\000o\000m\000i\000o\000s\000\040\000g\000e\000n\000e\000r\000a\000d\000o\000r\000e\000s\000\040\000a\000c\000o\000r\000t\000a\000d\000o\000s\000\040\000d\000e\000\040\000R\000e\000e\000d\000-\000S\000o\000l\000o\000m\000o\000n\000\040\000e\000n\000\040\000h\000q\000c}{}% 116
\BOOKMARK [0][-]{appendix.Alph4}{\376\377\000E\000j\000e\000m\000p\000l\000o\000\040\000d\000e\000\040\000c\000o\000d\000i\000f\000i\000c\000a\000c\000i\000\363\000n\000\040\000m\000e\000d\000i\000a\000n\000t\000e\000\040\000p\000o\000l\000i\000n\000o\000m\000i\000o\000s\000\040\000d\000e\000\040\000R\000e\000e\000d\000-\000S\000o\000l\000o\000m\000o\000n\000\040\000y\000\040\000R\000e\000e\000d\000-\000M\000u\000l\000l\000e\000r}{}% 117
\BOOKMARK [0][-]{equation.Alph4.0.24}{\376\377\000B\000i\000b\000l\000i\000o\000g\000r\000a\000f\000i\000a}{}% 118
