ARM GAS  C:\Users\bogur\AppData\Local\Temp\ccGGmxkG.s 			page 1


   1              		.syntax unified
   2              		.cpu cortex-m4
   3              		.eabi_attribute 27, 1
   4              		.fpu fpv4-sp-d16
   5              		.eabi_attribute 20, 1
   6              		.eabi_attribute 21, 1
   7              		.eabi_attribute 23, 3
   8              		.eabi_attribute 24, 1
   9              		.eabi_attribute 25, 1
  10              		.eabi_attribute 26, 1
  11              		.eabi_attribute 30, 1
  12              		.eabi_attribute 34, 1
  13              		.eabi_attribute 18, 4
  14              		.thumb
  15              		.syntax unified
  16              		.file	"main_cm4.c"
  17              		.text
  18              	.Ltext0:
  19              		.cfi_sections	.debug_frame
  20              		.section	.text.main,"ax",%progbits
  21              		.align	2
  22              		.global	main
  23              		.thumb
  24              		.thumb_func
  25              		.type	main, %function
  26              	main:
  27              	.LFB485:
  28              		.file 1 "main_cm4.c"
   1:main_cm4.c    **** /* ========================================
   2:main_cm4.c    ****  *
   3:main_cm4.c    ****  * Copyright YOUR COMPANY, THE YEAR
   4:main_cm4.c    ****  * All Rights Reserved
   5:main_cm4.c    ****  * UNPUBLISHED, LICENSED SOFTWARE.
   6:main_cm4.c    ****  *
   7:main_cm4.c    ****  * CONFIDENTIAL AND PROPRIETARY INFORMATION
   8:main_cm4.c    ****  * WHICH IS THE PROPERTY OF your company.
   9:main_cm4.c    ****  *
  10:main_cm4.c    ****  * ========================================
  11:main_cm4.c    **** */
  12:main_cm4.c    **** #include "project.h"
  13:main_cm4.c    **** #include "FreeRTOS.h"
  14:main_cm4.c    **** #include "FreeRTOSConfig.h"
  15:main_cm4.c    **** #include "task.h"
  16:main_cm4.c    **** #include "timers.h"
  17:main_cm4.c    **** #include <stdio.h>
  18:main_cm4.c    **** #include "../Serial/uartTask.h"
  19:main_cm4.c    **** #include "../saber_wrapper.h"
  20:main_cm4.c    **** #include <stdlib.h>
  21:main_cm4.c    **** 
  22:main_cm4.c    **** int main(void)
  23:main_cm4.c    **** {
  29              		.loc 1 23 0
  30              		.cfi_startproc
  31              		@ args = 0, pretend = 0, frame = 0
  32              		@ frame_needed = 0, uses_anonymous_args = 0
  33 0000 00B5     		push	{lr}
  34              		.cfi_def_cfa_offset 4
ARM GAS  C:\Users\bogur\AppData\Local\Temp\ccGGmxkG.s 			page 2


  35              		.cfi_offset 14, -4
  36 0002 83B0     		sub	sp, sp, #12
  37              		.cfi_def_cfa_offset 16
  38              	.LBB4:
  39              	.LBB5:
  40              		.file 2 "Generated_Source\\PSoC6\\pdl\\cmsis/include/cmsis_gcc.h"
   1:Generated_Source\PSoC6\pdl\cmsis/include/cmsis_gcc.h **** /**************************************************************************//**
   2:Generated_Source\PSoC6\pdl\cmsis/include/cmsis_gcc.h ****  * @file     cmsis_gcc.h
   3:Generated_Source\PSoC6\pdl\cmsis/include/cmsis_gcc.h ****  * @brief    CMSIS compiler GCC header file
   4:Generated_Source\PSoC6\pdl\cmsis/include/cmsis_gcc.h ****  * @version  V5.0.3
   5:Generated_Source\PSoC6\pdl\cmsis/include/cmsis_gcc.h ****  * @date     16. January 2018
   6:Generated_Source\PSoC6\pdl\cmsis/include/cmsis_gcc.h ****  ******************************************************************************/
   7:Generated_Source\PSoC6\pdl\cmsis/include/cmsis_gcc.h **** /*
   8:Generated_Source\PSoC6\pdl\cmsis/include/cmsis_gcc.h ****  * Copyright (c) 2009-2017 ARM Limited. All rights reserved.
   9:Generated_Source\PSoC6\pdl\cmsis/include/cmsis_gcc.h ****  *
  10:Generated_Source\PSoC6\pdl\cmsis/include/cmsis_gcc.h ****  * SPDX-License-Identifier: Apache-2.0
  11:Generated_Source\PSoC6\pdl\cmsis/include/cmsis_gcc.h ****  *
  12:Generated_Source\PSoC6\pdl\cmsis/include/cmsis_gcc.h ****  * Licensed under the Apache License, Version 2.0 (the License); you may
  13:Generated_Source\PSoC6\pdl\cmsis/include/cmsis_gcc.h ****  * not use this file except in compliance with the License.
  14:Generated_Source\PSoC6\pdl\cmsis/include/cmsis_gcc.h ****  * You may obtain a copy of the License at
  15:Generated_Source\PSoC6\pdl\cmsis/include/cmsis_gcc.h ****  *
  16:Generated_Source\PSoC6\pdl\cmsis/include/cmsis_gcc.h ****  * www.apache.org/licenses/LICENSE-2.0
  17:Generated_Source\PSoC6\pdl\cmsis/include/cmsis_gcc.h ****  *
  18:Generated_Source\PSoC6\pdl\cmsis/include/cmsis_gcc.h ****  * Unless required by applicable law or agreed to in writing, software
  19:Generated_Source\PSoC6\pdl\cmsis/include/cmsis_gcc.h ****  * distributed under the License is distributed on an AS IS BASIS, WITHOUT
  20:Generated_Source\PSoC6\pdl\cmsis/include/cmsis_gcc.h ****  * WARRANTIES OR CONDITIONS OF ANY KIND, either express or implied.
  21:Generated_Source\PSoC6\pdl\cmsis/include/cmsis_gcc.h ****  * See the License for the specific language governing permissions and
  22:Generated_Source\PSoC6\pdl\cmsis/include/cmsis_gcc.h ****  * limitations under the License.
  23:Generated_Source\PSoC6\pdl\cmsis/include/cmsis_gcc.h ****  */
  24:Generated_Source\PSoC6\pdl\cmsis/include/cmsis_gcc.h **** 
  25:Generated_Source\PSoC6\pdl\cmsis/include/cmsis_gcc.h **** #ifndef __CMSIS_GCC_H
  26:Generated_Source\PSoC6\pdl\cmsis/include/cmsis_gcc.h **** #define __CMSIS_GCC_H
  27:Generated_Source\PSoC6\pdl\cmsis/include/cmsis_gcc.h **** 
  28:Generated_Source\PSoC6\pdl\cmsis/include/cmsis_gcc.h **** /* ignore some GCC warnings */
  29:Generated_Source\PSoC6\pdl\cmsis/include/cmsis_gcc.h **** #pragma GCC diagnostic push
  30:Generated_Source\PSoC6\pdl\cmsis/include/cmsis_gcc.h **** #pragma GCC diagnostic ignored "-Wsign-conversion"
  31:Generated_Source\PSoC6\pdl\cmsis/include/cmsis_gcc.h **** #pragma GCC diagnostic ignored "-Wconversion"
  32:Generated_Source\PSoC6\pdl\cmsis/include/cmsis_gcc.h **** #pragma GCC diagnostic ignored "-Wunused-parameter"
  33:Generated_Source\PSoC6\pdl\cmsis/include/cmsis_gcc.h **** 
  34:Generated_Source\PSoC6\pdl\cmsis/include/cmsis_gcc.h **** /* Fallback for __has_builtin */
  35:Generated_Source\PSoC6\pdl\cmsis/include/cmsis_gcc.h **** #ifndef __has_builtin
  36:Generated_Source\PSoC6\pdl\cmsis/include/cmsis_gcc.h ****   #define __has_builtin(x) (0)
  37:Generated_Source\PSoC6\pdl\cmsis/include/cmsis_gcc.h **** #endif
  38:Generated_Source\PSoC6\pdl\cmsis/include/cmsis_gcc.h **** 
  39:Generated_Source\PSoC6\pdl\cmsis/include/cmsis_gcc.h **** /* CMSIS compiler specific defines */
  40:Generated_Source\PSoC6\pdl\cmsis/include/cmsis_gcc.h **** #ifndef   __ASM
  41:Generated_Source\PSoC6\pdl\cmsis/include/cmsis_gcc.h ****   #define __ASM                                  __asm
  42:Generated_Source\PSoC6\pdl\cmsis/include/cmsis_gcc.h **** #endif
  43:Generated_Source\PSoC6\pdl\cmsis/include/cmsis_gcc.h **** #ifndef   __INLINE
  44:Generated_Source\PSoC6\pdl\cmsis/include/cmsis_gcc.h ****   #define __INLINE                               inline
  45:Generated_Source\PSoC6\pdl\cmsis/include/cmsis_gcc.h **** #endif
  46:Generated_Source\PSoC6\pdl\cmsis/include/cmsis_gcc.h **** #ifndef   __STATIC_INLINE
  47:Generated_Source\PSoC6\pdl\cmsis/include/cmsis_gcc.h ****   #define __STATIC_INLINE                        static inline
  48:Generated_Source\PSoC6\pdl\cmsis/include/cmsis_gcc.h **** #endif
  49:Generated_Source\PSoC6\pdl\cmsis/include/cmsis_gcc.h **** #ifndef   __STATIC_FORCEINLINE                 
  50:Generated_Source\PSoC6\pdl\cmsis/include/cmsis_gcc.h ****   #define __STATIC_FORCEINLINE                   __attribute__((always_inline)) static inline
  51:Generated_Source\PSoC6\pdl\cmsis/include/cmsis_gcc.h **** #endif                                           
ARM GAS  C:\Users\bogur\AppData\Local\Temp\ccGGmxkG.s 			page 3


  52:Generated_Source\PSoC6\pdl\cmsis/include/cmsis_gcc.h **** #ifndef   __NO_RETURN
  53:Generated_Source\PSoC6\pdl\cmsis/include/cmsis_gcc.h ****   #define __NO_RETURN                            __attribute__((__noreturn__))
  54:Generated_Source\PSoC6\pdl\cmsis/include/cmsis_gcc.h **** #endif
  55:Generated_Source\PSoC6\pdl\cmsis/include/cmsis_gcc.h **** #ifndef   __USED
  56:Generated_Source\PSoC6\pdl\cmsis/include/cmsis_gcc.h ****   #define __USED                                 __attribute__((used))
  57:Generated_Source\PSoC6\pdl\cmsis/include/cmsis_gcc.h **** #endif
  58:Generated_Source\PSoC6\pdl\cmsis/include/cmsis_gcc.h **** #ifndef   __WEAK
  59:Generated_Source\PSoC6\pdl\cmsis/include/cmsis_gcc.h ****   #define __WEAK                                 __attribute__((weak))
  60:Generated_Source\PSoC6\pdl\cmsis/include/cmsis_gcc.h **** #endif
  61:Generated_Source\PSoC6\pdl\cmsis/include/cmsis_gcc.h **** #ifndef   __PACKED
  62:Generated_Source\PSoC6\pdl\cmsis/include/cmsis_gcc.h ****   #define __PACKED                               __attribute__((packed, aligned(1)))
  63:Generated_Source\PSoC6\pdl\cmsis/include/cmsis_gcc.h **** #endif
  64:Generated_Source\PSoC6\pdl\cmsis/include/cmsis_gcc.h **** #ifndef   __PACKED_STRUCT
  65:Generated_Source\PSoC6\pdl\cmsis/include/cmsis_gcc.h ****   #define __PACKED_STRUCT                        struct __attribute__((packed, aligned(1)))
  66:Generated_Source\PSoC6\pdl\cmsis/include/cmsis_gcc.h **** #endif
  67:Generated_Source\PSoC6\pdl\cmsis/include/cmsis_gcc.h **** #ifndef   __PACKED_UNION
  68:Generated_Source\PSoC6\pdl\cmsis/include/cmsis_gcc.h ****   #define __PACKED_UNION                         union __attribute__((packed, aligned(1)))
  69:Generated_Source\PSoC6\pdl\cmsis/include/cmsis_gcc.h **** #endif
  70:Generated_Source\PSoC6\pdl\cmsis/include/cmsis_gcc.h **** #ifndef   __UNALIGNED_UINT32        /* deprecated */
  71:Generated_Source\PSoC6\pdl\cmsis/include/cmsis_gcc.h ****   #pragma GCC diagnostic push
  72:Generated_Source\PSoC6\pdl\cmsis/include/cmsis_gcc.h ****   #pragma GCC diagnostic ignored "-Wpacked"
  73:Generated_Source\PSoC6\pdl\cmsis/include/cmsis_gcc.h ****   #pragma GCC diagnostic ignored "-Wattributes"
  74:Generated_Source\PSoC6\pdl\cmsis/include/cmsis_gcc.h ****   struct __attribute__((packed)) T_UINT32 { uint32_t v; };
  75:Generated_Source\PSoC6\pdl\cmsis/include/cmsis_gcc.h ****   #pragma GCC diagnostic pop
  76:Generated_Source\PSoC6\pdl\cmsis/include/cmsis_gcc.h ****   #define __UNALIGNED_UINT32(x)                  (((struct T_UINT32 *)(x))->v)
  77:Generated_Source\PSoC6\pdl\cmsis/include/cmsis_gcc.h **** #endif
  78:Generated_Source\PSoC6\pdl\cmsis/include/cmsis_gcc.h **** #ifndef   __UNALIGNED_UINT16_WRITE
  79:Generated_Source\PSoC6\pdl\cmsis/include/cmsis_gcc.h ****   #pragma GCC diagnostic push
  80:Generated_Source\PSoC6\pdl\cmsis/include/cmsis_gcc.h ****   #pragma GCC diagnostic ignored "-Wpacked"
  81:Generated_Source\PSoC6\pdl\cmsis/include/cmsis_gcc.h ****   #pragma GCC diagnostic ignored "-Wattributes"
  82:Generated_Source\PSoC6\pdl\cmsis/include/cmsis_gcc.h ****   __PACKED_STRUCT T_UINT16_WRITE { uint16_t v; };
  83:Generated_Source\PSoC6\pdl\cmsis/include/cmsis_gcc.h ****   #pragma GCC diagnostic pop
  84:Generated_Source\PSoC6\pdl\cmsis/include/cmsis_gcc.h ****   #define __UNALIGNED_UINT16_WRITE(addr, val)    (void)((((struct T_UINT16_WRITE *)(void *)(addr))-
  85:Generated_Source\PSoC6\pdl\cmsis/include/cmsis_gcc.h **** #endif
  86:Generated_Source\PSoC6\pdl\cmsis/include/cmsis_gcc.h **** #ifndef   __UNALIGNED_UINT16_READ
  87:Generated_Source\PSoC6\pdl\cmsis/include/cmsis_gcc.h ****   #pragma GCC diagnostic push
  88:Generated_Source\PSoC6\pdl\cmsis/include/cmsis_gcc.h ****   #pragma GCC diagnostic ignored "-Wpacked"
  89:Generated_Source\PSoC6\pdl\cmsis/include/cmsis_gcc.h ****   #pragma GCC diagnostic ignored "-Wattributes"
  90:Generated_Source\PSoC6\pdl\cmsis/include/cmsis_gcc.h ****   __PACKED_STRUCT T_UINT16_READ { uint16_t v; };
  91:Generated_Source\PSoC6\pdl\cmsis/include/cmsis_gcc.h ****   #pragma GCC diagnostic pop
  92:Generated_Source\PSoC6\pdl\cmsis/include/cmsis_gcc.h ****   #define __UNALIGNED_UINT16_READ(addr)          (((const struct T_UINT16_READ *)(const void *)(add
  93:Generated_Source\PSoC6\pdl\cmsis/include/cmsis_gcc.h **** #endif
  94:Generated_Source\PSoC6\pdl\cmsis/include/cmsis_gcc.h **** #ifndef   __UNALIGNED_UINT32_WRITE
  95:Generated_Source\PSoC6\pdl\cmsis/include/cmsis_gcc.h ****   #pragma GCC diagnostic push
  96:Generated_Source\PSoC6\pdl\cmsis/include/cmsis_gcc.h ****   #pragma GCC diagnostic ignored "-Wpacked"
  97:Generated_Source\PSoC6\pdl\cmsis/include/cmsis_gcc.h ****   #pragma GCC diagnostic ignored "-Wattributes"
  98:Generated_Source\PSoC6\pdl\cmsis/include/cmsis_gcc.h ****   __PACKED_STRUCT T_UINT32_WRITE { uint32_t v; };
  99:Generated_Source\PSoC6\pdl\cmsis/include/cmsis_gcc.h ****   #pragma GCC diagnostic pop
 100:Generated_Source\PSoC6\pdl\cmsis/include/cmsis_gcc.h ****   #define __UNALIGNED_UINT32_WRITE(addr, val)    (void)((((struct T_UINT32_WRITE *)(void *)(addr))-
 101:Generated_Source\PSoC6\pdl\cmsis/include/cmsis_gcc.h **** #endif
 102:Generated_Source\PSoC6\pdl\cmsis/include/cmsis_gcc.h **** #ifndef   __UNALIGNED_UINT32_READ
 103:Generated_Source\PSoC6\pdl\cmsis/include/cmsis_gcc.h ****   #pragma GCC diagnostic push
 104:Generated_Source\PSoC6\pdl\cmsis/include/cmsis_gcc.h ****   #pragma GCC diagnostic ignored "-Wpacked"
 105:Generated_Source\PSoC6\pdl\cmsis/include/cmsis_gcc.h ****   #pragma GCC diagnostic ignored "-Wattributes"
 106:Generated_Source\PSoC6\pdl\cmsis/include/cmsis_gcc.h ****   __PACKED_STRUCT T_UINT32_READ { uint32_t v; };
 107:Generated_Source\PSoC6\pdl\cmsis/include/cmsis_gcc.h ****   #pragma GCC diagnostic pop
 108:Generated_Source\PSoC6\pdl\cmsis/include/cmsis_gcc.h ****   #define __UNALIGNED_UINT32_READ(addr)          (((const struct T_UINT32_READ *)(const void *)(add
ARM GAS  C:\Users\bogur\AppData\Local\Temp\ccGGmxkG.s 			page 4


 109:Generated_Source\PSoC6\pdl\cmsis/include/cmsis_gcc.h **** #endif
 110:Generated_Source\PSoC6\pdl\cmsis/include/cmsis_gcc.h **** #ifndef   __ALIGNED
 111:Generated_Source\PSoC6\pdl\cmsis/include/cmsis_gcc.h ****   #define __ALIGNED(x)                           __attribute__((aligned(x)))
 112:Generated_Source\PSoC6\pdl\cmsis/include/cmsis_gcc.h **** #endif
 113:Generated_Source\PSoC6\pdl\cmsis/include/cmsis_gcc.h **** #ifndef   __RESTRICT
 114:Generated_Source\PSoC6\pdl\cmsis/include/cmsis_gcc.h ****   #define __RESTRICT                             __restrict
 115:Generated_Source\PSoC6\pdl\cmsis/include/cmsis_gcc.h **** #endif
 116:Generated_Source\PSoC6\pdl\cmsis/include/cmsis_gcc.h **** 
 117:Generated_Source\PSoC6\pdl\cmsis/include/cmsis_gcc.h **** 
 118:Generated_Source\PSoC6\pdl\cmsis/include/cmsis_gcc.h **** /* ###########################  Core Function Access  ########################### */
 119:Generated_Source\PSoC6\pdl\cmsis/include/cmsis_gcc.h **** /** \ingroup  CMSIS_Core_FunctionInterface
 120:Generated_Source\PSoC6\pdl\cmsis/include/cmsis_gcc.h ****     \defgroup CMSIS_Core_RegAccFunctions CMSIS Core Register Access Functions
 121:Generated_Source\PSoC6\pdl\cmsis/include/cmsis_gcc.h ****   @{
 122:Generated_Source\PSoC6\pdl\cmsis/include/cmsis_gcc.h ****  */
 123:Generated_Source\PSoC6\pdl\cmsis/include/cmsis_gcc.h **** 
 124:Generated_Source\PSoC6\pdl\cmsis/include/cmsis_gcc.h **** /**
 125:Generated_Source\PSoC6\pdl\cmsis/include/cmsis_gcc.h ****   \brief   Enable IRQ Interrupts
 126:Generated_Source\PSoC6\pdl\cmsis/include/cmsis_gcc.h ****   \details Enables IRQ interrupts by clearing the I-bit in the CPSR.
 127:Generated_Source\PSoC6\pdl\cmsis/include/cmsis_gcc.h ****            Can only be executed in Privileged modes.
 128:Generated_Source\PSoC6\pdl\cmsis/include/cmsis_gcc.h ****  */
 129:Generated_Source\PSoC6\pdl\cmsis/include/cmsis_gcc.h **** __STATIC_FORCEINLINE void __enable_irq(void)
 130:Generated_Source\PSoC6\pdl\cmsis/include/cmsis_gcc.h **** {
 131:Generated_Source\PSoC6\pdl\cmsis/include/cmsis_gcc.h ****   __ASM volatile ("cpsie i" : : : "memory");
  41              		.loc 2 131 0
  42              		.syntax unified
  43              	@ 131 "Generated_Source\PSoC6\pdl\cmsis/include/cmsis_gcc.h" 1
  44 0004 62B6     		cpsie i
  45              	@ 0 "" 2
  46              		.thumb
  47              		.syntax unified
  48              	.LBE5:
  49              	.LBE4:
  24:main_cm4.c    ****     __enable_irq(); /* Enable global interrupts. */
  25:main_cm4.c    ****     
  26:main_cm4.c    ****     /* Create RTOS tasks and start the scheduler */
  27:main_cm4.c    ****     xTaskCreate ( uartTask, "UART Task", 400, 0, 2, 0);
  50              		.loc 1 27 0
  51 0006 0023     		movs	r3, #0
  52 0008 0193     		str	r3, [sp, #4]
  53 000a 0222     		movs	r2, #2
  54 000c 0092     		str	r2, [sp]
  55 000e 4FF4C872 		mov	r2, #400
  56 0012 0749     		ldr	r1, .L4
  57 0014 0748     		ldr	r0, .L4+4
  58 0016 FFF7FEFF 		bl	xTaskCreate
  59              	.LVL0:
  28:main_cm4.c    ****     vTaskStartScheduler();
  60              		.loc 1 28 0
  61 001a FFF7FEFF 		bl	vTaskStartScheduler
  62              	.LVL1:
  29:main_cm4.c    ****     
  30:main_cm4.c    ****     const size_t BYTES_SK = saber_get_secret_key_size();
  63              		.loc 1 30 0
  64 001e FFF7FEFF 		bl	saber_get_secret_key_size
  65              	.LVL2:
  31:main_cm4.c    ****     const size_t BYTES_PK = saber_get_public_key_size();
  66              		.loc 1 31 0
ARM GAS  C:\Users\bogur\AppData\Local\Temp\ccGGmxkG.s 			page 5


  67 0022 FFF7FEFF 		bl	saber_get_public_key_size
  68              	.LVL3:
  32:main_cm4.c    ****     const size_t BYTES_CT = saber_get_ciphertext_size();
  69              		.loc 1 32 0
  70 0026 FFF7FEFF 		bl	saber_get_ciphertext_size
  71              	.LVL4:
  33:main_cm4.c    ****     const size_t BYTES_SS = saber_get_shared_secret_size();
  72              		.loc 1 33 0
  73 002a FFF7FEFF 		bl	saber_get_shared_secret_size
  74              	.LVL5:
  75              	.L2:
  76 002e FEE7     		b	.L2
  77              	.L5:
  78              		.align	2
  79              	.L4:
  80 0030 00000000 		.word	.LC0
  81 0034 00000000 		.word	uartTask
  82              		.cfi_endproc
  83              	.LFE485:
  84              		.size	main, .-main
  85              		.section	.rodata.str1.4,"aMS",%progbits,1
  86              		.align	2
  87              	.LC0:
  88 0000 55415254 		.ascii	"UART Task\000"
  88      20546173 
  88      6B00
  89              		.text
  90              	.Letext0:
  91              		.file 3 "c:\\program files (x86)\\cypress\\psoc creator\\4.4\\psoc creator\\import\\gnu\\arm\\5.4.
  92              		.file 4 "c:\\program files (x86)\\cypress\\psoc creator\\4.4\\psoc creator\\import\\gnu\\arm\\5.4.
  93              		.file 5 "c:\\program files (x86)\\cypress\\psoc creator\\4.4\\psoc creator\\import\\gnu\\arm\\5.4.
  94              		.file 6 "Generated_Source\\PSoC6\\pdl\\drivers/peripheral/device/cy_device.h"
  95              		.file 7 "Generated_Source\\PSoC6\\pdl\\drivers/peripheral/scb/cy_scb_uart.h"
  96              		.file 8 "Generated_Source\\PSoC6\\pdl\\cmsis/include/core_cm4.h"
  97              		.file 9 "Generated_Source\\PSoC6/UART.h"
  98              		.file 10 "Generated_Source\\PSoC6\\pdl\\rtos/FreeRTOS/10.0.1/Source/include/task.h"
  99              		.file 11 "../saber_wrapper.h"
 100              		.section	.debug_info,"",%progbits
 101              	.Ldebug_info0:
 102 0000 7D070000 		.4byte	0x77d
 103 0004 0400     		.2byte	0x4
 104 0006 00000000 		.4byte	.Ldebug_abbrev0
 105 000a 04       		.byte	0x4
 106 000b 01       		.uleb128 0x1
 107 000c 97050000 		.4byte	.LASF142
 108 0010 0C       		.byte	0xc
 109 0011 43090000 		.4byte	.LASF143
 110 0015 79040000 		.4byte	.LASF144
 111 0019 00000000 		.4byte	.Ldebug_ranges0+0
 112 001d 00000000 		.4byte	0
 113 0021 00000000 		.4byte	.Ldebug_line0
 114 0025 02       		.uleb128 0x2
 115 0026 02       		.byte	0x2
 116 0027 05       		.byte	0x5
 117 0028 F3060000 		.4byte	.LASF0
 118 002c 02       		.uleb128 0x2
 119 002d 01       		.byte	0x1
ARM GAS  C:\Users\bogur\AppData\Local\Temp\ccGGmxkG.s 			page 6


 120 002e 06       		.byte	0x6
 121 002f 61010000 		.4byte	.LASF1
 122 0033 03       		.uleb128 0x3
 123 0034 87000000 		.4byte	.LASF3
 124 0038 03       		.byte	0x3
 125 0039 1D       		.byte	0x1d
 126 003a 3E000000 		.4byte	0x3e
 127 003e 02       		.uleb128 0x2
 128 003f 01       		.byte	0x1
 129 0040 08       		.byte	0x8
 130 0041 B4060000 		.4byte	.LASF2
 131 0045 03       		.uleb128 0x3
 132 0046 BB020000 		.4byte	.LASF4
 133 004a 03       		.byte	0x3
 134 004b 29       		.byte	0x29
 135 004c 25000000 		.4byte	0x25
 136 0050 03       		.uleb128 0x3
 137 0051 83070000 		.4byte	.LASF5
 138 0055 03       		.byte	0x3
 139 0056 2B       		.byte	0x2b
 140 0057 5B000000 		.4byte	0x5b
 141 005b 02       		.uleb128 0x2
 142 005c 02       		.byte	0x2
 143 005d 07       		.byte	0x7
 144 005e D8070000 		.4byte	.LASF6
 145 0062 03       		.uleb128 0x3
 146 0063 A1070000 		.4byte	.LASF7
 147 0067 03       		.byte	0x3
 148 0068 3F       		.byte	0x3f
 149 0069 6D000000 		.4byte	0x6d
 150 006d 02       		.uleb128 0x2
 151 006e 04       		.byte	0x4
 152 006f 05       		.byte	0x5
 153 0070 C4010000 		.4byte	.LASF8
 154 0074 03       		.uleb128 0x3
 155 0075 8C020000 		.4byte	.LASF9
 156 0079 03       		.byte	0x3
 157 007a 41       		.byte	0x41
 158 007b 7F000000 		.4byte	0x7f
 159 007f 02       		.uleb128 0x2
 160 0080 04       		.byte	0x4
 161 0081 07       		.byte	0x7
 162 0082 49030000 		.4byte	.LASF10
 163 0086 02       		.uleb128 0x2
 164 0087 08       		.byte	0x8
 165 0088 05       		.byte	0x5
 166 0089 53010000 		.4byte	.LASF11
 167 008d 02       		.uleb128 0x2
 168 008e 08       		.byte	0x8
 169 008f 07       		.byte	0x7
 170 0090 D1000000 		.4byte	.LASF12
 171 0094 04       		.uleb128 0x4
 172 0095 04       		.byte	0x4
 173 0096 05       		.byte	0x5
 174 0097 696E7400 		.ascii	"int\000"
 175 009b 02       		.uleb128 0x2
 176 009c 04       		.byte	0x4
ARM GAS  C:\Users\bogur\AppData\Local\Temp\ccGGmxkG.s 			page 7


 177 009d 07       		.byte	0x7
 178 009e 0D030000 		.4byte	.LASF13
 179 00a2 03       		.uleb128 0x3
 180 00a3 87080000 		.4byte	.LASF14
 181 00a7 04       		.byte	0x4
 182 00a8 18       		.byte	0x18
 183 00a9 33000000 		.4byte	0x33
 184 00ad 03       		.uleb128 0x3
 185 00ae 4B010000 		.4byte	.LASF15
 186 00b2 04       		.byte	0x4
 187 00b3 20       		.byte	0x20
 188 00b4 45000000 		.4byte	0x45
 189 00b8 03       		.uleb128 0x3
 190 00b9 1A030000 		.4byte	.LASF16
 191 00bd 04       		.byte	0x4
 192 00be 24       		.byte	0x24
 193 00bf 50000000 		.4byte	0x50
 194 00c3 03       		.uleb128 0x3
 195 00c4 AC060000 		.4byte	.LASF17
 196 00c8 04       		.byte	0x4
 197 00c9 2C       		.byte	0x2c
 198 00ca 62000000 		.4byte	0x62
 199 00ce 03       		.uleb128 0x3
 200 00cf 3A070000 		.4byte	.LASF18
 201 00d3 04       		.byte	0x4
 202 00d4 30       		.byte	0x30
 203 00d5 74000000 		.4byte	0x74
 204 00d9 02       		.uleb128 0x2
 205 00da 04       		.byte	0x4
 206 00db 07       		.byte	0x7
 207 00dc DB040000 		.4byte	.LASF19
 208 00e0 05       		.uleb128 0x5
 209 00e1 CE000000 		.4byte	0xce
 210 00e5 03       		.uleb128 0x3
 211 00e6 4F000000 		.4byte	.LASF20
 212 00ea 05       		.byte	0x5
 213 00eb D8       		.byte	0xd8
 214 00ec 9B000000 		.4byte	0x9b
 215 00f0 02       		.uleb128 0x2
 216 00f1 08       		.byte	0x8
 217 00f2 04       		.byte	0x4
 218 00f3 58070000 		.4byte	.LASF21
 219 00f7 06       		.uleb128 0x6
 220 00f8 B8       		.byte	0xb8
 221 00f9 06       		.byte	0x6
 222 00fa 34       		.byte	0x34
 223 00fb 08050000 		.4byte	0x508
 224 00ff 07       		.uleb128 0x7
 225 0100 B8000000 		.4byte	.LASF22
 226 0104 06       		.byte	0x6
 227 0105 37       		.byte	0x37
 228 0106 CE000000 		.4byte	0xce
 229 010a 00       		.byte	0
 230 010b 07       		.uleb128 0x7
 231 010c 81020000 		.4byte	.LASF23
 232 0110 06       		.byte	0x6
 233 0111 38       		.byte	0x38
ARM GAS  C:\Users\bogur\AppData\Local\Temp\ccGGmxkG.s 			page 8


 234 0112 CE000000 		.4byte	0xce
 235 0116 04       		.byte	0x4
 236 0117 07       		.uleb128 0x7
 237 0118 F2010000 		.4byte	.LASF24
 238 011c 06       		.byte	0x6
 239 011d 39       		.byte	0x39
 240 011e CE000000 		.4byte	0xce
 241 0122 08       		.byte	0x8
 242 0123 07       		.uleb128 0x7
 243 0124 9E060000 		.4byte	.LASF25
 244 0128 06       		.byte	0x6
 245 0129 3A       		.byte	0x3a
 246 012a CE000000 		.4byte	0xce
 247 012e 0C       		.byte	0xc
 248 012f 07       		.uleb128 0x7
 249 0130 82010000 		.4byte	.LASF26
 250 0134 06       		.byte	0x6
 251 0135 3B       		.byte	0x3b
 252 0136 CE000000 		.4byte	0xce
 253 013a 10       		.byte	0x10
 254 013b 07       		.uleb128 0x7
 255 013c BA010000 		.4byte	.LASF27
 256 0140 06       		.byte	0x6
 257 0141 3C       		.byte	0x3c
 258 0142 CE000000 		.4byte	0xce
 259 0146 14       		.byte	0x14
 260 0147 07       		.uleb128 0x7
 261 0148 92030000 		.4byte	.LASF28
 262 014c 06       		.byte	0x6
 263 014d 3D       		.byte	0x3d
 264 014e CE000000 		.4byte	0xce
 265 0152 18       		.byte	0x18
 266 0153 07       		.uleb128 0x7
 267 0154 70000000 		.4byte	.LASF29
 268 0158 06       		.byte	0x6
 269 0159 3E       		.byte	0x3e
 270 015a CE000000 		.4byte	0xce
 271 015e 1C       		.byte	0x1c
 272 015f 07       		.uleb128 0x7
 273 0160 0D090000 		.4byte	.LASF30
 274 0164 06       		.byte	0x6
 275 0165 3F       		.byte	0x3f
 276 0166 CE000000 		.4byte	0xce
 277 016a 20       		.byte	0x20
 278 016b 07       		.uleb128 0x7
 279 016c 72050000 		.4byte	.LASF31
 280 0170 06       		.byte	0x6
 281 0171 40       		.byte	0x40
 282 0172 CE000000 		.4byte	0xce
 283 0176 24       		.byte	0x24
 284 0177 07       		.uleb128 0x7
 285 0178 4B040000 		.4byte	.LASF32
 286 017c 06       		.byte	0x6
 287 017d 43       		.byte	0x43
 288 017e A2000000 		.4byte	0xa2
 289 0182 28       		.byte	0x28
 290 0183 07       		.uleb128 0x7
ARM GAS  C:\Users\bogur\AppData\Local\Temp\ccGGmxkG.s 			page 9


 291 0184 56000000 		.4byte	.LASF33
 292 0188 06       		.byte	0x6
 293 0189 44       		.byte	0x44
 294 018a A2000000 		.4byte	0xa2
 295 018e 29       		.byte	0x29
 296 018f 07       		.uleb128 0x7
 297 0190 03090000 		.4byte	.LASF34
 298 0194 06       		.byte	0x6
 299 0195 45       		.byte	0x45
 300 0196 A2000000 		.4byte	0xa2
 301 019a 2A       		.byte	0x2a
 302 019b 07       		.uleb128 0x7
 303 019c 64050000 		.4byte	.LASF35
 304 01a0 06       		.byte	0x6
 305 01a1 46       		.byte	0x46
 306 01a2 A2000000 		.4byte	0xa2
 307 01a6 2B       		.byte	0x2b
 308 01a7 07       		.uleb128 0x7
 309 01a8 E2030000 		.4byte	.LASF36
 310 01ac 06       		.byte	0x6
 311 01ad 47       		.byte	0x47
 312 01ae A2000000 		.4byte	0xa2
 313 01b2 2C       		.byte	0x2c
 314 01b3 07       		.uleb128 0x7
 315 01b4 AB070000 		.4byte	.LASF37
 316 01b8 06       		.byte	0x6
 317 01b9 48       		.byte	0x48
 318 01ba A2000000 		.4byte	0xa2
 319 01be 2D       		.byte	0x2d
 320 01bf 07       		.uleb128 0x7
 321 01c0 8B010000 		.4byte	.LASF38
 322 01c4 06       		.byte	0x6
 323 01c5 49       		.byte	0x49
 324 01c6 A2000000 		.4byte	0xa2
 325 01ca 2E       		.byte	0x2e
 326 01cb 07       		.uleb128 0x7
 327 01cc 58040000 		.4byte	.LASF39
 328 01d0 06       		.byte	0x6
 329 01d1 4A       		.byte	0x4a
 330 01d2 A2000000 		.4byte	0xa2
 331 01d6 2F       		.byte	0x2f
 332 01d7 07       		.uleb128 0x7
 333 01d8 69070000 		.4byte	.LASF40
 334 01dc 06       		.byte	0x6
 335 01dd 4B       		.byte	0x4b
 336 01de A2000000 		.4byte	0xa2
 337 01e2 30       		.byte	0x30
 338 01e3 07       		.uleb128 0x7
 339 01e4 87030000 		.4byte	.LASF41
 340 01e8 06       		.byte	0x6
 341 01e9 4E       		.byte	0x4e
 342 01ea A2000000 		.4byte	0xa2
 343 01ee 31       		.byte	0x31
 344 01ef 07       		.uleb128 0x7
 345 01f0 79000000 		.4byte	.LASF42
 346 01f4 06       		.byte	0x6
 347 01f5 4F       		.byte	0x4f
ARM GAS  C:\Users\bogur\AppData\Local\Temp\ccGGmxkG.s 			page 10


 348 01f6 A2000000 		.4byte	0xa2
 349 01fa 32       		.byte	0x32
 350 01fb 07       		.uleb128 0x7
 351 01fc 01030000 		.4byte	.LASF43
 352 0200 06       		.byte	0x6
 353 0201 50       		.byte	0x50
 354 0202 A2000000 		.4byte	0xa2
 355 0206 33       		.byte	0x33
 356 0207 07       		.uleb128 0x7
 357 0208 EF040000 		.4byte	.LASF44
 358 020c 06       		.byte	0x6
 359 020d 51       		.byte	0x51
 360 020e A2000000 		.4byte	0xa2
 361 0212 34       		.byte	0x34
 362 0213 07       		.uleb128 0x7
 363 0214 02080000 		.4byte	.LASF45
 364 0218 06       		.byte	0x6
 365 0219 52       		.byte	0x52
 366 021a AD000000 		.4byte	0xad
 367 021e 36       		.byte	0x36
 368 021f 07       		.uleb128 0x7
 369 0220 2F070000 		.4byte	.LASF46
 370 0224 06       		.byte	0x6
 371 0225 53       		.byte	0x53
 372 0226 AD000000 		.4byte	0xad
 373 022a 38       		.byte	0x38
 374 022b 07       		.uleb128 0x7
 375 022c 48080000 		.4byte	.LASF47
 376 0230 06       		.byte	0x6
 377 0231 54       		.byte	0x54
 378 0232 AD000000 		.4byte	0xad
 379 0236 3A       		.byte	0x3a
 380 0237 07       		.uleb128 0x7
 381 0238 AB010000 		.4byte	.LASF48
 382 023c 06       		.byte	0x6
 383 023d 55       		.byte	0x55
 384 023e A2000000 		.4byte	0xa2
 385 0242 3C       		.byte	0x3c
 386 0243 07       		.uleb128 0x7
 387 0244 31020000 		.4byte	.LASF49
 388 0248 06       		.byte	0x6
 389 0249 56       		.byte	0x56
 390 024a A2000000 		.4byte	0xa2
 391 024e 3D       		.byte	0x3d
 392 024f 07       		.uleb128 0x7
 393 0250 11070000 		.4byte	.LASF50
 394 0254 06       		.byte	0x6
 395 0255 57       		.byte	0x57
 396 0256 A2000000 		.4byte	0xa2
 397 025a 3E       		.byte	0x3e
 398 025b 07       		.uleb128 0x7
 399 025c 64000000 		.4byte	.LASF51
 400 0260 06       		.byte	0x6
 401 0261 58       		.byte	0x58
 402 0262 A2000000 		.4byte	0xa2
 403 0266 3F       		.byte	0x3f
 404 0267 07       		.uleb128 0x7
ARM GAS  C:\Users\bogur\AppData\Local\Temp\ccGGmxkG.s 			page 11


 405 0268 7D050000 		.4byte	.LASF52
 406 026c 06       		.byte	0x6
 407 026d 59       		.byte	0x59
 408 026e A2000000 		.4byte	0xa2
 409 0272 40       		.byte	0x40
 410 0273 07       		.uleb128 0x7
 411 0274 97020000 		.4byte	.LASF53
 412 0278 06       		.byte	0x6
 413 0279 5A       		.byte	0x5a
 414 027a A2000000 		.4byte	0xa2
 415 027e 41       		.byte	0x41
 416 027f 07       		.uleb128 0x7
 417 0280 04040000 		.4byte	.LASF54
 418 0284 06       		.byte	0x6
 419 0285 5B       		.byte	0x5b
 420 0286 A2000000 		.4byte	0xa2
 421 028a 42       		.byte	0x42
 422 028b 07       		.uleb128 0x7
 423 028c 36050000 		.4byte	.LASF55
 424 0290 06       		.byte	0x6
 425 0291 5C       		.byte	0x5c
 426 0292 A2000000 		.4byte	0xa2
 427 0296 43       		.byte	0x43
 428 0297 07       		.uleb128 0x7
 429 0298 FB010000 		.4byte	.LASF56
 430 029c 06       		.byte	0x6
 431 029d 5D       		.byte	0x5d
 432 029e A2000000 		.4byte	0xa2
 433 02a2 44       		.byte	0x44
 434 02a3 07       		.uleb128 0x7
 435 02a4 00000000 		.4byte	.LASF57
 436 02a8 06       		.byte	0x6
 437 02a9 5E       		.byte	0x5e
 438 02aa CE000000 		.4byte	0xce
 439 02ae 48       		.byte	0x48
 440 02af 07       		.uleb128 0x7
 441 02b0 E4010000 		.4byte	.LASF58
 442 02b4 06       		.byte	0x6
 443 02b5 5F       		.byte	0x5f
 444 02b6 CE000000 		.4byte	0xce
 445 02ba 4C       		.byte	0x4c
 446 02bb 07       		.uleb128 0x7
 447 02bc 4E090000 		.4byte	.LASF59
 448 02c0 06       		.byte	0x6
 449 02c1 60       		.byte	0x60
 450 02c2 A2000000 		.4byte	0xa2
 451 02c6 50       		.byte	0x50
 452 02c7 07       		.uleb128 0x7
 453 02c8 25010000 		.4byte	.LASF60
 454 02cc 06       		.byte	0x6
 455 02cd 61       		.byte	0x61
 456 02ce A2000000 		.4byte	0xa2
 457 02d2 51       		.byte	0x51
 458 02d3 07       		.uleb128 0x7
 459 02d4 5D080000 		.4byte	.LASF61
 460 02d8 06       		.byte	0x6
 461 02d9 62       		.byte	0x62
ARM GAS  C:\Users\bogur\AppData\Local\Temp\ccGGmxkG.s 			page 12


 462 02da A2000000 		.4byte	0xa2
 463 02de 52       		.byte	0x52
 464 02df 07       		.uleb128 0x7
 465 02e0 B8070000 		.4byte	.LASF62
 466 02e4 06       		.byte	0x6
 467 02e5 63       		.byte	0x63
 468 02e6 A2000000 		.4byte	0xa2
 469 02ea 53       		.byte	0x53
 470 02eb 07       		.uleb128 0x7
 471 02ec 1F070000 		.4byte	.LASF63
 472 02f0 06       		.byte	0x6
 473 02f1 64       		.byte	0x64
 474 02f2 A2000000 		.4byte	0xa2
 475 02f6 54       		.byte	0x54
 476 02f7 07       		.uleb128 0x7
 477 02f8 37010000 		.4byte	.LASF64
 478 02fc 06       		.byte	0x6
 479 02fd 65       		.byte	0x65
 480 02fe A2000000 		.4byte	0xa2
 481 0302 55       		.byte	0x55
 482 0303 07       		.uleb128 0x7
 483 0304 35030000 		.4byte	.LASF65
 484 0308 06       		.byte	0x6
 485 0309 66       		.byte	0x66
 486 030a A2000000 		.4byte	0xa2
 487 030e 56       		.byte	0x56
 488 030f 07       		.uleb128 0x7
 489 0310 9B030000 		.4byte	.LASF66
 490 0314 06       		.byte	0x6
 491 0315 67       		.byte	0x67
 492 0316 A2000000 		.4byte	0xa2
 493 031a 57       		.byte	0x57
 494 031b 07       		.uleb128 0x7
 495 031c 1C000000 		.4byte	.LASF67
 496 0320 06       		.byte	0x6
 497 0321 68       		.byte	0x68
 498 0322 A2000000 		.4byte	0xa2
 499 0326 58       		.byte	0x58
 500 0327 07       		.uleb128 0x7
 501 0328 C2060000 		.4byte	.LASF68
 502 032c 06       		.byte	0x6
 503 032d 69       		.byte	0x69
 504 032e A2000000 		.4byte	0xa2
 505 0332 59       		.byte	0x59
 506 0333 07       		.uleb128 0x7
 507 0334 E4040000 		.4byte	.LASF69
 508 0338 06       		.byte	0x6
 509 0339 6E       		.byte	0x6e
 510 033a B8000000 		.4byte	0xb8
 511 033e 5A       		.byte	0x5a
 512 033f 07       		.uleb128 0x7
 513 0340 EB070000 		.4byte	.LASF70
 514 0344 06       		.byte	0x6
 515 0345 6F       		.byte	0x6f
 516 0346 B8000000 		.4byte	0xb8
 517 034a 5C       		.byte	0x5c
 518 034b 07       		.uleb128 0x7
ARM GAS  C:\Users\bogur\AppData\Local\Temp\ccGGmxkG.s 			page 13


 519 034c C2000000 		.4byte	.LASF71
 520 0350 06       		.byte	0x6
 521 0351 70       		.byte	0x70
 522 0352 A2000000 		.4byte	0xa2
 523 0356 5E       		.byte	0x5e
 524 0357 07       		.uleb128 0x7
 525 0358 77060000 		.4byte	.LASF72
 526 035c 06       		.byte	0x6
 527 035d 71       		.byte	0x71
 528 035e A2000000 		.4byte	0xa2
 529 0362 5F       		.byte	0x5f
 530 0363 07       		.uleb128 0x7
 531 0364 25050000 		.4byte	.LASF73
 532 0368 06       		.byte	0x6
 533 0369 72       		.byte	0x72
 534 036a A2000000 		.4byte	0xa2
 535 036e 60       		.byte	0x60
 536 036f 07       		.uleb128 0x7
 537 0370 50060000 		.4byte	.LASF74
 538 0374 06       		.byte	0x6
 539 0375 73       		.byte	0x73
 540 0376 CE000000 		.4byte	0xce
 541 037a 64       		.byte	0x64
 542 037b 07       		.uleb128 0x7
 543 037c E8000000 		.4byte	.LASF75
 544 0380 06       		.byte	0x6
 545 0381 76       		.byte	0x76
 546 0382 B8000000 		.4byte	0xb8
 547 0386 68       		.byte	0x68
 548 0387 07       		.uleb128 0x7
 549 0388 23030000 		.4byte	.LASF76
 550 038c 06       		.byte	0x6
 551 038d 77       		.byte	0x77
 552 038e B8000000 		.4byte	0xb8
 553 0392 6A       		.byte	0x6a
 554 0393 07       		.uleb128 0x7
 555 0394 AF030000 		.4byte	.LASF77
 556 0398 06       		.byte	0x6
 557 0399 78       		.byte	0x78
 558 039a B8000000 		.4byte	0xb8
 559 039e 6C       		.byte	0x6c
 560 039f 07       		.uleb128 0x7
 561 03a0 D5030000 		.4byte	.LASF78
 562 03a4 06       		.byte	0x6
 563 03a5 79       		.byte	0x79
 564 03a6 B8000000 		.4byte	0xb8
 565 03aa 6E       		.byte	0x6e
 566 03ab 07       		.uleb128 0x7
 567 03ac FD060000 		.4byte	.LASF79
 568 03b0 06       		.byte	0x6
 569 03b1 7B       		.byte	0x7b
 570 03b2 A2000000 		.4byte	0xa2
 571 03b6 70       		.byte	0x70
 572 03b7 07       		.uleb128 0x7
 573 03b8 6D010000 		.4byte	.LASF80
 574 03bc 06       		.byte	0x6
 575 03bd 7C       		.byte	0x7c
ARM GAS  C:\Users\bogur\AppData\Local\Temp\ccGGmxkG.s 			page 14


 576 03be A2000000 		.4byte	0xa2
 577 03c2 71       		.byte	0x71
 578 03c3 07       		.uleb128 0x7
 579 03c4 15090000 		.4byte	.LASF81
 580 03c8 06       		.byte	0x6
 581 03c9 7D       		.byte	0x7d
 582 03ca A2000000 		.4byte	0xa2
 583 03ce 72       		.byte	0x72
 584 03cf 07       		.uleb128 0x7
 585 03d0 00050000 		.4byte	.LASF82
 586 03d4 06       		.byte	0x6
 587 03d5 7E       		.byte	0x7e
 588 03d6 A2000000 		.4byte	0xa2
 589 03da 73       		.byte	0x73
 590 03db 07       		.uleb128 0x7
 591 03dc 5B020000 		.4byte	.LASF83
 592 03e0 06       		.byte	0x6
 593 03e1 80       		.byte	0x80
 594 03e2 B8000000 		.4byte	0xb8
 595 03e6 74       		.byte	0x74
 596 03e7 07       		.uleb128 0x7
 597 03e8 8E070000 		.4byte	.LASF84
 598 03ec 06       		.byte	0x6
 599 03ed 81       		.byte	0x81
 600 03ee B8000000 		.4byte	0xb8
 601 03f2 76       		.byte	0x76
 602 03f3 07       		.uleb128 0x7
 603 03f4 1C020000 		.4byte	.LASF85
 604 03f8 06       		.byte	0x6
 605 03f9 82       		.byte	0x82
 606 03fa B8000000 		.4byte	0xb8
 607 03fe 78       		.byte	0x78
 608 03ff 07       		.uleb128 0x7
 609 0400 91000000 		.4byte	.LASF86
 610 0404 06       		.byte	0x6
 611 0405 83       		.byte	0x83
 612 0406 B8000000 		.4byte	0xb8
 613 040a 7A       		.byte	0x7a
 614 040b 07       		.uleb128 0x7
 615 040c A4080000 		.4byte	.LASF87
 616 0410 06       		.byte	0x6
 617 0411 86       		.byte	0x86
 618 0412 A2000000 		.4byte	0xa2
 619 0416 7C       		.byte	0x7c
 620 0417 07       		.uleb128 0x7
 621 0418 0F080000 		.4byte	.LASF88
 622 041c 06       		.byte	0x6
 623 041d 87       		.byte	0x87
 624 041e A2000000 		.4byte	0xa2
 625 0422 7D       		.byte	0x7d
 626 0423 07       		.uleb128 0x7
 627 0424 30000000 		.4byte	.LASF89
 628 0428 06       		.byte	0x6
 629 0429 88       		.byte	0x88
 630 042a A2000000 		.4byte	0xa2
 631 042e 7E       		.byte	0x7e
 632 042f 07       		.uleb128 0x7
ARM GAS  C:\Users\bogur\AppData\Local\Temp\ccGGmxkG.s 			page 15


 633 0430 6D020000 		.4byte	.LASF90
 634 0434 06       		.byte	0x6
 635 0435 89       		.byte	0x89
 636 0436 A2000000 		.4byte	0xa2
 637 043a 7F       		.byte	0x7f
 638 043b 07       		.uleb128 0x7
 639 043c ED020000 		.4byte	.LASF91
 640 0440 06       		.byte	0x6
 641 0441 8A       		.byte	0x8a
 642 0442 A2000000 		.4byte	0xa2
 643 0446 80       		.byte	0x80
 644 0447 07       		.uleb128 0x7
 645 0448 34040000 		.4byte	.LASF92
 646 044c 06       		.byte	0x6
 647 044d 8D       		.byte	0x8d
 648 044e CE000000 		.4byte	0xce
 649 0452 84       		.byte	0x84
 650 0453 07       		.uleb128 0x7
 651 0454 CD010000 		.4byte	.LASF93
 652 0458 06       		.byte	0x6
 653 0459 8E       		.byte	0x8e
 654 045a CE000000 		.4byte	0xce
 655 045e 88       		.byte	0x88
 656 045f 07       		.uleb128 0x7
 657 0460 8F080000 		.4byte	.LASF94
 658 0464 06       		.byte	0x6
 659 0465 8F       		.byte	0x8f
 660 0466 CE000000 		.4byte	0xce
 661 046a 8C       		.byte	0x8c
 662 046b 07       		.uleb128 0x7
 663 046c 64040000 		.4byte	.LASF95
 664 0470 06       		.byte	0x6
 665 0471 90       		.byte	0x90
 666 0472 CE000000 		.4byte	0xce
 667 0476 90       		.byte	0x90
 668 0477 07       		.uleb128 0x7
 669 0478 CE020000 		.4byte	.LASF96
 670 047c 06       		.byte	0x6
 671 047d 91       		.byte	0x91
 672 047e CE000000 		.4byte	0xce
 673 0482 94       		.byte	0x94
 674 0483 07       		.uleb128 0x7
 675 0484 1E040000 		.4byte	.LASF97
 676 0488 06       		.byte	0x6
 677 0489 92       		.byte	0x92
 678 048a CE000000 		.4byte	0xce
 679 048e 98       		.byte	0x98
 680 048f 07       		.uleb128 0x7
 681 0490 C7080000 		.4byte	.LASF98
 682 0494 06       		.byte	0x6
 683 0495 93       		.byte	0x93
 684 0496 CE000000 		.4byte	0xce
 685 049a 9C       		.byte	0x9c
 686 049b 07       		.uleb128 0x7
 687 049c 02010000 		.4byte	.LASF99
 688 04a0 06       		.byte	0x6
 689 04a1 94       		.byte	0x94
ARM GAS  C:\Users\bogur\AppData\Local\Temp\ccGGmxkG.s 			page 16


 690 04a2 CE000000 		.4byte	0xce
 691 04a6 A0       		.byte	0xa0
 692 04a7 07       		.uleb128 0x7
 693 04a8 96010000 		.4byte	.LASF100
 694 04ac 06       		.byte	0x6
 695 04ad 95       		.byte	0x95
 696 04ae B8000000 		.4byte	0xb8
 697 04b2 A4       		.byte	0xa4
 698 04b3 07       		.uleb128 0x7
 699 04b4 43070000 		.4byte	.LASF101
 700 04b8 06       		.byte	0x6
 701 04b9 96       		.byte	0x96
 702 04ba B8000000 		.4byte	0xb8
 703 04be A6       		.byte	0xa6
 704 04bf 07       		.uleb128 0x7
 705 04c0 6B060000 		.4byte	.LASF102
 706 04c4 06       		.byte	0x6
 707 04c5 97       		.byte	0x97
 708 04c6 B8000000 		.4byte	0xb8
 709 04ca A8       		.byte	0xa8
 710 04cb 07       		.uleb128 0x7
 711 04cc 75070000 		.4byte	.LASF103
 712 04d0 06       		.byte	0x6
 713 04d1 98       		.byte	0x98
 714 04d2 B8000000 		.4byte	0xb8
 715 04d6 AA       		.byte	0xaa
 716 04d7 07       		.uleb128 0x7
 717 04d8 BE030000 		.4byte	.LASF104
 718 04dc 06       		.byte	0x6
 719 04dd 99       		.byte	0x99
 720 04de B8000000 		.4byte	0xb8
 721 04e2 AC       		.byte	0xac
 722 04e3 07       		.uleb128 0x7
 723 04e4 17050000 		.4byte	.LASF105
 724 04e8 06       		.byte	0x6
 725 04e9 9A       		.byte	0x9a
 726 04ea B8000000 		.4byte	0xb8
 727 04ee AE       		.byte	0xae
 728 04ef 07       		.uleb128 0x7
 729 04f0 F4070000 		.4byte	.LASF106
 730 04f4 06       		.byte	0x6
 731 04f5 9D       		.byte	0x9d
 732 04f6 B8000000 		.4byte	0xb8
 733 04fa B0       		.byte	0xb0
 734 04fb 07       		.uleb128 0x7
 735 04fc D6060000 		.4byte	.LASF107
 736 0500 06       		.byte	0x6
 737 0501 9E       		.byte	0x9e
 738 0502 CE000000 		.4byte	0xce
 739 0506 B4       		.byte	0xb4
 740 0507 00       		.byte	0
 741 0508 03       		.uleb128 0x3
 742 0509 F4030000 		.4byte	.LASF108
 743 050d 06       		.byte	0x6
 744 050e 9F       		.byte	0x9f
 745 050f F7000000 		.4byte	0xf7
 746 0513 02       		.uleb128 0x2
ARM GAS  C:\Users\bogur\AppData\Local\Temp\ccGGmxkG.s 			page 17


 747 0514 01       		.byte	0x1
 748 0515 08       		.byte	0x8
 749 0516 64070000 		.4byte	.LASF109
 750 051a 02       		.uleb128 0x2
 751 051b 04       		.byte	0x4
 752 051c 04       		.byte	0x4
 753 051d 4A060000 		.4byte	.LASF110
 754 0521 02       		.uleb128 0x2
 755 0522 08       		.byte	0x8
 756 0523 04       		.byte	0x4
 757 0524 15020000 		.4byte	.LASF111
 758 0528 02       		.uleb128 0x2
 759 0529 01       		.byte	0x1
 760 052a 02       		.byte	0x2
 761 052b A6060000 		.4byte	.LASF112
 762 052f 08       		.uleb128 0x8
 763 0530 04       		.byte	0x4
 764 0531 09       		.uleb128 0x9
 765 0532 04       		.byte	0x4
 766 0533 37050000 		.4byte	0x537
 767 0537 0A       		.uleb128 0xa
 768 0538 42050000 		.4byte	0x542
 769 053c 0B       		.uleb128 0xb
 770 053d CE000000 		.4byte	0xce
 771 0541 00       		.byte	0
 772 0542 0C       		.uleb128 0xc
 773 0543 5B030000 		.4byte	.LASF113
 774 0547 07       		.byte	0x7
 775 0548 D901     		.2byte	0x1d9
 776 054a 31050000 		.4byte	0x531
 777 054e 0D       		.uleb128 0xd
 778 054f 2B090000 		.4byte	.LASF145
 779 0553 38       		.byte	0x38
 780 0554 07       		.byte	0x7
 781 0555 7502     		.2byte	0x275
 782 0557 12060000 		.4byte	0x612
 783 055b 0E       		.uleb128 0xe
 784 055c DD080000 		.4byte	.LASF114
 785 0560 07       		.byte	0x7
 786 0561 7802     		.2byte	0x278
 787 0563 E0000000 		.4byte	0xe0
 788 0567 00       		.byte	0
 789 0568 0E       		.uleb128 0xe
 790 0569 41050000 		.4byte	.LASF115
 791 056d 07       		.byte	0x7
 792 056e 7902     		.2byte	0x279
 793 0570 E0000000 		.4byte	0xe0
 794 0574 04       		.byte	0x4
 795 0575 0E       		.uleb128 0xe
 796 0576 F8000000 		.4byte	.LASF116
 797 057a 07       		.byte	0x7
 798 057b 7B02     		.2byte	0x27b
 799 057d 2F050000 		.4byte	0x52f
 800 0581 08       		.byte	0x8
 801 0582 0E       		.uleb128 0xe
 802 0583 CA070000 		.4byte	.LASF117
 803 0587 07       		.byte	0x7
ARM GAS  C:\Users\bogur\AppData\Local\Temp\ccGGmxkG.s 			page 18


 804 0588 7C02     		.2byte	0x27c
 805 058a CE000000 		.4byte	0xce
 806 058e 0C       		.byte	0xc
 807 058f 0E       		.uleb128 0xe
 808 0590 10040000 		.4byte	.LASF118
 809 0594 07       		.byte	0x7
 810 0595 7D02     		.2byte	0x27d
 811 0597 E0000000 		.4byte	0xe0
 812 059b 10       		.byte	0x10
 813 059c 0E       		.uleb128 0xe
 814 059d B9080000 		.4byte	.LASF119
 815 05a1 07       		.byte	0x7
 816 05a2 7E02     		.2byte	0x27e
 817 05a4 E0000000 		.4byte	0xe0
 818 05a8 14       		.byte	0x14
 819 05a9 0E       		.uleb128 0xe
 820 05aa 28080000 		.4byte	.LASF120
 821 05ae 07       		.byte	0x7
 822 05af 8002     		.2byte	0x280
 823 05b1 2F050000 		.4byte	0x52f
 824 05b5 18       		.byte	0x18
 825 05b6 0E       		.uleb128 0xe
 826 05b7 12000000 		.4byte	.LASF121
 827 05bb 07       		.byte	0x7
 828 05bc 8102     		.2byte	0x281
 829 05be CE000000 		.4byte	0xce
 830 05c2 1C       		.byte	0x1c
 831 05c3 0E       		.uleb128 0xe
 832 05c4 C5020000 		.4byte	.LASF122
 833 05c8 07       		.byte	0x7
 834 05c9 8202     		.2byte	0x282
 835 05cb E0000000 		.4byte	0xe0
 836 05cf 20       		.byte	0x20
 837 05d0 0E       		.uleb128 0xe
 838 05d1 EE030000 		.4byte	.LASF123
 839 05d5 07       		.byte	0x7
 840 05d6 8402     		.2byte	0x284
 841 05d8 2F050000 		.4byte	0x52f
 842 05dc 24       		.byte	0x24
 843 05dd 0E       		.uleb128 0xe
 844 05de E3020000 		.4byte	.LASF124
 845 05e2 07       		.byte	0x7
 846 05e3 8502     		.2byte	0x285
 847 05e5 CE000000 		.4byte	0xce
 848 05e9 28       		.byte	0x28
 849 05ea 0E       		.uleb128 0xe
 850 05eb 8D060000 		.4byte	.LASF125
 851 05ef 07       		.byte	0x7
 852 05f0 8602     		.2byte	0x286
 853 05f2 E0000000 		.4byte	0xe0
 854 05f6 2C       		.byte	0x2c
 855 05f7 0E       		.uleb128 0xe
 856 05f8 CC030000 		.4byte	.LASF126
 857 05fc 07       		.byte	0x7
 858 05fd 8B02     		.2byte	0x28b
 859 05ff 42050000 		.4byte	0x542
 860 0603 30       		.byte	0x30
ARM GAS  C:\Users\bogur\AppData\Local\Temp\ccGGmxkG.s 			page 19


 861 0604 0E       		.uleb128 0xe
 862 0605 20080000 		.4byte	.LASF127
 863 0609 07       		.byte	0x7
 864 060a 8E02     		.2byte	0x28e
 865 060c CE000000 		.4byte	0xce
 866 0610 34       		.byte	0x34
 867 0611 00       		.byte	0
 868 0612 0C       		.uleb128 0xc
 869 0613 2E080000 		.4byte	.LASF128
 870 0617 07       		.byte	0x7
 871 0618 9102     		.2byte	0x291
 872 061a 4E050000 		.4byte	0x54e
 873 061e 09       		.uleb128 0x9
 874 061f 04       		.byte	0x4
 875 0620 3E000000 		.4byte	0x3e
 876 0624 0F       		.uleb128 0xf
 877 0625 8A050000 		.4byte	.LASF146
 878 0629 02       		.byte	0x2
 879 062a 81       		.byte	0x81
 880 062b 03       		.byte	0x3
 881 062c 10       		.uleb128 0x10
 882 062d 3C020000 		.4byte	.LASF147
 883 0631 01       		.byte	0x1
 884 0632 16       		.byte	0x16
 885 0633 94000000 		.4byte	0x94
 886 0637 00000000 		.4byte	.LFB485
 887 063b 38000000 		.4byte	.LFE485-.LFB485
 888 063f 01       		.uleb128 0x1
 889 0640 9C       		.byte	0x9c
 890 0641 05070000 		.4byte	0x705
 891 0645 11       		.uleb128 0x11
 892 0646 A6000000 		.4byte	.LASF129
 893 064a 01       		.byte	0x1
 894 064b 1E       		.byte	0x1e
 895 064c 05070000 		.4byte	0x705
 896 0650 11       		.uleb128 0x11
 897 0651 EA060000 		.4byte	.LASF130
 898 0655 01       		.byte	0x1
 899 0656 1F       		.byte	0x1f
 900 0657 05070000 		.4byte	0x705
 901 065b 11       		.uleb128 0x11
 902 065c AF000000 		.4byte	.LASF131
 903 0660 01       		.byte	0x1
 904 0661 20       		.byte	0x20
 905 0662 05070000 		.4byte	0x705
 906 0666 11       		.uleb128 0x11
 907 0667 0C020000 		.4byte	.LASF132
 908 066b 01       		.byte	0x1
 909 066c 21       		.byte	0x21
 910 066d 05070000 		.4byte	0x705
 911 0671 12       		.uleb128 0x12
 912 0672 736B00   		.ascii	"sk\000"
 913 0675 01       		.byte	0x1
 914 0676 23       		.byte	0x23
 915 0677 1E060000 		.4byte	0x61e
 916 067b 12       		.uleb128 0x12
 917 067c 706B00   		.ascii	"pk\000"
ARM GAS  C:\Users\bogur\AppData\Local\Temp\ccGGmxkG.s 			page 20


 918 067f 01       		.byte	0x1
 919 0680 24       		.byte	0x24
 920 0681 1E060000 		.4byte	0x61e
 921 0685 12       		.uleb128 0x12
 922 0686 637400   		.ascii	"ct\000"
 923 0689 01       		.byte	0x1
 924 068a 25       		.byte	0x25
 925 068b 1E060000 		.4byte	0x61e
 926 068f 12       		.uleb128 0x12
 927 0690 737300   		.ascii	"ss\000"
 928 0693 01       		.byte	0x1
 929 0694 26       		.byte	0x26
 930 0695 1E060000 		.4byte	0x61e
 931 0699 13       		.uleb128 0x13
 932 069a 24060000 		.4byte	0x624
 933 069e 04000000 		.4byte	.LBB4
 934 06a2 02000000 		.4byte	.LBE4-.LBB4
 935 06a6 01       		.byte	0x1
 936 06a7 18       		.byte	0x18
 937 06a8 14       		.uleb128 0x14
 938 06a9 1A000000 		.4byte	.LVL0
 939 06ad 3C070000 		.4byte	0x73c
 940 06b1 D7060000 		.4byte	0x6d7
 941 06b5 15       		.uleb128 0x15
 942 06b6 01       		.uleb128 0x1
 943 06b7 51       		.byte	0x51
 944 06b8 05       		.uleb128 0x5
 945 06b9 03       		.byte	0x3
 946 06ba 00000000 		.4byte	.LC0
 947 06be 15       		.uleb128 0x15
 948 06bf 01       		.uleb128 0x1
 949 06c0 52       		.byte	0x52
 950 06c1 03       		.uleb128 0x3
 951 06c2 0A       		.byte	0xa
 952 06c3 9001     		.2byte	0x190
 953 06c5 15       		.uleb128 0x15
 954 06c6 01       		.uleb128 0x1
 955 06c7 53       		.byte	0x53
 956 06c8 01       		.uleb128 0x1
 957 06c9 30       		.byte	0x30
 958 06ca 15       		.uleb128 0x15
 959 06cb 02       		.uleb128 0x2
 960 06cc 7D       		.byte	0x7d
 961 06cd 00       		.sleb128 0
 962 06ce 01       		.uleb128 0x1
 963 06cf 32       		.byte	0x32
 964 06d0 15       		.uleb128 0x15
 965 06d1 02       		.uleb128 0x2
 966 06d2 7D       		.byte	0x7d
 967 06d3 04       		.sleb128 4
 968 06d4 01       		.uleb128 0x1
 969 06d5 30       		.byte	0x30
 970 06d6 00       		.byte	0
 971 06d7 16       		.uleb128 0x16
 972 06d8 1E000000 		.4byte	.LVL1
 973 06dc 48070000 		.4byte	0x748
 974 06e0 16       		.uleb128 0x16
ARM GAS  C:\Users\bogur\AppData\Local\Temp\ccGGmxkG.s 			page 21


 975 06e1 22000000 		.4byte	.LVL2
 976 06e5 54070000 		.4byte	0x754
 977 06e9 16       		.uleb128 0x16
 978 06ea 26000000 		.4byte	.LVL3
 979 06ee 5F070000 		.4byte	0x75f
 980 06f2 16       		.uleb128 0x16
 981 06f3 2A000000 		.4byte	.LVL4
 982 06f7 6A070000 		.4byte	0x76a
 983 06fb 16       		.uleb128 0x16
 984 06fc 2E000000 		.4byte	.LVL5
 985 0700 75070000 		.4byte	0x775
 986 0704 00       		.byte	0
 987 0705 17       		.uleb128 0x17
 988 0706 E5000000 		.4byte	0xe5
 989 070a 18       		.uleb128 0x18
 990 070b 18010000 		.4byte	.LASF133
 991 070f 08       		.byte	0x8
 992 0710 F907     		.2byte	0x7f9
 993 0712 16070000 		.4byte	0x716
 994 0716 05       		.uleb128 0x5
 995 0717 C3000000 		.4byte	0xc3
 996 071b 19       		.uleb128 0x19
 997 071c 61060000 		.4byte	.LASF134
 998 0720 06       		.byte	0x6
 999 0721 A7       		.byte	0xa7
 1000 0722 26070000 		.4byte	0x726
 1001 0726 09       		.uleb128 0x9
 1002 0727 04       		.byte	0x4
 1003 0728 2C070000 		.4byte	0x72c
 1004 072c 17       		.uleb128 0x17
 1005 072d 08050000 		.4byte	0x508
 1006 0731 19       		.uleb128 0x19
 1007 0732 7A030000 		.4byte	.LASF135
 1008 0736 09       		.byte	0x9
 1009 0737 87       		.byte	0x87
 1010 0738 12060000 		.4byte	0x612
 1011 073c 1A       		.uleb128 0x1a
 1012 073d 43000000 		.4byte	.LASF136
 1013 0741 43000000 		.4byte	.LASF136
 1014 0745 0A       		.byte	0xa
 1015 0746 4101     		.2byte	0x141
 1016 0748 1A       		.uleb128 0x1a
 1017 0749 A7020000 		.4byte	.LASF137
 1018 074d A7020000 		.4byte	.LASF137
 1019 0751 0A       		.byte	0xa
 1020 0752 8E04     		.2byte	0x48e
 1021 0754 1B       		.uleb128 0x1b
 1022 0755 41020000 		.4byte	.LASF138
 1023 0759 41020000 		.4byte	.LASF138
 1024 075d 0B       		.byte	0xb
 1025 075e 17       		.byte	0x17
 1026 075f 1B       		.uleb128 0x1b
 1027 0760 6D080000 		.4byte	.LASF139
 1028 0764 6D080000 		.4byte	.LASF139
 1029 0768 0B       		.byte	0xb
 1030 0769 16       		.byte	0x16
 1031 076a 1B       		.uleb128 0x1b
ARM GAS  C:\Users\bogur\AppData\Local\Temp\ccGGmxkG.s 			page 22


 1032 076b 4A050000 		.4byte	.LASF140
 1033 076f 4A050000 		.4byte	.LASF140
 1034 0773 0B       		.byte	0xb
 1035 0774 18       		.byte	0x18
 1036 0775 1B       		.uleb128 0x1b
 1037 0776 E6080000 		.4byte	.LASF141
 1038 077a E6080000 		.4byte	.LASF141
 1039 077e 0B       		.byte	0xb
 1040 077f 19       		.byte	0x19
 1041 0780 00       		.byte	0
 1042              		.section	.debug_abbrev,"",%progbits
 1043              	.Ldebug_abbrev0:
 1044 0000 01       		.uleb128 0x1
 1045 0001 11       		.uleb128 0x11
 1046 0002 01       		.byte	0x1
 1047 0003 25       		.uleb128 0x25
 1048 0004 0E       		.uleb128 0xe
 1049 0005 13       		.uleb128 0x13
 1050 0006 0B       		.uleb128 0xb
 1051 0007 03       		.uleb128 0x3
 1052 0008 0E       		.uleb128 0xe
 1053 0009 1B       		.uleb128 0x1b
 1054 000a 0E       		.uleb128 0xe
 1055 000b 55       		.uleb128 0x55
 1056 000c 17       		.uleb128 0x17
 1057 000d 11       		.uleb128 0x11
 1058 000e 01       		.uleb128 0x1
 1059 000f 10       		.uleb128 0x10
 1060 0010 17       		.uleb128 0x17
 1061 0011 00       		.byte	0
 1062 0012 00       		.byte	0
 1063 0013 02       		.uleb128 0x2
 1064 0014 24       		.uleb128 0x24
 1065 0015 00       		.byte	0
 1066 0016 0B       		.uleb128 0xb
 1067 0017 0B       		.uleb128 0xb
 1068 0018 3E       		.uleb128 0x3e
 1069 0019 0B       		.uleb128 0xb
 1070 001a 03       		.uleb128 0x3
 1071 001b 0E       		.uleb128 0xe
 1072 001c 00       		.byte	0
 1073 001d 00       		.byte	0
 1074 001e 03       		.uleb128 0x3
 1075 001f 16       		.uleb128 0x16
 1076 0020 00       		.byte	0
 1077 0021 03       		.uleb128 0x3
 1078 0022 0E       		.uleb128 0xe
 1079 0023 3A       		.uleb128 0x3a
 1080 0024 0B       		.uleb128 0xb
 1081 0025 3B       		.uleb128 0x3b
 1082 0026 0B       		.uleb128 0xb
 1083 0027 49       		.uleb128 0x49
 1084 0028 13       		.uleb128 0x13
 1085 0029 00       		.byte	0
 1086 002a 00       		.byte	0
 1087 002b 04       		.uleb128 0x4
 1088 002c 24       		.uleb128 0x24
ARM GAS  C:\Users\bogur\AppData\Local\Temp\ccGGmxkG.s 			page 23


 1089 002d 00       		.byte	0
 1090 002e 0B       		.uleb128 0xb
 1091 002f 0B       		.uleb128 0xb
 1092 0030 3E       		.uleb128 0x3e
 1093 0031 0B       		.uleb128 0xb
 1094 0032 03       		.uleb128 0x3
 1095 0033 08       		.uleb128 0x8
 1096 0034 00       		.byte	0
 1097 0035 00       		.byte	0
 1098 0036 05       		.uleb128 0x5
 1099 0037 35       		.uleb128 0x35
 1100 0038 00       		.byte	0
 1101 0039 49       		.uleb128 0x49
 1102 003a 13       		.uleb128 0x13
 1103 003b 00       		.byte	0
 1104 003c 00       		.byte	0
 1105 003d 06       		.uleb128 0x6
 1106 003e 13       		.uleb128 0x13
 1107 003f 01       		.byte	0x1
 1108 0040 0B       		.uleb128 0xb
 1109 0041 0B       		.uleb128 0xb
 1110 0042 3A       		.uleb128 0x3a
 1111 0043 0B       		.uleb128 0xb
 1112 0044 3B       		.uleb128 0x3b
 1113 0045 0B       		.uleb128 0xb
 1114 0046 01       		.uleb128 0x1
 1115 0047 13       		.uleb128 0x13
 1116 0048 00       		.byte	0
 1117 0049 00       		.byte	0
 1118 004a 07       		.uleb128 0x7
 1119 004b 0D       		.uleb128 0xd
 1120 004c 00       		.byte	0
 1121 004d 03       		.uleb128 0x3
 1122 004e 0E       		.uleb128 0xe
 1123 004f 3A       		.uleb128 0x3a
 1124 0050 0B       		.uleb128 0xb
 1125 0051 3B       		.uleb128 0x3b
 1126 0052 0B       		.uleb128 0xb
 1127 0053 49       		.uleb128 0x49
 1128 0054 13       		.uleb128 0x13
 1129 0055 38       		.uleb128 0x38
 1130 0056 0B       		.uleb128 0xb
 1131 0057 00       		.byte	0
 1132 0058 00       		.byte	0
 1133 0059 08       		.uleb128 0x8
 1134 005a 0F       		.uleb128 0xf
 1135 005b 00       		.byte	0
 1136 005c 0B       		.uleb128 0xb
 1137 005d 0B       		.uleb128 0xb
 1138 005e 00       		.byte	0
 1139 005f 00       		.byte	0
 1140 0060 09       		.uleb128 0x9
 1141 0061 0F       		.uleb128 0xf
 1142 0062 00       		.byte	0
 1143 0063 0B       		.uleb128 0xb
 1144 0064 0B       		.uleb128 0xb
 1145 0065 49       		.uleb128 0x49
ARM GAS  C:\Users\bogur\AppData\Local\Temp\ccGGmxkG.s 			page 24


 1146 0066 13       		.uleb128 0x13
 1147 0067 00       		.byte	0
 1148 0068 00       		.byte	0
 1149 0069 0A       		.uleb128 0xa
 1150 006a 15       		.uleb128 0x15
 1151 006b 01       		.byte	0x1
 1152 006c 27       		.uleb128 0x27
 1153 006d 19       		.uleb128 0x19
 1154 006e 01       		.uleb128 0x1
 1155 006f 13       		.uleb128 0x13
 1156 0070 00       		.byte	0
 1157 0071 00       		.byte	0
 1158 0072 0B       		.uleb128 0xb
 1159 0073 05       		.uleb128 0x5
 1160 0074 00       		.byte	0
 1161 0075 49       		.uleb128 0x49
 1162 0076 13       		.uleb128 0x13
 1163 0077 00       		.byte	0
 1164 0078 00       		.byte	0
 1165 0079 0C       		.uleb128 0xc
 1166 007a 16       		.uleb128 0x16
 1167 007b 00       		.byte	0
 1168 007c 03       		.uleb128 0x3
 1169 007d 0E       		.uleb128 0xe
 1170 007e 3A       		.uleb128 0x3a
 1171 007f 0B       		.uleb128 0xb
 1172 0080 3B       		.uleb128 0x3b
 1173 0081 05       		.uleb128 0x5
 1174 0082 49       		.uleb128 0x49
 1175 0083 13       		.uleb128 0x13
 1176 0084 00       		.byte	0
 1177 0085 00       		.byte	0
 1178 0086 0D       		.uleb128 0xd
 1179 0087 13       		.uleb128 0x13
 1180 0088 01       		.byte	0x1
 1181 0089 03       		.uleb128 0x3
 1182 008a 0E       		.uleb128 0xe
 1183 008b 0B       		.uleb128 0xb
 1184 008c 0B       		.uleb128 0xb
 1185 008d 3A       		.uleb128 0x3a
 1186 008e 0B       		.uleb128 0xb
 1187 008f 3B       		.uleb128 0x3b
 1188 0090 05       		.uleb128 0x5
 1189 0091 01       		.uleb128 0x1
 1190 0092 13       		.uleb128 0x13
 1191 0093 00       		.byte	0
 1192 0094 00       		.byte	0
 1193 0095 0E       		.uleb128 0xe
 1194 0096 0D       		.uleb128 0xd
 1195 0097 00       		.byte	0
 1196 0098 03       		.uleb128 0x3
 1197 0099 0E       		.uleb128 0xe
 1198 009a 3A       		.uleb128 0x3a
 1199 009b 0B       		.uleb128 0xb
 1200 009c 3B       		.uleb128 0x3b
 1201 009d 05       		.uleb128 0x5
 1202 009e 49       		.uleb128 0x49
ARM GAS  C:\Users\bogur\AppData\Local\Temp\ccGGmxkG.s 			page 25


 1203 009f 13       		.uleb128 0x13
 1204 00a0 38       		.uleb128 0x38
 1205 00a1 0B       		.uleb128 0xb
 1206 00a2 00       		.byte	0
 1207 00a3 00       		.byte	0
 1208 00a4 0F       		.uleb128 0xf
 1209 00a5 2E       		.uleb128 0x2e
 1210 00a6 00       		.byte	0
 1211 00a7 03       		.uleb128 0x3
 1212 00a8 0E       		.uleb128 0xe
 1213 00a9 3A       		.uleb128 0x3a
 1214 00aa 0B       		.uleb128 0xb
 1215 00ab 3B       		.uleb128 0x3b
 1216 00ac 0B       		.uleb128 0xb
 1217 00ad 27       		.uleb128 0x27
 1218 00ae 19       		.uleb128 0x19
 1219 00af 20       		.uleb128 0x20
 1220 00b0 0B       		.uleb128 0xb
 1221 00b1 00       		.byte	0
 1222 00b2 00       		.byte	0
 1223 00b3 10       		.uleb128 0x10
 1224 00b4 2E       		.uleb128 0x2e
 1225 00b5 01       		.byte	0x1
 1226 00b6 3F       		.uleb128 0x3f
 1227 00b7 19       		.uleb128 0x19
 1228 00b8 03       		.uleb128 0x3
 1229 00b9 0E       		.uleb128 0xe
 1230 00ba 3A       		.uleb128 0x3a
 1231 00bb 0B       		.uleb128 0xb
 1232 00bc 3B       		.uleb128 0x3b
 1233 00bd 0B       		.uleb128 0xb
 1234 00be 27       		.uleb128 0x27
 1235 00bf 19       		.uleb128 0x19
 1236 00c0 49       		.uleb128 0x49
 1237 00c1 13       		.uleb128 0x13
 1238 00c2 8701     		.uleb128 0x87
 1239 00c4 19       		.uleb128 0x19
 1240 00c5 11       		.uleb128 0x11
 1241 00c6 01       		.uleb128 0x1
 1242 00c7 12       		.uleb128 0x12
 1243 00c8 06       		.uleb128 0x6
 1244 00c9 40       		.uleb128 0x40
 1245 00ca 18       		.uleb128 0x18
 1246 00cb 9742     		.uleb128 0x2117
 1247 00cd 19       		.uleb128 0x19
 1248 00ce 01       		.uleb128 0x1
 1249 00cf 13       		.uleb128 0x13
 1250 00d0 00       		.byte	0
 1251 00d1 00       		.byte	0
 1252 00d2 11       		.uleb128 0x11
 1253 00d3 34       		.uleb128 0x34
 1254 00d4 00       		.byte	0
 1255 00d5 03       		.uleb128 0x3
 1256 00d6 0E       		.uleb128 0xe
 1257 00d7 3A       		.uleb128 0x3a
 1258 00d8 0B       		.uleb128 0xb
 1259 00d9 3B       		.uleb128 0x3b
ARM GAS  C:\Users\bogur\AppData\Local\Temp\ccGGmxkG.s 			page 26


 1260 00da 0B       		.uleb128 0xb
 1261 00db 49       		.uleb128 0x49
 1262 00dc 13       		.uleb128 0x13
 1263 00dd 00       		.byte	0
 1264 00de 00       		.byte	0
 1265 00df 12       		.uleb128 0x12
 1266 00e0 34       		.uleb128 0x34
 1267 00e1 00       		.byte	0
 1268 00e2 03       		.uleb128 0x3
 1269 00e3 08       		.uleb128 0x8
 1270 00e4 3A       		.uleb128 0x3a
 1271 00e5 0B       		.uleb128 0xb
 1272 00e6 3B       		.uleb128 0x3b
 1273 00e7 0B       		.uleb128 0xb
 1274 00e8 49       		.uleb128 0x49
 1275 00e9 13       		.uleb128 0x13
 1276 00ea 00       		.byte	0
 1277 00eb 00       		.byte	0
 1278 00ec 13       		.uleb128 0x13
 1279 00ed 1D       		.uleb128 0x1d
 1280 00ee 00       		.byte	0
 1281 00ef 31       		.uleb128 0x31
 1282 00f0 13       		.uleb128 0x13
 1283 00f1 11       		.uleb128 0x11
 1284 00f2 01       		.uleb128 0x1
 1285 00f3 12       		.uleb128 0x12
 1286 00f4 06       		.uleb128 0x6
 1287 00f5 58       		.uleb128 0x58
 1288 00f6 0B       		.uleb128 0xb
 1289 00f7 59       		.uleb128 0x59
 1290 00f8 0B       		.uleb128 0xb
 1291 00f9 00       		.byte	0
 1292 00fa 00       		.byte	0
 1293 00fb 14       		.uleb128 0x14
 1294 00fc 898201   		.uleb128 0x4109
 1295 00ff 01       		.byte	0x1
 1296 0100 11       		.uleb128 0x11
 1297 0101 01       		.uleb128 0x1
 1298 0102 31       		.uleb128 0x31
 1299 0103 13       		.uleb128 0x13
 1300 0104 01       		.uleb128 0x1
 1301 0105 13       		.uleb128 0x13
 1302 0106 00       		.byte	0
 1303 0107 00       		.byte	0
 1304 0108 15       		.uleb128 0x15
 1305 0109 8A8201   		.uleb128 0x410a
 1306 010c 00       		.byte	0
 1307 010d 02       		.uleb128 0x2
 1308 010e 18       		.uleb128 0x18
 1309 010f 9142     		.uleb128 0x2111
 1310 0111 18       		.uleb128 0x18
 1311 0112 00       		.byte	0
 1312 0113 00       		.byte	0
 1313 0114 16       		.uleb128 0x16
 1314 0115 898201   		.uleb128 0x4109
 1315 0118 00       		.byte	0
 1316 0119 11       		.uleb128 0x11
ARM GAS  C:\Users\bogur\AppData\Local\Temp\ccGGmxkG.s 			page 27


 1317 011a 01       		.uleb128 0x1
 1318 011b 31       		.uleb128 0x31
 1319 011c 13       		.uleb128 0x13
 1320 011d 00       		.byte	0
 1321 011e 00       		.byte	0
 1322 011f 17       		.uleb128 0x17
 1323 0120 26       		.uleb128 0x26
 1324 0121 00       		.byte	0
 1325 0122 49       		.uleb128 0x49
 1326 0123 13       		.uleb128 0x13
 1327 0124 00       		.byte	0
 1328 0125 00       		.byte	0
 1329 0126 18       		.uleb128 0x18
 1330 0127 34       		.uleb128 0x34
 1331 0128 00       		.byte	0
 1332 0129 03       		.uleb128 0x3
 1333 012a 0E       		.uleb128 0xe
 1334 012b 3A       		.uleb128 0x3a
 1335 012c 0B       		.uleb128 0xb
 1336 012d 3B       		.uleb128 0x3b
 1337 012e 05       		.uleb128 0x5
 1338 012f 49       		.uleb128 0x49
 1339 0130 13       		.uleb128 0x13
 1340 0131 3F       		.uleb128 0x3f
 1341 0132 19       		.uleb128 0x19
 1342 0133 3C       		.uleb128 0x3c
 1343 0134 19       		.uleb128 0x19
 1344 0135 00       		.byte	0
 1345 0136 00       		.byte	0
 1346 0137 19       		.uleb128 0x19
 1347 0138 34       		.uleb128 0x34
 1348 0139 00       		.byte	0
 1349 013a 03       		.uleb128 0x3
 1350 013b 0E       		.uleb128 0xe
 1351 013c 3A       		.uleb128 0x3a
 1352 013d 0B       		.uleb128 0xb
 1353 013e 3B       		.uleb128 0x3b
 1354 013f 0B       		.uleb128 0xb
 1355 0140 49       		.uleb128 0x49
 1356 0141 13       		.uleb128 0x13
 1357 0142 3F       		.uleb128 0x3f
 1358 0143 19       		.uleb128 0x19
 1359 0144 3C       		.uleb128 0x3c
 1360 0145 19       		.uleb128 0x19
 1361 0146 00       		.byte	0
 1362 0147 00       		.byte	0
 1363 0148 1A       		.uleb128 0x1a
 1364 0149 2E       		.uleb128 0x2e
 1365 014a 00       		.byte	0
 1366 014b 3F       		.uleb128 0x3f
 1367 014c 19       		.uleb128 0x19
 1368 014d 3C       		.uleb128 0x3c
 1369 014e 19       		.uleb128 0x19
 1370 014f 6E       		.uleb128 0x6e
 1371 0150 0E       		.uleb128 0xe
 1372 0151 03       		.uleb128 0x3
 1373 0152 0E       		.uleb128 0xe
ARM GAS  C:\Users\bogur\AppData\Local\Temp\ccGGmxkG.s 			page 28


 1374 0153 3A       		.uleb128 0x3a
 1375 0154 0B       		.uleb128 0xb
 1376 0155 3B       		.uleb128 0x3b
 1377 0156 05       		.uleb128 0x5
 1378 0157 00       		.byte	0
 1379 0158 00       		.byte	0
 1380 0159 1B       		.uleb128 0x1b
 1381 015a 2E       		.uleb128 0x2e
 1382 015b 00       		.byte	0
 1383 015c 3F       		.uleb128 0x3f
 1384 015d 19       		.uleb128 0x19
 1385 015e 3C       		.uleb128 0x3c
 1386 015f 19       		.uleb128 0x19
 1387 0160 6E       		.uleb128 0x6e
 1388 0161 0E       		.uleb128 0xe
 1389 0162 03       		.uleb128 0x3
 1390 0163 0E       		.uleb128 0xe
 1391 0164 3A       		.uleb128 0x3a
 1392 0165 0B       		.uleb128 0xb
 1393 0166 3B       		.uleb128 0x3b
 1394 0167 0B       		.uleb128 0xb
 1395 0168 00       		.byte	0
 1396 0169 00       		.byte	0
 1397 016a 00       		.byte	0
 1398              		.section	.debug_aranges,"",%progbits
 1399 0000 1C000000 		.4byte	0x1c
 1400 0004 0200     		.2byte	0x2
 1401 0006 00000000 		.4byte	.Ldebug_info0
 1402 000a 04       		.byte	0x4
 1403 000b 00       		.byte	0
 1404 000c 0000     		.2byte	0
 1405 000e 0000     		.2byte	0
 1406 0010 00000000 		.4byte	.LFB485
 1407 0014 38000000 		.4byte	.LFE485-.LFB485
 1408 0018 00000000 		.4byte	0
 1409 001c 00000000 		.4byte	0
 1410              		.section	.debug_ranges,"",%progbits
 1411              	.Ldebug_ranges0:
 1412 0000 00000000 		.4byte	.LFB485
 1413 0004 38000000 		.4byte	.LFE485
 1414 0008 00000000 		.4byte	0
 1415 000c 00000000 		.4byte	0
 1416              		.section	.debug_line,"",%progbits
 1417              	.Ldebug_line0:
 1418 0000 13030000 		.section	.debug_str,"MS",%progbits,1
 1418      0200ED02 
 1418      00000201 
 1418      FB0E0D00 
 1418      01010101 
 1419              	.LASF57:
 1420 0000 70726F74 		.ascii	"protBusMasterMask\000"
 1420      4275734D 
 1420      61737465 
 1420      724D6173 
 1420      6B00
 1421              	.LASF121:
 1422 0012 72784275 		.ascii	"rxBufSize\000"
ARM GAS  C:\Users\bogur\AppData\Local\Temp\ccGGmxkG.s 			page 29


 1422      6653697A 
 1422      6500
 1423              	.LASF67:
 1424 001c 666C6173 		.ascii	"flashCtlMainWs3Freq\000"
 1424      6843746C 
 1424      4D61696E 
 1424      57733346 
 1424      72657100 
 1425              	.LASF89:
 1426 0030 6770696F 		.ascii	"gpioPrtCfgInOffset\000"
 1426      50727443 
 1426      6667496E 
 1426      4F666673 
 1426      657400
 1427              	.LASF136:
 1428 0043 78546173 		.ascii	"xTaskCreate\000"
 1428      6B437265 
 1428      61746500 
 1429              	.LASF20:
 1430 004f 73697A65 		.ascii	"size_t\000"
 1430      5F7400
 1431              	.LASF33:
 1432 0056 63727970 		.ascii	"cryptoVersion\000"
 1432      746F5665 
 1432      7273696F 
 1432      6E00
 1433              	.LASF51:
 1434 0064 70657269 		.ascii	"periClockNr\000"
 1434      436C6F63 
 1434      6B4E7200 
 1435              	.LASF29:
 1436 0070 70617373 		.ascii	"passBase\000"
 1436      42617365 
 1436      00
 1437              	.LASF42:
 1438 0079 63707573 		.ascii	"cpussIpcIrqNr\000"
 1438      73497063 
 1438      4972714E 
 1438      7200
 1439              	.LASF3:
 1440 0087 5F5F7569 		.ascii	"__uint8_t\000"
 1440      6E74385F 
 1440      7400
 1441              	.LASF86:
 1442 0091 70657269 		.ascii	"periDiv24_5CtlOffset\000"
 1442      44697632 
 1442      345F3543 
 1442      746C4F66 
 1442      66736574 
 1443              	.LASF129:
 1444 00a6 42595445 		.ascii	"BYTES_SK\000"
 1444      535F534B 
 1444      00
 1445              	.LASF131:
 1446 00af 42595445 		.ascii	"BYTES_CT\000"
 1446      535F4354 
 1446      00
ARM GAS  C:\Users\bogur\AppData\Local\Temp\ccGGmxkG.s 			page 30


 1447              	.LASF22:
 1448 00b8 63707573 		.ascii	"cpussBase\000"
 1448      73426173 
 1448      6500
 1449              	.LASF71:
 1450 00c2 64774368 		.ascii	"dwChCtlPrioPos\000"
 1450      43746C50 
 1450      72696F50 
 1450      6F7300
 1451              	.LASF12:
 1452 00d1 6C6F6E67 		.ascii	"long long unsigned int\000"
 1452      206C6F6E 
 1452      6720756E 
 1452      7369676E 
 1452      65642069 
 1453              	.LASF75:
 1454 00e8 70657269 		.ascii	"periTrCmdOffset\000"
 1454      5472436D 
 1454      644F6666 
 1454      73657400 
 1455              	.LASF116:
 1456 00f8 72785269 		.ascii	"rxRingBuf\000"
 1456      6E674275 
 1456      6600
 1457              	.LASF99:
 1458 0102 63707573 		.ascii	"cpussSysTickCtlOffset\000"
 1458      73537973 
 1458      5469636B 
 1458      43746C4F 
 1458      66667365 
 1459              	.LASF133:
 1460 0118 49544D5F 		.ascii	"ITM_RxBuffer\000"
 1460      52784275 
 1460      66666572 
 1460      00
 1461              	.LASF60:
 1462 0125 666C6173 		.ascii	"flashPipeRequired\000"
 1462      68506970 
 1462      65526571 
 1462      75697265 
 1462      6400
 1463              	.LASF64:
 1464 0137 666C6173 		.ascii	"flashCtlMainWs0Freq\000"
 1464      6843746C 
 1464      4D61696E 
 1464      57733046 
 1464      72657100 
 1465              	.LASF15:
 1466 014b 696E7431 		.ascii	"int16_t\000"
 1466      365F7400 
 1467              	.LASF11:
 1468 0153 6C6F6E67 		.ascii	"long long int\000"
 1468      206C6F6E 
 1468      6720696E 
 1468      7400
 1469              	.LASF1:
 1470 0161 7369676E 		.ascii	"signed char\000"
ARM GAS  C:\Users\bogur\AppData\Local\Temp\ccGGmxkG.s 			page 31


 1470      65642063 
 1470      68617200 
 1471              	.LASF80:
 1472 016d 70657269 		.ascii	"periDivCmdTypeSelPos\000"
 1472      44697643 
 1472      6D645479 
 1472      70655365 
 1472      6C506F73 
 1473              	.LASF26:
 1474 0182 70726F74 		.ascii	"protBase\000"
 1474      42617365 
 1474      00
 1475              	.LASF38:
 1476 018b 69706356 		.ascii	"ipcVersion\000"
 1476      65727369 
 1476      6F6E00
 1477              	.LASF100:
 1478 0196 63707573 		.ascii	"cpussCm0NmiCtlOffset\000"
 1478      73436D30 
 1478      4E6D6943 
 1478      746C4F66 
 1478      66736574 
 1479              	.LASF48:
 1480 01ab 73727373 		.ascii	"srssNumClkpath\000"
 1480      4E756D43 
 1480      6C6B7061 
 1480      746800
 1481              	.LASF27:
 1482 01ba 6873696F 		.ascii	"hsiomBase\000"
 1482      6D426173 
 1482      6500
 1483              	.LASF8:
 1484 01c4 6C6F6E67 		.ascii	"long int\000"
 1484      20696E74 
 1484      00
 1485              	.LASF93:
 1486 01cd 63707573 		.ascii	"cpussCm4ClockCtlOffset\000"
 1486      73436D34 
 1486      436C6F63 
 1486      6B43746C 
 1486      4F666673 
 1487              	.LASF58:
 1488 01e4 63727970 		.ascii	"cryptoMemSize\000"
 1488      746F4D65 
 1488      6D53697A 
 1488      6500
 1489              	.LASF24:
 1490 01f2 70657269 		.ascii	"periBase\000"
 1490      42617365 
 1490      00
 1491              	.LASF56:
 1492 01fb 73797350 		.ascii	"sysPmSimoPresent\000"
 1492      6D53696D 
 1492      6F507265 
 1492      73656E74 
 1492      00
 1493              	.LASF132:
ARM GAS  C:\Users\bogur\AppData\Local\Temp\ccGGmxkG.s 			page 32


 1494 020c 42595445 		.ascii	"BYTES_SS\000"
 1494      535F5353 
 1494      00
 1495              	.LASF111:
 1496 0215 646F7562 		.ascii	"double\000"
 1496      6C6500
 1497              	.LASF85:
 1498 021c 70657269 		.ascii	"periDiv16_5CtlOffset\000"
 1498      44697631 
 1498      365F3543 
 1498      746C4F66 
 1498      66736574 
 1499              	.LASF49:
 1500 0231 73727373 		.ascii	"srssNumPll\000"
 1500      4E756D50 
 1500      6C6C00
 1501              	.LASF147:
 1502 023c 6D61696E 		.ascii	"main\000"
 1502      00
 1503              	.LASF138:
 1504 0241 73616265 		.ascii	"saber_get_secret_key_size\000"
 1504      725F6765 
 1504      745F7365 
 1504      63726574 
 1504      5F6B6579 
 1505              	.LASF83:
 1506 025b 70657269 		.ascii	"periDiv8CtlOffset\000"
 1506      44697638 
 1506      43746C4F 
 1506      66667365 
 1506      7400
 1507              	.LASF90:
 1508 026d 6770696F 		.ascii	"gpioPrtCfgOutOffset\000"
 1508      50727443 
 1508      66674F75 
 1508      744F6666 
 1508      73657400 
 1509              	.LASF23:
 1510 0281 666C6173 		.ascii	"flashcBase\000"
 1510      68634261 
 1510      736500
 1511              	.LASF9:
 1512 028c 5F5F7569 		.ascii	"__uint32_t\000"
 1512      6E743332 
 1512      5F7400
 1513              	.LASF53:
 1514 0297 70617373 		.ascii	"passSarChannels\000"
 1514      53617243 
 1514      68616E6E 
 1514      656C7300 
 1515              	.LASF137:
 1516 02a7 76546173 		.ascii	"vTaskStartScheduler\000"
 1516      6B537461 
 1516      72745363 
 1516      68656475 
 1516      6C657200 
 1517              	.LASF4:
ARM GAS  C:\Users\bogur\AppData\Local\Temp\ccGGmxkG.s 			page 33


 1518 02bb 5F5F696E 		.ascii	"__int16_t\000"
 1518      7431365F 
 1518      7400
 1519              	.LASF122:
 1520 02c5 72784275 		.ascii	"rxBufIdx\000"
 1520      66496478 
 1520      00
 1521              	.LASF96:
 1522 02ce 63707573 		.ascii	"cpussCm4PwrCtlOffset\000"
 1522      73436D34 
 1522      50777243 
 1522      746C4F66 
 1522      66736574 
 1523              	.LASF124:
 1524 02e3 74784275 		.ascii	"txBufSize\000"
 1524      6653697A 
 1524      6500
 1525              	.LASF91:
 1526 02ed 6770696F 		.ascii	"gpioPrtCfgSioOffset\000"
 1526      50727443 
 1526      66675369 
 1526      6F4F6666 
 1526      73657400 
 1527              	.LASF43:
 1528 0301 63707573 		.ascii	"cpussDwChNr\000"
 1528      73447743 
 1528      684E7200 
 1529              	.LASF13:
 1530 030d 756E7369 		.ascii	"unsigned int\000"
 1530      676E6564 
 1530      20696E74 
 1530      00
 1531              	.LASF16:
 1532 031a 75696E74 		.ascii	"uint16_t\000"
 1532      31365F74 
 1532      00
 1533              	.LASF76:
 1534 0323 70657269 		.ascii	"periTrCmdGrSelMsk\000"
 1534      5472436D 
 1534      64477253 
 1534      656C4D73 
 1534      6B00
 1535              	.LASF65:
 1536 0335 666C6173 		.ascii	"flashCtlMainWs1Freq\000"
 1536      6843746C 
 1536      4D61696E 
 1536      57733146 
 1536      72657100 
 1537              	.LASF10:
 1538 0349 6C6F6E67 		.ascii	"long unsigned int\000"
 1538      20756E73 
 1538      69676E65 
 1538      6420696E 
 1538      7400
 1539              	.LASF113:
 1540 035b 63795F63 		.ascii	"cy_cb_scb_uart_handle_events_t\000"
 1540      625F7363 
ARM GAS  C:\Users\bogur\AppData\Local\Temp\ccGGmxkG.s 			page 34


 1540      625F7561 
 1540      72745F68 
 1540      616E646C 
 1541              	.LASF135:
 1542 037a 55415254 		.ascii	"UART_context\000"
 1542      5F636F6E 
 1542      74657874 
 1542      00
 1543              	.LASF41:
 1544 0387 63707573 		.ascii	"cpussIpcNr\000"
 1544      73497063 
 1544      4E7200
 1545              	.LASF28:
 1546 0392 6770696F 		.ascii	"gpioBase\000"
 1546      42617365 
 1546      00
 1547              	.LASF66:
 1548 039b 666C6173 		.ascii	"flashCtlMainWs2Freq\000"
 1548      6843746C 
 1548      4D61696E 
 1548      57733246 
 1548      72657100 
 1549              	.LASF77:
 1550 03af 70657269 		.ascii	"periTrGrOffset\000"
 1550      54724772 
 1550      4F666673 
 1550      657400
 1551              	.LASF104:
 1552 03be 63707573 		.ascii	"cpussRam1Ctl0\000"
 1552      7352616D 
 1552      3143746C 
 1552      3000
 1553              	.LASF126:
 1554 03cc 63624576 		.ascii	"cbEvents\000"
 1554      656E7473 
 1554      00
 1555              	.LASF78:
 1556 03d5 70657269 		.ascii	"periTrGrSize\000"
 1556      54724772 
 1556      53697A65 
 1556      00
 1557              	.LASF36:
 1558 03e2 6770696F 		.ascii	"gpioVersion\000"
 1558      56657273 
 1558      696F6E00 
 1559              	.LASF123:
 1560 03ee 74784275 		.ascii	"txBuf\000"
 1560      6600
 1561              	.LASF108:
 1562 03f4 63795F73 		.ascii	"cy_stc_device_t\000"
 1562      74635F64 
 1562      65766963 
 1562      655F7400 
 1563              	.LASF54:
 1564 0404 65704D6F 		.ascii	"epMonitorNr\000"
 1564      6E69746F 
 1564      724E7200 
ARM GAS  C:\Users\bogur\AppData\Local\Temp\ccGGmxkG.s 			page 35


 1565              	.LASF118:
 1566 0410 72785269 		.ascii	"rxRingBufHead\000"
 1566      6E674275 
 1566      66486561 
 1566      6400
 1567              	.LASF97:
 1568 041e 63707573 		.ascii	"cpussTrimRamCtlOffset\000"
 1568      73547269 
 1568      6D52616D 
 1568      43746C4F 
 1568      66667365 
 1569              	.LASF92:
 1570 0434 63707573 		.ascii	"cpussCm0ClockCtlOffset\000"
 1570      73436D30 
 1570      436C6F63 
 1570      6B43746C 
 1570      4F666673 
 1571              	.LASF32:
 1572 044b 63707573 		.ascii	"cpussVersion\000"
 1572      73566572 
 1572      73696F6E 
 1572      00
 1573              	.LASF39:
 1574 0458 70657269 		.ascii	"periVersion\000"
 1574      56657273 
 1574      696F6E00 
 1575              	.LASF95:
 1576 0464 63707573 		.ascii	"cpussCm0StatusOffset\000"
 1576      73436D30 
 1576      53746174 
 1576      75734F66 
 1576      66736574 
 1577              	.LASF144:
 1578 0479 433A5C55 		.ascii	"C:\\Users\\bogur\\Documents\\GitHub\\TFG2\\Codigo\\"
 1578      73657273 
 1578      5C626F67 
 1578      75725C44 
 1578      6F63756D 
 1579 04a5 416C676F 		.ascii	"Algoritmos postcuanticos\\PSOC\\SABER\\Saber\\Saber"
 1579      7269746D 
 1579      6F732070 
 1579      6F737463 
 1579      75616E74 
 1580 04d4 2E637964 		.ascii	".cydsn\000"
 1580      736E00
 1581              	.LASF19:
 1582 04db 73697A65 		.ascii	"sizetype\000"
 1582      74797065 
 1582      00
 1583              	.LASF69:
 1584 04e4 64774368 		.ascii	"dwChOffset\000"
 1584      4F666673 
 1584      657400
 1585              	.LASF44:
 1586 04ef 63707573 		.ascii	"cpussFlashPaSize\000"
 1586      73466C61 
 1586      73685061 
ARM GAS  C:\Users\bogur\AppData\Local\Temp\ccGGmxkG.s 			page 36


 1586      53697A65 
 1586      00
 1587              	.LASF82:
 1588 0500 70657269 		.ascii	"periDivCmdPaTypeSelPos\000"
 1588      44697643 
 1588      6D645061 
 1588      54797065 
 1588      53656C50 
 1589              	.LASF105:
 1590 0517 63707573 		.ascii	"cpussRam2Ctl0\000"
 1590      7352616D 
 1590      3243746C 
 1590      3000
 1591              	.LASF73:
 1592 0525 64775374 		.ascii	"dwStatusChIdxPos\000"
 1592      61747573 
 1592      43684964 
 1592      78506F73 
 1592      00
 1593              	.LASF55:
 1594 0536 75646250 		.ascii	"udbPresent\000"
 1594      72657365 
 1594      6E7400
 1595              	.LASF115:
 1596 0541 72785374 		.ascii	"rxStatus\000"
 1596      61747573 
 1596      00
 1597              	.LASF140:
 1598 054a 73616265 		.ascii	"saber_get_ciphertext_size\000"
 1598      725F6765 
 1598      745F6369 
 1598      70686572 
 1598      74657874 
 1599              	.LASF35:
 1600 0564 666C6173 		.ascii	"flashcVersion\000"
 1600      68635665 
 1600      7273696F 
 1600      6E00
 1601              	.LASF31:
 1602 0572 63727970 		.ascii	"cryptoBase\000"
 1602      746F4261 
 1602      736500
 1603              	.LASF52:
 1604 057d 736D6966 		.ascii	"smifDeviceNr\000"
 1604      44657669 
 1604      63654E72 
 1604      00
 1605              	.LASF146:
 1606 058a 5F5F656E 		.ascii	"__enable_irq\000"
 1606      61626C65 
 1606      5F697271 
 1606      00
 1607              	.LASF142:
 1608 0597 474E5520 		.ascii	"GNU C11 5.4.1 20160609 (release) [ARM/embedded-5-br"
 1608      43313120 
 1608      352E342E 
 1608      31203230 
ARM GAS  C:\Users\bogur\AppData\Local\Temp\ccGGmxkG.s 			page 37


 1608      31363036 
 1609 05ca 616E6368 		.ascii	"anch revision 237715] -mcpu=cortex-m4 -mfloat-abi=s"
 1609      20726576 
 1609      6973696F 
 1609      6E203233 
 1609      37373135 
 1610 05fd 6F667466 		.ascii	"oftfp -mfpu=fpv4-sp-d16 -mthumb -g -Og -ffunction-s"
 1610      70202D6D 
 1610      6670753D 
 1610      66707634 
 1610      2D73702D 
 1611 0630 65637469 		.ascii	"ections -ffat-lto-objects\000"
 1611      6F6E7320 
 1611      2D666661 
 1611      742D6C74 
 1611      6F2D6F62 
 1612              	.LASF110:
 1613 064a 666C6F61 		.ascii	"float\000"
 1613      7400
 1614              	.LASF74:
 1615 0650 64775374 		.ascii	"dwStatusChIdxMsk\000"
 1615      61747573 
 1615      43684964 
 1615      784D736B 
 1615      00
 1616              	.LASF134:
 1617 0661 63795F64 		.ascii	"cy_device\000"
 1617      65766963 
 1617      6500
 1618              	.LASF102:
 1619 066b 63707573 		.ascii	"cpussRomCtl\000"
 1619      73526F6D 
 1619      43746C00 
 1620              	.LASF72:
 1621 0677 64774368 		.ascii	"dwChCtlPreemptablePos\000"
 1621      43746C50 
 1621      7265656D 
 1621      70746162 
 1621      6C65506F 
 1622              	.LASF125:
 1623 068d 74784C65 		.ascii	"txLeftToTransmit\000"
 1623      6674546F 
 1623      5472616E 
 1623      736D6974 
 1623      00
 1624              	.LASF25:
 1625 069e 75646242 		.ascii	"udbBase\000"
 1625      61736500 
 1626              	.LASF112:
 1627 06a6 5F426F6F 		.ascii	"_Bool\000"
 1627      6C00
 1628              	.LASF17:
 1629 06ac 696E7433 		.ascii	"int32_t\000"
 1629      325F7400 
 1630              	.LASF2:
 1631 06b4 756E7369 		.ascii	"unsigned char\000"
 1631      676E6564 
ARM GAS  C:\Users\bogur\AppData\Local\Temp\ccGGmxkG.s 			page 38


 1631      20636861 
 1631      7200
 1632              	.LASF68:
 1633 06c2 666C6173 		.ascii	"flashCtlMainWs4Freq\000"
 1633      6843746C 
 1633      4D61696E 
 1633      57733446 
 1633      72657100 
 1634              	.LASF107:
 1635 06d6 6970634C 		.ascii	"ipcLockStatusOffset\000"
 1635      6F636B53 
 1635      74617475 
 1635      734F6666 
 1635      73657400 
 1636              	.LASF130:
 1637 06ea 42595445 		.ascii	"BYTES_PK\000"
 1637      535F504B 
 1637      00
 1638              	.LASF0:
 1639 06f3 73686F72 		.ascii	"short int\000"
 1639      7420696E 
 1639      7400
 1640              	.LASF79:
 1641 06fd 70657269 		.ascii	"periDivCmdDivSelMsk\000"
 1641      44697643 
 1641      6D644469 
 1641      7653656C 
 1641      4D736B00 
 1642              	.LASF50:
 1643 0711 73727373 		.ascii	"srssNumHfroot\000"
 1643      4E756D48 
 1643      66726F6F 
 1643      7400
 1644              	.LASF63:
 1645 071f 666C6173 		.ascii	"flashEraseDelay\000"
 1645      68457261 
 1645      73654465 
 1645      6C617900 
 1646              	.LASF46:
 1647 072f 63707573 		.ascii	"cpussFmIrq\000"
 1647      73466D49 
 1647      727100
 1648              	.LASF18:
 1649 073a 75696E74 		.ascii	"uint32_t\000"
 1649      33325F74 
 1649      00
 1650              	.LASF101:
 1651 0743 63707573 		.ascii	"cpussCm4NmiCtlOffset\000"
 1651      73436D34 
 1651      4E6D6943 
 1651      746C4F66 
 1651      66736574 
 1652              	.LASF21:
 1653 0758 6C6F6E67 		.ascii	"long double\000"
 1653      20646F75 
 1653      626C6500 
 1654              	.LASF109:
ARM GAS  C:\Users\bogur\AppData\Local\Temp\ccGGmxkG.s 			page 39


 1655 0764 63686172 		.ascii	"char\000"
 1655      00
 1656              	.LASF40:
 1657 0769 70726F74 		.ascii	"protVersion\000"
 1657      56657273 
 1657      696F6E00 
 1658              	.LASF103:
 1659 0775 63707573 		.ascii	"cpussRam0Ctl0\000"
 1659      7352616D 
 1659      3043746C 
 1659      3000
 1660              	.LASF5:
 1661 0783 5F5F7569 		.ascii	"__uint16_t\000"
 1661      6E743136 
 1661      5F7400
 1662              	.LASF84:
 1663 078e 70657269 		.ascii	"periDiv16CtlOffset\000"
 1663      44697631 
 1663      3643746C 
 1663      4F666673 
 1663      657400
 1664              	.LASF7:
 1665 07a1 5F5F696E 		.ascii	"__int32_t\000"
 1665      7433325F 
 1665      7400
 1666              	.LASF37:
 1667 07ab 6873696F 		.ascii	"hsiomVersion\000"
 1667      6D566572 
 1667      73696F6E 
 1667      00
 1668              	.LASF62:
 1669 07b8 666C6173 		.ascii	"flashProgramDelay\000"
 1669      6850726F 
 1669      6772616D 
 1669      44656C61 
 1669      7900
 1670              	.LASF117:
 1671 07ca 72785269 		.ascii	"rxRingBufSize\000"
 1671      6E674275 
 1671      6653697A 
 1671      6500
 1672              	.LASF6:
 1673 07d8 73686F72 		.ascii	"short unsigned int\000"
 1673      7420756E 
 1673      7369676E 
 1673      65642069 
 1673      6E7400
 1674              	.LASF70:
 1675 07eb 64774368 		.ascii	"dwChSize\000"
 1675      53697A65 
 1675      00
 1676              	.LASF106:
 1677 07f4 69706353 		.ascii	"ipcStructSize\000"
 1677      74727563 
 1677      7453697A 
 1677      6500
 1678              	.LASF45:
ARM GAS  C:\Users\bogur\AppData\Local\Temp\ccGGmxkG.s 			page 40


 1679 0802 63707573 		.ascii	"cpussIpc0Irq\000"
 1679      73497063 
 1679      30497271 
 1679      00
 1680              	.LASF88:
 1681 080f 6770696F 		.ascii	"gpioPrtCfgOffset\000"
 1681      50727443 
 1681      66674F66 
 1681      66736574 
 1681      00
 1682              	.LASF127:
 1683 0820 696E6974 		.ascii	"initKey\000"
 1683      4B657900 
 1684              	.LASF120:
 1685 0828 72784275 		.ascii	"rxBuf\000"
 1685      6600
 1686              	.LASF128:
 1687 082e 63795F73 		.ascii	"cy_stc_scb_uart_context_t\000"
 1687      74635F73 
 1687      63625F75 
 1687      6172745F 
 1687      636F6E74 
 1688              	.LASF47:
 1689 0848 63707573 		.ascii	"cpussNotConnectedIrq\000"
 1689      734E6F74 
 1689      436F6E6E 
 1689      65637465 
 1689      64497271 
 1690              	.LASF61:
 1691 085d 666C6173 		.ascii	"flashWriteDelay\000"
 1691      68577269 
 1691      74654465 
 1691      6C617900 
 1692              	.LASF139:
 1693 086d 73616265 		.ascii	"saber_get_public_key_size\000"
 1693      725F6765 
 1693      745F7075 
 1693      626C6963 
 1693      5F6B6579 
 1694              	.LASF14:
 1695 0887 75696E74 		.ascii	"uint8_t\000"
 1695      385F7400 
 1696              	.LASF94:
 1697 088f 63707573 		.ascii	"cpussCm4StatusOffset\000"
 1697      73436D34 
 1697      53746174 
 1697      75734F66 
 1697      66736574 
 1698              	.LASF87:
 1699 08a4 6770696F 		.ascii	"gpioPrtIntrCfgOffset\000"
 1699      50727449 
 1699      6E747243 
 1699      66674F66 
 1699      66736574 
 1700              	.LASF119:
 1701 08b9 72785269 		.ascii	"rxRingBufTail\000"
 1701      6E674275 
ARM GAS  C:\Users\bogur\AppData\Local\Temp\ccGGmxkG.s 			page 41


 1701      66546169 
 1701      6C00
 1702              	.LASF98:
 1703 08c7 63707573 		.ascii	"cpussTrimRomCtlOffset\000"
 1703      73547269 
 1703      6D526F6D 
 1703      43746C4F 
 1703      66667365 
 1704              	.LASF114:
 1705 08dd 74785374 		.ascii	"txStatus\000"
 1705      61747573 
 1705      00
 1706              	.LASF141:
 1707 08e6 73616265 		.ascii	"saber_get_shared_secret_size\000"
 1707      725F6765 
 1707      745F7368 
 1707      61726564 
 1707      5F736563 
 1708              	.LASF34:
 1709 0903 64775665 		.ascii	"dwVersion\000"
 1709      7273696F 
 1709      6E00
 1710              	.LASF30:
 1711 090d 69706342 		.ascii	"ipcBase\000"
 1711      61736500 
 1712              	.LASF81:
 1713 0915 70657269 		.ascii	"periDivCmdPaDivSelPos\000"
 1713      44697643 
 1713      6D645061 
 1713      44697653 
 1713      656C506F 
 1714              	.LASF145:
 1715 092b 63795F73 		.ascii	"cy_stc_scb_uart_context\000"
 1715      74635F73 
 1715      63625F75 
 1715      6172745F 
 1715      636F6E74 
 1716              	.LASF143:
 1717 0943 6D61696E 		.ascii	"main_cm4.c\000"
 1717      5F636D34 
 1717      2E6300
 1718              	.LASF59:
 1719 094e 666C6173 		.ascii	"flashRwwRequired\000"
 1719      68527777 
 1719      52657175 
 1719      69726564 
 1719      00
 1720              		.ident	"GCC: (GNU Tools for ARM Embedded Processors) 5.4.1 20160609 (release) [ARM/embedded-5-bran
