ARM GAS  C:\Users\bogur\AppData\Local\Temp\ccWW6oLd.s 			page 1


   1              		.syntax unified
   2              		.cpu cortex-m4
   3              		.eabi_attribute 27, 1
   4              		.fpu fpv4-sp-d16
   5              		.eabi_attribute 20, 1
   6              		.eabi_attribute 21, 1
   7              		.eabi_attribute 23, 3
   8              		.eabi_attribute 24, 1
   9              		.eabi_attribute 25, 1
  10              		.eabi_attribute 26, 1
  11              		.eabi_attribute 30, 1
  12              		.eabi_attribute 34, 1
  13              		.eabi_attribute 18, 4
  14              		.thumb
  15              		.syntax unified
  16              		.file	"poly.c"
  17              		.text
  18              	.Ltext0:
  19              		.cfi_sections	.debug_frame
  20              		.section	.text.MatrixVectorMul,"ax",%progbits
  21              		.align	2
  22              		.global	MatrixVectorMul
  23              		.thumb
  24              		.thumb_func
  25              		.type	MatrixVectorMul, %function
  26              	MatrixVectorMul:
  27              	.LFB1:
  28              		.file 1 "..\\poly.c"
   1:..\poly.c     **** #include <stdio.h>
   2:..\poly.c     **** #include "api.h"
   3:..\poly.c     **** #include "poly.h"
   4:..\poly.c     **** #include "poly_mul.h"
   5:..\poly.c     **** #include "pack_unpack.h"
   6:..\poly.c     **** #include "cbd.h"
   7:..\poly.c     **** #include "fips202.h"
   8:..\poly.c     **** 
   9:..\poly.c     **** void MatrixVectorMul(const uint16_t A[SABER_L][SABER_L][SABER_N], const uint16_t s[SABER_L][SABER_N
  10:..\poly.c     **** {
  29              		.loc 1 10 0
  30              		.cfi_startproc
  31              		@ args = 0, pretend = 0, frame = 0
  32              		@ frame_needed = 0, uses_anonymous_args = 0
  33              	.LVL0:
  34 0000 2DE9F843 		push	{r3, r4, r5, r6, r7, r8, r9, lr}
  35              		.cfi_def_cfa_offset 32
  36              		.cfi_offset 3, -32
  37              		.cfi_offset 4, -28
  38              		.cfi_offset 5, -24
  39              		.cfi_offset 6, -20
  40              		.cfi_offset 7, -16
  41              		.cfi_offset 8, -12
  42              		.cfi_offset 9, -8
  43              		.cfi_offset 14, -4
  44 0004 8146     		mov	r9, r0
  45 0006 8846     		mov	r8, r1
  46 0008 1746     		mov	r7, r2
  47 000a 1E46     		mov	r6, r3
ARM GAS  C:\Users\bogur\AppData\Local\Temp\ccWW6oLd.s 			page 2


  48              	.LVL1:
  11:..\poly.c     **** 	int i, j;
  12:..\poly.c     **** 	for (i = 0; i < SABER_L; i++)
  49              		.loc 1 12 0
  50 000c 0025     		movs	r5, #0
  51 000e 1BE0     		b	.L2
  52              	.LVL2:
  53              	.L5:
  13:..\poly.c     **** 	{
  14:..\poly.c     **** 		for (j = 0; j < SABER_L; j++)
  15:..\poly.c     **** 		{
  16:..\poly.c     **** 			if (transpose == 1)
  54              		.loc 1 16 0
  55 0010 012E     		cmp	r6, #1
  56 0012 09D1     		bne	.L3
  17:..\poly.c     **** 			{
  18:..\poly.c     **** 				poly_mul_acc(A[j][i], s[j], res[i]);
  57              		.loc 1 18 0
  58 0014 09EBC420 		add	r0, r9, r4, lsl #11
  59 0018 6B02     		lsls	r3, r5, #9
  60 001a FA18     		adds	r2, r7, r3
  61 001c 08EB4421 		add	r1, r8, r4, lsl #9
  62 0020 1844     		add	r0, r0, r3
  63 0022 FFF7FEFF 		bl	poly_mul_acc
  64              	.LVL3:
  65 0026 09E0     		b	.L4
  66              	.L3:
  19:..\poly.c     **** 			}
  20:..\poly.c     **** 			else
  21:..\poly.c     **** 			{
  22:..\poly.c     **** 				poly_mul_acc(A[i][j], s[j], res[i]);
  67              		.loc 1 22 0
  68 0028 09EBC520 		add	r0, r9, r5, lsl #11
  69 002c 6302     		lsls	r3, r4, #9
  70 002e 07EB4522 		add	r2, r7, r5, lsl #9
  71 0032 08EB0301 		add	r1, r8, r3
  72 0036 1844     		add	r0, r0, r3
  73 0038 FFF7FEFF 		bl	poly_mul_acc
  74              	.LVL4:
  75              	.L4:
  14:..\poly.c     **** 		{
  76              		.loc 1 14 0 discriminator 2
  77 003c 0134     		adds	r4, r4, #1
  78              	.LVL5:
  79 003e 00E0     		b	.L6
  80              	.LVL6:
  81              	.L7:
  82 0040 0024     		movs	r4, #0
  83              	.L6:
  84              	.LVL7:
  14:..\poly.c     **** 		{
  85              		.loc 1 14 0 is_stmt 0 discriminator 1
  86 0042 032C     		cmp	r4, #3
  87 0044 E4DD     		ble	.L5
  12:..\poly.c     **** 	{
  88              		.loc 1 12 0 is_stmt 1 discriminator 2
  89 0046 0135     		adds	r5, r5, #1
ARM GAS  C:\Users\bogur\AppData\Local\Temp\ccWW6oLd.s 			page 3


  90              	.LVL8:
  91              	.L2:
  12:..\poly.c     **** 	{
  92              		.loc 1 12 0 is_stmt 0 discriminator 1
  93 0048 032D     		cmp	r5, #3
  94 004a F9DD     		ble	.L7
  23:..\poly.c     **** 			}	
  24:..\poly.c     **** 		}
  25:..\poly.c     **** 	}
  26:..\poly.c     **** }
  95              		.loc 1 26 0 is_stmt 1
  96 004c BDE8F883 		pop	{r3, r4, r5, r6, r7, r8, r9, pc}
  97              		.cfi_endproc
  98              	.LFE1:
  99              		.size	MatrixVectorMul, .-MatrixVectorMul
 100              		.section	.text.InnerProd,"ax",%progbits
 101              		.align	2
 102              		.global	InnerProd
 103              		.thumb
 104              		.thumb_func
 105              		.type	InnerProd, %function
 106              	InnerProd:
 107              	.LFB2:
  27:..\poly.c     **** 
  28:..\poly.c     **** void InnerProd(const uint16_t b[SABER_L][SABER_N], const uint16_t s[SABER_L][SABER_N], uint16_t res
  29:..\poly.c     **** {
 108              		.loc 1 29 0
 109              		.cfi_startproc
 110              		@ args = 0, pretend = 0, frame = 0
 111              		@ frame_needed = 0, uses_anonymous_args = 0
 112              	.LVL9:
 113 0000 F8B5     		push	{r3, r4, r5, r6, r7, lr}
 114              		.cfi_def_cfa_offset 24
 115              		.cfi_offset 3, -24
 116              		.cfi_offset 4, -20
 117              		.cfi_offset 5, -16
 118              		.cfi_offset 6, -12
 119              		.cfi_offset 7, -8
 120              		.cfi_offset 14, -4
 121 0002 0746     		mov	r7, r0
 122 0004 0E46     		mov	r6, r1
 123 0006 1546     		mov	r5, r2
 124              	.LVL10:
  30:..\poly.c     **** 	int j;
  31:..\poly.c     **** 	for (j = 0; j < SABER_L; j++)
 125              		.loc 1 31 0
 126 0008 0024     		movs	r4, #0
 127 000a 06E0     		b	.L10
 128              	.LVL11:
 129              	.L11:
  32:..\poly.c     **** 	{
  33:..\poly.c     **** 		poly_mul_acc(b[j], s[j], res);
 130              		.loc 1 33 0 discriminator 3
 131 000c 6002     		lsls	r0, r4, #9
 132 000e 2A46     		mov	r2, r5
 133 0010 3118     		adds	r1, r6, r0
 134 0012 3844     		add	r0, r0, r7
ARM GAS  C:\Users\bogur\AppData\Local\Temp\ccWW6oLd.s 			page 4


 135 0014 FFF7FEFF 		bl	poly_mul_acc
 136              	.LVL12:
  31:..\poly.c     **** 	{
 137              		.loc 1 31 0 discriminator 3
 138 0018 0134     		adds	r4, r4, #1
 139              	.LVL13:
 140              	.L10:
  31:..\poly.c     **** 	{
 141              		.loc 1 31 0 is_stmt 0 discriminator 1
 142 001a 032C     		cmp	r4, #3
 143 001c F6DD     		ble	.L11
  34:..\poly.c     **** 	}
  35:..\poly.c     **** }
 144              		.loc 1 35 0 is_stmt 1
 145 001e F8BD     		pop	{r3, r4, r5, r6, r7, pc}
 146              		.cfi_endproc
 147              	.LFE2:
 148              		.size	InnerProd, .-InnerProd
 149              		.section	.text.GenMatrix,"ax",%progbits
 150              		.align	2
 151              		.global	GenMatrix
 152              		.thumb
 153              		.thumb_func
 154              		.type	GenMatrix, %function
 155              	GenMatrix:
 156              	.LFB3:
  36:..\poly.c     **** 
  37:..\poly.c     **** void GenMatrix(uint16_t A[SABER_L][SABER_L][SABER_N], const uint8_t seed[SABER_SEEDBYTES])
  38:..\poly.c     **** {
 157              		.loc 1 38 0
 158              		.cfi_startproc
 159              		@ args = 0, pretend = 0, frame = 6656
 160              		@ frame_needed = 0, uses_anonymous_args = 0
 161              	.LVL14:
 162 0000 30B5     		push	{r4, r5, lr}
 163              		.cfi_def_cfa_offset 12
 164              		.cfi_offset 4, -12
 165              		.cfi_offset 5, -8
 166              		.cfi_offset 14, -4
 167 0002 ADF5D05D 		sub	sp, sp, #6656
 168              		.cfi_def_cfa_offset 6668
 169 0006 85B0     		sub	sp, sp, #20
 170              		.cfi_def_cfa_offset 6688
 171 0008 0546     		mov	r5, r0
  39:..\poly.c     **** 	uint8_t buf[SABER_L * SABER_POLYVECBYTES];
  40:..\poly.c     **** 	int i;
  41:..\poly.c     **** 
  42:..\poly.c     **** 	shake128(buf, sizeof(buf), seed, SABER_SEEDBYTES);
 172              		.loc 1 42 0
 173 000a 2022     		movs	r2, #32
 174 000c 0023     		movs	r3, #0
 175 000e CDE90223 		strd	r2, [sp, #8]
 176 0012 0091     		str	r1, [sp]
 177 0014 4FF4D052 		mov	r2, #6656
 178 0018 0023     		movs	r3, #0
 179 001a 04A8     		add	r0, sp, #16
 180              	.LVL15:
ARM GAS  C:\Users\bogur\AppData\Local\Temp\ccWW6oLd.s 			page 5


 181 001c FFF7FEFF 		bl	shake128
 182              	.LVL16:
  43:..\poly.c     **** 
  44:..\poly.c     **** 	for (i = 0; i < SABER_L; i++)
 183              		.loc 1 44 0
 184 0020 0024     		movs	r4, #0
 185 0022 09E0     		b	.L14
 186              	.LVL17:
 187              	.L15:
  45:..\poly.c     **** 	{
  46:..\poly.c     **** 		BS2POLVECq(buf + i * SABER_POLYVECBYTES, A[i]);
 188              		.loc 1 46 0 discriminator 3
 189 0024 05EBC421 		add	r1, r5, r4, lsl #11
 190 0028 4FF4D060 		mov	r0, #1664
 191 002c 04AB     		add	r3, sp, #16
 192 002e 00FB0430 		mla	r0, r0, r4, r3
 193 0032 FFF7FEFF 		bl	BS2POLVECq
 194              	.LVL18:
  44:..\poly.c     **** 	{
 195              		.loc 1 44 0 discriminator 3
 196 0036 0134     		adds	r4, r4, #1
 197              	.LVL19:
 198              	.L14:
  44:..\poly.c     **** 	{
 199              		.loc 1 44 0 is_stmt 0 discriminator 1
 200 0038 032C     		cmp	r4, #3
 201 003a F3DD     		ble	.L15
  47:..\poly.c     **** 	}
  48:..\poly.c     **** }
 202              		.loc 1 48 0 is_stmt 1
 203 003c 0DF5D05D 		add	sp, sp, #6656
 204 0040 05B0     		add	sp, sp, #20
 205              		.cfi_def_cfa_offset 12
 206              		@ sp needed
 207 0042 30BD     		pop	{r4, r5, pc}
 208              		.cfi_endproc
 209              	.LFE3:
 210              		.size	GenMatrix, .-GenMatrix
 211              		.section	.text.GenSecret,"ax",%progbits
 212              		.align	2
 213              		.global	GenSecret
 214              		.thumb
 215              		.thumb_func
 216              		.type	GenSecret, %function
 217              	GenSecret:
 218              	.LFB4:
  49:..\poly.c     **** 
  50:..\poly.c     **** void GenSecret(uint16_t s[SABER_L][SABER_N], const uint8_t seed[SABER_NOISE_SEEDBYTES])
  51:..\poly.c     **** {
 219              		.loc 1 51 0
 220              		.cfi_startproc
 221              		@ args = 0, pretend = 0, frame = 768
 222              		@ frame_needed = 0, uses_anonymous_args = 0
 223              	.LVL20:
 224 0000 30B5     		push	{r4, r5, lr}
 225              		.cfi_def_cfa_offset 12
 226              		.cfi_offset 4, -12
ARM GAS  C:\Users\bogur\AppData\Local\Temp\ccWW6oLd.s 			page 6


 227              		.cfi_offset 5, -8
 228              		.cfi_offset 14, -4
 229 0002 ADF5457D 		sub	sp, sp, #788
 230              		.cfi_def_cfa_offset 800
 231 0006 0546     		mov	r5, r0
  52:..\poly.c     **** 	uint8_t buf[SABER_L * SABER_POLYCOINBYTES];
  53:..\poly.c     **** 	size_t i;
  54:..\poly.c     **** 
  55:..\poly.c     **** 	shake128(buf, sizeof(buf), seed, SABER_NOISE_SEEDBYTES);
 232              		.loc 1 55 0
 233 0008 2022     		movs	r2, #32
 234 000a 0023     		movs	r3, #0
 235 000c CDE90223 		strd	r2, [sp, #8]
 236 0010 0091     		str	r1, [sp]
 237 0012 4FF44072 		mov	r2, #768
 238 0016 0023     		movs	r3, #0
 239 0018 04A8     		add	r0, sp, #16
 240              	.LVL21:
 241 001a FFF7FEFF 		bl	shake128
 242              	.LVL22:
  56:..\poly.c     **** 
  57:..\poly.c     **** 	for (i = 0; i < SABER_L; i++)
 243              		.loc 1 57 0
 244 001e 0024     		movs	r4, #0
 245 0020 09E0     		b	.L18
 246              	.LVL23:
 247              	.L19:
  58:..\poly.c     **** 	{
  59:..\poly.c     **** 		cbd(s[i], buf + i * SABER_POLYCOINBYTES);
 248              		.loc 1 59 0 discriminator 3
 249 0022 04EB4403 		add	r3, r4, r4, lsl #1
 250 0026 9901     		lsls	r1, r3, #6
 251 0028 04AB     		add	r3, sp, #16
 252 002a 1944     		add	r1, r1, r3
 253 002c 05EB4420 		add	r0, r5, r4, lsl #9
 254 0030 FFF7FEFF 		bl	cbd
 255              	.LVL24:
  57:..\poly.c     **** 	{
 256              		.loc 1 57 0 discriminator 3
 257 0034 0134     		adds	r4, r4, #1
 258              	.LVL25:
 259              	.L18:
  57:..\poly.c     **** 	{
 260              		.loc 1 57 0 is_stmt 0 discriminator 1
 261 0036 032C     		cmp	r4, #3
 262 0038 F3D9     		bls	.L19
  60:..\poly.c     **** 	}
  61:..\poly.c     **** }
 263              		.loc 1 61 0 is_stmt 1
 264 003a 0DF5457D 		add	sp, sp, #788
 265              		.cfi_def_cfa_offset 12
 266              		@ sp needed
 267 003e 30BD     		pop	{r4, r5, pc}
 268              		.cfi_endproc
 269              	.LFE4:
 270              		.size	GenSecret, .-GenSecret
 271              		.text
ARM GAS  C:\Users\bogur\AppData\Local\Temp\ccWW6oLd.s 			page 7


 272              	.Letext0:
 273              		.file 2 "c:\\program files (x86)\\cypress\\psoc creator\\4.4\\psoc creator\\import\\gnu\\arm\\5.4.
 274              		.file 3 "c:\\program files (x86)\\cypress\\psoc creator\\4.4\\psoc creator\\import\\gnu\\arm\\5.4.
 275              		.file 4 "c:\\program files (x86)\\cypress\\psoc creator\\4.4\\psoc creator\\import\\gnu\\arm\\5.4.
 276              		.file 5 "..\\poly_mul.h"
 277              		.file 6 "..\\fips202.h"
 278              		.file 7 "..\\pack_unpack.h"
 279              		.file 8 "..\\cbd.h"
 280              		.section	.debug_info,"",%progbits
 281              	.Ldebug_info0:
 282 0000 F2030000 		.4byte	0x3f2
 283 0004 0400     		.2byte	0x4
 284 0006 00000000 		.4byte	.Ldebug_abbrev0
 285 000a 04       		.byte	0x4
 286 000b 01       		.uleb128 0x1
 287 000c 3F010000 		.4byte	.LASF28
 288 0010 0C       		.byte	0xc
 289 0011 92000000 		.4byte	.LASF29
 290 0015 D5000000 		.4byte	.LASF30
 291 0019 00000000 		.4byte	.Ldebug_ranges0+0
 292 001d 00000000 		.4byte	0
 293 0021 00000000 		.4byte	.Ldebug_line0
 294 0025 02       		.uleb128 0x2
 295 0026 01       		.byte	0x1
 296 0027 06       		.byte	0x6
 297 0028 45020000 		.4byte	.LASF0
 298 002c 03       		.uleb128 0x3
 299 002d 00000000 		.4byte	.LASF2
 300 0031 02       		.byte	0x2
 301 0032 1D       		.byte	0x1d
 302 0033 37000000 		.4byte	0x37
 303 0037 02       		.uleb128 0x2
 304 0038 01       		.byte	0x1
 305 0039 08       		.byte	0x8
 306 003a 54000000 		.4byte	.LASF1
 307 003e 03       		.uleb128 0x3
 308 003f 11000000 		.4byte	.LASF3
 309 0043 02       		.byte	0x2
 310 0044 29       		.byte	0x29
 311 0045 49000000 		.4byte	0x49
 312 0049 02       		.uleb128 0x2
 313 004a 02       		.byte	0x2
 314 004b 05       		.byte	0x5
 315 004c 0E020000 		.4byte	.LASF4
 316 0050 03       		.uleb128 0x3
 317 0051 9C000000 		.4byte	.LASF5
 318 0055 02       		.byte	0x2
 319 0056 2B       		.byte	0x2b
 320 0057 5B000000 		.4byte	0x5b
 321 005b 02       		.uleb128 0x2
 322 005c 02       		.byte	0x2
 323 005d 07       		.byte	0x7
 324 005e 74000000 		.4byte	.LASF6
 325 0062 02       		.uleb128 0x2
 326 0063 04       		.byte	0x4
 327 0064 05       		.byte	0x5
 328 0065 30020000 		.4byte	.LASF7
ARM GAS  C:\Users\bogur\AppData\Local\Temp\ccWW6oLd.s 			page 8


 329 0069 02       		.uleb128 0x2
 330 006a 04       		.byte	0x4
 331 006b 07       		.byte	0x7
 332 006c 62000000 		.4byte	.LASF8
 333 0070 02       		.uleb128 0x2
 334 0071 08       		.byte	0x8
 335 0072 05       		.byte	0x5
 336 0073 FB010000 		.4byte	.LASF9
 337 0077 02       		.uleb128 0x2
 338 0078 08       		.byte	0x8
 339 0079 07       		.byte	0x7
 340 007a B4000000 		.4byte	.LASF10
 341 007e 04       		.uleb128 0x4
 342 007f 04       		.byte	0x4
 343 0080 05       		.byte	0x5
 344 0081 696E7400 		.ascii	"int\000"
 345 0085 02       		.uleb128 0x2
 346 0086 04       		.byte	0x4
 347 0087 07       		.byte	0x7
 348 0088 A7000000 		.4byte	.LASF11
 349 008c 03       		.uleb128 0x3
 350 008d 0A000000 		.4byte	.LASF12
 351 0091 03       		.byte	0x3
 352 0092 D8       		.byte	0xd8
 353 0093 85000000 		.4byte	0x85
 354 0097 02       		.uleb128 0x2
 355 0098 08       		.byte	0x8
 356 0099 04       		.byte	0x4
 357 009a 39020000 		.4byte	.LASF13
 358 009e 02       		.uleb128 0x2
 359 009f 04       		.byte	0x4
 360 00a0 07       		.byte	0x7
 361 00a1 F2010000 		.4byte	.LASF14
 362 00a5 02       		.uleb128 0x2
 363 00a6 01       		.byte	0x1
 364 00a7 08       		.byte	0x8
 365 00a8 09020000 		.4byte	.LASF15
 366 00ac 03       		.uleb128 0x3
 367 00ad 25000000 		.4byte	.LASF16
 368 00b1 04       		.byte	0x4
 369 00b2 18       		.byte	0x18
 370 00b3 2C000000 		.4byte	0x2c
 371 00b7 03       		.uleb128 0x3
 372 00b8 37010000 		.4byte	.LASF17
 373 00bc 04       		.byte	0x4
 374 00bd 20       		.byte	0x20
 375 00be 3E000000 		.4byte	0x3e
 376 00c2 03       		.uleb128 0x3
 377 00c3 18020000 		.4byte	.LASF18
 378 00c7 04       		.byte	0x4
 379 00c8 24       		.byte	0x24
 380 00c9 50000000 		.4byte	0x50
 381 00cd 05       		.uleb128 0x5
 382 00ce 37000000 		.4byte	.LASF20
 383 00d2 01       		.byte	0x1
 384 00d3 09       		.byte	0x9
 385 00d4 00000000 		.4byte	.LFB1
ARM GAS  C:\Users\bogur\AppData\Local\Temp\ccWW6oLd.s 			page 9


 386 00d8 50000000 		.4byte	.LFE1-.LFB1
 387 00dc 01       		.uleb128 0x1
 388 00dd 9C       		.byte	0x9c
 389 00de 99010000 		.4byte	0x199
 390 00e2 06       		.uleb128 0x6
 391 00e3 4100     		.ascii	"A\000"
 392 00e5 01       		.byte	0x1
 393 00e6 09       		.byte	0x9
 394 00e7 B4010000 		.4byte	0x1b4
 395 00eb 00000000 		.4byte	.LLST0
 396 00ef 06       		.uleb128 0x6
 397 00f0 7300     		.ascii	"s\000"
 398 00f2 01       		.byte	0x1
 399 00f3 09       		.byte	0x9
 400 00f4 CA010000 		.4byte	0x1ca
 401 00f8 1E000000 		.4byte	.LLST1
 402 00fc 06       		.uleb128 0x6
 403 00fd 72657300 		.ascii	"res\000"
 404 0101 01       		.byte	0x1
 405 0102 09       		.byte	0x9
 406 0103 E0010000 		.4byte	0x1e0
 407 0107 3C000000 		.4byte	.LLST2
 408 010b 07       		.uleb128 0x7
 409 010c 2D000000 		.4byte	.LASF19
 410 0110 01       		.byte	0x1
 411 0111 09       		.byte	0x9
 412 0112 B7000000 		.4byte	0xb7
 413 0116 5A000000 		.4byte	.LLST3
 414 011a 08       		.uleb128 0x8
 415 011b 6900     		.ascii	"i\000"
 416 011d 01       		.byte	0x1
 417 011e 0B       		.byte	0xb
 418 011f 7E000000 		.4byte	0x7e
 419 0123 7B000000 		.4byte	.LLST4
 420 0127 08       		.uleb128 0x8
 421 0128 6A00     		.ascii	"j\000"
 422 012a 01       		.byte	0x1
 423 012b 0B       		.byte	0xb
 424 012c 7E000000 		.4byte	0x7e
 425 0130 9A000000 		.4byte	.LLST5
 426 0134 09       		.uleb128 0x9
 427 0135 26000000 		.4byte	.LVL3
 428 0139 C9030000 		.4byte	0x3c9
 429 013d 68010000 		.4byte	0x168
 430 0141 0A       		.uleb128 0xa
 431 0142 01       		.uleb128 0x1
 432 0143 50       		.byte	0x50
 433 0144 0C       		.uleb128 0xc
 434 0145 74       		.byte	0x74
 435 0146 00       		.sleb128 0
 436 0147 3B       		.byte	0x3b
 437 0148 24       		.byte	0x24
 438 0149 75       		.byte	0x75
 439 014a 00       		.sleb128 0
 440 014b 39       		.byte	0x39
 441 014c 24       		.byte	0x24
 442 014d 22       		.byte	0x22
ARM GAS  C:\Users\bogur\AppData\Local\Temp\ccWW6oLd.s 			page 10


 443 014e 79       		.byte	0x79
 444 014f 00       		.sleb128 0
 445 0150 22       		.byte	0x22
 446 0151 0A       		.uleb128 0xa
 447 0152 01       		.uleb128 0x1
 448 0153 51       		.byte	0x51
 449 0154 07       		.uleb128 0x7
 450 0155 74       		.byte	0x74
 451 0156 00       		.sleb128 0
 452 0157 39       		.byte	0x39
 453 0158 24       		.byte	0x24
 454 0159 78       		.byte	0x78
 455 015a 00       		.sleb128 0
 456 015b 22       		.byte	0x22
 457 015c 0A       		.uleb128 0xa
 458 015d 01       		.uleb128 0x1
 459 015e 52       		.byte	0x52
 460 015f 07       		.uleb128 0x7
 461 0160 75       		.byte	0x75
 462 0161 00       		.sleb128 0
 463 0162 39       		.byte	0x39
 464 0163 24       		.byte	0x24
 465 0164 77       		.byte	0x77
 466 0165 00       		.sleb128 0
 467 0166 22       		.byte	0x22
 468 0167 00       		.byte	0
 469 0168 0B       		.uleb128 0xb
 470 0169 3C000000 		.4byte	.LVL4
 471 016d C9030000 		.4byte	0x3c9
 472 0171 0A       		.uleb128 0xa
 473 0172 01       		.uleb128 0x1
 474 0173 50       		.byte	0x50
 475 0174 0C       		.uleb128 0xc
 476 0175 75       		.byte	0x75
 477 0176 00       		.sleb128 0
 478 0177 3B       		.byte	0x3b
 479 0178 24       		.byte	0x24
 480 0179 74       		.byte	0x74
 481 017a 00       		.sleb128 0
 482 017b 39       		.byte	0x39
 483 017c 24       		.byte	0x24
 484 017d 22       		.byte	0x22
 485 017e 79       		.byte	0x79
 486 017f 00       		.sleb128 0
 487 0180 22       		.byte	0x22
 488 0181 0A       		.uleb128 0xa
 489 0182 01       		.uleb128 0x1
 490 0183 51       		.byte	0x51
 491 0184 07       		.uleb128 0x7
 492 0185 74       		.byte	0x74
 493 0186 00       		.sleb128 0
 494 0187 39       		.byte	0x39
 495 0188 24       		.byte	0x24
 496 0189 78       		.byte	0x78
 497 018a 00       		.sleb128 0
 498 018b 22       		.byte	0x22
 499 018c 0A       		.uleb128 0xa
ARM GAS  C:\Users\bogur\AppData\Local\Temp\ccWW6oLd.s 			page 11


 500 018d 01       		.uleb128 0x1
 501 018e 52       		.byte	0x52
 502 018f 07       		.uleb128 0x7
 503 0190 75       		.byte	0x75
 504 0191 00       		.sleb128 0
 505 0192 39       		.byte	0x39
 506 0193 24       		.byte	0x24
 507 0194 77       		.byte	0x77
 508 0195 00       		.sleb128 0
 509 0196 22       		.byte	0x22
 510 0197 00       		.byte	0
 511 0198 00       		.byte	0
 512 0199 0C       		.uleb128 0xc
 513 019a AF010000 		.4byte	0x1af
 514 019e AF010000 		.4byte	0x1af
 515 01a2 0D       		.uleb128 0xd
 516 01a3 9E000000 		.4byte	0x9e
 517 01a7 03       		.byte	0x3
 518 01a8 0D       		.uleb128 0xd
 519 01a9 9E000000 		.4byte	0x9e
 520 01ad FF       		.byte	0xff
 521 01ae 00       		.byte	0
 522 01af 0E       		.uleb128 0xe
 523 01b0 C2000000 		.4byte	0xc2
 524 01b4 0F       		.uleb128 0xf
 525 01b5 04       		.byte	0x4
 526 01b6 99010000 		.4byte	0x199
 527 01ba 0C       		.uleb128 0xc
 528 01bb AF010000 		.4byte	0x1af
 529 01bf CA010000 		.4byte	0x1ca
 530 01c3 0D       		.uleb128 0xd
 531 01c4 9E000000 		.4byte	0x9e
 532 01c8 FF       		.byte	0xff
 533 01c9 00       		.byte	0
 534 01ca 0F       		.uleb128 0xf
 535 01cb 04       		.byte	0x4
 536 01cc BA010000 		.4byte	0x1ba
 537 01d0 0C       		.uleb128 0xc
 538 01d1 C2000000 		.4byte	0xc2
 539 01d5 E0010000 		.4byte	0x1e0
 540 01d9 0D       		.uleb128 0xd
 541 01da 9E000000 		.4byte	0x9e
 542 01de FF       		.byte	0xff
 543 01df 00       		.byte	0
 544 01e0 0F       		.uleb128 0xf
 545 01e1 04       		.byte	0x4
 546 01e2 D0010000 		.4byte	0x1d0
 547 01e6 05       		.uleb128 0x5
 548 01e7 26020000 		.4byte	.LASF21
 549 01eb 01       		.byte	0x1
 550 01ec 1C       		.byte	0x1c
 551 01ed 00000000 		.4byte	.LFB2
 552 01f1 20000000 		.4byte	.LFE2-.LFB2
 553 01f5 01       		.uleb128 0x1
 554 01f6 9C       		.byte	0x9c
 555 01f7 58020000 		.4byte	0x258
 556 01fb 06       		.uleb128 0x6
ARM GAS  C:\Users\bogur\AppData\Local\Temp\ccWW6oLd.s 			page 12


 557 01fc 6200     		.ascii	"b\000"
 558 01fe 01       		.byte	0x1
 559 01ff 1C       		.byte	0x1c
 560 0200 CA010000 		.4byte	0x1ca
 561 0204 B8000000 		.4byte	.LLST6
 562 0208 06       		.uleb128 0x6
 563 0209 7300     		.ascii	"s\000"
 564 020b 01       		.byte	0x1
 565 020c 1C       		.byte	0x1c
 566 020d CA010000 		.4byte	0x1ca
 567 0211 D6000000 		.4byte	.LLST7
 568 0215 06       		.uleb128 0x6
 569 0216 72657300 		.ascii	"res\000"
 570 021a 01       		.byte	0x1
 571 021b 1C       		.byte	0x1c
 572 021c 58020000 		.4byte	0x258
 573 0220 F4000000 		.4byte	.LLST8
 574 0224 08       		.uleb128 0x8
 575 0225 6A00     		.ascii	"j\000"
 576 0227 01       		.byte	0x1
 577 0228 1E       		.byte	0x1e
 578 0229 7E000000 		.4byte	0x7e
 579 022d 12010000 		.4byte	.LLST9
 580 0231 0B       		.uleb128 0xb
 581 0232 18000000 		.4byte	.LVL12
 582 0236 C9030000 		.4byte	0x3c9
 583 023a 0A       		.uleb128 0xa
 584 023b 01       		.uleb128 0x1
 585 023c 50       		.byte	0x50
 586 023d 07       		.uleb128 0x7
 587 023e 74       		.byte	0x74
 588 023f 00       		.sleb128 0
 589 0240 39       		.byte	0x39
 590 0241 24       		.byte	0x24
 591 0242 77       		.byte	0x77
 592 0243 00       		.sleb128 0
 593 0244 22       		.byte	0x22
 594 0245 0A       		.uleb128 0xa
 595 0246 01       		.uleb128 0x1
 596 0247 51       		.byte	0x51
 597 0248 07       		.uleb128 0x7
 598 0249 74       		.byte	0x74
 599 024a 00       		.sleb128 0
 600 024b 39       		.byte	0x39
 601 024c 24       		.byte	0x24
 602 024d 76       		.byte	0x76
 603 024e 00       		.sleb128 0
 604 024f 22       		.byte	0x22
 605 0250 0A       		.uleb128 0xa
 606 0251 01       		.uleb128 0x1
 607 0252 52       		.byte	0x52
 608 0253 02       		.uleb128 0x2
 609 0254 75       		.byte	0x75
 610 0255 00       		.sleb128 0
 611 0256 00       		.byte	0
 612 0257 00       		.byte	0
 613 0258 0F       		.uleb128 0xf
ARM GAS  C:\Users\bogur\AppData\Local\Temp\ccWW6oLd.s 			page 13


 614 0259 04       		.byte	0x4
 615 025a C2000000 		.4byte	0xc2
 616 025e 05       		.uleb128 0x5
 617 025f 1B000000 		.4byte	.LASF22
 618 0263 01       		.byte	0x1
 619 0264 25       		.byte	0x25
 620 0265 00000000 		.4byte	.LFB3
 621 0269 44000000 		.4byte	.LFE3-.LFB3
 622 026d 01       		.uleb128 0x1
 623 026e 9C       		.byte	0x9c
 624 026f EC020000 		.4byte	0x2ec
 625 0273 06       		.uleb128 0x6
 626 0274 4100     		.ascii	"A\000"
 627 0276 01       		.byte	0x1
 628 0277 25       		.byte	0x25
 629 0278 02030000 		.4byte	0x302
 630 027c 31010000 		.4byte	.LLST10
 631 0280 07       		.uleb128 0x7
 632 0281 21020000 		.4byte	.LASF23
 633 0285 01       		.byte	0x1
 634 0286 25       		.byte	0x25
 635 0287 08030000 		.4byte	0x308
 636 028b 4F010000 		.4byte	.LLST11
 637 028f 10       		.uleb128 0x10
 638 0290 62756600 		.ascii	"buf\000"
 639 0294 01       		.byte	0x1
 640 0295 27       		.byte	0x27
 641 0296 13030000 		.4byte	0x313
 642 029a 03       		.uleb128 0x3
 643 029b 91       		.byte	0x91
 644 029c F04B     		.sleb128 -6672
 645 029e 08       		.uleb128 0x8
 646 029f 6900     		.ascii	"i\000"
 647 02a1 01       		.byte	0x1
 648 02a2 28       		.byte	0x28
 649 02a3 7E000000 		.4byte	0x7e
 650 02a7 70010000 		.4byte	.LLST12
 651 02ab 09       		.uleb128 0x9
 652 02ac 20000000 		.4byte	.LVL16
 653 02b0 D4030000 		.4byte	0x3d4
 654 02b4 C8020000 		.4byte	0x2c8
 655 02b8 0A       		.uleb128 0xa
 656 02b9 01       		.uleb128 0x1
 657 02ba 50       		.byte	0x50
 658 02bb 03       		.uleb128 0x3
 659 02bc 91       		.byte	0x91
 660 02bd F04B     		.sleb128 -6672
 661 02bf 0A       		.uleb128 0xa
 662 02c0 02       		.uleb128 0x2
 663 02c1 7D       		.byte	0x7d
 664 02c2 00       		.sleb128 0
 665 02c3 03       		.uleb128 0x3
 666 02c4 F3       		.byte	0xf3
 667 02c5 01       		.uleb128 0x1
 668 02c6 51       		.byte	0x51
 669 02c7 00       		.byte	0
 670 02c8 0B       		.uleb128 0xb
ARM GAS  C:\Users\bogur\AppData\Local\Temp\ccWW6oLd.s 			page 14


 671 02c9 36000000 		.4byte	.LVL18
 672 02cd DF030000 		.4byte	0x3df
 673 02d1 0A       		.uleb128 0xa
 674 02d2 01       		.uleb128 0x1
 675 02d3 50       		.byte	0x50
 676 02d4 0A       		.uleb128 0xa
 677 02d5 74       		.byte	0x74
 678 02d6 00       		.sleb128 0
 679 02d7 0A       		.byte	0xa
 680 02d8 8006     		.2byte	0x680
 681 02da 1E       		.byte	0x1e
 682 02db 91       		.byte	0x91
 683 02dc F04B     		.sleb128 -6672
 684 02de 22       		.byte	0x22
 685 02df 0A       		.uleb128 0xa
 686 02e0 01       		.uleb128 0x1
 687 02e1 51       		.byte	0x51
 688 02e2 07       		.uleb128 0x7
 689 02e3 74       		.byte	0x74
 690 02e4 00       		.sleb128 0
 691 02e5 3B       		.byte	0x3b
 692 02e6 24       		.byte	0x24
 693 02e7 75       		.byte	0x75
 694 02e8 00       		.sleb128 0
 695 02e9 22       		.byte	0x22
 696 02ea 00       		.byte	0
 697 02eb 00       		.byte	0
 698 02ec 0C       		.uleb128 0xc
 699 02ed C2000000 		.4byte	0xc2
 700 02f1 02030000 		.4byte	0x302
 701 02f5 0D       		.uleb128 0xd
 702 02f6 9E000000 		.4byte	0x9e
 703 02fa 03       		.byte	0x3
 704 02fb 0D       		.uleb128 0xd
 705 02fc 9E000000 		.4byte	0x9e
 706 0300 FF       		.byte	0xff
 707 0301 00       		.byte	0
 708 0302 0F       		.uleb128 0xf
 709 0303 04       		.byte	0x4
 710 0304 EC020000 		.4byte	0x2ec
 711 0308 0F       		.uleb128 0xf
 712 0309 04       		.byte	0x4
 713 030a 0E030000 		.4byte	0x30e
 714 030e 0E       		.uleb128 0xe
 715 030f AC000000 		.4byte	0xac
 716 0313 0C       		.uleb128 0xc
 717 0314 AC000000 		.4byte	0xac
 718 0318 24030000 		.4byte	0x324
 719 031c 11       		.uleb128 0x11
 720 031d 9E000000 		.4byte	0x9e
 721 0321 FF19     		.2byte	0x19ff
 722 0323 00       		.byte	0
 723 0324 05       		.uleb128 0x5
 724 0325 CB000000 		.4byte	.LASF24
 725 0329 01       		.byte	0x1
 726 032a 32       		.byte	0x32
 727 032b 00000000 		.4byte	.LFB4
ARM GAS  C:\Users\bogur\AppData\Local\Temp\ccWW6oLd.s 			page 15


 728 032f 40000000 		.4byte	.LFE4-.LFB4
 729 0333 01       		.uleb128 0x1
 730 0334 9C       		.byte	0x9c
 731 0335 B8030000 		.4byte	0x3b8
 732 0339 06       		.uleb128 0x6
 733 033a 7300     		.ascii	"s\000"
 734 033c 01       		.byte	0x1
 735 033d 32       		.byte	0x32
 736 033e E0010000 		.4byte	0x1e0
 737 0342 8F010000 		.4byte	.LLST13
 738 0346 07       		.uleb128 0x7
 739 0347 21020000 		.4byte	.LASF23
 740 034b 01       		.byte	0x1
 741 034c 32       		.byte	0x32
 742 034d 08030000 		.4byte	0x308
 743 0351 AD010000 		.4byte	.LLST14
 744 0355 10       		.uleb128 0x10
 745 0356 62756600 		.ascii	"buf\000"
 746 035a 01       		.byte	0x1
 747 035b 34       		.byte	0x34
 748 035c B8030000 		.4byte	0x3b8
 749 0360 03       		.uleb128 0x3
 750 0361 91       		.byte	0x91
 751 0362 F079     		.sleb128 -784
 752 0364 08       		.uleb128 0x8
 753 0365 6900     		.ascii	"i\000"
 754 0367 01       		.byte	0x1
 755 0368 35       		.byte	0x35
 756 0369 8C000000 		.4byte	0x8c
 757 036d CE010000 		.4byte	.LLST15
 758 0371 09       		.uleb128 0x9
 759 0372 1E000000 		.4byte	.LVL22
 760 0376 D4030000 		.4byte	0x3d4
 761 037a 8E030000 		.4byte	0x38e
 762 037e 0A       		.uleb128 0xa
 763 037f 01       		.uleb128 0x1
 764 0380 50       		.byte	0x50
 765 0381 03       		.uleb128 0x3
 766 0382 91       		.byte	0x91
 767 0383 F079     		.sleb128 -784
 768 0385 0A       		.uleb128 0xa
 769 0386 02       		.uleb128 0x2
 770 0387 7D       		.byte	0x7d
 771 0388 00       		.sleb128 0
 772 0389 03       		.uleb128 0x3
 773 038a F3       		.byte	0xf3
 774 038b 01       		.uleb128 0x1
 775 038c 51       		.byte	0x51
 776 038d 00       		.byte	0
 777 038e 0B       		.uleb128 0xb
 778 038f 34000000 		.4byte	.LVL24
 779 0393 EA030000 		.4byte	0x3ea
 780 0397 0A       		.uleb128 0xa
 781 0398 01       		.uleb128 0x1
 782 0399 50       		.byte	0x50
 783 039a 07       		.uleb128 0x7
 784 039b 74       		.byte	0x74
ARM GAS  C:\Users\bogur\AppData\Local\Temp\ccWW6oLd.s 			page 16


 785 039c 00       		.sleb128 0
 786 039d 39       		.byte	0x39
 787 039e 24       		.byte	0x24
 788 039f 75       		.byte	0x75
 789 03a0 00       		.sleb128 0
 790 03a1 22       		.byte	0x22
 791 03a2 0A       		.uleb128 0xa
 792 03a3 01       		.uleb128 0x1
 793 03a4 51       		.byte	0x51
 794 03a5 10       		.uleb128 0x10
 795 03a6 74       		.byte	0x74
 796 03a7 00       		.sleb128 0
 797 03a8 31       		.byte	0x31
 798 03a9 24       		.byte	0x24
 799 03aa 74       		.byte	0x74
 800 03ab 00       		.sleb128 0
 801 03ac 22       		.byte	0x22
 802 03ad 36       		.byte	0x36
 803 03ae 24       		.byte	0x24
 804 03af 91       		.byte	0x91
 805 03b0 00       		.sleb128 0
 806 03b1 22       		.byte	0x22
 807 03b2 0A       		.byte	0xa
 808 03b3 1003     		.2byte	0x310
 809 03b5 1C       		.byte	0x1c
 810 03b6 00       		.byte	0
 811 03b7 00       		.byte	0
 812 03b8 0C       		.uleb128 0xc
 813 03b9 AC000000 		.4byte	0xac
 814 03bd C9030000 		.4byte	0x3c9
 815 03c1 11       		.uleb128 0x11
 816 03c2 9E000000 		.4byte	0x9e
 817 03c6 FF02     		.2byte	0x2ff
 818 03c8 00       		.byte	0
 819 03c9 12       		.uleb128 0x12
 820 03ca 47000000 		.4byte	.LASF25
 821 03ce 47000000 		.4byte	.LASF25
 822 03d2 05       		.byte	0x5
 823 03d3 07       		.byte	0x7
 824 03d4 12       		.uleb128 0x12
 825 03d5 51020000 		.4byte	.LASF26
 826 03d9 51020000 		.4byte	.LASF26
 827 03dd 06       		.byte	0x6
 828 03de 0B       		.byte	0xb
 829 03df 12       		.uleb128 0x12
 830 03e0 87000000 		.4byte	.LASF27
 831 03e4 87000000 		.4byte	.LASF27
 832 03e8 07       		.byte	0x7
 833 03e9 0E       		.byte	0xe
 834 03ea 13       		.uleb128 0x13
 835 03eb 63626400 		.ascii	"cbd\000"
 836 03ef 63626400 		.ascii	"cbd\000"
 837 03f3 08       		.byte	0x8
 838 03f4 0D       		.byte	0xd
 839 03f5 00       		.byte	0
 840              		.section	.debug_abbrev,"",%progbits
 841              	.Ldebug_abbrev0:
ARM GAS  C:\Users\bogur\AppData\Local\Temp\ccWW6oLd.s 			page 17


 842 0000 01       		.uleb128 0x1
 843 0001 11       		.uleb128 0x11
 844 0002 01       		.byte	0x1
 845 0003 25       		.uleb128 0x25
 846 0004 0E       		.uleb128 0xe
 847 0005 13       		.uleb128 0x13
 848 0006 0B       		.uleb128 0xb
 849 0007 03       		.uleb128 0x3
 850 0008 0E       		.uleb128 0xe
 851 0009 1B       		.uleb128 0x1b
 852 000a 0E       		.uleb128 0xe
 853 000b 55       		.uleb128 0x55
 854 000c 17       		.uleb128 0x17
 855 000d 11       		.uleb128 0x11
 856 000e 01       		.uleb128 0x1
 857 000f 10       		.uleb128 0x10
 858 0010 17       		.uleb128 0x17
 859 0011 00       		.byte	0
 860 0012 00       		.byte	0
 861 0013 02       		.uleb128 0x2
 862 0014 24       		.uleb128 0x24
 863 0015 00       		.byte	0
 864 0016 0B       		.uleb128 0xb
 865 0017 0B       		.uleb128 0xb
 866 0018 3E       		.uleb128 0x3e
 867 0019 0B       		.uleb128 0xb
 868 001a 03       		.uleb128 0x3
 869 001b 0E       		.uleb128 0xe
 870 001c 00       		.byte	0
 871 001d 00       		.byte	0
 872 001e 03       		.uleb128 0x3
 873 001f 16       		.uleb128 0x16
 874 0020 00       		.byte	0
 875 0021 03       		.uleb128 0x3
 876 0022 0E       		.uleb128 0xe
 877 0023 3A       		.uleb128 0x3a
 878 0024 0B       		.uleb128 0xb
 879 0025 3B       		.uleb128 0x3b
 880 0026 0B       		.uleb128 0xb
 881 0027 49       		.uleb128 0x49
 882 0028 13       		.uleb128 0x13
 883 0029 00       		.byte	0
 884 002a 00       		.byte	0
 885 002b 04       		.uleb128 0x4
 886 002c 24       		.uleb128 0x24
 887 002d 00       		.byte	0
 888 002e 0B       		.uleb128 0xb
 889 002f 0B       		.uleb128 0xb
 890 0030 3E       		.uleb128 0x3e
 891 0031 0B       		.uleb128 0xb
 892 0032 03       		.uleb128 0x3
 893 0033 08       		.uleb128 0x8
 894 0034 00       		.byte	0
 895 0035 00       		.byte	0
 896 0036 05       		.uleb128 0x5
 897 0037 2E       		.uleb128 0x2e
 898 0038 01       		.byte	0x1
ARM GAS  C:\Users\bogur\AppData\Local\Temp\ccWW6oLd.s 			page 18


 899 0039 3F       		.uleb128 0x3f
 900 003a 19       		.uleb128 0x19
 901 003b 03       		.uleb128 0x3
 902 003c 0E       		.uleb128 0xe
 903 003d 3A       		.uleb128 0x3a
 904 003e 0B       		.uleb128 0xb
 905 003f 3B       		.uleb128 0x3b
 906 0040 0B       		.uleb128 0xb
 907 0041 27       		.uleb128 0x27
 908 0042 19       		.uleb128 0x19
 909 0043 11       		.uleb128 0x11
 910 0044 01       		.uleb128 0x1
 911 0045 12       		.uleb128 0x12
 912 0046 06       		.uleb128 0x6
 913 0047 40       		.uleb128 0x40
 914 0048 18       		.uleb128 0x18
 915 0049 9742     		.uleb128 0x2117
 916 004b 19       		.uleb128 0x19
 917 004c 01       		.uleb128 0x1
 918 004d 13       		.uleb128 0x13
 919 004e 00       		.byte	0
 920 004f 00       		.byte	0
 921 0050 06       		.uleb128 0x6
 922 0051 05       		.uleb128 0x5
 923 0052 00       		.byte	0
 924 0053 03       		.uleb128 0x3
 925 0054 08       		.uleb128 0x8
 926 0055 3A       		.uleb128 0x3a
 927 0056 0B       		.uleb128 0xb
 928 0057 3B       		.uleb128 0x3b
 929 0058 0B       		.uleb128 0xb
 930 0059 49       		.uleb128 0x49
 931 005a 13       		.uleb128 0x13
 932 005b 02       		.uleb128 0x2
 933 005c 17       		.uleb128 0x17
 934 005d 00       		.byte	0
 935 005e 00       		.byte	0
 936 005f 07       		.uleb128 0x7
 937 0060 05       		.uleb128 0x5
 938 0061 00       		.byte	0
 939 0062 03       		.uleb128 0x3
 940 0063 0E       		.uleb128 0xe
 941 0064 3A       		.uleb128 0x3a
 942 0065 0B       		.uleb128 0xb
 943 0066 3B       		.uleb128 0x3b
 944 0067 0B       		.uleb128 0xb
 945 0068 49       		.uleb128 0x49
 946 0069 13       		.uleb128 0x13
 947 006a 02       		.uleb128 0x2
 948 006b 17       		.uleb128 0x17
 949 006c 00       		.byte	0
 950 006d 00       		.byte	0
 951 006e 08       		.uleb128 0x8
 952 006f 34       		.uleb128 0x34
 953 0070 00       		.byte	0
 954 0071 03       		.uleb128 0x3
 955 0072 08       		.uleb128 0x8
ARM GAS  C:\Users\bogur\AppData\Local\Temp\ccWW6oLd.s 			page 19


 956 0073 3A       		.uleb128 0x3a
 957 0074 0B       		.uleb128 0xb
 958 0075 3B       		.uleb128 0x3b
 959 0076 0B       		.uleb128 0xb
 960 0077 49       		.uleb128 0x49
 961 0078 13       		.uleb128 0x13
 962 0079 02       		.uleb128 0x2
 963 007a 17       		.uleb128 0x17
 964 007b 00       		.byte	0
 965 007c 00       		.byte	0
 966 007d 09       		.uleb128 0x9
 967 007e 898201   		.uleb128 0x4109
 968 0081 01       		.byte	0x1
 969 0082 11       		.uleb128 0x11
 970 0083 01       		.uleb128 0x1
 971 0084 31       		.uleb128 0x31
 972 0085 13       		.uleb128 0x13
 973 0086 01       		.uleb128 0x1
 974 0087 13       		.uleb128 0x13
 975 0088 00       		.byte	0
 976 0089 00       		.byte	0
 977 008a 0A       		.uleb128 0xa
 978 008b 8A8201   		.uleb128 0x410a
 979 008e 00       		.byte	0
 980 008f 02       		.uleb128 0x2
 981 0090 18       		.uleb128 0x18
 982 0091 9142     		.uleb128 0x2111
 983 0093 18       		.uleb128 0x18
 984 0094 00       		.byte	0
 985 0095 00       		.byte	0
 986 0096 0B       		.uleb128 0xb
 987 0097 898201   		.uleb128 0x4109
 988 009a 01       		.byte	0x1
 989 009b 11       		.uleb128 0x11
 990 009c 01       		.uleb128 0x1
 991 009d 31       		.uleb128 0x31
 992 009e 13       		.uleb128 0x13
 993 009f 00       		.byte	0
 994 00a0 00       		.byte	0
 995 00a1 0C       		.uleb128 0xc
 996 00a2 01       		.uleb128 0x1
 997 00a3 01       		.byte	0x1
 998 00a4 49       		.uleb128 0x49
 999 00a5 13       		.uleb128 0x13
 1000 00a6 01       		.uleb128 0x1
 1001 00a7 13       		.uleb128 0x13
 1002 00a8 00       		.byte	0
 1003 00a9 00       		.byte	0
 1004 00aa 0D       		.uleb128 0xd
 1005 00ab 21       		.uleb128 0x21
 1006 00ac 00       		.byte	0
 1007 00ad 49       		.uleb128 0x49
 1008 00ae 13       		.uleb128 0x13
 1009 00af 2F       		.uleb128 0x2f
 1010 00b0 0B       		.uleb128 0xb
 1011 00b1 00       		.byte	0
 1012 00b2 00       		.byte	0
ARM GAS  C:\Users\bogur\AppData\Local\Temp\ccWW6oLd.s 			page 20


 1013 00b3 0E       		.uleb128 0xe
 1014 00b4 26       		.uleb128 0x26
 1015 00b5 00       		.byte	0
 1016 00b6 49       		.uleb128 0x49
 1017 00b7 13       		.uleb128 0x13
 1018 00b8 00       		.byte	0
 1019 00b9 00       		.byte	0
 1020 00ba 0F       		.uleb128 0xf
 1021 00bb 0F       		.uleb128 0xf
 1022 00bc 00       		.byte	0
 1023 00bd 0B       		.uleb128 0xb
 1024 00be 0B       		.uleb128 0xb
 1025 00bf 49       		.uleb128 0x49
 1026 00c0 13       		.uleb128 0x13
 1027 00c1 00       		.byte	0
 1028 00c2 00       		.byte	0
 1029 00c3 10       		.uleb128 0x10
 1030 00c4 34       		.uleb128 0x34
 1031 00c5 00       		.byte	0
 1032 00c6 03       		.uleb128 0x3
 1033 00c7 08       		.uleb128 0x8
 1034 00c8 3A       		.uleb128 0x3a
 1035 00c9 0B       		.uleb128 0xb
 1036 00ca 3B       		.uleb128 0x3b
 1037 00cb 0B       		.uleb128 0xb
 1038 00cc 49       		.uleb128 0x49
 1039 00cd 13       		.uleb128 0x13
 1040 00ce 02       		.uleb128 0x2
 1041 00cf 18       		.uleb128 0x18
 1042 00d0 00       		.byte	0
 1043 00d1 00       		.byte	0
 1044 00d2 11       		.uleb128 0x11
 1045 00d3 21       		.uleb128 0x21
 1046 00d4 00       		.byte	0
 1047 00d5 49       		.uleb128 0x49
 1048 00d6 13       		.uleb128 0x13
 1049 00d7 2F       		.uleb128 0x2f
 1050 00d8 05       		.uleb128 0x5
 1051 00d9 00       		.byte	0
 1052 00da 00       		.byte	0
 1053 00db 12       		.uleb128 0x12
 1054 00dc 2E       		.uleb128 0x2e
 1055 00dd 00       		.byte	0
 1056 00de 3F       		.uleb128 0x3f
 1057 00df 19       		.uleb128 0x19
 1058 00e0 3C       		.uleb128 0x3c
 1059 00e1 19       		.uleb128 0x19
 1060 00e2 6E       		.uleb128 0x6e
 1061 00e3 0E       		.uleb128 0xe
 1062 00e4 03       		.uleb128 0x3
 1063 00e5 0E       		.uleb128 0xe
 1064 00e6 3A       		.uleb128 0x3a
 1065 00e7 0B       		.uleb128 0xb
 1066 00e8 3B       		.uleb128 0x3b
 1067 00e9 0B       		.uleb128 0xb
 1068 00ea 00       		.byte	0
 1069 00eb 00       		.byte	0
ARM GAS  C:\Users\bogur\AppData\Local\Temp\ccWW6oLd.s 			page 21


 1070 00ec 13       		.uleb128 0x13
 1071 00ed 2E       		.uleb128 0x2e
 1072 00ee 00       		.byte	0
 1073 00ef 3F       		.uleb128 0x3f
 1074 00f0 19       		.uleb128 0x19
 1075 00f1 3C       		.uleb128 0x3c
 1076 00f2 19       		.uleb128 0x19
 1077 00f3 6E       		.uleb128 0x6e
 1078 00f4 08       		.uleb128 0x8
 1079 00f5 03       		.uleb128 0x3
 1080 00f6 08       		.uleb128 0x8
 1081 00f7 3A       		.uleb128 0x3a
 1082 00f8 0B       		.uleb128 0xb
 1083 00f9 3B       		.uleb128 0x3b
 1084 00fa 0B       		.uleb128 0xb
 1085 00fb 00       		.byte	0
 1086 00fc 00       		.byte	0
 1087 00fd 00       		.byte	0
 1088              		.section	.debug_loc,"",%progbits
 1089              	.Ldebug_loc0:
 1090              	.LLST0:
 1091 0000 00000000 		.4byte	.LVL0
 1092 0004 10000000 		.4byte	.LVL2
 1093 0008 0100     		.2byte	0x1
 1094 000a 50       		.byte	0x50
 1095 000b 10000000 		.4byte	.LVL2
 1096 000f 50000000 		.4byte	.LFE1
 1097 0013 0100     		.2byte	0x1
 1098 0015 59       		.byte	0x59
 1099 0016 00000000 		.4byte	0
 1100 001a 00000000 		.4byte	0
 1101              	.LLST1:
 1102 001e 00000000 		.4byte	.LVL0
 1103 0022 10000000 		.4byte	.LVL2
 1104 0026 0100     		.2byte	0x1
 1105 0028 51       		.byte	0x51
 1106 0029 10000000 		.4byte	.LVL2
 1107 002d 50000000 		.4byte	.LFE1
 1108 0031 0100     		.2byte	0x1
 1109 0033 58       		.byte	0x58
 1110 0034 00000000 		.4byte	0
 1111 0038 00000000 		.4byte	0
 1112              	.LLST2:
 1113 003c 00000000 		.4byte	.LVL0
 1114 0040 10000000 		.4byte	.LVL2
 1115 0044 0100     		.2byte	0x1
 1116 0046 52       		.byte	0x52
 1117 0047 10000000 		.4byte	.LVL2
 1118 004b 50000000 		.4byte	.LFE1
 1119 004f 0100     		.2byte	0x1
 1120 0051 57       		.byte	0x57
 1121 0052 00000000 		.4byte	0
 1122 0056 00000000 		.4byte	0
 1123              	.LLST3:
 1124 005a 00000000 		.4byte	.LVL0
 1125 005e 10000000 		.4byte	.LVL2
 1126 0062 0100     		.2byte	0x1
ARM GAS  C:\Users\bogur\AppData\Local\Temp\ccWW6oLd.s 			page 22


 1127 0064 53       		.byte	0x53
 1128 0065 10000000 		.4byte	.LVL2
 1129 0069 50000000 		.4byte	.LFE1
 1130 006d 0400     		.2byte	0x4
 1131 006f F3       		.byte	0xf3
 1132 0070 01       		.uleb128 0x1
 1133 0071 53       		.byte	0x53
 1134 0072 9F       		.byte	0x9f
 1135 0073 00000000 		.4byte	0
 1136 0077 00000000 		.4byte	0
 1137              	.LLST4:
 1138 007b 0C000000 		.4byte	.LVL1
 1139 007f 10000000 		.4byte	.LVL2
 1140 0083 0200     		.2byte	0x2
 1141 0085 30       		.byte	0x30
 1142 0086 9F       		.byte	0x9f
 1143 0087 10000000 		.4byte	.LVL2
 1144 008b 50000000 		.4byte	.LFE1
 1145 008f 0100     		.2byte	0x1
 1146 0091 55       		.byte	0x55
 1147 0092 00000000 		.4byte	0
 1148 0096 00000000 		.4byte	0
 1149              	.LLST5:
 1150 009a 10000000 		.4byte	.LVL2
 1151 009e 40000000 		.4byte	.LVL6
 1152 00a2 0100     		.2byte	0x1
 1153 00a4 54       		.byte	0x54
 1154 00a5 42000000 		.4byte	.LVL7
 1155 00a9 48000000 		.4byte	.LVL8
 1156 00ad 0100     		.2byte	0x1
 1157 00af 54       		.byte	0x54
 1158 00b0 00000000 		.4byte	0
 1159 00b4 00000000 		.4byte	0
 1160              	.LLST6:
 1161 00b8 00000000 		.4byte	.LVL9
 1162 00bc 0C000000 		.4byte	.LVL11
 1163 00c0 0100     		.2byte	0x1
 1164 00c2 50       		.byte	0x50
 1165 00c3 0C000000 		.4byte	.LVL11
 1166 00c7 20000000 		.4byte	.LFE2
 1167 00cb 0100     		.2byte	0x1
 1168 00cd 57       		.byte	0x57
 1169 00ce 00000000 		.4byte	0
 1170 00d2 00000000 		.4byte	0
 1171              	.LLST7:
 1172 00d6 00000000 		.4byte	.LVL9
 1173 00da 0C000000 		.4byte	.LVL11
 1174 00de 0100     		.2byte	0x1
 1175 00e0 51       		.byte	0x51
 1176 00e1 0C000000 		.4byte	.LVL11
 1177 00e5 20000000 		.4byte	.LFE2
 1178 00e9 0100     		.2byte	0x1
 1179 00eb 56       		.byte	0x56
 1180 00ec 00000000 		.4byte	0
 1181 00f0 00000000 		.4byte	0
 1182              	.LLST8:
 1183 00f4 00000000 		.4byte	.LVL9
ARM GAS  C:\Users\bogur\AppData\Local\Temp\ccWW6oLd.s 			page 23


 1184 00f8 0C000000 		.4byte	.LVL11
 1185 00fc 0100     		.2byte	0x1
 1186 00fe 52       		.byte	0x52
 1187 00ff 0C000000 		.4byte	.LVL11
 1188 0103 20000000 		.4byte	.LFE2
 1189 0107 0100     		.2byte	0x1
 1190 0109 55       		.byte	0x55
 1191 010a 00000000 		.4byte	0
 1192 010e 00000000 		.4byte	0
 1193              	.LLST9:
 1194 0112 08000000 		.4byte	.LVL10
 1195 0116 0C000000 		.4byte	.LVL11
 1196 011a 0200     		.2byte	0x2
 1197 011c 30       		.byte	0x30
 1198 011d 9F       		.byte	0x9f
 1199 011e 0C000000 		.4byte	.LVL11
 1200 0122 20000000 		.4byte	.LFE2
 1201 0126 0100     		.2byte	0x1
 1202 0128 54       		.byte	0x54
 1203 0129 00000000 		.4byte	0
 1204 012d 00000000 		.4byte	0
 1205              	.LLST10:
 1206 0131 00000000 		.4byte	.LVL14
 1207 0135 1C000000 		.4byte	.LVL15
 1208 0139 0100     		.2byte	0x1
 1209 013b 50       		.byte	0x50
 1210 013c 1C000000 		.4byte	.LVL15
 1211 0140 44000000 		.4byte	.LFE3
 1212 0144 0100     		.2byte	0x1
 1213 0146 55       		.byte	0x55
 1214 0147 00000000 		.4byte	0
 1215 014b 00000000 		.4byte	0
 1216              	.LLST11:
 1217 014f 00000000 		.4byte	.LVL14
 1218 0153 1F000000 		.4byte	.LVL16-1
 1219 0157 0100     		.2byte	0x1
 1220 0159 51       		.byte	0x51
 1221 015a 1F000000 		.4byte	.LVL16-1
 1222 015e 44000000 		.4byte	.LFE3
 1223 0162 0400     		.2byte	0x4
 1224 0164 F3       		.byte	0xf3
 1225 0165 01       		.uleb128 0x1
 1226 0166 51       		.byte	0x51
 1227 0167 9F       		.byte	0x9f
 1228 0168 00000000 		.4byte	0
 1229 016c 00000000 		.4byte	0
 1230              	.LLST12:
 1231 0170 20000000 		.4byte	.LVL16
 1232 0174 24000000 		.4byte	.LVL17
 1233 0178 0200     		.2byte	0x2
 1234 017a 30       		.byte	0x30
 1235 017b 9F       		.byte	0x9f
 1236 017c 24000000 		.4byte	.LVL17
 1237 0180 44000000 		.4byte	.LFE3
 1238 0184 0100     		.2byte	0x1
 1239 0186 54       		.byte	0x54
 1240 0187 00000000 		.4byte	0
ARM GAS  C:\Users\bogur\AppData\Local\Temp\ccWW6oLd.s 			page 24


 1241 018b 00000000 		.4byte	0
 1242              	.LLST13:
 1243 018f 00000000 		.4byte	.LVL20
 1244 0193 1A000000 		.4byte	.LVL21
 1245 0197 0100     		.2byte	0x1
 1246 0199 50       		.byte	0x50
 1247 019a 1A000000 		.4byte	.LVL21
 1248 019e 40000000 		.4byte	.LFE4
 1249 01a2 0100     		.2byte	0x1
 1250 01a4 55       		.byte	0x55
 1251 01a5 00000000 		.4byte	0
 1252 01a9 00000000 		.4byte	0
 1253              	.LLST14:
 1254 01ad 00000000 		.4byte	.LVL20
 1255 01b1 1D000000 		.4byte	.LVL22-1
 1256 01b5 0100     		.2byte	0x1
 1257 01b7 51       		.byte	0x51
 1258 01b8 1D000000 		.4byte	.LVL22-1
 1259 01bc 40000000 		.4byte	.LFE4
 1260 01c0 0400     		.2byte	0x4
 1261 01c2 F3       		.byte	0xf3
 1262 01c3 01       		.uleb128 0x1
 1263 01c4 51       		.byte	0x51
 1264 01c5 9F       		.byte	0x9f
 1265 01c6 00000000 		.4byte	0
 1266 01ca 00000000 		.4byte	0
 1267              	.LLST15:
 1268 01ce 1E000000 		.4byte	.LVL22
 1269 01d2 22000000 		.4byte	.LVL23
 1270 01d6 0200     		.2byte	0x2
 1271 01d8 30       		.byte	0x30
 1272 01d9 9F       		.byte	0x9f
 1273 01da 22000000 		.4byte	.LVL23
 1274 01de 40000000 		.4byte	.LFE4
 1275 01e2 0100     		.2byte	0x1
 1276 01e4 54       		.byte	0x54
 1277 01e5 00000000 		.4byte	0
 1278 01e9 00000000 		.4byte	0
 1279              		.section	.debug_aranges,"",%progbits
 1280 0000 34000000 		.4byte	0x34
 1281 0004 0200     		.2byte	0x2
 1282 0006 00000000 		.4byte	.Ldebug_info0
 1283 000a 04       		.byte	0x4
 1284 000b 00       		.byte	0
 1285 000c 0000     		.2byte	0
 1286 000e 0000     		.2byte	0
 1287 0010 00000000 		.4byte	.LFB1
 1288 0014 50000000 		.4byte	.LFE1-.LFB1
 1289 0018 00000000 		.4byte	.LFB2
 1290 001c 20000000 		.4byte	.LFE2-.LFB2
 1291 0020 00000000 		.4byte	.LFB3
 1292 0024 44000000 		.4byte	.LFE3-.LFB3
 1293 0028 00000000 		.4byte	.LFB4
 1294 002c 40000000 		.4byte	.LFE4-.LFB4
 1295 0030 00000000 		.4byte	0
 1296 0034 00000000 		.4byte	0
 1297              		.section	.debug_ranges,"",%progbits
ARM GAS  C:\Users\bogur\AppData\Local\Temp\ccWW6oLd.s 			page 25


 1298              	.Ldebug_ranges0:
 1299 0000 00000000 		.4byte	.LFB1
 1300 0004 50000000 		.4byte	.LFE1
 1301 0008 00000000 		.4byte	.LFB2
 1302 000c 20000000 		.4byte	.LFE2
 1303 0010 00000000 		.4byte	.LFB3
 1304 0014 44000000 		.4byte	.LFE3
 1305 0018 00000000 		.4byte	.LFB4
 1306 001c 40000000 		.4byte	.LFE4
 1307 0020 00000000 		.4byte	0
 1308 0024 00000000 		.4byte	0
 1309              		.section	.debug_line,"",%progbits
 1310              	.Ldebug_line0:
 1311 0000 7E020000 		.section	.debug_str,"MS",%progbits,1
 1311      0200E001 
 1311      00000201 
 1311      FB0E0D00 
 1311      01010101 
 1312              	.LASF2:
 1313 0000 5F5F7569 		.ascii	"__uint8_t\000"
 1313      6E74385F 
 1313      7400
 1314              	.LASF12:
 1315 000a 73697A65 		.ascii	"size_t\000"
 1315      5F7400
 1316              	.LASF3:
 1317 0011 5F5F696E 		.ascii	"__int16_t\000"
 1317      7431365F 
 1317      7400
 1318              	.LASF22:
 1319 001b 47656E4D 		.ascii	"GenMatrix\000"
 1319      61747269 
 1319      7800
 1320              	.LASF16:
 1321 0025 75696E74 		.ascii	"uint8_t\000"
 1321      385F7400 
 1322              	.LASF19:
 1323 002d 7472616E 		.ascii	"transpose\000"
 1323      73706F73 
 1323      6500
 1324              	.LASF20:
 1325 0037 4D617472 		.ascii	"MatrixVectorMul\000"
 1325      69785665 
 1325      63746F72 
 1325      4D756C00 
 1326              	.LASF25:
 1327 0047 706F6C79 		.ascii	"poly_mul_acc\000"
 1327      5F6D756C 
 1327      5F616363 
 1327      00
 1328              	.LASF1:
 1329 0054 756E7369 		.ascii	"unsigned char\000"
 1329      676E6564 
 1329      20636861 
 1329      7200
 1330              	.LASF8:
 1331 0062 6C6F6E67 		.ascii	"long unsigned int\000"
ARM GAS  C:\Users\bogur\AppData\Local\Temp\ccWW6oLd.s 			page 26


 1331      20756E73 
 1331      69676E65 
 1331      6420696E 
 1331      7400
 1332              	.LASF6:
 1333 0074 73686F72 		.ascii	"short unsigned int\000"
 1333      7420756E 
 1333      7369676E 
 1333      65642069 
 1333      6E7400
 1334              	.LASF27:
 1335 0087 42533250 		.ascii	"BS2POLVECq\000"
 1335      4F4C5645 
 1335      437100
 1336              	.LASF29:
 1337 0092 2E2E5C70 		.ascii	"..\\poly.c\000"
 1337      6F6C792E 
 1337      6300
 1338              	.LASF5:
 1339 009c 5F5F7569 		.ascii	"__uint16_t\000"
 1339      6E743136 
 1339      5F7400
 1340              	.LASF11:
 1341 00a7 756E7369 		.ascii	"unsigned int\000"
 1341      676E6564 
 1341      20696E74 
 1341      00
 1342              	.LASF10:
 1343 00b4 6C6F6E67 		.ascii	"long long unsigned int\000"
 1343      206C6F6E 
 1343      6720756E 
 1343      7369676E 
 1343      65642069 
 1344              	.LASF24:
 1345 00cb 47656E53 		.ascii	"GenSecret\000"
 1345      65637265 
 1345      7400
 1346              	.LASF30:
 1347 00d5 433A5C55 		.ascii	"C:\\Users\\bogur\\Documents\\GitHub\\TFG2\\Codigo\\"
 1347      73657273 
 1347      5C626F67 
 1347      75725C44 
 1347      6F63756D 
 1348 0101 416C676F 		.ascii	"Algoritmos postcuanticos\\PSOC\\SABER\\Saber\\Saber"
 1348      7269746D 
 1348      6F732070 
 1348      6F737463 
 1348      75616E74 
 1349 0130 2E637964 		.ascii	".cydsn\000"
 1349      736E00
 1350              	.LASF17:
 1351 0137 696E7431 		.ascii	"int16_t\000"
 1351      365F7400 
 1352              	.LASF28:
 1353 013f 474E5520 		.ascii	"GNU C11 5.4.1 20160609 (release) [ARM/embedded-5-br"
 1353      43313120 
 1353      352E342E 
ARM GAS  C:\Users\bogur\AppData\Local\Temp\ccWW6oLd.s 			page 27


 1353      31203230 
 1353      31363036 
 1354 0172 616E6368 		.ascii	"anch revision 237715] -mcpu=cortex-m4 -mfloat-abi=s"
 1354      20726576 
 1354      6973696F 
 1354      6E203233 
 1354      37373135 
 1355 01a5 6F667466 		.ascii	"oftfp -mfpu=fpv4-sp-d16 -mthumb -g -Og -ffunction-s"
 1355      70202D6D 
 1355      6670753D 
 1355      66707634 
 1355      2D73702D 
 1356 01d8 65637469 		.ascii	"ections -ffat-lto-objects\000"
 1356      6F6E7320 
 1356      2D666661 
 1356      742D6C74 
 1356      6F2D6F62 
 1357              	.LASF14:
 1358 01f2 73697A65 		.ascii	"sizetype\000"
 1358      74797065 
 1358      00
 1359              	.LASF9:
 1360 01fb 6C6F6E67 		.ascii	"long long int\000"
 1360      206C6F6E 
 1360      6720696E 
 1360      7400
 1361              	.LASF15:
 1362 0209 63686172 		.ascii	"char\000"
 1362      00
 1363              	.LASF4:
 1364 020e 73686F72 		.ascii	"short int\000"
 1364      7420696E 
 1364      7400
 1365              	.LASF18:
 1366 0218 75696E74 		.ascii	"uint16_t\000"
 1366      31365F74 
 1366      00
 1367              	.LASF23:
 1368 0221 73656564 		.ascii	"seed\000"
 1368      00
 1369              	.LASF21:
 1370 0226 496E6E65 		.ascii	"InnerProd\000"
 1370      7250726F 
 1370      6400
 1371              	.LASF7:
 1372 0230 6C6F6E67 		.ascii	"long int\000"
 1372      20696E74 
 1372      00
 1373              	.LASF13:
 1374 0239 6C6F6E67 		.ascii	"long double\000"
 1374      20646F75 
 1374      626C6500 
 1375              	.LASF0:
 1376 0245 7369676E 		.ascii	"signed char\000"
 1376      65642063 
 1376      68617200 
 1377              	.LASF26:
ARM GAS  C:\Users\bogur\AppData\Local\Temp\ccWW6oLd.s 			page 28


 1378 0251 7368616B 		.ascii	"shake128\000"
 1378      65313238 
 1378      00
 1379              		.ident	"GCC: (GNU Tools for ARM Embedded Processors) 5.4.1 20160609 (release) [ARM/embedded-5-bran
