ARM GAS  C:\Users\bogur\AppData\Local\Temp\ccGLhsWB.s 			page 1


   1              		.syntax unified
   2              		.cpu cortex-m4
   3              		.eabi_attribute 27, 1
   4              		.fpu fpv4-sp-d16
   5              		.eabi_attribute 20, 1
   6              		.eabi_attribute 21, 1
   7              		.eabi_attribute 23, 3
   8              		.eabi_attribute 24, 1
   9              		.eabi_attribute 25, 1
  10              		.eabi_attribute 26, 1
  11              		.eabi_attribute 30, 1
  12              		.eabi_attribute 34, 1
  13              		.eabi_attribute 18, 4
  14              		.thumb
  15              		.syntax unified
  16              		.file	"SABER_indcpa.c"
  17              		.text
  18              	.Ltext0:
  19              		.cfi_sections	.debug_frame
  20              		.section	.text.indcpa_kem_keypair,"ax",%progbits
  21              		.align	2
  22              		.global	indcpa_kem_keypair
  23              		.thumb
  24              		.thumb_func
  25              		.type	indcpa_kem_keypair, %function
  26              	indcpa_kem_keypair:
  27              	.LFB1:
  28              		.file 1 "..\\SABER_indcpa.c"
   1:..\SABER_indcpa.c **** #include <string.h>
   2:..\SABER_indcpa.c **** #include <stdint.h>
   3:..\SABER_indcpa.c **** #include "SABER_indcpa.h"
   4:..\SABER_indcpa.c **** #include "poly.h"
   5:..\SABER_indcpa.c **** #include "pack_unpack.h"
   6:..\SABER_indcpa.c **** #include "poly_mul.h"
   7:..\SABER_indcpa.c **** #include "randombytes.h"
   8:..\SABER_indcpa.c **** #include "fips202.h"
   9:..\SABER_indcpa.c **** #include "SABER_params.h"
  10:..\SABER_indcpa.c **** 
  11:..\SABER_indcpa.c **** #define h1 (1 << (SABER_EQ - SABER_EP - 1))
  12:..\SABER_indcpa.c **** #define h2 ((1 << (SABER_EP - 2)) - (1 << (SABER_EP - SABER_ET - 1)) + (1 << (SABER_EQ - SABER_EP -
  13:..\SABER_indcpa.c **** 
  14:..\SABER_indcpa.c **** void indcpa_kem_keypair(uint8_t pk[SABER_INDCPA_PUBLICKEYBYTES], uint8_t sk[SABER_INDCPA_SECRETKEYB
  15:..\SABER_indcpa.c **** {
  29              		.loc 1 15 0
  30              		.cfi_startproc
  31              		@ args = 0, pretend = 0, frame = 12352
  32              		@ frame_needed = 0, uses_anonymous_args = 0
  33              	.LVL0:
  34 0000 70B5     		push	{r4, r5, r6, lr}
  35              		.cfi_def_cfa_offset 16
  36              		.cfi_offset 4, -16
  37              		.cfi_offset 5, -12
  38              		.cfi_offset 6, -8
  39              		.cfi_offset 14, -4
  40 0002 ADF5415D 		sub	sp, sp, #12352
  41              		.cfi_def_cfa_offset 12368
  42 0006 84B0     		sub	sp, sp, #16
ARM GAS  C:\Users\bogur\AppData\Local\Temp\ccGLhsWB.s 			page 2


  43              		.cfi_def_cfa_offset 12384
  44 0008 0446     		mov	r4, r0
  45 000a 0D46     		mov	r5, r1
  16:..\SABER_indcpa.c **** 	uint16_t A[SABER_L][SABER_L][SABER_N];
  17:..\SABER_indcpa.c **** 	uint16_t s[SABER_L][SABER_N];
  18:..\SABER_indcpa.c **** 	uint16_t b[SABER_L][SABER_N] = {0};
  46              		.loc 1 18 0
  47 000c 4FF40062 		mov	r2, #2048
  48 0010 0021     		movs	r1, #0
  49              	.LVL1:
  50 0012 14A8     		add	r0, sp, #80
  51              	.LVL2:
  52 0014 FFF7FEFF 		bl	memset
  53              	.LVL3:
  19:..\SABER_indcpa.c **** 
  20:..\SABER_indcpa.c **** 	uint8_t seed_A[SABER_SEEDBYTES];
  21:..\SABER_indcpa.c **** 	uint8_t seed_s[SABER_NOISE_SEEDBYTES];
  22:..\SABER_indcpa.c **** 	int i, j;
  23:..\SABER_indcpa.c **** 
  24:..\SABER_indcpa.c **** 	randombytes(seed_A, SABER_SEEDBYTES);
  54              		.loc 1 24 0
  55 0018 0CAE     		add	r6, sp, #48
  56 001a 2021     		movs	r1, #32
  57 001c 3046     		mov	r0, r6
  58 001e FFF7FEFF 		bl	randombytes
  59              	.LVL4:
  25:..\SABER_indcpa.c **** 	shake128(seed_A, SABER_SEEDBYTES, seed_A, SABER_SEEDBYTES); // for not revealing system RNG state
  60              		.loc 1 25 0
  61 0022 2022     		movs	r2, #32
  62 0024 0023     		movs	r3, #0
  63 0026 CDE90223 		strd	r2, [sp, #8]
  64 002a 0096     		str	r6, [sp]
  65 002c 3046     		mov	r0, r6
  66 002e FFF7FEFF 		bl	shake128
  67              	.LVL5:
  26:..\SABER_indcpa.c **** 	randombytes(seed_s, SABER_NOISE_SEEDBYTES);
  68              		.loc 1 26 0
  69 0032 2021     		movs	r1, #32
  70 0034 04A8     		add	r0, sp, #16
  71 0036 FFF7FEFF 		bl	randombytes
  72              	.LVL6:
  27:..\SABER_indcpa.c **** 
  28:..\SABER_indcpa.c **** 	GenMatrix(A, seed_A);
  73              		.loc 1 28 0
  74 003a 3146     		mov	r1, r6
  75 003c 0DF58250 		add	r0, sp, #4160
  76 0040 1030     		adds	r0, r0, #16
  77 0042 FFF7FEFF 		bl	GenMatrix
  78              	.LVL7:
  29:..\SABER_indcpa.c **** 	GenSecret(s, seed_s);
  79              		.loc 1 29 0
  80 0046 04A9     		add	r1, sp, #16
  81 0048 0DF50560 		add	r0, sp, #2128
  82 004c FFF7FEFF 		bl	GenSecret
  83              	.LVL8:
  30:..\SABER_indcpa.c **** 	MatrixVectorMul(A, s, b, 1);
  84              		.loc 1 30 0
ARM GAS  C:\Users\bogur\AppData\Local\Temp\ccGLhsWB.s 			page 3


  85 0050 0123     		movs	r3, #1
  86 0052 14AA     		add	r2, sp, #80
  87 0054 0DF50561 		add	r1, sp, #2128
  88 0058 0DF58250 		add	r0, sp, #4160
  89 005c 1030     		adds	r0, r0, #16
  90 005e FFF7FEFF 		bl	MatrixVectorMul
  91              	.LVL9:
  31:..\SABER_indcpa.c **** 
  32:..\SABER_indcpa.c **** 	for (i = 0; i < SABER_L; i++)
  92              		.loc 1 32 0
  93 0062 0026     		movs	r6, #0
  94 0064 0EE0     		b	.L2
  95              	.LVL10:
  96              	.L3:
  33:..\SABER_indcpa.c **** 	{
  34:..\SABER_indcpa.c **** 		for (j = 0; j < SABER_N; j++)
  35:..\SABER_indcpa.c **** 		{
  36:..\SABER_indcpa.c **** 			b[i][j] = (b[i][j] + h1) >> (SABER_EQ - SABER_EP);
  97              		.loc 1 36 0 discriminator 3
  98 0066 14A9     		add	r1, sp, #80
  99 0068 02EB0620 		add	r0, r2, r6, lsl #8
 100 006c 31F81030 		ldrh	r3, [r1, r0, lsl #1]
 101 0070 0433     		adds	r3, r3, #4
 102 0072 DB10     		asrs	r3, r3, #3
 103 0074 21F81030 		strh	r3, [r1, r0, lsl #1]	@ movhi
  34:..\SABER_indcpa.c **** 		{
 104              		.loc 1 34 0 discriminator 3
 105 0078 0132     		adds	r2, r2, #1
 106              	.LVL11:
 107 007a 00E0     		b	.L4
 108              	.LVL12:
 109              	.L5:
 110 007c 0022     		movs	r2, #0
 111              	.L4:
 112              	.LVL13:
  34:..\SABER_indcpa.c **** 		{
 113              		.loc 1 34 0 is_stmt 0 discriminator 1
 114 007e FF2A     		cmp	r2, #255
 115 0080 F1DD     		ble	.L3
  32:..\SABER_indcpa.c **** 	{
 116              		.loc 1 32 0 is_stmt 1 discriminator 2
 117 0082 0136     		adds	r6, r6, #1
 118              	.LVL14:
 119              	.L2:
  32:..\SABER_indcpa.c **** 	{
 120              		.loc 1 32 0 is_stmt 0 discriminator 1
 121 0084 032E     		cmp	r6, #3
 122 0086 F9DD     		ble	.L5
  37:..\SABER_indcpa.c **** 		}
  38:..\SABER_indcpa.c **** 	}
  39:..\SABER_indcpa.c **** 
  40:..\SABER_indcpa.c **** 	POLVECq2BS(sk, s);
 123              		.loc 1 40 0 is_stmt 1
 124 0088 0DF50561 		add	r1, sp, #2128
 125 008c 2846     		mov	r0, r5
 126 008e FFF7FEFF 		bl	POLVECq2BS
 127              	.LVL15:
ARM GAS  C:\Users\bogur\AppData\Local\Temp\ccGLhsWB.s 			page 4


  41:..\SABER_indcpa.c **** 	POLVECp2BS(pk, b);
 128              		.loc 1 41 0
 129 0092 14A9     		add	r1, sp, #80
 130 0094 2046     		mov	r0, r4
 131 0096 FFF7FEFF 		bl	POLVECp2BS
 132              	.LVL16:
  42:..\SABER_indcpa.c **** 	memcpy(pk + SABER_POLYVECCOMPRESSEDBYTES, seed_A, sizeof(seed_A));
 133              		.loc 1 42 0
 134 009a 0CAD     		add	r5, sp, #48
 135              	.LVL17:
 136 009c 0FCD     		ldmia	r5!, {r0, r1, r2, r3}
 137 009e C4F80005 		str	r0, [r4, #1280]	@ unaligned
 138 00a2 C4F80415 		str	r1, [r4, #1284]	@ unaligned
 139 00a6 C4F80825 		str	r2, [r4, #1288]	@ unaligned
 140 00aa C4F80C35 		str	r3, [r4, #1292]	@ unaligned
 141 00ae 0FCD     		ldmia	r5!, {r0, r1, r2, r3}
 142 00b0 C4F81005 		str	r0, [r4, #1296]	@ unaligned
 143 00b4 C4F81415 		str	r1, [r4, #1300]	@ unaligned
 144 00b8 C4F81825 		str	r2, [r4, #1304]	@ unaligned
 145 00bc C4F81C35 		str	r3, [r4, #1308]	@ unaligned
  43:..\SABER_indcpa.c **** }
 146              		.loc 1 43 0
 147 00c0 0DF5415D 		add	sp, sp, #12352
 148 00c4 04B0     		add	sp, sp, #16
 149              		.cfi_def_cfa_offset 16
 150              		@ sp needed
 151 00c6 70BD     		pop	{r4, r5, r6, pc}
 152              		.cfi_endproc
 153              	.LFE1:
 154              		.size	indcpa_kem_keypair, .-indcpa_kem_keypair
 155              		.section	.text.indcpa_kem_enc,"ax",%progbits
 156              		.align	2
 157              		.global	indcpa_kem_enc
 158              		.thumb
 159              		.thumb_func
 160              		.type	indcpa_kem_enc, %function
 161              	indcpa_kem_enc:
 162              	.LFB2:
  44:..\SABER_indcpa.c **** 
  45:..\SABER_indcpa.c **** void indcpa_kem_enc(const uint8_t m[SABER_KEYBYTES], const uint8_t seed_sp[SABER_NOISE_SEEDBYTES], 
  46:..\SABER_indcpa.c **** {
 163              		.loc 1 46 0
 164              		.cfi_startproc
 165              		@ args = 0, pretend = 0, frame = 15360
 166              		@ frame_needed = 0, uses_anonymous_args = 0
 167              	.LVL18:
 168 0000 F0B5     		push	{r4, r5, r6, r7, lr}
 169              		.cfi_def_cfa_offset 20
 170              		.cfi_offset 4, -20
 171              		.cfi_offset 5, -16
 172              		.cfi_offset 6, -12
 173              		.cfi_offset 7, -8
 174              		.cfi_offset 14, -4
 175 0002 ADF5705D 		sub	sp, sp, #15360
 176              		.cfi_def_cfa_offset 15380
 177 0006 81B0     		sub	sp, sp, #4
 178              		.cfi_def_cfa_offset 15384
ARM GAS  C:\Users\bogur\AppData\Local\Temp\ccGLhsWB.s 			page 5


 179 0008 0646     		mov	r6, r0
 180 000a 0F46     		mov	r7, r1
 181 000c 1546     		mov	r5, r2
 182 000e 1C46     		mov	r4, r3
  47:..\SABER_indcpa.c **** 	uint16_t A[SABER_L][SABER_L][SABER_N];
  48:..\SABER_indcpa.c **** 	uint16_t sp[SABER_L][SABER_N];
  49:..\SABER_indcpa.c **** 	uint16_t bp[SABER_L][SABER_N] = {0};
 183              		.loc 1 49 0
 184 0010 4FF40062 		mov	r2, #2048
 185              	.LVL19:
 186 0014 0021     		movs	r1, #0
 187              	.LVL20:
 188 0016 0DF54060 		add	r0, sp, #3072
 189              	.LVL21:
 190 001a FFF7FEFF 		bl	memset
 191              	.LVL22:
  50:..\SABER_indcpa.c **** 	uint16_t vp[SABER_N] = {0};
 192              		.loc 1 50 0
 193 001e 4FF40072 		mov	r2, #512
 194 0022 0021     		movs	r1, #0
 195 0024 0DF52060 		add	r0, sp, #2560
 196 0028 FFF7FEFF 		bl	memset
 197              	.LVL23:
  51:..\SABER_indcpa.c **** 	uint16_t mp[SABER_N];
  52:..\SABER_indcpa.c **** 	uint16_t b[SABER_L][SABER_N];
  53:..\SABER_indcpa.c **** 	int i, j;
  54:..\SABER_indcpa.c **** 	const uint8_t *seed_A = pk + SABER_POLYVECCOMPRESSEDBYTES;
  55:..\SABER_indcpa.c **** 
  56:..\SABER_indcpa.c **** 	GenMatrix(A, seed_A);
 198              		.loc 1 56 0
 199 002c 05F5A061 		add	r1, r5, #1280
 200              	.LVL24:
 201 0030 0DF5E050 		add	r0, sp, #7168
 202 0034 FFF7FEFF 		bl	GenMatrix
 203              	.LVL25:
  57:..\SABER_indcpa.c **** 	GenSecret(sp, seed_sp);
 204              		.loc 1 57 0
 205 0038 3946     		mov	r1, r7
 206 003a 0DF5A050 		add	r0, sp, #5120
 207 003e FFF7FEFF 		bl	GenSecret
 208              	.LVL26:
  58:..\SABER_indcpa.c **** 	MatrixVectorMul(A, sp, bp, 0);
 209              		.loc 1 58 0
 210 0042 0023     		movs	r3, #0
 211 0044 0DF54062 		add	r2, sp, #3072
 212 0048 0DF5A051 		add	r1, sp, #5120
 213 004c 0DF5E050 		add	r0, sp, #7168
 214 0050 FFF7FEFF 		bl	MatrixVectorMul
 215              	.LVL27:
  59:..\SABER_indcpa.c **** 
  60:..\SABER_indcpa.c **** 	for (i = 0; i < SABER_L; i++)
 216              		.loc 1 60 0
 217 0054 0027     		movs	r7, #0
 218              	.LVL28:
 219 0056 0FE0     		b	.L8
 220              	.LVL29:
 221              	.L9:
ARM GAS  C:\Users\bogur\AppData\Local\Temp\ccGLhsWB.s 			page 6


  61:..\SABER_indcpa.c **** 	{
  62:..\SABER_indcpa.c **** 		for (j = 0; j < SABER_N; j++)
  63:..\SABER_indcpa.c **** 		{
  64:..\SABER_indcpa.c **** 			bp[i][j] = (bp[i][j] + h1) >> (SABER_EQ - SABER_EP);
 222              		.loc 1 64 0 discriminator 3
 223 0058 0DF54061 		add	r1, sp, #3072
 224 005c 02EB0720 		add	r0, r2, r7, lsl #8
 225 0060 31F81030 		ldrh	r3, [r1, r0, lsl #1]
 226 0064 0433     		adds	r3, r3, #4
 227 0066 DB10     		asrs	r3, r3, #3
 228 0068 21F81030 		strh	r3, [r1, r0, lsl #1]	@ movhi
  62:..\SABER_indcpa.c **** 		{
 229              		.loc 1 62 0 discriminator 3
 230 006c 0132     		adds	r2, r2, #1
 231              	.LVL30:
 232 006e 00E0     		b	.L10
 233              	.LVL31:
 234              	.L13:
 235 0070 0022     		movs	r2, #0
 236              	.L10:
 237              	.LVL32:
  62:..\SABER_indcpa.c **** 		{
 238              		.loc 1 62 0 is_stmt 0 discriminator 1
 239 0072 FF2A     		cmp	r2, #255
 240 0074 F0DD     		ble	.L9
  60:..\SABER_indcpa.c **** 	{
 241              		.loc 1 60 0 is_stmt 1 discriminator 2
 242 0076 0137     		adds	r7, r7, #1
 243              	.LVL33:
 244              	.L8:
  60:..\SABER_indcpa.c **** 	{
 245              		.loc 1 60 0 is_stmt 0 discriminator 1
 246 0078 032F     		cmp	r7, #3
 247 007a F9DD     		ble	.L13
  65:..\SABER_indcpa.c **** 		}
  66:..\SABER_indcpa.c **** 	}
  67:..\SABER_indcpa.c **** 
  68:..\SABER_indcpa.c **** 	POLVECp2BS(ciphertext, bp);
 248              		.loc 1 68 0 is_stmt 1
 249 007c 0DF54061 		add	r1, sp, #3072
 250 0080 2046     		mov	r0, r4
 251 0082 FFF7FEFF 		bl	POLVECp2BS
 252              	.LVL34:
  69:..\SABER_indcpa.c **** 	BS2POLVECp(pk, b);
 253              		.loc 1 69 0
 254 0086 6946     		mov	r1, sp
 255 0088 2846     		mov	r0, r5
 256 008a FFF7FEFF 		bl	BS2POLVECp
 257              	.LVL35:
  70:..\SABER_indcpa.c **** 	InnerProd(b, sp, vp);
 258              		.loc 1 70 0
 259 008e 0DF52062 		add	r2, sp, #2560
 260 0092 0DF5A051 		add	r1, sp, #5120
 261 0096 6846     		mov	r0, sp
 262 0098 FFF7FEFF 		bl	InnerProd
 263              	.LVL36:
  71:..\SABER_indcpa.c **** 
ARM GAS  C:\Users\bogur\AppData\Local\Temp\ccGLhsWB.s 			page 7


  72:..\SABER_indcpa.c **** 	BS2POLmsg(m, mp);
 264              		.loc 1 72 0
 265 009c 0DF50061 		add	r1, sp, #2048
 266 00a0 3046     		mov	r0, r6
 267 00a2 FFF7FEFF 		bl	BS2POLmsg
 268              	.LVL37:
  73:..\SABER_indcpa.c **** 
  74:..\SABER_indcpa.c **** 	for (j = 0; j < SABER_N; j++)
 269              		.loc 1 74 0
 270 00a6 0022     		movs	r2, #0
 271 00a8 0EE0     		b	.L11
 272              	.LVL38:
 273              	.L12:
  75:..\SABER_indcpa.c **** 	{
  76:..\SABER_indcpa.c **** 		vp[j] = (vp[j] - (mp[j] << (SABER_EP - 1)) + h1) >> (SABER_EP - SABER_ET);
 274              		.loc 1 76 0 discriminator 3
 275 00aa 0DF52061 		add	r1, sp, #2560
 276 00ae 31F81230 		ldrh	r3, [r1, r2, lsl #1]
 277 00b2 0DF50060 		add	r0, sp, #2048
 278 00b6 30F81200 		ldrh	r0, [r0, r2, lsl #1]
 279 00ba A3EB4023 		sub	r3, r3, r0, lsl #9
 280 00be 0433     		adds	r3, r3, #4
 281 00c0 1B11     		asrs	r3, r3, #4
 282 00c2 21F81230 		strh	r3, [r1, r2, lsl #1]	@ movhi
  74:..\SABER_indcpa.c **** 	{
 283              		.loc 1 74 0 discriminator 3
 284 00c6 0132     		adds	r2, r2, #1
 285              	.LVL39:
 286              	.L11:
  74:..\SABER_indcpa.c **** 	{
 287              		.loc 1 74 0 is_stmt 0 discriminator 1
 288 00c8 FF2A     		cmp	r2, #255
 289 00ca EEDD     		ble	.L12
  77:..\SABER_indcpa.c **** 	}
  78:..\SABER_indcpa.c **** 
  79:..\SABER_indcpa.c **** 	POLT2BS(ciphertext + SABER_POLYVECCOMPRESSEDBYTES, vp);
 290              		.loc 1 79 0 is_stmt 1
 291 00cc 0DF52061 		add	r1, sp, #2560
 292 00d0 04F5A060 		add	r0, r4, #1280
 293 00d4 FFF7FEFF 		bl	POLT2BS
 294              	.LVL40:
  80:..\SABER_indcpa.c **** }
 295              		.loc 1 80 0
 296 00d8 0DF5705D 		add	sp, sp, #15360
 297 00dc 01B0     		add	sp, sp, #4
 298              		.cfi_def_cfa_offset 20
 299              		@ sp needed
 300 00de F0BD     		pop	{r4, r5, r6, r7, pc}
 301              		.cfi_endproc
 302              	.LFE2:
 303              		.size	indcpa_kem_enc, .-indcpa_kem_enc
 304              		.section	.text.indcpa_kem_dec,"ax",%progbits
 305              		.align	2
 306              		.global	indcpa_kem_dec
 307              		.thumb
 308              		.thumb_func
 309              		.type	indcpa_kem_dec, %function
ARM GAS  C:\Users\bogur\AppData\Local\Temp\ccGLhsWB.s 			page 8


 310              	indcpa_kem_dec:
 311              	.LFB3:
  81:..\SABER_indcpa.c **** 
  82:..\SABER_indcpa.c **** void indcpa_kem_dec(const uint8_t sk[SABER_INDCPA_SECRETKEYBYTES], const uint8_t ciphertext[SABER_B
  83:..\SABER_indcpa.c **** {
 312              		.loc 1 83 0
 313              		.cfi_startproc
 314              		@ args = 0, pretend = 0, frame = 5120
 315              		@ frame_needed = 0, uses_anonymous_args = 0
 316              	.LVL41:
 317 0000 70B5     		push	{r4, r5, r6, lr}
 318              		.cfi_def_cfa_offset 16
 319              		.cfi_offset 4, -16
 320              		.cfi_offset 5, -12
 321              		.cfi_offset 6, -8
 322              		.cfi_offset 14, -4
 323 0002 ADF5A05D 		sub	sp, sp, #5120
 324              		.cfi_def_cfa_offset 5136
 325 0006 0646     		mov	r6, r0
 326 0008 0D46     		mov	r5, r1
 327 000a 1446     		mov	r4, r2
  84:..\SABER_indcpa.c **** 
  85:..\SABER_indcpa.c **** 	uint16_t s[SABER_L][SABER_N];
  86:..\SABER_indcpa.c **** 	uint16_t b[SABER_L][SABER_N];
  87:..\SABER_indcpa.c **** 	uint16_t v[SABER_N] = {0};
 328              		.loc 1 87 0
 329 000c 4FF40072 		mov	r2, #512
 330              	.LVL42:
 331 0010 0021     		movs	r1, #0
 332              	.LVL43:
 333 0012 0DEB0200 		add	r0, sp, r2
 334              	.LVL44:
 335 0016 FFF7FEFF 		bl	memset
 336              	.LVL45:
  88:..\SABER_indcpa.c **** 	uint16_t cm[SABER_N];
  89:..\SABER_indcpa.c **** 	int i;
  90:..\SABER_indcpa.c **** 
  91:..\SABER_indcpa.c **** 	BS2POLVECq(sk, s);
 337              		.loc 1 91 0
 338 001a 0DF54061 		add	r1, sp, #3072
 339 001e 3046     		mov	r0, r6
 340 0020 FFF7FEFF 		bl	BS2POLVECq
 341              	.LVL46:
  92:..\SABER_indcpa.c **** 	BS2POLVECp(ciphertext, b);
 342              		.loc 1 92 0
 343 0024 0DF58061 		add	r1, sp, #1024
 344 0028 2846     		mov	r0, r5
 345 002a FFF7FEFF 		bl	BS2POLVECp
 346              	.LVL47:
  93:..\SABER_indcpa.c **** 	InnerProd(b, s, v);
 347              		.loc 1 93 0
 348 002e 80AA     		add	r2, sp, #512
 349 0030 0DF54061 		add	r1, sp, #3072
 350 0034 0DF58060 		add	r0, sp, #1024
 351 0038 FFF7FEFF 		bl	InnerProd
 352              	.LVL48:
  94:..\SABER_indcpa.c **** 	BS2POLT(ciphertext + SABER_POLYVECCOMPRESSEDBYTES, cm);
ARM GAS  C:\Users\bogur\AppData\Local\Temp\ccGLhsWB.s 			page 9


 353              		.loc 1 94 0
 354 003c 6946     		mov	r1, sp
 355 003e 05F5A060 		add	r0, r5, #1280
 356 0042 FFF7FEFF 		bl	BS2POLT
 357              	.LVL49:
  95:..\SABER_indcpa.c **** 
  96:..\SABER_indcpa.c **** 	for (i = 0; i < SABER_N; i++)
 358              		.loc 1 96 0
 359 0046 0022     		movs	r2, #0
 360 0048 0BE0     		b	.L16
 361              	.LVL50:
 362              	.L17:
  97:..\SABER_indcpa.c **** 	{
  98:..\SABER_indcpa.c **** 		v[i] = (v[i] + h2 - (cm[i] << (SABER_EP - SABER_ET))) >> (SABER_EP - 1);
 363              		.loc 1 98 0 discriminator 3
 364 004a 80A9     		add	r1, sp, #512
 365 004c 31F81230 		ldrh	r3, [r1, r2, lsl #1]
 366 0050 FC33     		adds	r3, r3, #252
 367 0052 3DF81200 		ldrh	r0, [sp, r2, lsl #1]
 368 0056 A3EB0013 		sub	r3, r3, r0, lsl #4
 369 005a 5B12     		asrs	r3, r3, #9
 370 005c 21F81230 		strh	r3, [r1, r2, lsl #1]	@ movhi
  96:..\SABER_indcpa.c **** 	{
 371              		.loc 1 96 0 discriminator 3
 372 0060 0132     		adds	r2, r2, #1
 373              	.LVL51:
 374              	.L16:
  96:..\SABER_indcpa.c **** 	{
 375              		.loc 1 96 0 is_stmt 0 discriminator 1
 376 0062 FF2A     		cmp	r2, #255
 377 0064 F1DD     		ble	.L17
  99:..\SABER_indcpa.c **** 	}
 100:..\SABER_indcpa.c **** 
 101:..\SABER_indcpa.c **** 	POLmsg2BS(m, v);
 378              		.loc 1 101 0 is_stmt 1
 379 0066 80A9     		add	r1, sp, #512
 380 0068 2046     		mov	r0, r4
 381 006a FFF7FEFF 		bl	POLmsg2BS
 382              	.LVL52:
 102:..\SABER_indcpa.c **** }
 383              		.loc 1 102 0
 384 006e 0DF5A05D 		add	sp, sp, #5120
 385              		.cfi_def_cfa_offset 16
 386              		@ sp needed
 387 0072 70BD     		pop	{r4, r5, r6, pc}
 388              		.cfi_endproc
 389              	.LFE3:
 390              		.size	indcpa_kem_dec, .-indcpa_kem_dec
 391              		.text
 392              	.Letext0:
 393              		.file 2 "c:\\program files (x86)\\cypress\\psoc creator\\4.4\\psoc creator\\import\\gnu\\arm\\5.4.
 394              		.file 3 "c:\\program files (x86)\\cypress\\psoc creator\\4.4\\psoc creator\\import\\gnu\\arm\\5.4.
 395              		.file 4 "..\\randombytes.h"
 396              		.file 5 "..\\fips202.h"
 397              		.file 6 "..\\poly.h"
 398              		.file 7 "..\\pack_unpack.h"
 399              		.section	.debug_info,"",%progbits
ARM GAS  C:\Users\bogur\AppData\Local\Temp\ccGLhsWB.s 			page 10


 400              	.Ldebug_info0:
 401 0000 86060000 		.4byte	0x686
 402 0004 0400     		.2byte	0x4
 403 0006 00000000 		.4byte	.Ldebug_abbrev0
 404 000a 04       		.byte	0x4
 405 000b 01       		.uleb128 0x1
 406 000c A1010000 		.4byte	.LASF37
 407 0010 0C       		.byte	0xc
 408 0011 54000000 		.4byte	.LASF38
 409 0015 2B010000 		.4byte	.LASF39
 410 0019 00000000 		.4byte	.Ldebug_ranges0+0
 411 001d 00000000 		.4byte	0
 412 0021 00000000 		.4byte	.Ldebug_line0
 413 0025 02       		.uleb128 0x2
 414 0026 04       		.byte	0x4
 415 0027 05       		.byte	0x5
 416 0028 696E7400 		.ascii	"int\000"
 417 002c 03       		.uleb128 0x3
 418 002d 04       		.byte	0x4
 419 002e 07       		.byte	0x7
 420 002f EE000000 		.4byte	.LASF0
 421 0033 03       		.uleb128 0x3
 422 0034 08       		.byte	0x8
 423 0035 05       		.byte	0x5
 424 0036 6C020000 		.4byte	.LASF1
 425 003a 03       		.uleb128 0x3
 426 003b 08       		.byte	0x8
 427 003c 04       		.byte	0x4
 428 003d B6020000 		.4byte	.LASF2
 429 0041 03       		.uleb128 0x3
 430 0042 01       		.byte	0x1
 431 0043 06       		.byte	0x6
 432 0044 C2020000 		.4byte	.LASF3
 433 0048 04       		.uleb128 0x4
 434 0049 0B000000 		.4byte	.LASF6
 435 004d 02       		.byte	0x2
 436 004e 1D       		.byte	0x1d
 437 004f 53000000 		.4byte	0x53
 438 0053 03       		.uleb128 0x3
 439 0054 01       		.byte	0x1
 440 0055 08       		.byte	0x8
 441 0056 66000000 		.4byte	.LASF4
 442 005a 03       		.uleb128 0x3
 443 005b 02       		.byte	0x2
 444 005c 05       		.byte	0x5
 445 005d 89020000 		.4byte	.LASF5
 446 0061 04       		.uleb128 0x4
 447 0062 D1000000 		.4byte	.LASF7
 448 0066 02       		.byte	0x2
 449 0067 2B       		.byte	0x2b
 450 0068 6C000000 		.4byte	0x6c
 451 006c 03       		.uleb128 0x3
 452 006d 02       		.byte	0x2
 453 006e 07       		.byte	0x7
 454 006f A4000000 		.4byte	.LASF8
 455 0073 03       		.uleb128 0x3
 456 0074 04       		.byte	0x4
ARM GAS  C:\Users\bogur\AppData\Local\Temp\ccGLhsWB.s 			page 11


 457 0075 05       		.byte	0x5
 458 0076 AD020000 		.4byte	.LASF9
 459 007a 03       		.uleb128 0x3
 460 007b 04       		.byte	0x4
 461 007c 07       		.byte	0x7
 462 007d 87000000 		.4byte	.LASF10
 463 0081 03       		.uleb128 0x3
 464 0082 08       		.byte	0x8
 465 0083 07       		.byte	0x7
 466 0084 0A010000 		.4byte	.LASF11
 467 0088 03       		.uleb128 0x3
 468 0089 04       		.byte	0x4
 469 008a 07       		.byte	0x7
 470 008b 63020000 		.4byte	.LASF12
 471 008f 03       		.uleb128 0x3
 472 0090 01       		.byte	0x1
 473 0091 08       		.byte	0x8
 474 0092 7A020000 		.4byte	.LASF13
 475 0096 04       		.uleb128 0x4
 476 0097 2A000000 		.4byte	.LASF14
 477 009b 03       		.byte	0x3
 478 009c 18       		.byte	0x18
 479 009d 48000000 		.4byte	0x48
 480 00a1 04       		.uleb128 0x4
 481 00a2 93020000 		.4byte	.LASF15
 482 00a6 03       		.byte	0x3
 483 00a7 24       		.byte	0x24
 484 00a8 61000000 		.4byte	0x61
 485 00ac 05       		.uleb128 0x5
 486 00ad 74000000 		.4byte	.LASF18
 487 00b1 01       		.byte	0x1
 488 00b2 0E       		.byte	0xe
 489 00b3 00000000 		.4byte	.LFB1
 490 00b7 C8000000 		.4byte	.LFE1-.LFB1
 491 00bb 01       		.uleb128 0x1
 492 00bc 9C       		.byte	0x9c
 493 00bd 4E020000 		.4byte	0x24e
 494 00c1 06       		.uleb128 0x6
 495 00c2 706B00   		.ascii	"pk\000"
 496 00c5 01       		.byte	0x1
 497 00c6 0E       		.byte	0xe
 498 00c7 4E020000 		.4byte	0x24e
 499 00cb 00000000 		.4byte	.LLST0
 500 00cf 06       		.uleb128 0x6
 501 00d0 736B00   		.ascii	"sk\000"
 502 00d3 01       		.byte	0x1
 503 00d4 0E       		.byte	0xe
 504 00d5 4E020000 		.4byte	0x24e
 505 00d9 1E000000 		.4byte	.LLST1
 506 00dd 07       		.uleb128 0x7
 507 00de 4100     		.ascii	"A\000"
 508 00e0 01       		.byte	0x1
 509 00e1 10       		.byte	0x10
 510 00e2 54020000 		.4byte	0x254
 511 00e6 04       		.uleb128 0x4
 512 00e7 91       		.byte	0x91
 513 00e8 F0BF7F   		.sleb128 -8208
ARM GAS  C:\Users\bogur\AppData\Local\Temp\ccGLhsWB.s 			page 12


 514 00eb 07       		.uleb128 0x7
 515 00ec 7300     		.ascii	"s\000"
 516 00ee 01       		.byte	0x1
 517 00ef 11       		.byte	0x11
 518 00f0 70020000 		.4byte	0x270
 519 00f4 04       		.uleb128 0x4
 520 00f5 91       		.byte	0x91
 521 00f6 F0AF7F   		.sleb128 -10256
 522 00f9 07       		.uleb128 0x7
 523 00fa 6200     		.ascii	"b\000"
 524 00fc 01       		.byte	0x1
 525 00fd 12       		.byte	0x12
 526 00fe 70020000 		.4byte	0x270
 527 0102 04       		.uleb128 0x4
 528 0103 91       		.byte	0x91
 529 0104 F09F7F   		.sleb128 -12304
 530 0107 08       		.uleb128 0x8
 531 0108 A6020000 		.4byte	.LASF16
 532 010c 01       		.byte	0x1
 533 010d 14       		.byte	0x14
 534 010e 86020000 		.4byte	0x286
 535 0112 04       		.uleb128 0x4
 536 0113 91       		.byte	0x91
 537 0114 D09F7F   		.sleb128 -12336
 538 0117 08       		.uleb128 0x8
 539 0118 32000000 		.4byte	.LASF17
 540 011c 01       		.byte	0x1
 541 011d 15       		.byte	0x15
 542 011e 86020000 		.4byte	0x286
 543 0122 04       		.uleb128 0x4
 544 0123 91       		.byte	0x91
 545 0124 B09F7F   		.sleb128 -12368
 546 0127 09       		.uleb128 0x9
 547 0128 6900     		.ascii	"i\000"
 548 012a 01       		.byte	0x1
 549 012b 16       		.byte	0x16
 550 012c 25000000 		.4byte	0x25
 551 0130 4A000000 		.4byte	.LLST2
 552 0134 09       		.uleb128 0x9
 553 0135 6A00     		.ascii	"j\000"
 554 0137 01       		.byte	0x1
 555 0138 16       		.byte	0x16
 556 0139 25000000 		.4byte	0x25
 557 013d 69000000 		.4byte	.LLST3
 558 0141 0A       		.uleb128 0xa
 559 0142 18000000 		.4byte	.LVL3
 560 0146 E6050000 		.4byte	0x5e6
 561 014a 63010000 		.4byte	0x163
 562 014e 0B       		.uleb128 0xb
 563 014f 01       		.uleb128 0x1
 564 0150 50       		.byte	0x50
 565 0151 04       		.uleb128 0x4
 566 0152 91       		.byte	0x91
 567 0153 F09F7F   		.sleb128 -12304
 568 0156 0B       		.uleb128 0xb
 569 0157 01       		.uleb128 0x1
 570 0158 51       		.byte	0x51
ARM GAS  C:\Users\bogur\AppData\Local\Temp\ccGLhsWB.s 			page 13


 571 0159 01       		.uleb128 0x1
 572 015a 30       		.byte	0x30
 573 015b 0B       		.uleb128 0xb
 574 015c 01       		.uleb128 0x1
 575 015d 52       		.byte	0x52
 576 015e 03       		.uleb128 0x3
 577 015f 0A       		.byte	0xa
 578 0160 0008     		.2byte	0x800
 579 0162 00       		.byte	0
 580 0163 0A       		.uleb128 0xa
 581 0164 22000000 		.4byte	.LVL4
 582 0168 EF050000 		.4byte	0x5ef
 583 016c 7D010000 		.4byte	0x17d
 584 0170 0B       		.uleb128 0xb
 585 0171 01       		.uleb128 0x1
 586 0172 50       		.byte	0x50
 587 0173 02       		.uleb128 0x2
 588 0174 76       		.byte	0x76
 589 0175 00       		.sleb128 0
 590 0176 0B       		.uleb128 0xb
 591 0177 01       		.uleb128 0x1
 592 0178 51       		.byte	0x51
 593 0179 02       		.uleb128 0x2
 594 017a 08       		.byte	0x8
 595 017b 20       		.byte	0x20
 596 017c 00       		.byte	0
 597 017d 0A       		.uleb128 0xa
 598 017e 32000000 		.4byte	.LVL5
 599 0182 FA050000 		.4byte	0x5fa
 600 0186 98010000 		.4byte	0x198
 601 018a 0B       		.uleb128 0xb
 602 018b 01       		.uleb128 0x1
 603 018c 50       		.byte	0x50
 604 018d 02       		.uleb128 0x2
 605 018e 76       		.byte	0x76
 606 018f 00       		.sleb128 0
 607 0190 0B       		.uleb128 0xb
 608 0191 02       		.uleb128 0x2
 609 0192 7D       		.byte	0x7d
 610 0193 00       		.sleb128 0
 611 0194 02       		.uleb128 0x2
 612 0195 76       		.byte	0x76
 613 0196 00       		.sleb128 0
 614 0197 00       		.byte	0
 615 0198 0A       		.uleb128 0xa
 616 0199 3A000000 		.4byte	.LVL6
 617 019d EF050000 		.4byte	0x5ef
 618 01a1 B4010000 		.4byte	0x1b4
 619 01a5 0B       		.uleb128 0xb
 620 01a6 01       		.uleb128 0x1
 621 01a7 50       		.byte	0x50
 622 01a8 04       		.uleb128 0x4
 623 01a9 91       		.byte	0x91
 624 01aa B09F7F   		.sleb128 -12368
 625 01ad 0B       		.uleb128 0xb
 626 01ae 01       		.uleb128 0x1
 627 01af 51       		.byte	0x51
ARM GAS  C:\Users\bogur\AppData\Local\Temp\ccGLhsWB.s 			page 14


 628 01b0 02       		.uleb128 0x2
 629 01b1 08       		.byte	0x8
 630 01b2 20       		.byte	0x20
 631 01b3 00       		.byte	0
 632 01b4 0A       		.uleb128 0xa
 633 01b5 46000000 		.4byte	.LVL7
 634 01b9 05060000 		.4byte	0x605
 635 01bd D0010000 		.4byte	0x1d0
 636 01c1 0B       		.uleb128 0xb
 637 01c2 01       		.uleb128 0x1
 638 01c3 50       		.byte	0x50
 639 01c4 04       		.uleb128 0x4
 640 01c5 91       		.byte	0x91
 641 01c6 F0BF7F   		.sleb128 -8208
 642 01c9 0B       		.uleb128 0xb
 643 01ca 01       		.uleb128 0x1
 644 01cb 51       		.byte	0x51
 645 01cc 02       		.uleb128 0x2
 646 01cd 76       		.byte	0x76
 647 01ce 00       		.sleb128 0
 648 01cf 00       		.byte	0
 649 01d0 0A       		.uleb128 0xa
 650 01d1 50000000 		.4byte	.LVL8
 651 01d5 10060000 		.4byte	0x610
 652 01d9 EE010000 		.4byte	0x1ee
 653 01dd 0B       		.uleb128 0xb
 654 01de 01       		.uleb128 0x1
 655 01df 50       		.byte	0x50
 656 01e0 04       		.uleb128 0x4
 657 01e1 91       		.byte	0x91
 658 01e2 F0AF7F   		.sleb128 -10256
 659 01e5 0B       		.uleb128 0xb
 660 01e6 01       		.uleb128 0x1
 661 01e7 51       		.byte	0x51
 662 01e8 04       		.uleb128 0x4
 663 01e9 91       		.byte	0x91
 664 01ea B09F7F   		.sleb128 -12368
 665 01ed 00       		.byte	0
 666 01ee 0A       		.uleb128 0xa
 667 01ef 62000000 		.4byte	.LVL9
 668 01f3 1B060000 		.4byte	0x61b
 669 01f7 19020000 		.4byte	0x219
 670 01fb 0B       		.uleb128 0xb
 671 01fc 01       		.uleb128 0x1
 672 01fd 50       		.byte	0x50
 673 01fe 04       		.uleb128 0x4
 674 01ff 91       		.byte	0x91
 675 0200 F0BF7F   		.sleb128 -8208
 676 0203 0B       		.uleb128 0xb
 677 0204 01       		.uleb128 0x1
 678 0205 51       		.byte	0x51
 679 0206 04       		.uleb128 0x4
 680 0207 91       		.byte	0x91
 681 0208 F0AF7F   		.sleb128 -10256
 682 020b 0B       		.uleb128 0xb
 683 020c 01       		.uleb128 0x1
 684 020d 52       		.byte	0x52
ARM GAS  C:\Users\bogur\AppData\Local\Temp\ccGLhsWB.s 			page 15


 685 020e 04       		.uleb128 0x4
 686 020f 91       		.byte	0x91
 687 0210 F09F7F   		.sleb128 -12304
 688 0213 0B       		.uleb128 0xb
 689 0214 01       		.uleb128 0x1
 690 0215 53       		.byte	0x53
 691 0216 01       		.uleb128 0x1
 692 0217 31       		.byte	0x31
 693 0218 00       		.byte	0
 694 0219 0A       		.uleb128 0xa
 695 021a 92000000 		.4byte	.LVL15
 696 021e 26060000 		.4byte	0x626
 697 0222 35020000 		.4byte	0x235
 698 0226 0B       		.uleb128 0xb
 699 0227 01       		.uleb128 0x1
 700 0228 50       		.byte	0x50
 701 0229 02       		.uleb128 0x2
 702 022a 75       		.byte	0x75
 703 022b 00       		.sleb128 0
 704 022c 0B       		.uleb128 0xb
 705 022d 01       		.uleb128 0x1
 706 022e 51       		.byte	0x51
 707 022f 04       		.uleb128 0x4
 708 0230 91       		.byte	0x91
 709 0231 F0AF7F   		.sleb128 -10256
 710 0234 00       		.byte	0
 711 0235 0C       		.uleb128 0xc
 712 0236 9A000000 		.4byte	.LVL16
 713 023a 31060000 		.4byte	0x631
 714 023e 0B       		.uleb128 0xb
 715 023f 01       		.uleb128 0x1
 716 0240 50       		.byte	0x50
 717 0241 02       		.uleb128 0x2
 718 0242 74       		.byte	0x74
 719 0243 00       		.sleb128 0
 720 0244 0B       		.uleb128 0xb
 721 0245 01       		.uleb128 0x1
 722 0246 51       		.byte	0x51
 723 0247 04       		.uleb128 0x4
 724 0248 91       		.byte	0x91
 725 0249 F09F7F   		.sleb128 -12304
 726 024c 00       		.byte	0
 727 024d 00       		.byte	0
 728 024e 0D       		.uleb128 0xd
 729 024f 04       		.byte	0x4
 730 0250 96000000 		.4byte	0x96
 731 0254 0E       		.uleb128 0xe
 732 0255 A1000000 		.4byte	0xa1
 733 0259 70020000 		.4byte	0x270
 734 025d 0F       		.uleb128 0xf
 735 025e 88000000 		.4byte	0x88
 736 0262 03       		.byte	0x3
 737 0263 0F       		.uleb128 0xf
 738 0264 88000000 		.4byte	0x88
 739 0268 03       		.byte	0x3
 740 0269 0F       		.uleb128 0xf
 741 026a 88000000 		.4byte	0x88
ARM GAS  C:\Users\bogur\AppData\Local\Temp\ccGLhsWB.s 			page 16


 742 026e FF       		.byte	0xff
 743 026f 00       		.byte	0
 744 0270 0E       		.uleb128 0xe
 745 0271 A1000000 		.4byte	0xa1
 746 0275 86020000 		.4byte	0x286
 747 0279 0F       		.uleb128 0xf
 748 027a 88000000 		.4byte	0x88
 749 027e 03       		.byte	0x3
 750 027f 0F       		.uleb128 0xf
 751 0280 88000000 		.4byte	0x88
 752 0284 FF       		.byte	0xff
 753 0285 00       		.byte	0
 754 0286 0E       		.uleb128 0xe
 755 0287 96000000 		.4byte	0x96
 756 028b 96020000 		.4byte	0x296
 757 028f 0F       		.uleb128 0xf
 758 0290 88000000 		.4byte	0x88
 759 0294 1F       		.byte	0x1f
 760 0295 00       		.byte	0
 761 0296 05       		.uleb128 0x5
 762 0297 54020000 		.4byte	.LASF19
 763 029b 01       		.byte	0x1
 764 029c 2D       		.byte	0x2d
 765 029d 00000000 		.4byte	.LFB2
 766 02a1 E0000000 		.4byte	.LFE2-.LFB2
 767 02a5 01       		.uleb128 0x1
 768 02a6 9C       		.byte	0x9c
 769 02a7 9D040000 		.4byte	0x49d
 770 02ab 06       		.uleb128 0x6
 771 02ac 6D00     		.ascii	"m\000"
 772 02ae 01       		.byte	0x1
 773 02af 2D       		.byte	0x2d
 774 02b0 9D040000 		.4byte	0x49d
 775 02b4 87000000 		.4byte	.LLST4
 776 02b8 10       		.uleb128 0x10
 777 02b9 E6000000 		.4byte	.LASF20
 778 02bd 01       		.byte	0x1
 779 02be 2D       		.byte	0x2d
 780 02bf 9D040000 		.4byte	0x49d
 781 02c3 A5000000 		.4byte	.LLST5
 782 02c7 06       		.uleb128 0x6
 783 02c8 706B00   		.ascii	"pk\000"
 784 02cb 01       		.byte	0x1
 785 02cc 2D       		.byte	0x2d
 786 02cd 9D040000 		.4byte	0x49d
 787 02d1 D1000000 		.4byte	.LLST6
 788 02d5 10       		.uleb128 0x10
 789 02d6 00000000 		.4byte	.LASF21
 790 02da 01       		.byte	0x1
 791 02db 2D       		.byte	0x2d
 792 02dc 4E020000 		.4byte	0x24e
 793 02e0 EF000000 		.4byte	.LLST7
 794 02e4 07       		.uleb128 0x7
 795 02e5 4100     		.ascii	"A\000"
 796 02e7 01       		.byte	0x1
 797 02e8 2F       		.byte	0x2f
 798 02e9 54020000 		.4byte	0x254
ARM GAS  C:\Users\bogur\AppData\Local\Temp\ccGLhsWB.s 			page 17


 799 02ed 04       		.uleb128 0x4
 800 02ee 91       		.byte	0x91
 801 02ef E8BF7F   		.sleb128 -8216
 802 02f2 07       		.uleb128 0x7
 803 02f3 737000   		.ascii	"sp\000"
 804 02f6 01       		.byte	0x1
 805 02f7 30       		.byte	0x30
 806 02f8 70020000 		.4byte	0x270
 807 02fc 04       		.uleb128 0x4
 808 02fd 91       		.byte	0x91
 809 02fe E8AF7F   		.sleb128 -10264
 810 0301 07       		.uleb128 0x7
 811 0302 627000   		.ascii	"bp\000"
 812 0305 01       		.byte	0x1
 813 0306 31       		.byte	0x31
 814 0307 70020000 		.4byte	0x270
 815 030b 04       		.uleb128 0x4
 816 030c 91       		.byte	0x91
 817 030d E89F7F   		.sleb128 -12312
 818 0310 07       		.uleb128 0x7
 819 0311 767000   		.ascii	"vp\000"
 820 0314 01       		.byte	0x1
 821 0315 32       		.byte	0x32
 822 0316 A8040000 		.4byte	0x4a8
 823 031a 04       		.uleb128 0x4
 824 031b 91       		.byte	0x91
 825 031c E89B7F   		.sleb128 -12824
 826 031f 07       		.uleb128 0x7
 827 0320 6D7000   		.ascii	"mp\000"
 828 0323 01       		.byte	0x1
 829 0324 33       		.byte	0x33
 830 0325 A8040000 		.4byte	0x4a8
 831 0329 04       		.uleb128 0x4
 832 032a 91       		.byte	0x91
 833 032b E8977F   		.sleb128 -13336
 834 032e 07       		.uleb128 0x7
 835 032f 6200     		.ascii	"b\000"
 836 0331 01       		.byte	0x1
 837 0332 34       		.byte	0x34
 838 0333 70020000 		.4byte	0x270
 839 0337 04       		.uleb128 0x4
 840 0338 91       		.byte	0x91
 841 0339 E8877F   		.sleb128 -15384
 842 033c 09       		.uleb128 0x9
 843 033d 6900     		.ascii	"i\000"
 844 033f 01       		.byte	0x1
 845 0340 35       		.byte	0x35
 846 0341 25000000 		.4byte	0x25
 847 0345 0D010000 		.4byte	.LLST8
 848 0349 09       		.uleb128 0x9
 849 034a 6A00     		.ascii	"j\000"
 850 034c 01       		.byte	0x1
 851 034d 35       		.byte	0x35
 852 034e 25000000 		.4byte	0x25
 853 0352 2C010000 		.4byte	.LLST9
 854 0356 11       		.uleb128 0x11
 855 0357 A6020000 		.4byte	.LASF16
ARM GAS  C:\Users\bogur\AppData\Local\Temp\ccGLhsWB.s 			page 18


 856 035b 01       		.byte	0x1
 857 035c 36       		.byte	0x36
 858 035d 9D040000 		.4byte	0x49d
 859 0361 61010000 		.4byte	.LLST10
 860 0365 0A       		.uleb128 0xa
 861 0366 1E000000 		.4byte	.LVL22
 862 036a E6050000 		.4byte	0x5e6
 863 036e 87030000 		.4byte	0x387
 864 0372 0B       		.uleb128 0xb
 865 0373 01       		.uleb128 0x1
 866 0374 50       		.byte	0x50
 867 0375 04       		.uleb128 0x4
 868 0376 91       		.byte	0x91
 869 0377 E89F7F   		.sleb128 -12312
 870 037a 0B       		.uleb128 0xb
 871 037b 01       		.uleb128 0x1
 872 037c 51       		.byte	0x51
 873 037d 01       		.uleb128 0x1
 874 037e 30       		.byte	0x30
 875 037f 0B       		.uleb128 0xb
 876 0380 01       		.uleb128 0x1
 877 0381 52       		.byte	0x52
 878 0382 03       		.uleb128 0x3
 879 0383 0A       		.byte	0xa
 880 0384 0008     		.2byte	0x800
 881 0386 00       		.byte	0
 882 0387 0A       		.uleb128 0xa
 883 0388 2C000000 		.4byte	.LVL23
 884 038c E6050000 		.4byte	0x5e6
 885 0390 A9030000 		.4byte	0x3a9
 886 0394 0B       		.uleb128 0xb
 887 0395 01       		.uleb128 0x1
 888 0396 50       		.byte	0x50
 889 0397 04       		.uleb128 0x4
 890 0398 91       		.byte	0x91
 891 0399 E89B7F   		.sleb128 -12824
 892 039c 0B       		.uleb128 0xb
 893 039d 01       		.uleb128 0x1
 894 039e 51       		.byte	0x51
 895 039f 01       		.uleb128 0x1
 896 03a0 30       		.byte	0x30
 897 03a1 0B       		.uleb128 0xb
 898 03a2 01       		.uleb128 0x1
 899 03a3 52       		.byte	0x52
 900 03a4 03       		.uleb128 0x3
 901 03a5 0A       		.byte	0xa
 902 03a6 0002     		.2byte	0x200
 903 03a8 00       		.byte	0
 904 03a9 0A       		.uleb128 0xa
 905 03aa 38000000 		.4byte	.LVL25
 906 03ae 05060000 		.4byte	0x605
 907 03b2 C6030000 		.4byte	0x3c6
 908 03b6 0B       		.uleb128 0xb
 909 03b7 01       		.uleb128 0x1
 910 03b8 50       		.byte	0x50
 911 03b9 04       		.uleb128 0x4
 912 03ba 91       		.byte	0x91
ARM GAS  C:\Users\bogur\AppData\Local\Temp\ccGLhsWB.s 			page 19


 913 03bb E8BF7F   		.sleb128 -8216
 914 03be 0B       		.uleb128 0xb
 915 03bf 01       		.uleb128 0x1
 916 03c0 51       		.byte	0x51
 917 03c1 03       		.uleb128 0x3
 918 03c2 75       		.byte	0x75
 919 03c3 800A     		.sleb128 1280
 920 03c5 00       		.byte	0
 921 03c6 0A       		.uleb128 0xa
 922 03c7 42000000 		.4byte	.LVL26
 923 03cb 10060000 		.4byte	0x610
 924 03cf E2030000 		.4byte	0x3e2
 925 03d3 0B       		.uleb128 0xb
 926 03d4 01       		.uleb128 0x1
 927 03d5 50       		.byte	0x50
 928 03d6 04       		.uleb128 0x4
 929 03d7 91       		.byte	0x91
 930 03d8 E8AF7F   		.sleb128 -10264
 931 03db 0B       		.uleb128 0xb
 932 03dc 01       		.uleb128 0x1
 933 03dd 51       		.byte	0x51
 934 03de 02       		.uleb128 0x2
 935 03df 77       		.byte	0x77
 936 03e0 00       		.sleb128 0
 937 03e1 00       		.byte	0
 938 03e2 0A       		.uleb128 0xa
 939 03e3 54000000 		.4byte	.LVL27
 940 03e7 1B060000 		.4byte	0x61b
 941 03eb 0D040000 		.4byte	0x40d
 942 03ef 0B       		.uleb128 0xb
 943 03f0 01       		.uleb128 0x1
 944 03f1 50       		.byte	0x50
 945 03f2 04       		.uleb128 0x4
 946 03f3 91       		.byte	0x91
 947 03f4 E8BF7F   		.sleb128 -8216
 948 03f7 0B       		.uleb128 0xb
 949 03f8 01       		.uleb128 0x1
 950 03f9 51       		.byte	0x51
 951 03fa 04       		.uleb128 0x4
 952 03fb 91       		.byte	0x91
 953 03fc E8AF7F   		.sleb128 -10264
 954 03ff 0B       		.uleb128 0xb
 955 0400 01       		.uleb128 0x1
 956 0401 52       		.byte	0x52
 957 0402 04       		.uleb128 0x4
 958 0403 91       		.byte	0x91
 959 0404 E89F7F   		.sleb128 -12312
 960 0407 0B       		.uleb128 0xb
 961 0408 01       		.uleb128 0x1
 962 0409 53       		.byte	0x53
 963 040a 01       		.uleb128 0x1
 964 040b 30       		.byte	0x30
 965 040c 00       		.byte	0
 966 040d 0A       		.uleb128 0xa
 967 040e 86000000 		.4byte	.LVL34
 968 0412 31060000 		.4byte	0x631
 969 0416 29040000 		.4byte	0x429
ARM GAS  C:\Users\bogur\AppData\Local\Temp\ccGLhsWB.s 			page 20


 970 041a 0B       		.uleb128 0xb
 971 041b 01       		.uleb128 0x1
 972 041c 50       		.byte	0x50
 973 041d 02       		.uleb128 0x2
 974 041e 74       		.byte	0x74
 975 041f 00       		.sleb128 0
 976 0420 0B       		.uleb128 0xb
 977 0421 01       		.uleb128 0x1
 978 0422 51       		.byte	0x51
 979 0423 04       		.uleb128 0x4
 980 0424 91       		.byte	0x91
 981 0425 E89F7F   		.sleb128 -12312
 982 0428 00       		.byte	0
 983 0429 0A       		.uleb128 0xa
 984 042a 8E000000 		.4byte	.LVL35
 985 042e 3C060000 		.4byte	0x63c
 986 0432 43040000 		.4byte	0x443
 987 0436 0B       		.uleb128 0xb
 988 0437 01       		.uleb128 0x1
 989 0438 50       		.byte	0x50
 990 0439 02       		.uleb128 0x2
 991 043a 75       		.byte	0x75
 992 043b 00       		.sleb128 0
 993 043c 0B       		.uleb128 0xb
 994 043d 01       		.uleb128 0x1
 995 043e 51       		.byte	0x51
 996 043f 02       		.uleb128 0x2
 997 0440 7D       		.byte	0x7d
 998 0441 00       		.sleb128 0
 999 0442 00       		.byte	0
 1000 0443 0A       		.uleb128 0xa
 1001 0444 9C000000 		.4byte	.LVL36
 1002 0448 47060000 		.4byte	0x647
 1003 044c 67040000 		.4byte	0x467
 1004 0450 0B       		.uleb128 0xb
 1005 0451 01       		.uleb128 0x1
 1006 0452 50       		.byte	0x50
 1007 0453 02       		.uleb128 0x2
 1008 0454 7D       		.byte	0x7d
 1009 0455 00       		.sleb128 0
 1010 0456 0B       		.uleb128 0xb
 1011 0457 01       		.uleb128 0x1
 1012 0458 51       		.byte	0x51
 1013 0459 04       		.uleb128 0x4
 1014 045a 91       		.byte	0x91
 1015 045b E8AF7F   		.sleb128 -10264
 1016 045e 0B       		.uleb128 0xb
 1017 045f 01       		.uleb128 0x1
 1018 0460 52       		.byte	0x52
 1019 0461 04       		.uleb128 0x4
 1020 0462 91       		.byte	0x91
 1021 0463 E89B7F   		.sleb128 -12824
 1022 0466 00       		.byte	0
 1023 0467 0A       		.uleb128 0xa
 1024 0468 A6000000 		.4byte	.LVL37
 1025 046c 52060000 		.4byte	0x652
 1026 0470 83040000 		.4byte	0x483
ARM GAS  C:\Users\bogur\AppData\Local\Temp\ccGLhsWB.s 			page 21


 1027 0474 0B       		.uleb128 0xb
 1028 0475 01       		.uleb128 0x1
 1029 0476 50       		.byte	0x50
 1030 0477 02       		.uleb128 0x2
 1031 0478 76       		.byte	0x76
 1032 0479 00       		.sleb128 0
 1033 047a 0B       		.uleb128 0xb
 1034 047b 01       		.uleb128 0x1
 1035 047c 51       		.byte	0x51
 1036 047d 04       		.uleb128 0x4
 1037 047e 91       		.byte	0x91
 1038 047f E8977F   		.sleb128 -13336
 1039 0482 00       		.byte	0
 1040 0483 0C       		.uleb128 0xc
 1041 0484 D8000000 		.4byte	.LVL40
 1042 0488 5D060000 		.4byte	0x65d
 1043 048c 0B       		.uleb128 0xb
 1044 048d 01       		.uleb128 0x1
 1045 048e 50       		.byte	0x50
 1046 048f 03       		.uleb128 0x3
 1047 0490 74       		.byte	0x74
 1048 0491 800A     		.sleb128 1280
 1049 0493 0B       		.uleb128 0xb
 1050 0494 01       		.uleb128 0x1
 1051 0495 51       		.byte	0x51
 1052 0496 04       		.uleb128 0x4
 1053 0497 91       		.byte	0x91
 1054 0498 E89B7F   		.sleb128 -12824
 1055 049b 00       		.byte	0
 1056 049c 00       		.byte	0
 1057 049d 0D       		.uleb128 0xd
 1058 049e 04       		.byte	0x4
 1059 049f A3040000 		.4byte	0x4a3
 1060 04a3 12       		.uleb128 0x12
 1061 04a4 96000000 		.4byte	0x96
 1062 04a8 0E       		.uleb128 0xe
 1063 04a9 A1000000 		.4byte	0xa1
 1064 04ad B8040000 		.4byte	0x4b8
 1065 04b1 0F       		.uleb128 0xf
 1066 04b2 88000000 		.4byte	0x88
 1067 04b6 FF       		.byte	0xff
 1068 04b7 00       		.byte	0
 1069 04b8 05       		.uleb128 0x5
 1070 04b9 FB000000 		.4byte	.LASF22
 1071 04bd 01       		.byte	0x1
 1072 04be 52       		.byte	0x52
 1073 04bf 00000000 		.4byte	.LFB3
 1074 04c3 74000000 		.4byte	.LFE3-.LFB3
 1075 04c7 01       		.uleb128 0x1
 1076 04c8 9C       		.byte	0x9c
 1077 04c9 E6050000 		.4byte	0x5e6
 1078 04cd 06       		.uleb128 0x6
 1079 04ce 736B00   		.ascii	"sk\000"
 1080 04d1 01       		.byte	0x1
 1081 04d2 52       		.byte	0x52
 1082 04d3 9D040000 		.4byte	0x49d
 1083 04d7 90010000 		.4byte	.LLST11
ARM GAS  C:\Users\bogur\AppData\Local\Temp\ccGLhsWB.s 			page 22


 1084 04db 10       		.uleb128 0x10
 1085 04dc 00000000 		.4byte	.LASF21
 1086 04e0 01       		.byte	0x1
 1087 04e1 52       		.byte	0x52
 1088 04e2 9D040000 		.4byte	0x49d
 1089 04e6 AE010000 		.4byte	.LLST12
 1090 04ea 06       		.uleb128 0x6
 1091 04eb 6D00     		.ascii	"m\000"
 1092 04ed 01       		.byte	0x1
 1093 04ee 52       		.byte	0x52
 1094 04ef 4E020000 		.4byte	0x24e
 1095 04f3 CC010000 		.4byte	.LLST13
 1096 04f7 07       		.uleb128 0x7
 1097 04f8 7300     		.ascii	"s\000"
 1098 04fa 01       		.byte	0x1
 1099 04fb 55       		.byte	0x55
 1100 04fc 70020000 		.4byte	0x270
 1101 0500 03       		.uleb128 0x3
 1102 0501 91       		.byte	0x91
 1103 0502 F06F     		.sleb128 -2064
 1104 0504 07       		.uleb128 0x7
 1105 0505 6200     		.ascii	"b\000"
 1106 0507 01       		.byte	0x1
 1107 0508 56       		.byte	0x56
 1108 0509 70020000 		.4byte	0x270
 1109 050d 03       		.uleb128 0x3
 1110 050e 91       		.byte	0x91
 1111 050f F05F     		.sleb128 -4112
 1112 0511 07       		.uleb128 0x7
 1113 0512 7600     		.ascii	"v\000"
 1114 0514 01       		.byte	0x1
 1115 0515 57       		.byte	0x57
 1116 0516 A8040000 		.4byte	0x4a8
 1117 051a 03       		.uleb128 0x3
 1118 051b 91       		.byte	0x91
 1119 051c F05B     		.sleb128 -4624
 1120 051e 07       		.uleb128 0x7
 1121 051f 636D00   		.ascii	"cm\000"
 1122 0522 01       		.byte	0x1
 1123 0523 58       		.byte	0x58
 1124 0524 A8040000 		.4byte	0x4a8
 1125 0528 03       		.uleb128 0x3
 1126 0529 91       		.byte	0x91
 1127 052a F057     		.sleb128 -5136
 1128 052c 09       		.uleb128 0x9
 1129 052d 6900     		.ascii	"i\000"
 1130 052f 01       		.byte	0x1
 1131 0530 59       		.byte	0x59
 1132 0531 25000000 		.4byte	0x25
 1133 0535 EA010000 		.4byte	.LLST14
 1134 0539 0A       		.uleb128 0xa
 1135 053a 1A000000 		.4byte	.LVL45
 1136 053e E6050000 		.4byte	0x5e6
 1137 0542 5A050000 		.4byte	0x55a
 1138 0546 0B       		.uleb128 0xb
 1139 0547 01       		.uleb128 0x1
 1140 0548 50       		.byte	0x50
ARM GAS  C:\Users\bogur\AppData\Local\Temp\ccGLhsWB.s 			page 23


 1141 0549 03       		.uleb128 0x3
 1142 054a 91       		.byte	0x91
 1143 054b F05B     		.sleb128 -4624
 1144 054d 0B       		.uleb128 0xb
 1145 054e 01       		.uleb128 0x1
 1146 054f 51       		.byte	0x51
 1147 0550 01       		.uleb128 0x1
 1148 0551 30       		.byte	0x30
 1149 0552 0B       		.uleb128 0xb
 1150 0553 01       		.uleb128 0x1
 1151 0554 52       		.byte	0x52
 1152 0555 03       		.uleb128 0x3
 1153 0556 0A       		.byte	0xa
 1154 0557 0002     		.2byte	0x200
 1155 0559 00       		.byte	0
 1156 055a 0A       		.uleb128 0xa
 1157 055b 24000000 		.4byte	.LVL46
 1158 055f 68060000 		.4byte	0x668
 1159 0563 75050000 		.4byte	0x575
 1160 0567 0B       		.uleb128 0xb
 1161 0568 01       		.uleb128 0x1
 1162 0569 50       		.byte	0x50
 1163 056a 02       		.uleb128 0x2
 1164 056b 76       		.byte	0x76
 1165 056c 00       		.sleb128 0
 1166 056d 0B       		.uleb128 0xb
 1167 056e 01       		.uleb128 0x1
 1168 056f 51       		.byte	0x51
 1169 0570 03       		.uleb128 0x3
 1170 0571 91       		.byte	0x91
 1171 0572 F06F     		.sleb128 -2064
 1172 0574 00       		.byte	0
 1173 0575 0A       		.uleb128 0xa
 1174 0576 2E000000 		.4byte	.LVL47
 1175 057a 3C060000 		.4byte	0x63c
 1176 057e 90050000 		.4byte	0x590
 1177 0582 0B       		.uleb128 0xb
 1178 0583 01       		.uleb128 0x1
 1179 0584 50       		.byte	0x50
 1180 0585 02       		.uleb128 0x2
 1181 0586 75       		.byte	0x75
 1182 0587 00       		.sleb128 0
 1183 0588 0B       		.uleb128 0xb
 1184 0589 01       		.uleb128 0x1
 1185 058a 51       		.byte	0x51
 1186 058b 03       		.uleb128 0x3
 1187 058c 91       		.byte	0x91
 1188 058d F05F     		.sleb128 -4112
 1189 058f 00       		.byte	0
 1190 0590 0A       		.uleb128 0xa
 1191 0591 3C000000 		.4byte	.LVL48
 1192 0595 47060000 		.4byte	0x647
 1193 0599 B3050000 		.4byte	0x5b3
 1194 059d 0B       		.uleb128 0xb
 1195 059e 01       		.uleb128 0x1
 1196 059f 50       		.byte	0x50
 1197 05a0 03       		.uleb128 0x3
ARM GAS  C:\Users\bogur\AppData\Local\Temp\ccGLhsWB.s 			page 24


 1198 05a1 91       		.byte	0x91
 1199 05a2 F05F     		.sleb128 -4112
 1200 05a4 0B       		.uleb128 0xb
 1201 05a5 01       		.uleb128 0x1
 1202 05a6 51       		.byte	0x51
 1203 05a7 03       		.uleb128 0x3
 1204 05a8 91       		.byte	0x91
 1205 05a9 F06F     		.sleb128 -2064
 1206 05ab 0B       		.uleb128 0xb
 1207 05ac 01       		.uleb128 0x1
 1208 05ad 52       		.byte	0x52
 1209 05ae 03       		.uleb128 0x3
 1210 05af 91       		.byte	0x91
 1211 05b0 F05B     		.sleb128 -4624
 1212 05b2 00       		.byte	0
 1213 05b3 0A       		.uleb128 0xa
 1214 05b4 46000000 		.4byte	.LVL49
 1215 05b8 73060000 		.4byte	0x673
 1216 05bc CE050000 		.4byte	0x5ce
 1217 05c0 0B       		.uleb128 0xb
 1218 05c1 01       		.uleb128 0x1
 1219 05c2 50       		.byte	0x50
 1220 05c3 03       		.uleb128 0x3
 1221 05c4 75       		.byte	0x75
 1222 05c5 800A     		.sleb128 1280
 1223 05c7 0B       		.uleb128 0xb
 1224 05c8 01       		.uleb128 0x1
 1225 05c9 51       		.byte	0x51
 1226 05ca 02       		.uleb128 0x2
 1227 05cb 7D       		.byte	0x7d
 1228 05cc 00       		.sleb128 0
 1229 05cd 00       		.byte	0
 1230 05ce 0C       		.uleb128 0xc
 1231 05cf 6E000000 		.4byte	.LVL52
 1232 05d3 7E060000 		.4byte	0x67e
 1233 05d7 0B       		.uleb128 0xb
 1234 05d8 01       		.uleb128 0x1
 1235 05d9 50       		.byte	0x50
 1236 05da 02       		.uleb128 0x2
 1237 05db 74       		.byte	0x74
 1238 05dc 00       		.sleb128 0
 1239 05dd 0B       		.uleb128 0xb
 1240 05de 01       		.uleb128 0x1
 1241 05df 51       		.byte	0x51
 1242 05e0 03       		.uleb128 0x3
 1243 05e1 91       		.byte	0x91
 1244 05e2 F05B     		.sleb128 -4624
 1245 05e4 00       		.byte	0
 1246 05e5 00       		.byte	0
 1247 05e6 13       		.uleb128 0x13
 1248 05e7 CA000000 		.4byte	.LASF40
 1249 05eb CA000000 		.4byte	.LASF40
 1250 05ef 14       		.uleb128 0x14
 1251 05f0 8D010000 		.4byte	.LASF23
 1252 05f4 8D010000 		.4byte	.LASF23
 1253 05f8 04       		.byte	0x4
 1254 05f9 07       		.byte	0x7
ARM GAS  C:\Users\bogur\AppData\Local\Temp\ccGLhsWB.s 			page 25


 1255 05fa 14       		.uleb128 0x14
 1256 05fb CE020000 		.4byte	.LASF24
 1257 05ff CE020000 		.4byte	.LASF24
 1258 0603 05       		.byte	0x5
 1259 0604 0B       		.byte	0xb
 1260 0605 14       		.uleb128 0x14
 1261 0606 DC000000 		.4byte	.LASF25
 1262 060a DC000000 		.4byte	.LASF25
 1263 060e 06       		.byte	0x6
 1264 060f 09       		.byte	0x9
 1265 0610 14       		.uleb128 0x14
 1266 0611 21010000 		.4byte	.LASF26
 1267 0615 21010000 		.4byte	.LASF26
 1268 0619 06       		.byte	0x6
 1269 061a 0A       		.byte	0xa
 1270 061b 14       		.uleb128 0x14
 1271 061c 39000000 		.4byte	.LASF27
 1272 0620 39000000 		.4byte	.LASF27
 1273 0624 06       		.byte	0x6
 1274 0625 07       		.byte	0x7
 1275 0626 14       		.uleb128 0x14
 1276 0627 49000000 		.4byte	.LASF28
 1277 062b 49000000 		.4byte	.LASF28
 1278 062f 07       		.byte	0x7
 1279 0630 0B       		.byte	0xb
 1280 0631 14       		.uleb128 0x14
 1281 0632 15000000 		.4byte	.LASF29
 1282 0636 15000000 		.4byte	.LASF29
 1283 063a 07       		.byte	0x7
 1284 063b 0C       		.byte	0xc
 1285 063c 14       		.uleb128 0x14
 1286 063d 99000000 		.4byte	.LASF30
 1287 0641 99000000 		.4byte	.LASF30
 1288 0645 07       		.byte	0x7
 1289 0646 0F       		.byte	0xf
 1290 0647 14       		.uleb128 0x14
 1291 0648 9C020000 		.4byte	.LASF31
 1292 064c 9C020000 		.4byte	.LASF31
 1293 0650 06       		.byte	0x6
 1294 0651 08       		.byte	0x8
 1295 0652 14       		.uleb128 0x14
 1296 0653 20000000 		.4byte	.LASF32
 1297 0657 20000000 		.4byte	.LASF32
 1298 065b 07       		.byte	0x7
 1299 065c 11       		.byte	0x11
 1300 065d 14       		.uleb128 0x14
 1301 065e C2000000 		.4byte	.LASF33
 1302 0662 C2000000 		.4byte	.LASF33
 1303 0666 07       		.byte	0x7
 1304 0667 08       		.byte	0x8
 1305 0668 14       		.uleb128 0x14
 1306 0669 B7000000 		.4byte	.LASF34
 1307 066d B7000000 		.4byte	.LASF34
 1308 0671 07       		.byte	0x7
 1309 0672 0E       		.byte	0xe
 1310 0673 14       		.uleb128 0x14
 1311 0674 99010000 		.4byte	.LASF35
ARM GAS  C:\Users\bogur\AppData\Local\Temp\ccGLhsWB.s 			page 26


 1312 0678 99010000 		.4byte	.LASF35
 1313 067c 07       		.byte	0x7
 1314 067d 09       		.byte	0x9
 1315 067e 14       		.uleb128 0x14
 1316 067f 7F020000 		.4byte	.LASF36
 1317 0683 7F020000 		.4byte	.LASF36
 1318 0687 07       		.byte	0x7
 1319 0688 12       		.byte	0x12
 1320 0689 00       		.byte	0
 1321              		.section	.debug_abbrev,"",%progbits
 1322              	.Ldebug_abbrev0:
 1323 0000 01       		.uleb128 0x1
 1324 0001 11       		.uleb128 0x11
 1325 0002 01       		.byte	0x1
 1326 0003 25       		.uleb128 0x25
 1327 0004 0E       		.uleb128 0xe
 1328 0005 13       		.uleb128 0x13
 1329 0006 0B       		.uleb128 0xb
 1330 0007 03       		.uleb128 0x3
 1331 0008 0E       		.uleb128 0xe
 1332 0009 1B       		.uleb128 0x1b
 1333 000a 0E       		.uleb128 0xe
 1334 000b 55       		.uleb128 0x55
 1335 000c 17       		.uleb128 0x17
 1336 000d 11       		.uleb128 0x11
 1337 000e 01       		.uleb128 0x1
 1338 000f 10       		.uleb128 0x10
 1339 0010 17       		.uleb128 0x17
 1340 0011 00       		.byte	0
 1341 0012 00       		.byte	0
 1342 0013 02       		.uleb128 0x2
 1343 0014 24       		.uleb128 0x24
 1344 0015 00       		.byte	0
 1345 0016 0B       		.uleb128 0xb
 1346 0017 0B       		.uleb128 0xb
 1347 0018 3E       		.uleb128 0x3e
 1348 0019 0B       		.uleb128 0xb
 1349 001a 03       		.uleb128 0x3
 1350 001b 08       		.uleb128 0x8
 1351 001c 00       		.byte	0
 1352 001d 00       		.byte	0
 1353 001e 03       		.uleb128 0x3
 1354 001f 24       		.uleb128 0x24
 1355 0020 00       		.byte	0
 1356 0021 0B       		.uleb128 0xb
 1357 0022 0B       		.uleb128 0xb
 1358 0023 3E       		.uleb128 0x3e
 1359 0024 0B       		.uleb128 0xb
 1360 0025 03       		.uleb128 0x3
 1361 0026 0E       		.uleb128 0xe
 1362 0027 00       		.byte	0
 1363 0028 00       		.byte	0
 1364 0029 04       		.uleb128 0x4
 1365 002a 16       		.uleb128 0x16
 1366 002b 00       		.byte	0
 1367 002c 03       		.uleb128 0x3
 1368 002d 0E       		.uleb128 0xe
ARM GAS  C:\Users\bogur\AppData\Local\Temp\ccGLhsWB.s 			page 27


 1369 002e 3A       		.uleb128 0x3a
 1370 002f 0B       		.uleb128 0xb
 1371 0030 3B       		.uleb128 0x3b
 1372 0031 0B       		.uleb128 0xb
 1373 0032 49       		.uleb128 0x49
 1374 0033 13       		.uleb128 0x13
 1375 0034 00       		.byte	0
 1376 0035 00       		.byte	0
 1377 0036 05       		.uleb128 0x5
 1378 0037 2E       		.uleb128 0x2e
 1379 0038 01       		.byte	0x1
 1380 0039 3F       		.uleb128 0x3f
 1381 003a 19       		.uleb128 0x19
 1382 003b 03       		.uleb128 0x3
 1383 003c 0E       		.uleb128 0xe
 1384 003d 3A       		.uleb128 0x3a
 1385 003e 0B       		.uleb128 0xb
 1386 003f 3B       		.uleb128 0x3b
 1387 0040 0B       		.uleb128 0xb
 1388 0041 27       		.uleb128 0x27
 1389 0042 19       		.uleb128 0x19
 1390 0043 11       		.uleb128 0x11
 1391 0044 01       		.uleb128 0x1
 1392 0045 12       		.uleb128 0x12
 1393 0046 06       		.uleb128 0x6
 1394 0047 40       		.uleb128 0x40
 1395 0048 18       		.uleb128 0x18
 1396 0049 9742     		.uleb128 0x2117
 1397 004b 19       		.uleb128 0x19
 1398 004c 01       		.uleb128 0x1
 1399 004d 13       		.uleb128 0x13
 1400 004e 00       		.byte	0
 1401 004f 00       		.byte	0
 1402 0050 06       		.uleb128 0x6
 1403 0051 05       		.uleb128 0x5
 1404 0052 00       		.byte	0
 1405 0053 03       		.uleb128 0x3
 1406 0054 08       		.uleb128 0x8
 1407 0055 3A       		.uleb128 0x3a
 1408 0056 0B       		.uleb128 0xb
 1409 0057 3B       		.uleb128 0x3b
 1410 0058 0B       		.uleb128 0xb
 1411 0059 49       		.uleb128 0x49
 1412 005a 13       		.uleb128 0x13
 1413 005b 02       		.uleb128 0x2
 1414 005c 17       		.uleb128 0x17
 1415 005d 00       		.byte	0
 1416 005e 00       		.byte	0
 1417 005f 07       		.uleb128 0x7
 1418 0060 34       		.uleb128 0x34
 1419 0061 00       		.byte	0
 1420 0062 03       		.uleb128 0x3
 1421 0063 08       		.uleb128 0x8
 1422 0064 3A       		.uleb128 0x3a
 1423 0065 0B       		.uleb128 0xb
 1424 0066 3B       		.uleb128 0x3b
 1425 0067 0B       		.uleb128 0xb
ARM GAS  C:\Users\bogur\AppData\Local\Temp\ccGLhsWB.s 			page 28


 1426 0068 49       		.uleb128 0x49
 1427 0069 13       		.uleb128 0x13
 1428 006a 02       		.uleb128 0x2
 1429 006b 18       		.uleb128 0x18
 1430 006c 00       		.byte	0
 1431 006d 00       		.byte	0
 1432 006e 08       		.uleb128 0x8
 1433 006f 34       		.uleb128 0x34
 1434 0070 00       		.byte	0
 1435 0071 03       		.uleb128 0x3
 1436 0072 0E       		.uleb128 0xe
 1437 0073 3A       		.uleb128 0x3a
 1438 0074 0B       		.uleb128 0xb
 1439 0075 3B       		.uleb128 0x3b
 1440 0076 0B       		.uleb128 0xb
 1441 0077 49       		.uleb128 0x49
 1442 0078 13       		.uleb128 0x13
 1443 0079 02       		.uleb128 0x2
 1444 007a 18       		.uleb128 0x18
 1445 007b 00       		.byte	0
 1446 007c 00       		.byte	0
 1447 007d 09       		.uleb128 0x9
 1448 007e 34       		.uleb128 0x34
 1449 007f 00       		.byte	0
 1450 0080 03       		.uleb128 0x3
 1451 0081 08       		.uleb128 0x8
 1452 0082 3A       		.uleb128 0x3a
 1453 0083 0B       		.uleb128 0xb
 1454 0084 3B       		.uleb128 0x3b
 1455 0085 0B       		.uleb128 0xb
 1456 0086 49       		.uleb128 0x49
 1457 0087 13       		.uleb128 0x13
 1458 0088 02       		.uleb128 0x2
 1459 0089 17       		.uleb128 0x17
 1460 008a 00       		.byte	0
 1461 008b 00       		.byte	0
 1462 008c 0A       		.uleb128 0xa
 1463 008d 898201   		.uleb128 0x4109
 1464 0090 01       		.byte	0x1
 1465 0091 11       		.uleb128 0x11
 1466 0092 01       		.uleb128 0x1
 1467 0093 31       		.uleb128 0x31
 1468 0094 13       		.uleb128 0x13
 1469 0095 01       		.uleb128 0x1
 1470 0096 13       		.uleb128 0x13
 1471 0097 00       		.byte	0
 1472 0098 00       		.byte	0
 1473 0099 0B       		.uleb128 0xb
 1474 009a 8A8201   		.uleb128 0x410a
 1475 009d 00       		.byte	0
 1476 009e 02       		.uleb128 0x2
 1477 009f 18       		.uleb128 0x18
 1478 00a0 9142     		.uleb128 0x2111
 1479 00a2 18       		.uleb128 0x18
 1480 00a3 00       		.byte	0
 1481 00a4 00       		.byte	0
 1482 00a5 0C       		.uleb128 0xc
ARM GAS  C:\Users\bogur\AppData\Local\Temp\ccGLhsWB.s 			page 29


 1483 00a6 898201   		.uleb128 0x4109
 1484 00a9 01       		.byte	0x1
 1485 00aa 11       		.uleb128 0x11
 1486 00ab 01       		.uleb128 0x1
 1487 00ac 31       		.uleb128 0x31
 1488 00ad 13       		.uleb128 0x13
 1489 00ae 00       		.byte	0
 1490 00af 00       		.byte	0
 1491 00b0 0D       		.uleb128 0xd
 1492 00b1 0F       		.uleb128 0xf
 1493 00b2 00       		.byte	0
 1494 00b3 0B       		.uleb128 0xb
 1495 00b4 0B       		.uleb128 0xb
 1496 00b5 49       		.uleb128 0x49
 1497 00b6 13       		.uleb128 0x13
 1498 00b7 00       		.byte	0
 1499 00b8 00       		.byte	0
 1500 00b9 0E       		.uleb128 0xe
 1501 00ba 01       		.uleb128 0x1
 1502 00bb 01       		.byte	0x1
 1503 00bc 49       		.uleb128 0x49
 1504 00bd 13       		.uleb128 0x13
 1505 00be 01       		.uleb128 0x1
 1506 00bf 13       		.uleb128 0x13
 1507 00c0 00       		.byte	0
 1508 00c1 00       		.byte	0
 1509 00c2 0F       		.uleb128 0xf
 1510 00c3 21       		.uleb128 0x21
 1511 00c4 00       		.byte	0
 1512 00c5 49       		.uleb128 0x49
 1513 00c6 13       		.uleb128 0x13
 1514 00c7 2F       		.uleb128 0x2f
 1515 00c8 0B       		.uleb128 0xb
 1516 00c9 00       		.byte	0
 1517 00ca 00       		.byte	0
 1518 00cb 10       		.uleb128 0x10
 1519 00cc 05       		.uleb128 0x5
 1520 00cd 00       		.byte	0
 1521 00ce 03       		.uleb128 0x3
 1522 00cf 0E       		.uleb128 0xe
 1523 00d0 3A       		.uleb128 0x3a
 1524 00d1 0B       		.uleb128 0xb
 1525 00d2 3B       		.uleb128 0x3b
 1526 00d3 0B       		.uleb128 0xb
 1527 00d4 49       		.uleb128 0x49
 1528 00d5 13       		.uleb128 0x13
 1529 00d6 02       		.uleb128 0x2
 1530 00d7 17       		.uleb128 0x17
 1531 00d8 00       		.byte	0
 1532 00d9 00       		.byte	0
 1533 00da 11       		.uleb128 0x11
 1534 00db 34       		.uleb128 0x34
 1535 00dc 00       		.byte	0
 1536 00dd 03       		.uleb128 0x3
 1537 00de 0E       		.uleb128 0xe
 1538 00df 3A       		.uleb128 0x3a
 1539 00e0 0B       		.uleb128 0xb
ARM GAS  C:\Users\bogur\AppData\Local\Temp\ccGLhsWB.s 			page 30


 1540 00e1 3B       		.uleb128 0x3b
 1541 00e2 0B       		.uleb128 0xb
 1542 00e3 49       		.uleb128 0x49
 1543 00e4 13       		.uleb128 0x13
 1544 00e5 02       		.uleb128 0x2
 1545 00e6 17       		.uleb128 0x17
 1546 00e7 00       		.byte	0
 1547 00e8 00       		.byte	0
 1548 00e9 12       		.uleb128 0x12
 1549 00ea 26       		.uleb128 0x26
 1550 00eb 00       		.byte	0
 1551 00ec 49       		.uleb128 0x49
 1552 00ed 13       		.uleb128 0x13
 1553 00ee 00       		.byte	0
 1554 00ef 00       		.byte	0
 1555 00f0 13       		.uleb128 0x13
 1556 00f1 2E       		.uleb128 0x2e
 1557 00f2 00       		.byte	0
 1558 00f3 3F       		.uleb128 0x3f
 1559 00f4 19       		.uleb128 0x19
 1560 00f5 3C       		.uleb128 0x3c
 1561 00f6 19       		.uleb128 0x19
 1562 00f7 6E       		.uleb128 0x6e
 1563 00f8 0E       		.uleb128 0xe
 1564 00f9 03       		.uleb128 0x3
 1565 00fa 0E       		.uleb128 0xe
 1566 00fb 00       		.byte	0
 1567 00fc 00       		.byte	0
 1568 00fd 14       		.uleb128 0x14
 1569 00fe 2E       		.uleb128 0x2e
 1570 00ff 00       		.byte	0
 1571 0100 3F       		.uleb128 0x3f
 1572 0101 19       		.uleb128 0x19
 1573 0102 3C       		.uleb128 0x3c
 1574 0103 19       		.uleb128 0x19
 1575 0104 6E       		.uleb128 0x6e
 1576 0105 0E       		.uleb128 0xe
 1577 0106 03       		.uleb128 0x3
 1578 0107 0E       		.uleb128 0xe
 1579 0108 3A       		.uleb128 0x3a
 1580 0109 0B       		.uleb128 0xb
 1581 010a 3B       		.uleb128 0x3b
 1582 010b 0B       		.uleb128 0xb
 1583 010c 00       		.byte	0
 1584 010d 00       		.byte	0
 1585 010e 00       		.byte	0
 1586              		.section	.debug_loc,"",%progbits
 1587              	.Ldebug_loc0:
 1588              	.LLST0:
 1589 0000 00000000 		.4byte	.LVL0
 1590 0004 14000000 		.4byte	.LVL2
 1591 0008 0100     		.2byte	0x1
 1592 000a 50       		.byte	0x50
 1593 000b 14000000 		.4byte	.LVL2
 1594 000f C8000000 		.4byte	.LFE1
 1595 0013 0100     		.2byte	0x1
 1596 0015 54       		.byte	0x54
ARM GAS  C:\Users\bogur\AppData\Local\Temp\ccGLhsWB.s 			page 31


 1597 0016 00000000 		.4byte	0
 1598 001a 00000000 		.4byte	0
 1599              	.LLST1:
 1600 001e 00000000 		.4byte	.LVL0
 1601 0022 12000000 		.4byte	.LVL1
 1602 0026 0100     		.2byte	0x1
 1603 0028 51       		.byte	0x51
 1604 0029 12000000 		.4byte	.LVL1
 1605 002d 9C000000 		.4byte	.LVL17
 1606 0031 0100     		.2byte	0x1
 1607 0033 55       		.byte	0x55
 1608 0034 9C000000 		.4byte	.LVL17
 1609 0038 C8000000 		.4byte	.LFE1
 1610 003c 0400     		.2byte	0x4
 1611 003e F3       		.byte	0xf3
 1612 003f 01       		.uleb128 0x1
 1613 0040 51       		.byte	0x51
 1614 0041 9F       		.byte	0x9f
 1615 0042 00000000 		.4byte	0
 1616 0046 00000000 		.4byte	0
 1617              	.LLST2:
 1618 004a 62000000 		.4byte	.LVL9
 1619 004e 66000000 		.4byte	.LVL10
 1620 0052 0200     		.2byte	0x2
 1621 0054 30       		.byte	0x30
 1622 0055 9F       		.byte	0x9f
 1623 0056 66000000 		.4byte	.LVL10
 1624 005a C8000000 		.4byte	.LFE1
 1625 005e 0100     		.2byte	0x1
 1626 0060 56       		.byte	0x56
 1627 0061 00000000 		.4byte	0
 1628 0065 00000000 		.4byte	0
 1629              	.LLST3:
 1630 0069 66000000 		.4byte	.LVL10
 1631 006d 7C000000 		.4byte	.LVL12
 1632 0071 0100     		.2byte	0x1
 1633 0073 52       		.byte	0x52
 1634 0074 7E000000 		.4byte	.LVL13
 1635 0078 84000000 		.4byte	.LVL14
 1636 007c 0100     		.2byte	0x1
 1637 007e 52       		.byte	0x52
 1638 007f 00000000 		.4byte	0
 1639 0083 00000000 		.4byte	0
 1640              	.LLST4:
 1641 0087 00000000 		.4byte	.LVL18
 1642 008b 1A000000 		.4byte	.LVL21
 1643 008f 0100     		.2byte	0x1
 1644 0091 50       		.byte	0x50
 1645 0092 1A000000 		.4byte	.LVL21
 1646 0096 E0000000 		.4byte	.LFE2
 1647 009a 0100     		.2byte	0x1
 1648 009c 56       		.byte	0x56
 1649 009d 00000000 		.4byte	0
 1650 00a1 00000000 		.4byte	0
 1651              	.LLST5:
 1652 00a5 00000000 		.4byte	.LVL18
 1653 00a9 16000000 		.4byte	.LVL20
ARM GAS  C:\Users\bogur\AppData\Local\Temp\ccGLhsWB.s 			page 32


 1654 00ad 0100     		.2byte	0x1
 1655 00af 51       		.byte	0x51
 1656 00b0 16000000 		.4byte	.LVL20
 1657 00b4 56000000 		.4byte	.LVL28
 1658 00b8 0100     		.2byte	0x1
 1659 00ba 57       		.byte	0x57
 1660 00bb 56000000 		.4byte	.LVL28
 1661 00bf E0000000 		.4byte	.LFE2
 1662 00c3 0400     		.2byte	0x4
 1663 00c5 F3       		.byte	0xf3
 1664 00c6 01       		.uleb128 0x1
 1665 00c7 51       		.byte	0x51
 1666 00c8 9F       		.byte	0x9f
 1667 00c9 00000000 		.4byte	0
 1668 00cd 00000000 		.4byte	0
 1669              	.LLST6:
 1670 00d1 00000000 		.4byte	.LVL18
 1671 00d5 14000000 		.4byte	.LVL19
 1672 00d9 0100     		.2byte	0x1
 1673 00db 52       		.byte	0x52
 1674 00dc 14000000 		.4byte	.LVL19
 1675 00e0 E0000000 		.4byte	.LFE2
 1676 00e4 0100     		.2byte	0x1
 1677 00e6 55       		.byte	0x55
 1678 00e7 00000000 		.4byte	0
 1679 00eb 00000000 		.4byte	0
 1680              	.LLST7:
 1681 00ef 00000000 		.4byte	.LVL18
 1682 00f3 1D000000 		.4byte	.LVL22-1
 1683 00f7 0100     		.2byte	0x1
 1684 00f9 53       		.byte	0x53
 1685 00fa 1D000000 		.4byte	.LVL22-1
 1686 00fe E0000000 		.4byte	.LFE2
 1687 0102 0100     		.2byte	0x1
 1688 0104 54       		.byte	0x54
 1689 0105 00000000 		.4byte	0
 1690 0109 00000000 		.4byte	0
 1691              	.LLST8:
 1692 010d 54000000 		.4byte	.LVL27
 1693 0111 58000000 		.4byte	.LVL29
 1694 0115 0200     		.2byte	0x2
 1695 0117 30       		.byte	0x30
 1696 0118 9F       		.byte	0x9f
 1697 0119 58000000 		.4byte	.LVL29
 1698 011d E0000000 		.4byte	.LFE2
 1699 0121 0100     		.2byte	0x1
 1700 0123 57       		.byte	0x57
 1701 0124 00000000 		.4byte	0
 1702 0128 00000000 		.4byte	0
 1703              	.LLST9:
 1704 012c 58000000 		.4byte	.LVL29
 1705 0130 70000000 		.4byte	.LVL31
 1706 0134 0100     		.2byte	0x1
 1707 0136 52       		.byte	0x52
 1708 0137 72000000 		.4byte	.LVL32
 1709 013b 78000000 		.4byte	.LVL33
 1710 013f 0100     		.2byte	0x1
ARM GAS  C:\Users\bogur\AppData\Local\Temp\ccGLhsWB.s 			page 33


 1711 0141 52       		.byte	0x52
 1712 0142 A6000000 		.4byte	.LVL37
 1713 0146 AA000000 		.4byte	.LVL38
 1714 014a 0200     		.2byte	0x2
 1715 014c 30       		.byte	0x30
 1716 014d 9F       		.byte	0x9f
 1717 014e AA000000 		.4byte	.LVL38
 1718 0152 D7000000 		.4byte	.LVL40-1
 1719 0156 0100     		.2byte	0x1
 1720 0158 52       		.byte	0x52
 1721 0159 00000000 		.4byte	0
 1722 015d 00000000 		.4byte	0
 1723              	.LLST10:
 1724 0161 2C000000 		.4byte	.LVL23
 1725 0165 30000000 		.4byte	.LVL24
 1726 0169 0400     		.2byte	0x4
 1727 016b 75       		.byte	0x75
 1728 016c 800A     		.sleb128 1280
 1729 016e 9F       		.byte	0x9f
 1730 016f 30000000 		.4byte	.LVL24
 1731 0173 37000000 		.4byte	.LVL25-1
 1732 0177 0100     		.2byte	0x1
 1733 0179 51       		.byte	0x51
 1734 017a 37000000 		.4byte	.LVL25-1
 1735 017e E0000000 		.4byte	.LFE2
 1736 0182 0400     		.2byte	0x4
 1737 0184 75       		.byte	0x75
 1738 0185 800A     		.sleb128 1280
 1739 0187 9F       		.byte	0x9f
 1740 0188 00000000 		.4byte	0
 1741 018c 00000000 		.4byte	0
 1742              	.LLST11:
 1743 0190 00000000 		.4byte	.LVL41
 1744 0194 16000000 		.4byte	.LVL44
 1745 0198 0100     		.2byte	0x1
 1746 019a 50       		.byte	0x50
 1747 019b 16000000 		.4byte	.LVL44
 1748 019f 74000000 		.4byte	.LFE3
 1749 01a3 0100     		.2byte	0x1
 1750 01a5 56       		.byte	0x56
 1751 01a6 00000000 		.4byte	0
 1752 01aa 00000000 		.4byte	0
 1753              	.LLST12:
 1754 01ae 00000000 		.4byte	.LVL41
 1755 01b2 12000000 		.4byte	.LVL43
 1756 01b6 0100     		.2byte	0x1
 1757 01b8 51       		.byte	0x51
 1758 01b9 12000000 		.4byte	.LVL43
 1759 01bd 74000000 		.4byte	.LFE3
 1760 01c1 0100     		.2byte	0x1
 1761 01c3 55       		.byte	0x55
 1762 01c4 00000000 		.4byte	0
 1763 01c8 00000000 		.4byte	0
 1764              	.LLST13:
 1765 01cc 00000000 		.4byte	.LVL41
 1766 01d0 10000000 		.4byte	.LVL42
 1767 01d4 0100     		.2byte	0x1
ARM GAS  C:\Users\bogur\AppData\Local\Temp\ccGLhsWB.s 			page 34


 1768 01d6 52       		.byte	0x52
 1769 01d7 10000000 		.4byte	.LVL42
 1770 01db 74000000 		.4byte	.LFE3
 1771 01df 0100     		.2byte	0x1
 1772 01e1 54       		.byte	0x54
 1773 01e2 00000000 		.4byte	0
 1774 01e6 00000000 		.4byte	0
 1775              	.LLST14:
 1776 01ea 46000000 		.4byte	.LVL49
 1777 01ee 4A000000 		.4byte	.LVL50
 1778 01f2 0200     		.2byte	0x2
 1779 01f4 30       		.byte	0x30
 1780 01f5 9F       		.byte	0x9f
 1781 01f6 4A000000 		.4byte	.LVL50
 1782 01fa 6D000000 		.4byte	.LVL52-1
 1783 01fe 0100     		.2byte	0x1
 1784 0200 52       		.byte	0x52
 1785 0201 00000000 		.4byte	0
 1786 0205 00000000 		.4byte	0
 1787              		.section	.debug_aranges,"",%progbits
 1788 0000 2C000000 		.4byte	0x2c
 1789 0004 0200     		.2byte	0x2
 1790 0006 00000000 		.4byte	.Ldebug_info0
 1791 000a 04       		.byte	0x4
 1792 000b 00       		.byte	0
 1793 000c 0000     		.2byte	0
 1794 000e 0000     		.2byte	0
 1795 0010 00000000 		.4byte	.LFB1
 1796 0014 C8000000 		.4byte	.LFE1-.LFB1
 1797 0018 00000000 		.4byte	.LFB2
 1798 001c E0000000 		.4byte	.LFE2-.LFB2
 1799 0020 00000000 		.4byte	.LFB3
 1800 0024 74000000 		.4byte	.LFE3-.LFB3
 1801 0028 00000000 		.4byte	0
 1802 002c 00000000 		.4byte	0
 1803              		.section	.debug_ranges,"",%progbits
 1804              	.Ldebug_ranges0:
 1805 0000 00000000 		.4byte	.LFB1
 1806 0004 C8000000 		.4byte	.LFE1
 1807 0008 00000000 		.4byte	.LFB2
 1808 000c E0000000 		.4byte	.LFE2
 1809 0010 00000000 		.4byte	.LFB3
 1810 0014 74000000 		.4byte	.LFE3
 1811 0018 00000000 		.4byte	0
 1812 001c 00000000 		.4byte	0
 1813              		.section	.debug_line,"",%progbits
 1814              	.Ldebug_line0:
 1815 0000 1C020000 		.section	.debug_str,"MS",%progbits,1
 1815      02006A01 
 1815      00000201 
 1815      FB0E0D00 
 1815      01010101 
 1816              	.LASF21:
 1817 0000 63697068 		.ascii	"ciphertext\000"
 1817      65727465 
 1817      787400
 1818              	.LASF6:
ARM GAS  C:\Users\bogur\AppData\Local\Temp\ccGLhsWB.s 			page 35


 1819 000b 5F5F7569 		.ascii	"__uint8_t\000"
 1819      6E74385F 
 1819      7400
 1820              	.LASF29:
 1821 0015 504F4C56 		.ascii	"POLVECp2BS\000"
 1821      45437032 
 1821      425300
 1822              	.LASF32:
 1823 0020 42533250 		.ascii	"BS2POLmsg\000"
 1823      4F4C6D73 
 1823      6700
 1824              	.LASF14:
 1825 002a 75696E74 		.ascii	"uint8_t\000"
 1825      385F7400 
 1826              	.LASF17:
 1827 0032 73656564 		.ascii	"seed_s\000"
 1827      5F7300
 1828              	.LASF27:
 1829 0039 4D617472 		.ascii	"MatrixVectorMul\000"
 1829      69785665 
 1829      63746F72 
 1829      4D756C00 
 1830              	.LASF28:
 1831 0049 504F4C56 		.ascii	"POLVECq2BS\000"
 1831      45437132 
 1831      425300
 1832              	.LASF38:
 1833 0054 2E2E5C53 		.ascii	"..\\SABER_indcpa.c\000"
 1833      41424552 
 1833      5F696E64 
 1833      6370612E 
 1833      6300
 1834              	.LASF4:
 1835 0066 756E7369 		.ascii	"unsigned char\000"
 1835      676E6564 
 1835      20636861 
 1835      7200
 1836              	.LASF18:
 1837 0074 696E6463 		.ascii	"indcpa_kem_keypair\000"
 1837      70615F6B 
 1837      656D5F6B 
 1837      65797061 
 1837      697200
 1838              	.LASF10:
 1839 0087 6C6F6E67 		.ascii	"long unsigned int\000"
 1839      20756E73 
 1839      69676E65 
 1839      6420696E 
 1839      7400
 1840              	.LASF30:
 1841 0099 42533250 		.ascii	"BS2POLVECp\000"
 1841      4F4C5645 
 1841      437000
 1842              	.LASF8:
 1843 00a4 73686F72 		.ascii	"short unsigned int\000"
 1843      7420756E 
 1843      7369676E 
ARM GAS  C:\Users\bogur\AppData\Local\Temp\ccGLhsWB.s 			page 36


 1843      65642069 
 1843      6E7400
 1844              	.LASF34:
 1845 00b7 42533250 		.ascii	"BS2POLVECq\000"
 1845      4F4C5645 
 1845      437100
 1846              	.LASF33:
 1847 00c2 504F4C54 		.ascii	"POLT2BS\000"
 1847      32425300 
 1848              	.LASF40:
 1849 00ca 6D656D73 		.ascii	"memset\000"
 1849      657400
 1850              	.LASF7:
 1851 00d1 5F5F7569 		.ascii	"__uint16_t\000"
 1851      6E743136 
 1851      5F7400
 1852              	.LASF25:
 1853 00dc 47656E4D 		.ascii	"GenMatrix\000"
 1853      61747269 
 1853      7800
 1854              	.LASF20:
 1855 00e6 73656564 		.ascii	"seed_sp\000"
 1855      5F737000 
 1856              	.LASF0:
 1857 00ee 756E7369 		.ascii	"unsigned int\000"
 1857      676E6564 
 1857      20696E74 
 1857      00
 1858              	.LASF22:
 1859 00fb 696E6463 		.ascii	"indcpa_kem_dec\000"
 1859      70615F6B 
 1859      656D5F64 
 1859      656300
 1860              	.LASF11:
 1861 010a 6C6F6E67 		.ascii	"long long unsigned int\000"
 1861      206C6F6E 
 1861      6720756E 
 1861      7369676E 
 1861      65642069 
 1862              	.LASF26:
 1863 0121 47656E53 		.ascii	"GenSecret\000"
 1863      65637265 
 1863      7400
 1864              	.LASF39:
 1865 012b 433A5C55 		.ascii	"C:\\Users\\bogur\\Documents\\GitHub\\TFG2\\Codigo\\"
 1865      73657273 
 1865      5C626F67 
 1865      75725C44 
 1865      6F63756D 
 1866 0157 416C676F 		.ascii	"Algoritmos postcuanticos\\PSOC\\SABER\\Saber\\Saber"
 1866      7269746D 
 1866      6F732070 
 1866      6F737463 
 1866      75616E74 
 1867 0186 2E637964 		.ascii	".cydsn\000"
 1867      736E00
 1868              	.LASF23:
ARM GAS  C:\Users\bogur\AppData\Local\Temp\ccGLhsWB.s 			page 37


 1869 018d 72616E64 		.ascii	"randombytes\000"
 1869      6F6D6279 
 1869      74657300 
 1870              	.LASF35:
 1871 0199 42533250 		.ascii	"BS2POLT\000"
 1871      4F4C5400 
 1872              	.LASF37:
 1873 01a1 474E5520 		.ascii	"GNU C11 5.4.1 20160609 (release) [ARM/embedded-5-br"
 1873      43313120 
 1873      352E342E 
 1873      31203230 
 1873      31363036 
 1874 01d4 616E6368 		.ascii	"anch revision 237715] -mcpu=cortex-m4 -mfloat-abi=s"
 1874      20726576 
 1874      6973696F 
 1874      6E203233 
 1874      37373135 
 1875 0207 6F667466 		.ascii	"oftfp -mfpu=fpv4-sp-d16 -mthumb -g -Og -ffunction-s"
 1875      70202D6D 
 1875      6670753D 
 1875      66707634 
 1875      2D73702D 
 1876 023a 65637469 		.ascii	"ections -ffat-lto-objects\000"
 1876      6F6E7320 
 1876      2D666661 
 1876      742D6C74 
 1876      6F2D6F62 
 1877              	.LASF19:
 1878 0254 696E6463 		.ascii	"indcpa_kem_enc\000"
 1878      70615F6B 
 1878      656D5F65 
 1878      6E6300
 1879              	.LASF12:
 1880 0263 73697A65 		.ascii	"sizetype\000"
 1880      74797065 
 1880      00
 1881              	.LASF1:
 1882 026c 6C6F6E67 		.ascii	"long long int\000"
 1882      206C6F6E 
 1882      6720696E 
 1882      7400
 1883              	.LASF13:
 1884 027a 63686172 		.ascii	"char\000"
 1884      00
 1885              	.LASF36:
 1886 027f 504F4C6D 		.ascii	"POLmsg2BS\000"
 1886      73673242 
 1886      5300
 1887              	.LASF5:
 1888 0289 73686F72 		.ascii	"short int\000"
 1888      7420696E 
 1888      7400
 1889              	.LASF15:
 1890 0293 75696E74 		.ascii	"uint16_t\000"
 1890      31365F74 
 1890      00
 1891              	.LASF31:
ARM GAS  C:\Users\bogur\AppData\Local\Temp\ccGLhsWB.s 			page 38


 1892 029c 496E6E65 		.ascii	"InnerProd\000"
 1892      7250726F 
 1892      6400
 1893              	.LASF16:
 1894 02a6 73656564 		.ascii	"seed_A\000"
 1894      5F4100
 1895              	.LASF9:
 1896 02ad 6C6F6E67 		.ascii	"long int\000"
 1896      20696E74 
 1896      00
 1897              	.LASF2:
 1898 02b6 6C6F6E67 		.ascii	"long double\000"
 1898      20646F75 
 1898      626C6500 
 1899              	.LASF3:
 1900 02c2 7369676E 		.ascii	"signed char\000"
 1900      65642063 
 1900      68617200 
 1901              	.LASF24:
 1902 02ce 7368616B 		.ascii	"shake128\000"
 1902      65313238 
 1902      00
 1903              		.ident	"GCC: (GNU Tools for ARM Embedded Processors) 5.4.1 20160609 (release) [ARM/embedded-5-bran
