ARM GAS  C:\Users\bogur\AppData\Local\Temp\ccy48QOd.s 			page 1


   1              		.syntax unified
   2              		.cpu cortex-m0plus
   3              		.fpu softvfp
   4              		.eabi_attribute 20, 1
   5              		.eabi_attribute 21, 1
   6              		.eabi_attribute 23, 3
   7              		.eabi_attribute 24, 1
   8              		.eabi_attribute 25, 1
   9              		.eabi_attribute 26, 1
  10              		.eabi_attribute 30, 1
  11              		.eabi_attribute 34, 0
  12              		.eabi_attribute 18, 4
  13              		.thumb
  14              		.syntax unified
  15              		.file	"stringFormater.c"
  16              		.text
  17              	.Ltext0:
  18              		.cfi_sections	.debug_frame
  19              		.section	.text.crc8,"ax",%progbits
  20              		.align	2
  21              		.global	crc8
  22              		.code	16
  23              		.thumb_func
  24              		.type	crc8, %function
  25              	crc8:
  26              	.LFB0:
  27              		.file 1 "..\\..\\..\\stringFormater.c"
   1:..\..\../stringFormater.c **** /* ========================================
   2:..\..\../stringFormater.c ****  *
   3:..\..\../stringFormater.c ****  * Copyright YOUR COMPANY, THE YEAR
   4:..\..\../stringFormater.c ****  * All Rights Reserved
   5:..\..\../stringFormater.c ****  * UNPUBLISHED, LICENSED SOFTWARE.
   6:..\..\../stringFormater.c ****  *
   7:..\..\../stringFormater.c ****  * CONFIDENTIAL AND PROPRIETARY INFORMATION
   8:..\..\../stringFormater.c ****  * WHICH IS THE PROPERTY OF your company.
   9:..\..\../stringFormater.c ****  *
  10:..\..\../stringFormater.c ****  * ========================================
  11:..\..\../stringFormater.c **** */
  12:..\..\../stringFormater.c **** #include "stringFormater.h"
  13:..\..\../stringFormater.c **** #include <string.h>
  14:..\..\../stringFormater.c **** 
  15:..\..\../stringFormater.c **** uint8_t crc8(const uint8_t *data, uint16_t len)
  16:..\..\../stringFormater.c **** {
  28              		.loc 1 16 0
  29              		.cfi_startproc
  30              		@ args = 0, pretend = 0, frame = 0
  31              		@ frame_needed = 0, uses_anonymous_args = 0
  32              	.LVL0:
  33 0000 30B5     		push	{r4, r5, lr}
  34              		.cfi_def_cfa_offset 12
  35              		.cfi_offset 4, -12
  36              		.cfi_offset 5, -8
  37              		.cfi_offset 14, -4
  38              	.LVL1:
  17:..\..\../stringFormater.c ****     uint8_t crc = 0x00;
  39              		.loc 1 17 0
  40 0002 0022     		movs	r2, #0
ARM GAS  C:\Users\bogur\AppData\Local\Temp\ccy48QOd.s 			page 2


  18:..\..\../stringFormater.c ****     while (len--) {
  41              		.loc 1 18 0
  42 0004 13E0     		b	.L2
  43              	.LVL2:
  44              	.L6:
  45              	.LBB2:
  19:..\..\../stringFormater.c ****         uint8_t extract = *data++;
  46              		.loc 1 19 0
  47 0006 451C     		adds	r5, r0, #1
  48              	.LVL3:
  49 0008 0178     		ldrb	r1, [r0]
  50              	.LVL4:
  51              	.LBB3:
  20:..\..\../stringFormater.c ****         for (uint8_t i = 8; i; i--) {
  52              		.loc 1 20 0
  53 000a 0823     		movs	r3, #8
  54 000c 0BE0     		b	.L3
  55              	.LVL5:
  56              	.L5:
  57              	.LBB4:
  21:..\..\../stringFormater.c ****             uint8_t sum = (crc ^ extract) & 0x01;
  58              		.loc 1 21 0
  59 000e 1000     		movs	r0, r2
  60 0010 4840     		eors	r0, r1
  61              	.LVL6:
  22:..\..\../stringFormater.c ****             crc >>= 1;
  62              		.loc 1 22 0
  63 0012 5208     		lsrs	r2, r2, #1
  64              	.LVL7:
  23:..\..\../stringFormater.c ****             if (sum)
  65              		.loc 1 23 0
  66 0014 C007     		lsls	r0, r0, #31
  67 0016 03D5     		bpl	.L4
  68              	.LVL8:
  24:..\..\../stringFormater.c ****                 crc ^= 0x8C;
  69              		.loc 1 24 0
  70 0018 7420     		movs	r0, #116
  71 001a 4042     		rsbs	r0, r0, #0
  72 001c 4240     		eors	r2, r0
  73              	.LVL9:
  74 001e D2B2     		uxtb	r2, r2
  75              	.LVL10:
  76              	.L4:
  25:..\..\../stringFormater.c ****             extract >>= 1;
  77              		.loc 1 25 0 discriminator 2
  78 0020 4908     		lsrs	r1, r1, #1
  79              	.LVL11:
  80              	.LBE4:
  20:..\..\../stringFormater.c ****             uint8_t sum = (crc ^ extract) & 0x01;
  81              		.loc 1 20 0 discriminator 2
  82 0022 013B     		subs	r3, r3, #1
  83              	.LVL12:
  84 0024 DBB2     		uxtb	r3, r3
  85              	.LVL13:
  86              	.L3:
  20:..\..\../stringFormater.c ****             uint8_t sum = (crc ^ extract) & 0x01;
  87              		.loc 1 20 0 is_stmt 0 discriminator 1
ARM GAS  C:\Users\bogur\AppData\Local\Temp\ccy48QOd.s 			page 3


  88 0026 002B     		cmp	r3, #0
  89 0028 F1D1     		bne	.L5
  90              	.LBE3:
  91              	.LBE2:
  18:..\..\../stringFormater.c ****         uint8_t extract = *data++;
  92              		.loc 1 18 0 is_stmt 1
  93 002a 2100     		movs	r1, r4
  94              	.LVL14:
  95              	.LBB5:
  19:..\..\../stringFormater.c ****         for (uint8_t i = 8; i; i--) {
  96              		.loc 1 19 0
  97 002c 2800     		movs	r0, r5
  98              	.LVL15:
  99              	.L2:
 100              	.LBE5:
  18:..\..\../stringFormater.c ****         uint8_t extract = *data++;
 101              		.loc 1 18 0
 102 002e 4B1E     		subs	r3, r1, #1
 103 0030 9CB2     		uxth	r4, r3
 104              	.LVL16:
 105 0032 0029     		cmp	r1, #0
 106 0034 E7D1     		bne	.L6
  26:..\..\../stringFormater.c ****         }
  27:..\..\../stringFormater.c ****     }
  28:..\..\../stringFormater.c ****     return crc;
  29:..\..\../stringFormater.c **** }
 107              		.loc 1 29 0
 108 0036 1000     		movs	r0, r2
 109              	.LVL17:
 110              		@ sp needed
 111              	.LVL18:
 112 0038 30BD     		pop	{r4, r5, pc}
 113              		.cfi_endproc
 114              	.LFE0:
 115              		.size	crc8, .-crc8
 116 003a C046     		.section	.text.build_message,"ax",%progbits
 117              		.align	2
 118              		.global	build_message
 119              		.code	16
 120              		.thumb_func
 121              		.type	build_message, %function
 122              	build_message:
 123              	.LFB1:
  30:..\..\../stringFormater.c **** 
  31:..\..\../stringFormater.c **** int build_message(const uint8_t *payload, uint16_t length, uint8_t *frame)
  32:..\..\../stringFormater.c **** {
 124              		.loc 1 32 0
 125              		.cfi_startproc
 126              		@ args = 0, pretend = 0, frame = 0
 127              		@ frame_needed = 0, uses_anonymous_args = 0
 128              	.LVL19:
 129 0000 70B5     		push	{r4, r5, r6, lr}
 130              		.cfi_def_cfa_offset 16
 131              		.cfi_offset 4, -16
 132              		.cfi_offset 5, -12
 133              		.cfi_offset 6, -8
 134              		.cfi_offset 14, -4
ARM GAS  C:\Users\bogur\AppData\Local\Temp\ccy48QOd.s 			page 4


 135 0002 0600     		movs	r6, r0
 136 0004 0C00     		movs	r4, r1
 137 0006 1500     		movs	r5, r2
  33:..\..\../stringFormater.c ****     if (payload == NULL || frame == NULL)
 138              		.loc 1 33 0
 139 0008 0028     		cmp	r0, #0
 140 000a 17D0     		beq	.L9
 141              		.loc 1 33 0 is_stmt 0 discriminator 1
 142 000c 002A     		cmp	r2, #0
 143 000e 18D0     		beq	.L10
  34:..\..\../stringFormater.c ****         return -1;
  35:..\..\../stringFormater.c **** 
  36:..\..\../stringFormater.c ****     if (length > MAXIMUM_LENGTH)
 144              		.loc 1 36 0 is_stmt 1
 145 0010 8023     		movs	r3, #128
 146 0012 9B01     		lsls	r3, r3, #6
 147 0014 9942     		cmp	r1, r3
 148 0016 17D8     		bhi	.L11
  37:..\..\../stringFormater.c ****         return -1; // too long
  38:..\..\../stringFormater.c **** 
  39:..\..\../stringFormater.c ****     frame[0] = START_BYTE;
 149              		.loc 1 39 0
 150 0018 0223     		movs	r3, #2
 151 001a 1370     		strb	r3, [r2]
  40:..\..\../stringFormater.c ****     frame[1] = (length >> 8) & 0xFF;
 152              		.loc 1 40 0
 153 001c 0B0A     		lsrs	r3, r1, #8
 154 001e 5370     		strb	r3, [r2, #1]
  41:..\..\../stringFormater.c ****     frame[2] = length & 0xFF;
 155              		.loc 1 41 0
 156 0020 A970     		strb	r1, [r5, #2]
  42:..\..\../stringFormater.c **** 
  43:..\..\../stringFormater.c ****     memcpy(&frame[3], payload, length);
 157              		.loc 1 43 0
 158 0022 D01C     		adds	r0, r2, #3
 159              	.LVL20:
 160 0024 0A00     		movs	r2, r1
 161              	.LVL21:
 162 0026 3100     		movs	r1, r6
 163              	.LVL22:
 164 0028 FFF7FEFF 		bl	memcpy
 165              	.LVL23:
  44:..\..\../stringFormater.c **** 
  45:..\..\../stringFormater.c ****     uint8_t crc = crc8(payload, length);
 166              		.loc 1 45 0
 167 002c 2100     		movs	r1, r4
 168 002e 3000     		movs	r0, r6
 169 0030 FFF7FEFF 		bl	crc8
 170              	.LVL24:
  46:..\..\../stringFormater.c ****     frame[3 + length] = crc;
 171              		.loc 1 46 0
 172 0034 E31C     		adds	r3, r4, #3
 173 0036 E854     		strb	r0, [r5, r3]
  47:..\..\../stringFormater.c **** 
  48:..\..\../stringFormater.c ****     return (int)(length + 4); // total frame length
 174              		.loc 1 48 0
 175 0038 201D     		adds	r0, r4, #4
ARM GAS  C:\Users\bogur\AppData\Local\Temp\ccy48QOd.s 			page 5


 176              	.LVL25:
 177 003a 07E0     		b	.L8
 178              	.LVL26:
 179              	.L9:
  34:..\..\../stringFormater.c **** 
 180              		.loc 1 34 0
 181 003c 0120     		movs	r0, #1
 182              	.LVL27:
 183 003e 4042     		rsbs	r0, r0, #0
 184 0040 04E0     		b	.L8
 185              	.LVL28:
 186              	.L10:
 187 0042 0120     		movs	r0, #1
 188              	.LVL29:
 189 0044 4042     		rsbs	r0, r0, #0
 190 0046 01E0     		b	.L8
 191              	.LVL30:
 192              	.L11:
  37:..\..\../stringFormater.c **** 
 193              		.loc 1 37 0
 194 0048 0120     		movs	r0, #1
 195              	.LVL31:
 196 004a 4042     		rsbs	r0, r0, #0
 197              	.LVL32:
 198              	.L8:
  49:..\..\../stringFormater.c **** }
 199              		.loc 1 49 0
 200              		@ sp needed
 201              	.LVL33:
 202              	.LVL34:
 203 004c 70BD     		pop	{r4, r5, r6, pc}
 204              		.cfi_endproc
 205              	.LFE1:
 206              		.size	build_message, .-build_message
 207 004e C046     		.section	.text.verify_message,"ax",%progbits
 208              		.align	2
 209              		.global	verify_message
 210              		.code	16
 211              		.thumb_func
 212              		.type	verify_message, %function
 213              	verify_message:
 214              	.LFB2:
  50:..\..\../stringFormater.c **** 
  51:..\..\../stringFormater.c **** int verify_message(const uint8_t *frame, uint16_t total_len)
  52:..\..\../stringFormater.c **** {
 215              		.loc 1 52 0
 216              		.cfi_startproc
 217              		@ args = 0, pretend = 0, frame = 0
 218              		@ frame_needed = 0, uses_anonymous_args = 0
 219              	.LVL35:
 220 0000 70B5     		push	{r4, r5, r6, lr}
 221              		.cfi_def_cfa_offset 16
 222              		.cfi_offset 4, -16
 223              		.cfi_offset 5, -12
 224              		.cfi_offset 6, -8
 225              		.cfi_offset 14, -4
 226 0002 041E     		subs	r4, r0, #0
ARM GAS  C:\Users\bogur\AppData\Local\Temp\ccy48QOd.s 			page 6


  53:..\..\../stringFormater.c ****     if (frame == NULL)
 227              		.loc 1 53 0
 228 0004 16D0     		beq	.L14
  54:..\..\../stringFormater.c ****         return 0;
  55:..\..\../stringFormater.c **** 
  56:..\..\../stringFormater.c ****     if (total_len < 4)
 229              		.loc 1 56 0
 230 0006 0329     		cmp	r1, #3
 231 0008 16D9     		bls	.L15
  57:..\..\../stringFormater.c ****         return 0;
  58:..\..\../stringFormater.c **** 
  59:..\..\../stringFormater.c ****     if (frame[0] != START_BYTE)
 232              		.loc 1 59 0
 233 000a 0378     		ldrb	r3, [r0]
 234 000c 022B     		cmp	r3, #2
 235 000e 15D1     		bne	.L16
  60:..\..\../stringFormater.c ****         return 0;
  61:..\..\../stringFormater.c **** 
  62:..\..\../stringFormater.c ****     uint16_t length = ((uint16_t)frame[1] << 8) | frame[2];
 236              		.loc 1 62 0
 237 0010 4578     		ldrb	r5, [r0, #1]
 238 0012 2D02     		lsls	r5, r5, #8
 239 0014 8378     		ldrb	r3, [r0, #2]
 240 0016 1D43     		orrs	r5, r3
 241              	.LVL36:
  63:..\..\../stringFormater.c ****     if ((length + 4) != total_len)
 242              		.loc 1 63 0
 243 0018 2B1D     		adds	r3, r5, #4
 244 001a 8B42     		cmp	r3, r1
 245 001c 10D1     		bne	.L17
  64:..\..\../stringFormater.c ****         return 0;
  65:..\..\../stringFormater.c **** 
  66:..\..\../stringFormater.c ****     uint8_t crc_calc = crc8(&frame[3], length);
 246              		.loc 1 66 0
 247 001e 0330     		adds	r0, r0, #3
 248              	.LVL37:
 249 0020 2900     		movs	r1, r5
 250              	.LVL38:
 251 0022 FFF7FEFF 		bl	crc8
 252              	.LVL39:
  67:..\..\../stringFormater.c ****     uint8_t crc_recv = frame[3 + length];
 253              		.loc 1 67 0
 254 0026 0335     		adds	r5, r5, #3
 255              	.LVL40:
 256 0028 635D     		ldrb	r3, [r4, r5]
 257              	.LVL41:
  68:..\..\../stringFormater.c **** 
  69:..\..\../stringFormater.c ****     return (crc_calc == crc_recv);
 258              		.loc 1 69 0
 259 002a C01A     		subs	r0, r0, r3
 260              	.LVL42:
 261 002c 4342     		rsbs	r3, r0, #0
 262 002e 5841     		adcs	r0, r0, r3
 263              	.LVL43:
 264 0030 C0B2     		uxtb	r0, r0
 265 0032 06E0     		b	.L13
 266              	.LVL44:
ARM GAS  C:\Users\bogur\AppData\Local\Temp\ccy48QOd.s 			page 7


 267              	.L14:
  54:..\..\../stringFormater.c **** 
 268              		.loc 1 54 0
 269 0034 0020     		movs	r0, #0
 270              	.LVL45:
 271 0036 04E0     		b	.L13
 272              	.LVL46:
 273              	.L15:
  57:..\..\../stringFormater.c **** 
 274              		.loc 1 57 0
 275 0038 0020     		movs	r0, #0
 276              	.LVL47:
 277 003a 02E0     		b	.L13
 278              	.LVL48:
 279              	.L16:
  60:..\..\../stringFormater.c **** 
 280              		.loc 1 60 0
 281 003c 0020     		movs	r0, #0
 282              	.LVL49:
 283 003e 00E0     		b	.L13
 284              	.LVL50:
 285              	.L17:
  64:..\..\../stringFormater.c **** 
 286              		.loc 1 64 0
 287 0040 0020     		movs	r0, #0
 288              	.LVL51:
 289              	.L13:
  70:..\..\../stringFormater.c **** }
 290              		.loc 1 70 0
 291              		@ sp needed
 292              	.LVL52:
 293 0042 70BD     		pop	{r4, r5, r6, pc}
 294              		.cfi_endproc
 295              	.LFE2:
 296              		.size	verify_message, .-verify_message
 297              		.text
 298              	.Letext0:
 299              		.file 2 "c:\\program files (x86)\\cypress\\psoc creator\\4.4\\psoc creator\\import\\gnu\\arm\\5.4.
 300              		.file 3 "c:\\program files (x86)\\cypress\\psoc creator\\4.4\\psoc creator\\import\\gnu\\arm\\5.4.
 301              		.section	.debug_info,"",%progbits
 302              	.Ldebug_info0:
 303 0000 56020000 		.4byte	0x256
 304 0004 0400     		.2byte	0x4
 305 0006 00000000 		.4byte	.Ldebug_abbrev0
 306 000a 04       		.byte	0x4
 307 000b 01       		.uleb128 0x1
 308 000c A0000000 		.4byte	.LASF27
 309 0010 0C       		.byte	0xc
 310 0011 18000000 		.4byte	.LASF28
 311 0015 9B010000 		.4byte	.LASF29
 312 0019 18000000 		.4byte	.Ldebug_ranges0+0x18
 313 001d 00000000 		.4byte	0
 314 0021 00000000 		.4byte	.Ldebug_line0
 315 0025 02       		.uleb128 0x2
 316 0026 01       		.byte	0x1
 317 0027 06       		.byte	0x6
 318 0028 30020000 		.4byte	.LASF0
ARM GAS  C:\Users\bogur\AppData\Local\Temp\ccy48QOd.s 			page 8


 319 002c 03       		.uleb128 0x3
 320 002d 00000000 		.4byte	.LASF3
 321 0031 02       		.byte	0x2
 322 0032 1D       		.byte	0x1d
 323 0033 37000000 		.4byte	0x37
 324 0037 02       		.uleb128 0x2
 325 0038 01       		.byte	0x1
 326 0039 08       		.byte	0x8
 327 003a 37000000 		.4byte	.LASF1
 328 003e 02       		.uleb128 0x2
 329 003f 02       		.byte	0x2
 330 0040 05       		.byte	0x5
 331 0041 96000000 		.4byte	.LASF2
 332 0045 03       		.uleb128 0x3
 333 0046 8B000000 		.4byte	.LASF4
 334 004a 02       		.byte	0x2
 335 004b 2B       		.byte	0x2b
 336 004c 50000000 		.4byte	0x50
 337 0050 02       		.uleb128 0x2
 338 0051 02       		.byte	0x2
 339 0052 07       		.byte	0x7
 340 0053 5F000000 		.4byte	.LASF5
 341 0057 02       		.uleb128 0x2
 342 0058 04       		.byte	0x4
 343 0059 05       		.byte	0x5
 344 005a 10020000 		.4byte	.LASF6
 345 005e 02       		.uleb128 0x2
 346 005f 04       		.byte	0x4
 347 0060 07       		.byte	0x7
 348 0061 4D000000 		.4byte	.LASF7
 349 0065 02       		.uleb128 0x2
 350 0066 08       		.byte	0x8
 351 0067 05       		.byte	0x5
 352 0068 74010000 		.4byte	.LASF8
 353 006c 02       		.uleb128 0x2
 354 006d 08       		.byte	0x8
 355 006e 07       		.byte	0x7
 356 006f 3F010000 		.4byte	.LASF9
 357 0073 04       		.uleb128 0x4
 358 0074 04       		.byte	0x4
 359 0075 05       		.byte	0x5
 360 0076 696E7400 		.ascii	"int\000"
 361 007a 02       		.uleb128 0x2
 362 007b 04       		.byte	0x4
 363 007c 07       		.byte	0x7
 364 007d 32010000 		.4byte	.LASF10
 365 0081 03       		.uleb128 0x3
 366 0082 56010000 		.4byte	.LASF11
 367 0086 03       		.byte	0x3
 368 0087 18       		.byte	0x18
 369 0088 2C000000 		.4byte	0x2c
 370 008c 03       		.uleb128 0x3
 371 008d 07020000 		.4byte	.LASF12
 372 0091 03       		.byte	0x3
 373 0092 24       		.byte	0x24
 374 0093 45000000 		.4byte	0x45
 375 0097 02       		.uleb128 0x2
ARM GAS  C:\Users\bogur\AppData\Local\Temp\ccy48QOd.s 			page 9


 376 0098 08       		.byte	0x8
 377 0099 04       		.byte	0x4
 378 009a 1E020000 		.4byte	.LASF13
 379 009e 02       		.uleb128 0x2
 380 009f 04       		.byte	0x4
 381 00a0 07       		.byte	0x7
 382 00a1 6B010000 		.4byte	.LASF14
 383 00a5 02       		.uleb128 0x2
 384 00a6 01       		.byte	0x1
 385 00a7 08       		.byte	0x8
 386 00a8 19020000 		.4byte	.LASF15
 387 00ac 05       		.uleb128 0x5
 388 00ad 66010000 		.4byte	.LASF18
 389 00b1 01       		.byte	0x1
 390 00b2 0F       		.byte	0xf
 391 00b3 81000000 		.4byte	0x81
 392 00b7 00000000 		.4byte	.LFB0
 393 00bb 3A000000 		.4byte	.LFE0-.LFB0
 394 00bf 01       		.uleb128 0x1
 395 00c0 9C       		.byte	0x9c
 396 00c1 38010000 		.4byte	0x138
 397 00c5 06       		.uleb128 0x6
 398 00c6 32000000 		.4byte	.LASF16
 399 00ca 01       		.byte	0x1
 400 00cb 0F       		.byte	0xf
 401 00cc 38010000 		.4byte	0x138
 402 00d0 00000000 		.4byte	.LLST0
 403 00d4 07       		.uleb128 0x7
 404 00d5 6C656E00 		.ascii	"len\000"
 405 00d9 01       		.byte	0x1
 406 00da 0F       		.byte	0xf
 407 00db 8C000000 		.4byte	0x8c
 408 00df 29000000 		.4byte	.LLST1
 409 00e3 08       		.uleb128 0x8
 410 00e4 63726300 		.ascii	"crc\000"
 411 00e8 01       		.byte	0x1
 412 00e9 11       		.byte	0x11
 413 00ea 81000000 		.4byte	0x81
 414 00ee 68000000 		.4byte	.LLST2
 415 00f2 09       		.uleb128 0x9
 416 00f3 00000000 		.4byte	.Ldebug_ranges0+0
 417 00f7 0A       		.uleb128 0xa
 418 00f8 45000000 		.4byte	.LASF17
 419 00fc 01       		.byte	0x1
 420 00fd 13       		.byte	0x13
 421 00fe 81000000 		.4byte	0x81
 422 0102 A2000000 		.4byte	.LLST3
 423 0106 0B       		.uleb128 0xb
 424 0107 0A000000 		.4byte	.LBB3
 425 010b 20000000 		.4byte	.LBE3-.LBB3
 426 010f 08       		.uleb128 0x8
 427 0110 6900     		.ascii	"i\000"
 428 0112 01       		.byte	0x1
 429 0113 14       		.byte	0x14
 430 0114 81000000 		.4byte	0x81
 431 0118 B5000000 		.4byte	.LLST4
 432 011c 0B       		.uleb128 0xb
ARM GAS  C:\Users\bogur\AppData\Local\Temp\ccy48QOd.s 			page 10


 433 011d 0E000000 		.4byte	.LBB4
 434 0121 14000000 		.4byte	.LBE4-.LBB4
 435 0125 08       		.uleb128 0x8
 436 0126 73756D00 		.ascii	"sum\000"
 437 012a 01       		.byte	0x1
 438 012b 15       		.byte	0x15
 439 012c 81000000 		.4byte	0x81
 440 0130 DF000000 		.4byte	.LLST5
 441 0134 00       		.byte	0
 442 0135 00       		.byte	0
 443 0136 00       		.byte	0
 444 0137 00       		.byte	0
 445 0138 0C       		.uleb128 0xc
 446 0139 04       		.byte	0x4
 447 013a 3E010000 		.4byte	0x13e
 448 013e 0D       		.uleb128 0xd
 449 013f 81000000 		.4byte	0x81
 450 0143 05       		.uleb128 0x5
 451 0144 0A000000 		.4byte	.LASF19
 452 0148 01       		.byte	0x1
 453 0149 1F       		.byte	0x1f
 454 014a 73000000 		.4byte	0x73
 455 014e 00000000 		.4byte	.LFB1
 456 0152 4E000000 		.4byte	.LFE1-.LFB1
 457 0156 01       		.uleb128 0x1
 458 0157 9C       		.byte	0x9c
 459 0158 CF010000 		.4byte	0x1cf
 460 015c 06       		.uleb128 0x6
 461 015d 5E010000 		.4byte	.LASF20
 462 0161 01       		.byte	0x1
 463 0162 1F       		.byte	0x1f
 464 0163 38010000 		.4byte	0x138
 465 0167 F6000000 		.4byte	.LLST6
 466 016b 06       		.uleb128 0x6
 467 016c 3C020000 		.4byte	.LASF21
 468 0170 01       		.byte	0x1
 469 0171 1F       		.byte	0x1f
 470 0172 8C000000 		.4byte	0x8c
 471 0176 64010000 		.4byte	.LLST7
 472 017a 06       		.uleb128 0x6
 473 017b 2A020000 		.4byte	.LASF22
 474 017f 01       		.byte	0x1
 475 0180 1F       		.byte	0x1f
 476 0181 CF010000 		.4byte	0x1cf
 477 0185 9E010000 		.4byte	.LLST8
 478 0189 08       		.uleb128 0x8
 479 018a 63726300 		.ascii	"crc\000"
 480 018e 01       		.byte	0x1
 481 018f 2D       		.byte	0x2d
 482 0190 81000000 		.4byte	0x81
 483 0194 E0010000 		.4byte	.LLST9
 484 0198 0E       		.uleb128 0xe
 485 0199 2C000000 		.4byte	.LVL23
 486 019d 50020000 		.4byte	0x250
 487 01a1 B8010000 		.4byte	0x1b8
 488 01a5 0F       		.uleb128 0xf
 489 01a6 01       		.uleb128 0x1
ARM GAS  C:\Users\bogur\AppData\Local\Temp\ccy48QOd.s 			page 11


 490 01a7 50       		.byte	0x50
 491 01a8 02       		.uleb128 0x2
 492 01a9 75       		.byte	0x75
 493 01aa 03       		.sleb128 3
 494 01ab 0F       		.uleb128 0xf
 495 01ac 01       		.uleb128 0x1
 496 01ad 51       		.byte	0x51
 497 01ae 02       		.uleb128 0x2
 498 01af 76       		.byte	0x76
 499 01b0 00       		.sleb128 0
 500 01b1 0F       		.uleb128 0xf
 501 01b2 01       		.uleb128 0x1
 502 01b3 52       		.byte	0x52
 503 01b4 02       		.uleb128 0x2
 504 01b5 74       		.byte	0x74
 505 01b6 00       		.sleb128 0
 506 01b7 00       		.byte	0
 507 01b8 10       		.uleb128 0x10
 508 01b9 34000000 		.4byte	.LVL24
 509 01bd AC000000 		.4byte	0xac
 510 01c1 0F       		.uleb128 0xf
 511 01c2 01       		.uleb128 0x1
 512 01c3 50       		.byte	0x50
 513 01c4 02       		.uleb128 0x2
 514 01c5 76       		.byte	0x76
 515 01c6 00       		.sleb128 0
 516 01c7 0F       		.uleb128 0xf
 517 01c8 01       		.uleb128 0x1
 518 01c9 51       		.byte	0x51
 519 01ca 02       		.uleb128 0x2
 520 01cb 74       		.byte	0x74
 521 01cc 00       		.sleb128 0
 522 01cd 00       		.byte	0
 523 01ce 00       		.byte	0
 524 01cf 0C       		.uleb128 0xc
 525 01d0 04       		.byte	0x4
 526 01d1 81000000 		.4byte	0x81
 527 01d5 05       		.uleb128 0x5
 528 01d6 72000000 		.4byte	.LASF23
 529 01da 01       		.byte	0x1
 530 01db 33       		.byte	0x33
 531 01dc 73000000 		.4byte	0x73
 532 01e0 00000000 		.4byte	.LFB2
 533 01e4 44000000 		.4byte	.LFE2-.LFB2
 534 01e8 01       		.uleb128 0x1
 535 01e9 9C       		.byte	0x9c
 536 01ea 50020000 		.4byte	0x250
 537 01ee 06       		.uleb128 0x6
 538 01ef 2A020000 		.4byte	.LASF22
 539 01f3 01       		.byte	0x1
 540 01f4 33       		.byte	0x33
 541 01f5 38010000 		.4byte	0x138
 542 01f9 02020000 		.4byte	.LLST10
 543 01fd 06       		.uleb128 0x6
 544 01fe 81000000 		.4byte	.LASF24
 545 0202 01       		.byte	0x1
 546 0203 33       		.byte	0x33
ARM GAS  C:\Users\bogur\AppData\Local\Temp\ccy48QOd.s 			page 12


 547 0204 8C000000 		.4byte	0x8c
 548 0208 86020000 		.4byte	.LLST11
 549 020c 0A       		.uleb128 0xa
 550 020d 3C020000 		.4byte	.LASF21
 551 0211 01       		.byte	0x1
 552 0212 3E       		.byte	0x3e
 553 0213 8C000000 		.4byte	0x8c
 554 0217 C0020000 		.4byte	.LLST12
 555 021b 0A       		.uleb128 0xa
 556 021c 92010000 		.4byte	.LASF25
 557 0220 01       		.byte	0x1
 558 0221 42       		.byte	0x42
 559 0222 81000000 		.4byte	0x81
 560 0226 EB020000 		.4byte	.LLST13
 561 022a 0A       		.uleb128 0xa
 562 022b 89010000 		.4byte	.LASF26
 563 022f 01       		.byte	0x1
 564 0230 43       		.byte	0x43
 565 0231 81000000 		.4byte	0x81
 566 0235 FE020000 		.4byte	.LLST14
 567 0239 10       		.uleb128 0x10
 568 023a 26000000 		.4byte	.LVL39
 569 023e AC000000 		.4byte	0xac
 570 0242 0F       		.uleb128 0xf
 571 0243 01       		.uleb128 0x1
 572 0244 50       		.byte	0x50
 573 0245 02       		.uleb128 0x2
 574 0246 74       		.byte	0x74
 575 0247 03       		.sleb128 3
 576 0248 0F       		.uleb128 0xf
 577 0249 01       		.uleb128 0x1
 578 024a 51       		.byte	0x51
 579 024b 02       		.uleb128 0x2
 580 024c 75       		.byte	0x75
 581 024d 00       		.sleb128 0
 582 024e 00       		.byte	0
 583 024f 00       		.byte	0
 584 0250 11       		.uleb128 0x11
 585 0251 82010000 		.4byte	.LASF30
 586 0255 82010000 		.4byte	.LASF30
 587 0259 00       		.byte	0
 588              		.section	.debug_abbrev,"",%progbits
 589              	.Ldebug_abbrev0:
 590 0000 01       		.uleb128 0x1
 591 0001 11       		.uleb128 0x11
 592 0002 01       		.byte	0x1
 593 0003 25       		.uleb128 0x25
 594 0004 0E       		.uleb128 0xe
 595 0005 13       		.uleb128 0x13
 596 0006 0B       		.uleb128 0xb
 597 0007 03       		.uleb128 0x3
 598 0008 0E       		.uleb128 0xe
 599 0009 1B       		.uleb128 0x1b
 600 000a 0E       		.uleb128 0xe
 601 000b 55       		.uleb128 0x55
 602 000c 17       		.uleb128 0x17
 603 000d 11       		.uleb128 0x11
ARM GAS  C:\Users\bogur\AppData\Local\Temp\ccy48QOd.s 			page 13


 604 000e 01       		.uleb128 0x1
 605 000f 10       		.uleb128 0x10
 606 0010 17       		.uleb128 0x17
 607 0011 00       		.byte	0
 608 0012 00       		.byte	0
 609 0013 02       		.uleb128 0x2
 610 0014 24       		.uleb128 0x24
 611 0015 00       		.byte	0
 612 0016 0B       		.uleb128 0xb
 613 0017 0B       		.uleb128 0xb
 614 0018 3E       		.uleb128 0x3e
 615 0019 0B       		.uleb128 0xb
 616 001a 03       		.uleb128 0x3
 617 001b 0E       		.uleb128 0xe
 618 001c 00       		.byte	0
 619 001d 00       		.byte	0
 620 001e 03       		.uleb128 0x3
 621 001f 16       		.uleb128 0x16
 622 0020 00       		.byte	0
 623 0021 03       		.uleb128 0x3
 624 0022 0E       		.uleb128 0xe
 625 0023 3A       		.uleb128 0x3a
 626 0024 0B       		.uleb128 0xb
 627 0025 3B       		.uleb128 0x3b
 628 0026 0B       		.uleb128 0xb
 629 0027 49       		.uleb128 0x49
 630 0028 13       		.uleb128 0x13
 631 0029 00       		.byte	0
 632 002a 00       		.byte	0
 633 002b 04       		.uleb128 0x4
 634 002c 24       		.uleb128 0x24
 635 002d 00       		.byte	0
 636 002e 0B       		.uleb128 0xb
 637 002f 0B       		.uleb128 0xb
 638 0030 3E       		.uleb128 0x3e
 639 0031 0B       		.uleb128 0xb
 640 0032 03       		.uleb128 0x3
 641 0033 08       		.uleb128 0x8
 642 0034 00       		.byte	0
 643 0035 00       		.byte	0
 644 0036 05       		.uleb128 0x5
 645 0037 2E       		.uleb128 0x2e
 646 0038 01       		.byte	0x1
 647 0039 3F       		.uleb128 0x3f
 648 003a 19       		.uleb128 0x19
 649 003b 03       		.uleb128 0x3
 650 003c 0E       		.uleb128 0xe
 651 003d 3A       		.uleb128 0x3a
 652 003e 0B       		.uleb128 0xb
 653 003f 3B       		.uleb128 0x3b
 654 0040 0B       		.uleb128 0xb
 655 0041 27       		.uleb128 0x27
 656 0042 19       		.uleb128 0x19
 657 0043 49       		.uleb128 0x49
 658 0044 13       		.uleb128 0x13
 659 0045 11       		.uleb128 0x11
 660 0046 01       		.uleb128 0x1
ARM GAS  C:\Users\bogur\AppData\Local\Temp\ccy48QOd.s 			page 14


 661 0047 12       		.uleb128 0x12
 662 0048 06       		.uleb128 0x6
 663 0049 40       		.uleb128 0x40
 664 004a 18       		.uleb128 0x18
 665 004b 9742     		.uleb128 0x2117
 666 004d 19       		.uleb128 0x19
 667 004e 01       		.uleb128 0x1
 668 004f 13       		.uleb128 0x13
 669 0050 00       		.byte	0
 670 0051 00       		.byte	0
 671 0052 06       		.uleb128 0x6
 672 0053 05       		.uleb128 0x5
 673 0054 00       		.byte	0
 674 0055 03       		.uleb128 0x3
 675 0056 0E       		.uleb128 0xe
 676 0057 3A       		.uleb128 0x3a
 677 0058 0B       		.uleb128 0xb
 678 0059 3B       		.uleb128 0x3b
 679 005a 0B       		.uleb128 0xb
 680 005b 49       		.uleb128 0x49
 681 005c 13       		.uleb128 0x13
 682 005d 02       		.uleb128 0x2
 683 005e 17       		.uleb128 0x17
 684 005f 00       		.byte	0
 685 0060 00       		.byte	0
 686 0061 07       		.uleb128 0x7
 687 0062 05       		.uleb128 0x5
 688 0063 00       		.byte	0
 689 0064 03       		.uleb128 0x3
 690 0065 08       		.uleb128 0x8
 691 0066 3A       		.uleb128 0x3a
 692 0067 0B       		.uleb128 0xb
 693 0068 3B       		.uleb128 0x3b
 694 0069 0B       		.uleb128 0xb
 695 006a 49       		.uleb128 0x49
 696 006b 13       		.uleb128 0x13
 697 006c 02       		.uleb128 0x2
 698 006d 17       		.uleb128 0x17
 699 006e 00       		.byte	0
 700 006f 00       		.byte	0
 701 0070 08       		.uleb128 0x8
 702 0071 34       		.uleb128 0x34
 703 0072 00       		.byte	0
 704 0073 03       		.uleb128 0x3
 705 0074 08       		.uleb128 0x8
 706 0075 3A       		.uleb128 0x3a
 707 0076 0B       		.uleb128 0xb
 708 0077 3B       		.uleb128 0x3b
 709 0078 0B       		.uleb128 0xb
 710 0079 49       		.uleb128 0x49
 711 007a 13       		.uleb128 0x13
 712 007b 02       		.uleb128 0x2
 713 007c 17       		.uleb128 0x17
 714 007d 00       		.byte	0
 715 007e 00       		.byte	0
 716 007f 09       		.uleb128 0x9
 717 0080 0B       		.uleb128 0xb
ARM GAS  C:\Users\bogur\AppData\Local\Temp\ccy48QOd.s 			page 15


 718 0081 01       		.byte	0x1
 719 0082 55       		.uleb128 0x55
 720 0083 17       		.uleb128 0x17
 721 0084 00       		.byte	0
 722 0085 00       		.byte	0
 723 0086 0A       		.uleb128 0xa
 724 0087 34       		.uleb128 0x34
 725 0088 00       		.byte	0
 726 0089 03       		.uleb128 0x3
 727 008a 0E       		.uleb128 0xe
 728 008b 3A       		.uleb128 0x3a
 729 008c 0B       		.uleb128 0xb
 730 008d 3B       		.uleb128 0x3b
 731 008e 0B       		.uleb128 0xb
 732 008f 49       		.uleb128 0x49
 733 0090 13       		.uleb128 0x13
 734 0091 02       		.uleb128 0x2
 735 0092 17       		.uleb128 0x17
 736 0093 00       		.byte	0
 737 0094 00       		.byte	0
 738 0095 0B       		.uleb128 0xb
 739 0096 0B       		.uleb128 0xb
 740 0097 01       		.byte	0x1
 741 0098 11       		.uleb128 0x11
 742 0099 01       		.uleb128 0x1
 743 009a 12       		.uleb128 0x12
 744 009b 06       		.uleb128 0x6
 745 009c 00       		.byte	0
 746 009d 00       		.byte	0
 747 009e 0C       		.uleb128 0xc
 748 009f 0F       		.uleb128 0xf
 749 00a0 00       		.byte	0
 750 00a1 0B       		.uleb128 0xb
 751 00a2 0B       		.uleb128 0xb
 752 00a3 49       		.uleb128 0x49
 753 00a4 13       		.uleb128 0x13
 754 00a5 00       		.byte	0
 755 00a6 00       		.byte	0
 756 00a7 0D       		.uleb128 0xd
 757 00a8 26       		.uleb128 0x26
 758 00a9 00       		.byte	0
 759 00aa 49       		.uleb128 0x49
 760 00ab 13       		.uleb128 0x13
 761 00ac 00       		.byte	0
 762 00ad 00       		.byte	0
 763 00ae 0E       		.uleb128 0xe
 764 00af 898201   		.uleb128 0x4109
 765 00b2 01       		.byte	0x1
 766 00b3 11       		.uleb128 0x11
 767 00b4 01       		.uleb128 0x1
 768 00b5 31       		.uleb128 0x31
 769 00b6 13       		.uleb128 0x13
 770 00b7 01       		.uleb128 0x1
 771 00b8 13       		.uleb128 0x13
 772 00b9 00       		.byte	0
 773 00ba 00       		.byte	0
 774 00bb 0F       		.uleb128 0xf
ARM GAS  C:\Users\bogur\AppData\Local\Temp\ccy48QOd.s 			page 16


 775 00bc 8A8201   		.uleb128 0x410a
 776 00bf 00       		.byte	0
 777 00c0 02       		.uleb128 0x2
 778 00c1 18       		.uleb128 0x18
 779 00c2 9142     		.uleb128 0x2111
 780 00c4 18       		.uleb128 0x18
 781 00c5 00       		.byte	0
 782 00c6 00       		.byte	0
 783 00c7 10       		.uleb128 0x10
 784 00c8 898201   		.uleb128 0x4109
 785 00cb 01       		.byte	0x1
 786 00cc 11       		.uleb128 0x11
 787 00cd 01       		.uleb128 0x1
 788 00ce 31       		.uleb128 0x31
 789 00cf 13       		.uleb128 0x13
 790 00d0 00       		.byte	0
 791 00d1 00       		.byte	0
 792 00d2 11       		.uleb128 0x11
 793 00d3 2E       		.uleb128 0x2e
 794 00d4 00       		.byte	0
 795 00d5 3F       		.uleb128 0x3f
 796 00d6 19       		.uleb128 0x19
 797 00d7 3C       		.uleb128 0x3c
 798 00d8 19       		.uleb128 0x19
 799 00d9 6E       		.uleb128 0x6e
 800 00da 0E       		.uleb128 0xe
 801 00db 03       		.uleb128 0x3
 802 00dc 0E       		.uleb128 0xe
 803 00dd 00       		.byte	0
 804 00de 00       		.byte	0
 805 00df 00       		.byte	0
 806              		.section	.debug_loc,"",%progbits
 807              	.Ldebug_loc0:
 808              	.LLST0:
 809 0000 00000000 		.4byte	.LVL0
 810 0004 08000000 		.4byte	.LVL3
 811 0008 0100     		.2byte	0x1
 812 000a 50       		.byte	0x50
 813 000b 08000000 		.4byte	.LVL3
 814 000f 2E000000 		.4byte	.LVL15
 815 0013 0100     		.2byte	0x1
 816 0015 55       		.byte	0x55
 817 0016 2E000000 		.4byte	.LVL15
 818 001a 38000000 		.4byte	.LVL17
 819 001e 0100     		.2byte	0x1
 820 0020 50       		.byte	0x50
 821 0021 00000000 		.4byte	0
 822 0025 00000000 		.4byte	0
 823              	.LLST1:
 824 0029 00000000 		.4byte	.LVL0
 825 002d 06000000 		.4byte	.LVL2
 826 0031 0100     		.2byte	0x1
 827 0033 51       		.byte	0x51
 828 0034 06000000 		.4byte	.LVL2
 829 0038 2E000000 		.4byte	.LVL15
 830 003c 0100     		.2byte	0x1
 831 003e 54       		.byte	0x54
ARM GAS  C:\Users\bogur\AppData\Local\Temp\ccy48QOd.s 			page 17


 832 003f 2E000000 		.4byte	.LVL15
 833 0043 32000000 		.4byte	.LVL16
 834 0047 0100     		.2byte	0x1
 835 0049 51       		.byte	0x51
 836 004a 32000000 		.4byte	.LVL16
 837 004e 38000000 		.4byte	.LVL18
 838 0052 0100     		.2byte	0x1
 839 0054 54       		.byte	0x54
 840 0055 38000000 		.4byte	.LVL18
 841 0059 3A000000 		.4byte	.LFE0
 842 005d 0100     		.2byte	0x1
 843 005f 53       		.byte	0x53
 844 0060 00000000 		.4byte	0
 845 0064 00000000 		.4byte	0
 846              	.LLST2:
 847 0068 02000000 		.4byte	.LVL1
 848 006c 06000000 		.4byte	.LVL2
 849 0070 0200     		.2byte	0x2
 850 0072 30       		.byte	0x30
 851 0073 9F       		.byte	0x9f
 852 0074 06000000 		.4byte	.LVL2
 853 0078 1E000000 		.4byte	.LVL9
 854 007c 0100     		.2byte	0x1
 855 007e 52       		.byte	0x52
 856 007f 1E000000 		.4byte	.LVL9
 857 0083 20000000 		.4byte	.LVL10
 858 0087 0600     		.2byte	0x6
 859 0089 72       		.byte	0x72
 860 008a 00       		.sleb128 0
 861 008b 09       		.byte	0x9
 862 008c 8C       		.byte	0x8c
 863 008d 27       		.byte	0x27
 864 008e 9F       		.byte	0x9f
 865 008f 20000000 		.4byte	.LVL10
 866 0093 3A000000 		.4byte	.LFE0
 867 0097 0100     		.2byte	0x1
 868 0099 52       		.byte	0x52
 869 009a 00000000 		.4byte	0
 870 009e 00000000 		.4byte	0
 871              	.LLST3:
 872 00a2 0A000000 		.4byte	.LVL4
 873 00a6 2C000000 		.4byte	.LVL14
 874 00aa 0100     		.2byte	0x1
 875 00ac 51       		.byte	0x51
 876 00ad 00000000 		.4byte	0
 877 00b1 00000000 		.4byte	0
 878              	.LLST4:
 879 00b5 0A000000 		.4byte	.LVL4
 880 00b9 0E000000 		.4byte	.LVL5
 881 00bd 0200     		.2byte	0x2
 882 00bf 38       		.byte	0x38
 883 00c0 9F       		.byte	0x9f
 884 00c1 0E000000 		.4byte	.LVL5
 885 00c5 24000000 		.4byte	.LVL12
 886 00c9 0100     		.2byte	0x1
 887 00cb 53       		.byte	0x53
 888 00cc 26000000 		.4byte	.LVL13
ARM GAS  C:\Users\bogur\AppData\Local\Temp\ccy48QOd.s 			page 18


 889 00d0 2E000000 		.4byte	.LVL15
 890 00d4 0100     		.2byte	0x1
 891 00d6 53       		.byte	0x53
 892 00d7 00000000 		.4byte	0
 893 00db 00000000 		.4byte	0
 894              	.LLST5:
 895 00df 12000000 		.4byte	.LVL6
 896 00e3 18000000 		.4byte	.LVL8
 897 00e7 0500     		.2byte	0x5
 898 00e9 70       		.byte	0x70
 899 00ea 00       		.sleb128 0
 900 00eb 31       		.byte	0x31
 901 00ec 1A       		.byte	0x1a
 902 00ed 9F       		.byte	0x9f
 903 00ee 00000000 		.4byte	0
 904 00f2 00000000 		.4byte	0
 905              	.LLST6:
 906 00f6 00000000 		.4byte	.LVL19
 907 00fa 24000000 		.4byte	.LVL20
 908 00fe 0100     		.2byte	0x1
 909 0100 50       		.byte	0x50
 910 0101 24000000 		.4byte	.LVL20
 911 0105 3C000000 		.4byte	.LVL26
 912 0109 0100     		.2byte	0x1
 913 010b 56       		.byte	0x56
 914 010c 3C000000 		.4byte	.LVL26
 915 0110 3E000000 		.4byte	.LVL27
 916 0114 0100     		.2byte	0x1
 917 0116 50       		.byte	0x50
 918 0117 3E000000 		.4byte	.LVL27
 919 011b 42000000 		.4byte	.LVL28
 920 011f 0100     		.2byte	0x1
 921 0121 56       		.byte	0x56
 922 0122 42000000 		.4byte	.LVL28
 923 0126 44000000 		.4byte	.LVL29
 924 012a 0100     		.2byte	0x1
 925 012c 50       		.byte	0x50
 926 012d 44000000 		.4byte	.LVL29
 927 0131 48000000 		.4byte	.LVL30
 928 0135 0100     		.2byte	0x1
 929 0137 56       		.byte	0x56
 930 0138 48000000 		.4byte	.LVL30
 931 013c 4A000000 		.4byte	.LVL31
 932 0140 0100     		.2byte	0x1
 933 0142 50       		.byte	0x50
 934 0143 4A000000 		.4byte	.LVL31
 935 0147 4C000000 		.4byte	.LVL34
 936 014b 0100     		.2byte	0x1
 937 014d 56       		.byte	0x56
 938 014e 4C000000 		.4byte	.LVL34
 939 0152 4E000000 		.4byte	.LFE1
 940 0156 0400     		.2byte	0x4
 941 0158 F3       		.byte	0xf3
 942 0159 01       		.uleb128 0x1
 943 015a 50       		.byte	0x50
 944 015b 9F       		.byte	0x9f
 945 015c 00000000 		.4byte	0
ARM GAS  C:\Users\bogur\AppData\Local\Temp\ccy48QOd.s 			page 19


 946 0160 00000000 		.4byte	0
 947              	.LLST7:
 948 0164 00000000 		.4byte	.LVL19
 949 0168 28000000 		.4byte	.LVL22
 950 016c 0100     		.2byte	0x1
 951 016e 51       		.byte	0x51
 952 016f 28000000 		.4byte	.LVL22
 953 0173 3C000000 		.4byte	.LVL26
 954 0177 0400     		.2byte	0x4
 955 0179 F3       		.byte	0xf3
 956 017a 01       		.uleb128 0x1
 957 017b 51       		.byte	0x51
 958 017c 9F       		.byte	0x9f
 959 017d 3C000000 		.4byte	.LVL26
 960 0181 4C000000 		.4byte	.LVL32
 961 0185 0100     		.2byte	0x1
 962 0187 51       		.byte	0x51
 963 0188 4C000000 		.4byte	.LVL32
 964 018c 4E000000 		.4byte	.LFE1
 965 0190 0400     		.2byte	0x4
 966 0192 F3       		.byte	0xf3
 967 0193 01       		.uleb128 0x1
 968 0194 51       		.byte	0x51
 969 0195 9F       		.byte	0x9f
 970 0196 00000000 		.4byte	0
 971 019a 00000000 		.4byte	0
 972              	.LLST8:
 973 019e 00000000 		.4byte	.LVL19
 974 01a2 26000000 		.4byte	.LVL21
 975 01a6 0100     		.2byte	0x1
 976 01a8 52       		.byte	0x52
 977 01a9 26000000 		.4byte	.LVL21
 978 01ad 3C000000 		.4byte	.LVL26
 979 01b1 0100     		.2byte	0x1
 980 01b3 55       		.byte	0x55
 981 01b4 3C000000 		.4byte	.LVL26
 982 01b8 4C000000 		.4byte	.LVL32
 983 01bc 0100     		.2byte	0x1
 984 01be 52       		.byte	0x52
 985 01bf 4C000000 		.4byte	.LVL32
 986 01c3 4C000000 		.4byte	.LVL33
 987 01c7 0100     		.2byte	0x1
 988 01c9 55       		.byte	0x55
 989 01ca 4C000000 		.4byte	.LVL33
 990 01ce 4E000000 		.4byte	.LFE1
 991 01d2 0400     		.2byte	0x4
 992 01d4 F3       		.byte	0xf3
 993 01d5 01       		.uleb128 0x1
 994 01d6 52       		.byte	0x52
 995 01d7 9F       		.byte	0x9f
 996 01d8 00000000 		.4byte	0
 997 01dc 00000000 		.4byte	0
 998              	.LLST9:
 999 01e0 34000000 		.4byte	.LVL24
 1000 01e4 3A000000 		.4byte	.LVL25
 1001 01e8 0100     		.2byte	0x1
 1002 01ea 50       		.byte	0x50
ARM GAS  C:\Users\bogur\AppData\Local\Temp\ccy48QOd.s 			page 20


 1003 01eb 3A000000 		.4byte	.LVL25
 1004 01ef 3C000000 		.4byte	.LVL26
 1005 01f3 0500     		.2byte	0x5
 1006 01f5 75       		.byte	0x75
 1007 01f6 00       		.sleb128 0
 1008 01f7 73       		.byte	0x73
 1009 01f8 00       		.sleb128 0
 1010 01f9 22       		.byte	0x22
 1011 01fa 00000000 		.4byte	0
 1012 01fe 00000000 		.4byte	0
 1013              	.LLST10:
 1014 0202 00000000 		.4byte	.LVL35
 1015 0206 20000000 		.4byte	.LVL37
 1016 020a 0100     		.2byte	0x1
 1017 020c 50       		.byte	0x50
 1018 020d 20000000 		.4byte	.LVL37
 1019 0211 34000000 		.4byte	.LVL44
 1020 0215 0100     		.2byte	0x1
 1021 0217 54       		.byte	0x54
 1022 0218 34000000 		.4byte	.LVL44
 1023 021c 36000000 		.4byte	.LVL45
 1024 0220 0100     		.2byte	0x1
 1025 0222 50       		.byte	0x50
 1026 0223 36000000 		.4byte	.LVL45
 1027 0227 38000000 		.4byte	.LVL46
 1028 022b 0100     		.2byte	0x1
 1029 022d 54       		.byte	0x54
 1030 022e 38000000 		.4byte	.LVL46
 1031 0232 3A000000 		.4byte	.LVL47
 1032 0236 0100     		.2byte	0x1
 1033 0238 50       		.byte	0x50
 1034 0239 3A000000 		.4byte	.LVL47
 1035 023d 3C000000 		.4byte	.LVL48
 1036 0241 0100     		.2byte	0x1
 1037 0243 54       		.byte	0x54
 1038 0244 3C000000 		.4byte	.LVL48
 1039 0248 3E000000 		.4byte	.LVL49
 1040 024c 0100     		.2byte	0x1
 1041 024e 50       		.byte	0x50
 1042 024f 3E000000 		.4byte	.LVL49
 1043 0253 40000000 		.4byte	.LVL50
 1044 0257 0100     		.2byte	0x1
 1045 0259 54       		.byte	0x54
 1046 025a 40000000 		.4byte	.LVL50
 1047 025e 42000000 		.4byte	.LVL51
 1048 0262 0100     		.2byte	0x1
 1049 0264 50       		.byte	0x50
 1050 0265 42000000 		.4byte	.LVL51
 1051 0269 42000000 		.4byte	.LVL52
 1052 026d 0100     		.2byte	0x1
 1053 026f 54       		.byte	0x54
 1054 0270 42000000 		.4byte	.LVL52
 1055 0274 44000000 		.4byte	.LFE2
 1056 0278 0400     		.2byte	0x4
 1057 027a F3       		.byte	0xf3
 1058 027b 01       		.uleb128 0x1
 1059 027c 50       		.byte	0x50
ARM GAS  C:\Users\bogur\AppData\Local\Temp\ccy48QOd.s 			page 21


 1060 027d 9F       		.byte	0x9f
 1061 027e 00000000 		.4byte	0
 1062 0282 00000000 		.4byte	0
 1063              	.LLST11:
 1064 0286 00000000 		.4byte	.LVL35
 1065 028a 22000000 		.4byte	.LVL38
 1066 028e 0100     		.2byte	0x1
 1067 0290 51       		.byte	0x51
 1068 0291 22000000 		.4byte	.LVL38
 1069 0295 34000000 		.4byte	.LVL44
 1070 0299 0400     		.2byte	0x4
 1071 029b F3       		.byte	0xf3
 1072 029c 01       		.uleb128 0x1
 1073 029d 51       		.byte	0x51
 1074 029e 9F       		.byte	0x9f
 1075 029f 34000000 		.4byte	.LVL44
 1076 02a3 42000000 		.4byte	.LVL51
 1077 02a7 0100     		.2byte	0x1
 1078 02a9 51       		.byte	0x51
 1079 02aa 42000000 		.4byte	.LVL51
 1080 02ae 44000000 		.4byte	.LFE2
 1081 02b2 0400     		.2byte	0x4
 1082 02b4 F3       		.byte	0xf3
 1083 02b5 01       		.uleb128 0x1
 1084 02b6 51       		.byte	0x51
 1085 02b7 9F       		.byte	0x9f
 1086 02b8 00000000 		.4byte	0
 1087 02bc 00000000 		.4byte	0
 1088              	.LLST12:
 1089 02c0 18000000 		.4byte	.LVL36
 1090 02c4 28000000 		.4byte	.LVL40
 1091 02c8 0100     		.2byte	0x1
 1092 02ca 55       		.byte	0x55
 1093 02cb 28000000 		.4byte	.LVL40
 1094 02cf 34000000 		.4byte	.LVL44
 1095 02d3 0300     		.2byte	0x3
 1096 02d5 75       		.byte	0x75
 1097 02d6 7D       		.sleb128 -3
 1098 02d7 9F       		.byte	0x9f
 1099 02d8 40000000 		.4byte	.LVL50
 1100 02dc 42000000 		.4byte	.LVL51
 1101 02e0 0100     		.2byte	0x1
 1102 02e2 55       		.byte	0x55
 1103 02e3 00000000 		.4byte	0
 1104 02e7 00000000 		.4byte	0
 1105              	.LLST13:
 1106 02eb 26000000 		.4byte	.LVL39
 1107 02ef 2C000000 		.4byte	.LVL42
 1108 02f3 0100     		.2byte	0x1
 1109 02f5 50       		.byte	0x50
 1110 02f6 00000000 		.4byte	0
 1111 02fa 00000000 		.4byte	0
 1112              	.LLST14:
 1113 02fe 2A000000 		.4byte	.LVL41
 1114 0302 30000000 		.4byte	.LVL43
 1115 0306 0100     		.2byte	0x1
 1116 0308 53       		.byte	0x53
ARM GAS  C:\Users\bogur\AppData\Local\Temp\ccy48QOd.s 			page 22


 1117 0309 30000000 		.4byte	.LVL43
 1118 030d 34000000 		.4byte	.LVL44
 1119 0311 0500     		.2byte	0x5
 1120 0313 74       		.byte	0x74
 1121 0314 00       		.sleb128 0
 1122 0315 75       		.byte	0x75
 1123 0316 00       		.sleb128 0
 1124 0317 22       		.byte	0x22
 1125 0318 00000000 		.4byte	0
 1126 031c 00000000 		.4byte	0
 1127              		.section	.debug_aranges,"",%progbits
 1128 0000 2C000000 		.4byte	0x2c
 1129 0004 0200     		.2byte	0x2
 1130 0006 00000000 		.4byte	.Ldebug_info0
 1131 000a 04       		.byte	0x4
 1132 000b 00       		.byte	0
 1133 000c 0000     		.2byte	0
 1134 000e 0000     		.2byte	0
 1135 0010 00000000 		.4byte	.LFB0
 1136 0014 3A000000 		.4byte	.LFE0-.LFB0
 1137 0018 00000000 		.4byte	.LFB1
 1138 001c 4E000000 		.4byte	.LFE1-.LFB1
 1139 0020 00000000 		.4byte	.LFB2
 1140 0024 44000000 		.4byte	.LFE2-.LFB2
 1141 0028 00000000 		.4byte	0
 1142 002c 00000000 		.4byte	0
 1143              		.section	.debug_ranges,"",%progbits
 1144              	.Ldebug_ranges0:
 1145 0000 06000000 		.4byte	.LBB2
 1146 0004 2A000000 		.4byte	.LBE2
 1147 0008 2C000000 		.4byte	.LBB5
 1148 000c 2E000000 		.4byte	.LBE5
 1149 0010 00000000 		.4byte	0
 1150 0014 00000000 		.4byte	0
 1151 0018 00000000 		.4byte	.LFB0
 1152 001c 3A000000 		.4byte	.LFE0
 1153 0020 00000000 		.4byte	.LFB1
 1154 0024 4E000000 		.4byte	.LFE1
 1155 0028 00000000 		.4byte	.LFB2
 1156 002c 44000000 		.4byte	.LFE2
 1157 0030 00000000 		.4byte	0
 1158 0034 00000000 		.4byte	0
 1159              		.section	.debug_line,"",%progbits
 1160              	.Ldebug_line0:
 1161 0000 A5010000 		.section	.debug_str,"MS",%progbits,1
 1161      02002D01 
 1161      00000201 
 1161      FB0E0D00 
 1161      01010101 
 1162              	.LASF3:
 1163 0000 5F5F7569 		.ascii	"__uint8_t\000"
 1163      6E74385F 
 1163      7400
 1164              	.LASF19:
 1165 000a 6275696C 		.ascii	"build_message\000"
 1165      645F6D65 
 1165      73736167 
ARM GAS  C:\Users\bogur\AppData\Local\Temp\ccy48QOd.s 			page 23


 1165      6500
 1166              	.LASF28:
 1167 0018 2E2E5C2E 		.ascii	"..\\..\\..\\stringFormater.c\000"
 1167      2E5C2E2E 
 1167      5C737472 
 1167      696E6746 
 1167      6F726D61 
 1168              	.LASF16:
 1169 0032 64617461 		.ascii	"data\000"
 1169      00
 1170              	.LASF1:
 1171 0037 756E7369 		.ascii	"unsigned char\000"
 1171      676E6564 
 1171      20636861 
 1171      7200
 1172              	.LASF17:
 1173 0045 65787472 		.ascii	"extract\000"
 1173      61637400 
 1174              	.LASF7:
 1175 004d 6C6F6E67 		.ascii	"long unsigned int\000"
 1175      20756E73 
 1175      69676E65 
 1175      6420696E 
 1175      7400
 1176              	.LASF5:
 1177 005f 73686F72 		.ascii	"short unsigned int\000"
 1177      7420756E 
 1177      7369676E 
 1177      65642069 
 1177      6E7400
 1178              	.LASF23:
 1179 0072 76657269 		.ascii	"verify_message\000"
 1179      66795F6D 
 1179      65737361 
 1179      676500
 1180              	.LASF24:
 1181 0081 746F7461 		.ascii	"total_len\000"
 1181      6C5F6C65 
 1181      6E00
 1182              	.LASF4:
 1183 008b 5F5F7569 		.ascii	"__uint16_t\000"
 1183      6E743136 
 1183      5F7400
 1184              	.LASF2:
 1185 0096 73686F72 		.ascii	"short int\000"
 1185      7420696E 
 1185      7400
 1186              	.LASF27:
 1187 00a0 474E5520 		.ascii	"GNU C11 5.4.1 20160609 (release) [ARM/embedded-5-br"
 1187      43313120 
 1187      352E342E 
 1187      31203230 
 1187      31363036 
 1188 00d3 616E6368 		.ascii	"anch revision 237715] -mcpu=cortex-m0plus -mthumb -"
 1188      20726576 
 1188      6973696F 
 1188      6E203233 
ARM GAS  C:\Users\bogur\AppData\Local\Temp\ccy48QOd.s 			page 24


 1188      37373135 
 1189 0106 67202D4F 		.ascii	"g -Og -ffunction-sections -ffat-lto-objects\000"
 1189      67202D66 
 1189      66756E63 
 1189      74696F6E 
 1189      2D736563 
 1190              	.LASF10:
 1191 0132 756E7369 		.ascii	"unsigned int\000"
 1191      676E6564 
 1191      20696E74 
 1191      00
 1192              	.LASF9:
 1193 013f 6C6F6E67 		.ascii	"long long unsigned int\000"
 1193      206C6F6E 
 1193      6720756E 
 1193      7369676E 
 1193      65642069 
 1194              	.LASF11:
 1195 0156 75696E74 		.ascii	"uint8_t\000"
 1195      385F7400 
 1196              	.LASF20:
 1197 015e 7061796C 		.ascii	"payload\000"
 1197      6F616400 
 1198              	.LASF18:
 1199 0166 63726338 		.ascii	"crc8\000"
 1199      00
 1200              	.LASF14:
 1201 016b 73697A65 		.ascii	"sizetype\000"
 1201      74797065 
 1201      00
 1202              	.LASF8:
 1203 0174 6C6F6E67 		.ascii	"long long int\000"
 1203      206C6F6E 
 1203      6720696E 
 1203      7400
 1204              	.LASF30:
 1205 0182 6D656D63 		.ascii	"memcpy\000"
 1205      707900
 1206              	.LASF26:
 1207 0189 6372635F 		.ascii	"crc_recv\000"
 1207      72656376 
 1207      00
 1208              	.LASF25:
 1209 0192 6372635F 		.ascii	"crc_calc\000"
 1209      63616C63 
 1209      00
 1210              	.LASF29:
 1211 019b 433A5C55 		.ascii	"C:\\Users\\bogur\\Documents\\GitHub\\TFG2\\Codigo\\"
 1211      73657273 
 1211      5C626F67 
 1211      75725C44 
 1211      6F63756D 
 1212 01c7 416C676F 		.ascii	"Algoritmos postcuanticos\\PSOC\\Workspace\\SABER\\S"
 1212      7269746D 
 1212      6F732070 
 1212      6F737463 
 1212      75616E74 
ARM GAS  C:\Users\bogur\AppData\Local\Temp\ccy48QOd.s 			page 25


 1213 01f6 61626572 		.ascii	"aber\\Saber.cydsn\000"
 1213      5C536162 
 1213      65722E63 
 1213      7964736E 
 1213      00
 1214              	.LASF12:
 1215 0207 75696E74 		.ascii	"uint16_t\000"
 1215      31365F74 
 1215      00
 1216              	.LASF6:
 1217 0210 6C6F6E67 		.ascii	"long int\000"
 1217      20696E74 
 1217      00
 1218              	.LASF15:
 1219 0219 63686172 		.ascii	"char\000"
 1219      00
 1220              	.LASF13:
 1221 021e 6C6F6E67 		.ascii	"long double\000"
 1221      20646F75 
 1221      626C6500 
 1222              	.LASF22:
 1223 022a 6672616D 		.ascii	"frame\000"
 1223      6500
 1224              	.LASF0:
 1225 0230 7369676E 		.ascii	"signed char\000"
 1225      65642063 
 1225      68617200 
 1226              	.LASF21:
 1227 023c 6C656E67 		.ascii	"length\000"
 1227      746800
 1228              		.ident	"GCC: (GNU Tools for ARM Embedded Processors) 5.4.1 20160609 (release) [ARM/embedded-5-bran
